Element Type: enter_message, Key: e484e0c2-13a0-4dda-9d39-d77af88e3515, Parent: local_pub_north
Element Type: message, Key: 3b9f24ff-68af-43f8-a708-2551e095671d, Parent: 0e4f17fb-4820-4791-b9eb-f1c97af105e7
Element Type: look, Key: 0e4f17fb-4820-4791-b9eb-f1c97af105e7, Parent: local_pub_north
Element Type: action, Key: 9c0ecc9a-3b97-45f8-809f-fcc724c6351a, Parent: 9d2fd8cb-737e-4723-a1e1-58850f8c6c3c
Element Type: input, Key: 9d2fd8cb-737e-4723-a1e1-58850f8c6c3c, Parent: local_pub_north
Element Type: room, Key: local_pub_north, Parent: root
Element Type: enter_message, Key: 9121f74d-b5e7-4c8c-89d5-0e9123e0eeb9, Parent: local_pub
Element Type: message, Key: 937d56b4-f111-445c-9b1a-9217b3b5d3aa, Parent: 9f7ef25f-258f-447c-9d50-691daad7d4f8
Element Type: message, Key: d9ecd086-ad9f-414e-b9a2-e713345209e6, Parent: 9f7ef25f-258f-447c-9d50-691daad7d4f8
Element Type: look, Key: 9f7ef25f-258f-447c-9d50-691daad7d4f8, Parent: local_pub
Element Type: action, Key: 6f5c2017-75d8-4056-a4a7-976cc863b953, Parent: 759eba48-c651-4117-9ef1-bba3d8b60384
Element Type: input, Key: 759eba48-c651-4117-9ef1-bba3d8b60384, Parent: local_pub
Element Type: move, Key: 658e3a73-edb7-4bec-8ff4-e1d65e2f75ff, Parent: a957cc82-5dd3-484b-9cbd-b07768382cf0
Element Type: input, Key: a957cc82-5dd3-484b-9cbd-b07768382cf0, Parent: local_pub
Element Type: room, Key: local_pub, Parent: root
Element Type: attribute, Key: dragon_life, Parent: dragon
Element Type: person, Key: dragon, Parent: darkworld
Element Type: enter_message, Key: 2cb19a28-15e0-4ef5-a0a3-90c07cf53492, Parent: game
Element Type: game, Key: game, Parent: root
Element Type: action, Key: 4eeeef45-5a2b-4f06-9f73-a1ea08dbe1dd, Parent: 39241f3f-2d0d-4e52-9256-5bb952ec2a87
Element Type: action, Key: 545042fd-e58a-4cb5-8d42-d497274ebe34, Parent: efa3caa0-6248-4451-9edd-7ba562af8645
Element Type: input, Key: efa3caa0-6248-4451-9edd-7ba562af8645, Parent: 39241f3f-2d0d-4e52-9256-5bb952ec2a87
Element Type: input, Key: 39241f3f-2d0d-4e52-9256-5bb952ec2a87, Parent: global
Element Type: attribute, Key: player_life, Parent: player
Element Type: attribute, Key: player_strength, Parent: player
Element Type: attribute, Key: player_intelligence, Parent: player
Element Type: attribute, Key: player_cunning, Parent: player
Element Type: attribute, Key: e185ed5c-b838-405d-81f8-fb5edb423100, Parent: longsword_01
Element Type: weapon, Key: longsword_01, Parent: player
Element Type: player, Key: player, Parent: root
