Element Type: enter_message, Key: a11950e9-46f8-4de1-b9e6-478a8187f702, Parent: local_pub_north
Element Type: message, Key: dd834822-32a2-49bc-9cfe-a493a889f4c4, Parent: d4cc04c6-efdb-4d78-ac1c-730187310330
Element Type: look, Key: d4cc04c6-efdb-4d78-ac1c-730187310330, Parent: local_pub_north
Element Type: action, Key: 370ebc54-dd66-4c52-be24-f1db10d8d062, Parent: 6452bf96-9253-4bb5-ab02-53314e6f9a84
Element Type: input, Key: 6452bf96-9253-4bb5-ab02-53314e6f9a84, Parent: local_pub_north
Element Type: room, Key: local_pub_north, Parent: root
Element Type: enter_message, Key: 2e7da842-4d20-45ab-b2c5-a1d6f6813781, Parent: local_pub
Element Type: message, Key: 4d86bc62-8b60-46d8-a6c6-fca5cf8a77f8, Parent: 510ed786-1c31-4b04-9e3a-a59c98fbf7f1
Element Type: message, Key: 942546e0-fc80-477e-9f88-82317349473c, Parent: 510ed786-1c31-4b04-9e3a-a59c98fbf7f1
Element Type: look, Key: 510ed786-1c31-4b04-9e3a-a59c98fbf7f1, Parent: local_pub
Element Type: action, Key: d3cc2450-6917-4f04-a49b-c52358482eb7, Parent: 8450b756-d493-4666-92be-4fcd1c71eeb3
Element Type: input, Key: 8450b756-d493-4666-92be-4fcd1c71eeb3, Parent: local_pub
Element Type: move, Key: 809527a4-295d-4aa5-bdbf-cfc705e7f86f, Parent: b346e54e-8f60-4ba4-b091-c10ea8b26edb
Element Type: input, Key: b346e54e-8f60-4ba4-b091-c10ea8b26edb, Parent: local_pub
Element Type: room, Key: local_pub, Parent: root
Element Type: attribute, Key: dragon_life, Parent: dragon
Element Type: person, Key: dragon, Parent: darkworld
Element Type: enter_message, Key: 2dcc6798-4520-4daf-83d6-4b609ea70546, Parent: game
Element Type: game, Key: game, Parent: root
Element Type: action, Key: 5a4fcc04-6958-4a77-b73e-0efc95bb86d9, Parent: f4550aa9-144c-4202-b436-de1335f64b29
Element Type: action, Key: ad6c29e5-76be-4df7-84fe-35832052a445, Parent: 65bf26fb-5b4e-4788-9515-a25357b3598b
Element Type: input, Key: 65bf26fb-5b4e-4788-9515-a25357b3598b, Parent: f4550aa9-144c-4202-b436-de1335f64b29
Element Type: input, Key: f4550aa9-144c-4202-b436-de1335f64b29, Parent: global
Element Type: attribute, Key: player_life, Parent: player
Element Type: attribute, Key: player_strength, Parent: player
Element Type: attribute, Key: player_intelligence, Parent: player
Element Type: attribute, Key: player_cunning, Parent: player
Element Type: attribute, Key: 25fba623-210f-4e2f-b7bc-bd72261fd18b, Parent: longsword_01
Element Type: weapon, Key: longsword_01, Parent: player
Element Type: player, Key: player, Parent: root
