New Element created: local_pub_north, Parent: root
New Element created: , Parent: local_pub_north
New Element created: , Parent: local_pub_north
New Element created: , Parent: a16d5915-0ec7-4fdd-9efc-ed27cf05f4da
Returning row-index: 12
New Element created: , Parent: local_pub_north
New Element created: , Parent: 48a09daa-beb7-444a-9d4b-437fa06cb67c
Returning row: 16
Returning row-index: 17
Element Type: enter_message, Key: 645c9694-8691-45f5-8f79-615cc13c01fb, Parent: local_pub_north
Element Type: message, Key: 6cc2fbc9-f55c-4d35-9ddc-706544ba532a, Parent: a16d5915-0ec7-4fdd-9efc-ed27cf05f4da
Element Type: look, Key: a16d5915-0ec7-4fdd-9efc-ed27cf05f4da, Parent: local_pub_north
Element Type: action, Key: e7d8a5e2-b8c3-408a-90d6-9e86512156c8, Parent: 48a09daa-beb7-444a-9d4b-437fa06cb67c
Element Type: input, Key: 48a09daa-beb7-444a-9d4b-437fa06cb67c, Parent: local_pub_north
Element Type: room, Key: local_pub_north, Parent: root
New Element created: local_pub, Parent: root
New Element created: , Parent: local_pub
New Element created: , Parent: local_pub
New Element created: , Parent: fb146da6-5566-4967-91ad-2009b805b233
New Element created: , Parent: fb146da6-5566-4967-91ad-2009b805b233
Returning row-index: 19
New Element created: , Parent: local_pub
New Element created: , Parent: 232d99ef-5fba-4b37-b360-33540336f90c
Returning row: 24
New Element created: , Parent: local_pub
New Element created: , Parent: 027149d6-1e9d-43c3-b7e5-77fb9e70c348
Returning row-index: 32
Returning row-index: 33
Element Type: enter_message, Key: 8e0ed8ac-30a7-4db0-9503-bc7bdcfad20a, Parent: local_pub
Element Type: message, Key: 30842488-3567-4e99-8137-757de0a55e5d, Parent: fb146da6-5566-4967-91ad-2009b805b233
Element Type: message, Key: fbfbeff9-d04e-4506-b6a7-ec62fb82510f, Parent: fb146da6-5566-4967-91ad-2009b805b233
Element Type: look, Key: fb146da6-5566-4967-91ad-2009b805b233, Parent: local_pub
Element Type: action, Key: 6ed5569b-cd00-49f5-8ef8-0b4f0521ff57, Parent: 232d99ef-5fba-4b37-b360-33540336f90c
Element Type: input, Key: 232d99ef-5fba-4b37-b360-33540336f90c, Parent: local_pub
Element Type: move, Key: 7cba2ec9-acdc-4cc1-b211-6b187a0d1c53, Parent: 027149d6-1e9d-43c3-b7e5-77fb9e70c348
Element Type: input, Key: 027149d6-1e9d-43c3-b7e5-77fb9e70c348, Parent: local_pub
Element Type: room, Key: local_pub, Parent: root
New Element created: dragon, Parent: darkworld
New Element created: dragon_life, Parent: dragon
Returning row-index: 5
Element Type: attribute, Key: dragon_life, Parent: dragon
Element Type: person, Key: dragon, Parent: darkworld
New Element created: game, Parent: root
New Element created: , Parent: game
Returning row-index: 21
Element Type: enter_message, Key: a0502af3-e033-431c-b761-af651ac2cf77, Parent: game
Element Type: game, Key: game, Parent: root
New Element created: global, Parent: root
New Element created: , Parent: global
New Element created: , Parent: 3658c036-b14d-421a-b605-f6f319f01023
Returning row: 2
New Element created: , Parent: global
New Element created: , Parent: a7ef89dd-dc16-440c-8c37-54dbfc6ad0fc
Returning row: 5
Returning row-index: 6
Element Type: action, Key: 59cc2021-5909-4eb1-853f-e5617dac632d, Parent: 3658c036-b14d-421a-b605-f6f319f01023
Element Type: input, Key: 3658c036-b14d-421a-b605-f6f319f01023, Parent: global
Element Type: action, Key: 788f5bb4-c463-4b16-8e21-15897eb99cb6, Parent: a7ef89dd-dc16-440c-8c37-54dbfc6ad0fc
Element Type: input, Key: a7ef89dd-dc16-440c-8c37-54dbfc6ad0fc, Parent: global
Element Type: global, Key: global, Parent: root
New Element created: player, Parent: root
New Element created: player_life, Parent: player
Returning row: 1
New Element created: player_strength, Parent: player
Returning row: 2
New Element created: player_intelligence, Parent: player
Returning row: 3
New Element created: player_cunning, Parent: player
Returning row: 4
New Element created: player_armed, Parent: player
Returning row: 5
New Element created: longsword_01, Parent: player
New Element created: , Parent: longsword_01
Returning row: 8
Returning row-index: 9
Element Type: attribute, Key: player_life, Parent: player
Element Type: attribute, Key: player_strength, Parent: player
Element Type: attribute, Key: player_intelligence, Parent: player
Element Type: attribute, Key: player_cunning, Parent: player
Element Type: attribute, Key: player_armed, Parent: player
Element Type: attribute, Key: d42146e0-0fea-44f1-8852-463b2d334fcd, Parent: longsword_01
Element Type: weapon, Key: longsword_01, Parent: player
Element Type: player, Key: player, Parent: root
