New Element created: local_pub_north, Parent: root
New Element created: , Parent: local_pub_north
New Element created: , Parent: local_pub_north
New Element created: , Parent: a0681188-c3a4-49b2-93bb-835bb0fc9984
Returning row-index: 12
New Element created: , Parent: local_pub_north
New Element created: , Parent: 68bd794a-cdb1-41a6-8d2b-1278e120a921
Returning row: 16
Returning row-index: 17
Element Type: enter_message, Key: fb85c830-a22d-430c-b5e9-d10c78f239c2, Parent: local_pub_north
Element Type: message, Key: 74d07459-d830-4a18-ba4c-c99bf916a1b8, Parent: a0681188-c3a4-49b2-93bb-835bb0fc9984
Element Type: look, Key: a0681188-c3a4-49b2-93bb-835bb0fc9984, Parent: local_pub_north
Element Type: action, Key: 62cc3e34-bf8d-41ef-bafc-03998d6fd716, Parent: 68bd794a-cdb1-41a6-8d2b-1278e120a921
Element Type: input, Key: 68bd794a-cdb1-41a6-8d2b-1278e120a921, Parent: local_pub_north
Element Type: room, Key: local_pub_north, Parent: root
New Element created: local_pub, Parent: root
New Element created: , Parent: local_pub
New Element created: , Parent: local_pub
New Element created: , Parent: 9fca0ae9-fdfe-4a29-8ba6-2b064bcc36ad
New Element created: , Parent: 9fca0ae9-fdfe-4a29-8ba6-2b064bcc36ad
Returning row-index: 19
New Element created: , Parent: local_pub
New Element created: , Parent: 89c1d571-ee44-40ba-9054-9fd923804061
Returning row: 24
New Element created: , Parent: local_pub
New Element created: , Parent: d1e9cac4-369c-40b3-b87b-424759c1d51c
Returning row-index: 32
Returning row-index: 33
Element Type: enter_message, Key: 79cd16ea-1437-46dd-b89d-b0d9dc26da7b, Parent: local_pub
Element Type: message, Key: 1cabe3f4-91cd-4978-9da4-bd9ebf3be77b, Parent: 9fca0ae9-fdfe-4a29-8ba6-2b064bcc36ad
Element Type: message, Key: e413aa89-601e-451d-b065-bbb166729946, Parent: 9fca0ae9-fdfe-4a29-8ba6-2b064bcc36ad
Element Type: look, Key: 9fca0ae9-fdfe-4a29-8ba6-2b064bcc36ad, Parent: local_pub
Element Type: action, Key: b3f6850a-6c0f-482e-9505-f0855ef3d966, Parent: 89c1d571-ee44-40ba-9054-9fd923804061
Element Type: input, Key: 89c1d571-ee44-40ba-9054-9fd923804061, Parent: local_pub
Element Type: move, Key: be613bdf-7f64-4150-abc7-afaa46a3b28e, Parent: d1e9cac4-369c-40b3-b87b-424759c1d51c
Element Type: input, Key: d1e9cac4-369c-40b3-b87b-424759c1d51c, Parent: local_pub
Element Type: room, Key: local_pub, Parent: root
New Element created: dragon, Parent: darkworld
New Element created: dragon_life, Parent: dragon
Returning row-index: 5
Element Type: attribute, Key: dragon_life, Parent: dragon
Element Type: person, Key: dragon, Parent: darkworld
New Element created: game, Parent: root
New Element created: , Parent: game
Returning row-index: 21
Element Type: enter_message, Key: 3da58cb5-f8aa-4bbe-af2e-7520c4cdfd22, Parent: game
Element Type: game, Key: game, Parent: root
New Element created: global, Parent: root
New Element created: , Parent: global
New Element created: , Parent: 4ec08c8a-d719-4215-8818-ada05bc6194e
Returning row: 2
New Element created: , Parent: global
New Element created: , Parent: a6da4ccb-d79f-493e-87ae-d5a2c0df1442
Returning row: 5
Returning row-index: 6
Element Type: action, Key: 3ac1610a-b0f3-41e2-ba09-b79efaed1884, Parent: 4ec08c8a-d719-4215-8818-ada05bc6194e
Element Type: input, Key: 4ec08c8a-d719-4215-8818-ada05bc6194e, Parent: global
Element Type: action, Key: 59143a0f-4fd6-4945-b876-e122da00c068, Parent: a6da4ccb-d79f-493e-87ae-d5a2c0df1442
Element Type: input, Key: a6da4ccb-d79f-493e-87ae-d5a2c0df1442, Parent: global
Element Type: global, Key: global, Parent: root
New Element created: player, Parent: root
New Element created: player_life, Parent: player
Returning row: 1
New Element created: player_strength, Parent: player
Returning row: 2
New Element created: player_intelligence, Parent: player
Returning row: 3
New Element created: player_cunning, Parent: player
Returning row: 4
New Element created: player_armed, Parent: player
Returning row: 5
New Element created: longsword_01, Parent: player
New Element created: , Parent: longsword_01
Returning row: 8
Returning row-index: 9
Element Type: attribute, Key: player_life, Parent: player
Element Type: attribute, Key: player_strength, Parent: player
Element Type: attribute, Key: player_intelligence, Parent: player
Element Type: attribute, Key: player_cunning, Parent: player
Element Type: attribute, Key: player_armed, Parent: player
Element Type: attribute, Key: 6cc56e7c-e0c9-4090-8998-c4f0fa05cdc6, Parent: longsword_01
Element Type: weapon, Key: longsword_01, Parent: player
Element Type: player, Key: player, Parent: root
