New Element created: local_pub_north, Parent: root
New Element created: , Parent: local_pub_north
New Element created: , Parent: local_pub_north
New Element created: , Parent: e172e264-6e04-40eb-8c17-72cccdc15f4e
Returning row-index: 12
New Element created: , Parent: local_pub_north
New Element created: , Parent: a9af779b-1816-47fb-b09b-b32ed5571e21
Returning row: 16
Returning row-index: 17
Element Type: enter_message, Key: b5857a6b-e236-429b-b8c4-a5199e9bdb1c, Parent: local_pub_north
Element Type: message, Key: afc8015d-8f2f-47a5-88e3-17899cf936dd, Parent: e172e264-6e04-40eb-8c17-72cccdc15f4e
Element Type: look, Key: e172e264-6e04-40eb-8c17-72cccdc15f4e, Parent: local_pub_north
Element Type: action, Key: 87c6dd87-17da-4f54-aa7e-de6674554847, Parent: a9af779b-1816-47fb-b09b-b32ed5571e21
Element Type: input, Key: a9af779b-1816-47fb-b09b-b32ed5571e21, Parent: local_pub_north
Element Type: room, Key: local_pub_north, Parent: root
New Element created: local_pub, Parent: root
New Element created: , Parent: local_pub
New Element created: , Parent: local_pub
New Element created: , Parent: 4b222afe-ab1f-486f-978a-dcf264ecf129
New Element created: , Parent: 4b222afe-ab1f-486f-978a-dcf264ecf129
Returning row-index: 19
New Element created: , Parent: local_pub
New Element created: , Parent: 14ba7482-b560-4c1a-b581-d116be9fbdab
Returning row: 24
New Element created: , Parent: local_pub
New Element created: , Parent: 904a4251-fb10-43b8-bcbc-0404831455ae
Returning row-index: 32
Returning row-index: 33
Element Type: enter_message, Key: 41dc7f94-37f4-425e-bc66-202846d31ef2, Parent: local_pub
Element Type: message, Key: f261b089-ac07-4dc1-9320-61967972ea87, Parent: 4b222afe-ab1f-486f-978a-dcf264ecf129
Element Type: message, Key: 55d2659d-a33c-4509-9257-d3ee5ef47dd4, Parent: 4b222afe-ab1f-486f-978a-dcf264ecf129
Element Type: look, Key: 4b222afe-ab1f-486f-978a-dcf264ecf129, Parent: local_pub
Element Type: action, Key: 16c4b4eb-3257-4ffd-a6df-a88d8f81e9bf, Parent: 14ba7482-b560-4c1a-b581-d116be9fbdab
Element Type: input, Key: 14ba7482-b560-4c1a-b581-d116be9fbdab, Parent: local_pub
Element Type: move, Key: 8a466802-67a7-44d8-971c-6794db0f40da, Parent: 904a4251-fb10-43b8-bcbc-0404831455ae
Element Type: input, Key: 904a4251-fb10-43b8-bcbc-0404831455ae, Parent: local_pub
Element Type: room, Key: local_pub, Parent: root
New Element created: dragon, Parent: darkworld
New Element created: dragon_life, Parent: dragon
Returning row-index: 5
Element Type: attribute, Key: dragon_life, Parent: dragon
Element Type: person, Key: dragon, Parent: darkworld
New Element created: game, Parent: root
New Element created: , Parent: game
Returning row-index: 21
Element Type: enter_message, Key: 50117295-7946-4f46-9277-7ed64d083912, Parent: game
Element Type: game, Key: game, Parent: root
New Element created: global, Parent: root
New Element created: , Parent: global
New Element created: , Parent: 5f13c24a-2ca1-4ba2-a066-eda7f6e9d78a
Returning row: 2
New Element created: , Parent: global
New Element created: , Parent: 44eab394-1ac3-4d38-8e49-8396c63b8969
Returning row: 5
New Element created: , Parent: global
New Element created: , Parent: bcd48d0b-1623-46f0-82c9-243f054a7f50
New Element created: , Parent: 27a10fe6-14a9-48f9-887c-3e65568fc21a
Returning row-index: 14
Returning row-index: 15
Returning row-index: 16
Element Type: action, Key: 052cd30f-fd1f-46e3-bbd1-5b90d868431e, Parent: 5f13c24a-2ca1-4ba2-a066-eda7f6e9d78a
Element Type: input, Key: 5f13c24a-2ca1-4ba2-a066-eda7f6e9d78a, Parent: global
Element Type: action, Key: 2ef255f5-d107-427f-adc3-02acd8c616dd, Parent: 44eab394-1ac3-4d38-8e49-8396c63b8969
Element Type: input, Key: 44eab394-1ac3-4d38-8e49-8396c63b8969, Parent: global
Element Type: message, Key: 8a9a2e89-10e7-48dd-8def-1d85f8e07376, Parent: 27a10fe6-14a9-48f9-887c-3e65568fc21a
Element Type: set, Key: 27a10fe6-14a9-48f9-887c-3e65568fc21a, Parent: bcd48d0b-1623-46f0-82c9-243f054a7f50
Element Type: input, Key: bcd48d0b-1623-46f0-82c9-243f054a7f50, Parent: global
Element Type: global, Key: global, Parent: root
New Element created: player, Parent: root
New Element created: player_life, Parent: player
Returning row: 1
New Element created: player_strength, Parent: player
Returning row: 2
New Element created: player_intelligence, Parent: player
Returning row: 3
New Element created: player_cunning, Parent: player
Returning row: 4
New Element created: player_armed, Parent: player
Returning row: 5
New Element created: longsword_01, Parent: player
New Element created: , Parent: longsword_01
Returning row: 8
Returning row-index: 9
Element Type: attribute, Key: player_life, Parent: player
Element Type: attribute, Key: player_strength, Parent: player
Element Type: attribute, Key: player_intelligence, Parent: player
Element Type: attribute, Key: player_cunning, Parent: player
Element Type: attribute, Key: player_armed, Parent: player
Element Type: attribute, Key: 0674828c-15d1-48b5-a888-773d024ac602, Parent: longsword_01
Element Type: weapon, Key: longsword_01, Parent: player
Element Type: player, Key: player, Parent: root
