New Element created: local_pub_north, Parent: root
New Element created: , Parent: local_pub_north
New Element created: , Parent: local_pub_north
New Element created: , Parent: 48c055c9-cf1d-41a0-b756-8cef5073d475
Returning row-index: 12
New Element created: , Parent: local_pub_north
New Element created: , Parent: 0183d30f-69a5-4936-b4a6-552f699a0ef4
Returning row: 16
Returning row-index: 17
Element Type: enter_message, Key: e54ac710-c3f5-4fbf-98b8-940f9e8a0a9f, Parent: local_pub_north
Element Type: message, Key: e76a0a1f-7831-4642-b34c-01f7eae8eb30, Parent: 48c055c9-cf1d-41a0-b756-8cef5073d475
Element Type: look, Key: 48c055c9-cf1d-41a0-b756-8cef5073d475, Parent: local_pub_north
Element Type: action, Key: adda2905-597b-44a9-a050-2b2b37929976, Parent: 0183d30f-69a5-4936-b4a6-552f699a0ef4
Element Type: input, Key: 0183d30f-69a5-4936-b4a6-552f699a0ef4, Parent: local_pub_north
Element Type: room, Key: local_pub_north, Parent: root
New Element created: local_pub, Parent: root
New Element created: , Parent: local_pub
New Element created: , Parent: local_pub
New Element created: , Parent: 6edc7c69-14b8-4cbb-8d5a-4556ed3c72ad
New Element created: , Parent: 6edc7c69-14b8-4cbb-8d5a-4556ed3c72ad
Returning row-index: 19
New Element created: , Parent: local_pub
New Element created: , Parent: 3b3ce575-27b2-4228-8d34-66a4c1572c19
Returning row: 24
New Element created: , Parent: local_pub
New Element created: , Parent: 5ef97a29-3925-4d11-a172-a63e3d15b173
Returning row-index: 32
Returning row-index: 33
Element Type: enter_message, Key: e652e22c-343a-4da6-90d7-cf41e45cb451, Parent: local_pub
Element Type: message, Key: 33af20e4-c94c-4f0d-b249-1fe8c01d4ed4, Parent: 6edc7c69-14b8-4cbb-8d5a-4556ed3c72ad
Element Type: message, Key: ec3b4130-0ac8-4206-9343-eb176b3a4342, Parent: 6edc7c69-14b8-4cbb-8d5a-4556ed3c72ad
Element Type: look, Key: 6edc7c69-14b8-4cbb-8d5a-4556ed3c72ad, Parent: local_pub
Element Type: action, Key: 61e92afe-2fa7-4f55-b467-6f36f4affc10, Parent: 3b3ce575-27b2-4228-8d34-66a4c1572c19
Element Type: input, Key: 3b3ce575-27b2-4228-8d34-66a4c1572c19, Parent: local_pub
Element Type: move, Key: 48905540-a361-448b-8ad8-f35db2858723, Parent: 5ef97a29-3925-4d11-a172-a63e3d15b173
Element Type: input, Key: 5ef97a29-3925-4d11-a172-a63e3d15b173, Parent: local_pub
Element Type: room, Key: local_pub, Parent: root
New Element created: dragon, Parent: darkworld
New Element created: dragon_life, Parent: dragon
Returning row-index: 5
Element Type: attribute, Key: dragon_life, Parent: dragon
Element Type: person, Key: dragon, Parent: darkworld
New Element created: game, Parent: root
New Element created: , Parent: game
Returning row-index: 21
Element Type: enter_message, Key: da7a5c1c-f5b0-4fcb-a27f-db77b5c53093, Parent: game
Element Type: game, Key: game, Parent: root
New Element created: global, Parent: root
New Element created: , Parent: global
New Element created: , Parent: 8cea618e-0607-4771-9334-b018727b460c
Returning row: 2
New Element created: , Parent: global
New Element created: , Parent: 77f51f0e-1850-43d2-947f-2a640d1d827f
Returning row: 5
New Element created: , Parent: global
New Element created: , Parent: 21a6d809-7504-4015-89a4-a36874b3c0f7
New Element created: , Parent: bd43fa82-a75e-49ee-bc71-dee65395cf60
Returning row-index: 14
Returning row-index: 15
Returning row-index: 16
Element Type: action, Key: 8e8e2f45-8154-4e7f-b633-4076fb90cc5a, Parent: 8cea618e-0607-4771-9334-b018727b460c
Element Type: input, Key: 8cea618e-0607-4771-9334-b018727b460c, Parent: global
Element Type: action, Key: 0f4e832b-b154-4be3-8338-fb1e7992e242, Parent: 77f51f0e-1850-43d2-947f-2a640d1d827f
Element Type: input, Key: 77f51f0e-1850-43d2-947f-2a640d1d827f, Parent: global
Element Type: message, Key: 83e774cd-1c3e-458f-9f47-ceba151c83bd, Parent: bd43fa82-a75e-49ee-bc71-dee65395cf60
Element Type: set, Key: bd43fa82-a75e-49ee-bc71-dee65395cf60, Parent: 21a6d809-7504-4015-89a4-a36874b3c0f7
Element Type: input, Key: 21a6d809-7504-4015-89a4-a36874b3c0f7, Parent: global
Element Type: global, Key: global, Parent: root
New Element created: player, Parent: root
New Element created: player_life, Parent: player
Returning row: 1
New Element created: player_strength, Parent: player
Returning row: 2
New Element created: player_intelligence, Parent: player
Returning row: 3
New Element created: player_cunning, Parent: player
Returning row: 4
New Element created: player_armed, Parent: player
Returning row: 5
New Element created: longsword_01, Parent: player
New Element created: , Parent: longsword_01
Returning row: 8
Returning row-index: 9
Element Type: attribute, Key: player_life, Parent: player
Element Type: attribute, Key: player_strength, Parent: player
Element Type: attribute, Key: player_intelligence, Parent: player
Element Type: attribute, Key: player_cunning, Parent: player
Element Type: attribute, Key: player_armed, Parent: player
Element Type: attribute, Key: e0a76ce3-2adb-45ca-83e7-008a665638c5, Parent: longsword_01
Element Type: weapon, Key: longsword_01, Parent: player
Element Type: player, Key: player, Parent: root
