New Element created: local_pub_north, Parent: root
New Element created: , Parent: local_pub_north
New Element created: , Parent: local_pub_north
New Element created: , Parent: 179994e6-8629-49e1-8cc8-d0374f135b12
Returning row-index: 12
New Element created: , Parent: local_pub_north
New Element created: , Parent: c65ed47d-3bdc-4460-b2d3-2d84051b9bb3
Returning row: 16
Returning row-index: 17
Element Type: enter_message, Key: a535ae72-cb1f-4477-9e32-f6dc84f934ce, Parent: local_pub_north
Element Type: message, Key: 40ea340a-c480-4100-96e0-95c2ceace087, Parent: 179994e6-8629-49e1-8cc8-d0374f135b12
Element Type: look, Key: 179994e6-8629-49e1-8cc8-d0374f135b12, Parent: local_pub_north
Element Type: action, Key: 75ab4dc8-7aad-4ee0-82e9-3c1a0a88cb47, Parent: c65ed47d-3bdc-4460-b2d3-2d84051b9bb3
Element Type: input, Key: c65ed47d-3bdc-4460-b2d3-2d84051b9bb3, Parent: local_pub_north
Element Type: room, Key: local_pub_north, Parent: root
New Element created: local_pub, Parent: root
New Element created: , Parent: local_pub
New Element created: , Parent: local_pub
New Element created: , Parent: 5b15a525-fb21-4f28-bc51-0e77dffcb0fa
New Element created: , Parent: 5b15a525-fb21-4f28-bc51-0e77dffcb0fa
Returning row-index: 19
New Element created: , Parent: local_pub
New Element created: , Parent: 49973e10-8f0d-4179-9915-c8842570bfdd
Returning row: 24
New Element created: , Parent: local_pub
New Element created: , Parent: baffe195-7fed-4bb8-bcb1-c92dcce72299
Returning row-index: 32
Returning row-index: 33
Element Type: enter_message, Key: c13e6f7a-ebb9-4c47-b19b-e8a30c65ae59, Parent: local_pub
Element Type: message, Key: 8da4272b-3e28-4da2-bc4b-a06918ca2f2d, Parent: 5b15a525-fb21-4f28-bc51-0e77dffcb0fa
Element Type: message, Key: e34d887e-1e55-44db-a8c3-1e045804eff8, Parent: 5b15a525-fb21-4f28-bc51-0e77dffcb0fa
Element Type: look, Key: 5b15a525-fb21-4f28-bc51-0e77dffcb0fa, Parent: local_pub
Element Type: action, Key: 15654546-9e7b-45a2-9ca4-b69342d2cbd5, Parent: 49973e10-8f0d-4179-9915-c8842570bfdd
Element Type: input, Key: 49973e10-8f0d-4179-9915-c8842570bfdd, Parent: local_pub
Element Type: move, Key: 229c458d-28ae-4e4b-b6f4-150eafa0091c, Parent: baffe195-7fed-4bb8-bcb1-c92dcce72299
Element Type: input, Key: baffe195-7fed-4bb8-bcb1-c92dcce72299, Parent: local_pub
Element Type: room, Key: local_pub, Parent: root
New Element created: dragon, Parent: darkworld
New Element created: dragon_life, Parent: dragon
Returning row-index: 5
Element Type: attribute, Key: dragon_life, Parent: dragon
Element Type: person, Key: dragon, Parent: darkworld
New Element created: game, Parent: root
New Element created: , Parent: game
Returning row-index: 21
Element Type: enter_message, Key: fe540f00-bfaa-433c-a5a7-ef319c998f73, Parent: game
Element Type: game, Key: game, Parent: root
New Element created: global, Parent: root
New Element created: , Parent: global
New Element created: , Parent: b085e1c5-ff78-44e7-b52c-528bd2f176a5
Returning row: 2
New Element created: , Parent: global
New Element created: , Parent: 4263c742-b115-4013-8c63-0183d4896df2
Returning row: 5
New Element created: , Parent: global
New Element created: , Parent: 5b805d70-c80b-4a18-b545-c5d9e2aaa1b0
New Element created: , Parent: 6be816ff-1739-4b24-be18-4f9bdf45fd85
Returning row-index: 14
Returning row-index: 15
Returning row-index: 16
Element Type: action, Key: 8dec4dda-0c0b-4690-9b38-56dc68ec1510, Parent: b085e1c5-ff78-44e7-b52c-528bd2f176a5
Element Type: input, Key: b085e1c5-ff78-44e7-b52c-528bd2f176a5, Parent: global
Element Type: action, Key: 26ec8f50-0421-4a4b-8fa9-cd3d69b7d8ce, Parent: 4263c742-b115-4013-8c63-0183d4896df2
Element Type: input, Key: 4263c742-b115-4013-8c63-0183d4896df2, Parent: global
Element Type: message, Key: 9149eb5c-d84a-47f7-a2e0-62f69a050489, Parent: 6be816ff-1739-4b24-be18-4f9bdf45fd85
Element Type: set, Key: 6be816ff-1739-4b24-be18-4f9bdf45fd85, Parent: 5b805d70-c80b-4a18-b545-c5d9e2aaa1b0
Element Type: input, Key: 5b805d70-c80b-4a18-b545-c5d9e2aaa1b0, Parent: global
Element Type: global, Key: global, Parent: root
New Element created: player, Parent: root
New Element created: player_life, Parent: player
Returning row: 1
New Element created: player_strength, Parent: player
Returning row: 2
New Element created: player_intelligence, Parent: player
Returning row: 3
New Element created: player_cunning, Parent: player
Returning row: 4
New Element created: player_armed, Parent: player
Returning row: 5
New Element created: longsword_01, Parent: player
New Element created: , Parent: longsword_01
Returning row: 8
Returning row-index: 9
Element Type: attribute, Key: player_life, Parent: player
Element Type: attribute, Key: player_strength, Parent: player
Element Type: attribute, Key: player_intelligence, Parent: player
Element Type: attribute, Key: player_cunning, Parent: player
Element Type: attribute, Key: player_armed, Parent: player
Element Type: attribute, Key: 9c7c9c62-4a1d-47be-87d3-c98ab468de39, Parent: longsword_01
Element Type: weapon, Key: longsword_01, Parent: player
Element Type: player, Key: player, Parent: root
