New Element created: local_pub_north, Parent: root
New Element created: , Parent: local_pub_north
New Element created: , Parent: local_pub_north
New Element created: , Parent: b1ab76c7-a02d-4c88-8c40-3981f237a798
Returning row-index: 12
New Element created: , Parent: local_pub_north
New Element created: , Parent: 8a51f4c7-2a2b-4c86-8f52-7b5652f6f162
Returning row: 16
Returning row-index: 17
Element Type: enter_message, Key: a9911d0a-0e8d-491e-b057-13c5b4b75d89, Parent: local_pub_north
Element Type: message, Key: 306f1d41-f660-4339-81ec-4376be7f2a64, Parent: b1ab76c7-a02d-4c88-8c40-3981f237a798
Element Type: look, Key: b1ab76c7-a02d-4c88-8c40-3981f237a798, Parent: local_pub_north
Element Type: action, Key: dad6b46d-4c7f-43c8-8589-796f134874f6, Parent: 8a51f4c7-2a2b-4c86-8f52-7b5652f6f162
Element Type: input, Key: 8a51f4c7-2a2b-4c86-8f52-7b5652f6f162, Parent: local_pub_north
Element Type: room, Key: local_pub_north, Parent: root
New Element created: local_pub, Parent: root
New Element created: , Parent: local_pub
New Element created: , Parent: local_pub
New Element created: , Parent: 9ecb7fb9-0ae2-41ee-9385-dfd25b90cf56
New Element created: , Parent: 9ecb7fb9-0ae2-41ee-9385-dfd25b90cf56
Returning row-index: 19
New Element created: , Parent: local_pub
New Element created: , Parent: 316f6dcd-3fba-4e25-bc62-0131902ef302
Returning row: 24
New Element created: , Parent: local_pub
New Element created: , Parent: 5e104845-973d-4938-b772-c4aa03f8fcc0
Returning row-index: 32
Returning row-index: 33
Element Type: enter_message, Key: dfb1625d-129b-4de4-bb18-004ba64379fa, Parent: local_pub
Element Type: message, Key: 520a84d4-b811-4227-ace8-bbe7db974749, Parent: 9ecb7fb9-0ae2-41ee-9385-dfd25b90cf56
Element Type: message, Key: 70a81931-24e8-4b1c-840e-2e484d6ff556, Parent: 9ecb7fb9-0ae2-41ee-9385-dfd25b90cf56
Element Type: look, Key: 9ecb7fb9-0ae2-41ee-9385-dfd25b90cf56, Parent: local_pub
Element Type: action, Key: 825de356-7a51-498d-a153-0fc66af5a456, Parent: 316f6dcd-3fba-4e25-bc62-0131902ef302
Element Type: input, Key: 316f6dcd-3fba-4e25-bc62-0131902ef302, Parent: local_pub
Element Type: move, Key: 7188c504-0f8d-4298-852b-9cc1b9239ff8, Parent: 5e104845-973d-4938-b772-c4aa03f8fcc0
Element Type: input, Key: 5e104845-973d-4938-b772-c4aa03f8fcc0, Parent: local_pub
Element Type: room, Key: local_pub, Parent: root
New Element created: dragon, Parent: darkworld
New Element created: dragon_life, Parent: dragon
Returning row-index: 5
Element Type: attribute, Key: dragon_life, Parent: dragon
Element Type: person, Key: dragon, Parent: darkworld
New Element created: game, Parent: root
New Element created: , Parent: game
Returning row-index: 21
Element Type: enter_message, Key: 1b9b628a-3e6e-4a7b-b862-34bd90836e90, Parent: game
Element Type: game, Key: game, Parent: root
New Element created: global, Parent: root
New Element created: , Parent: global
New Element created: , Parent: 9712c5ce-ebc2-43ee-9b24-5031be975afa
Returning row: 2
New Element created: , Parent: global
New Element created: , Parent: 3b9b62d9-5029-45b0-ad4e-68638d3678b9
Returning row: 5
New Element created: , Parent: global
New Element created: , Parent: 56677fdf-7f36-4a56-aceb-6e413287e97d
New Element created: , Parent: b6a5823d-3b09-4a88-add1-ae2d5cf83fb4
Returning row-index: 14
Returning row-index: 15
Returning row-index: 16
Element Type: action, Key: 6c37e111-a1a8-4ed0-99f1-07be41fabc1e, Parent: 9712c5ce-ebc2-43ee-9b24-5031be975afa
Element Type: input, Key: 9712c5ce-ebc2-43ee-9b24-5031be975afa, Parent: global
Element Type: action, Key: 515b2e88-acf0-461b-a48f-86cb994a65bf, Parent: 3b9b62d9-5029-45b0-ad4e-68638d3678b9
Element Type: input, Key: 3b9b62d9-5029-45b0-ad4e-68638d3678b9, Parent: global
Element Type: message, Key: bb437667-68e4-48bb-9704-aafb4dfc8bd4, Parent: b6a5823d-3b09-4a88-add1-ae2d5cf83fb4
Element Type: set, Key: b6a5823d-3b09-4a88-add1-ae2d5cf83fb4, Parent: 56677fdf-7f36-4a56-aceb-6e413287e97d
Element Type: input, Key: 56677fdf-7f36-4a56-aceb-6e413287e97d, Parent: global
Element Type: global, Key: global, Parent: root
New Element created: player, Parent: root
New Element created: player_life, Parent: player
Returning row: 1
New Element created: player_strength, Parent: player
Returning row: 2
New Element created: player_intelligence, Parent: player
Returning row: 3
New Element created: player_cunning, Parent: player
Returning row: 4
New Element created: player_armed, Parent: player
Returning row: 5
New Element created: longsword_01, Parent: player
New Element created: , Parent: longsword_01
Returning row: 8
Returning row-index: 9
Element Type: attribute, Key: player_life, Parent: player
Element Type: attribute, Key: player_strength, Parent: player
Element Type: attribute, Key: player_intelligence, Parent: player
Element Type: attribute, Key: player_cunning, Parent: player
Element Type: attribute, Key: player_armed, Parent: player
Element Type: attribute, Key: d76461ac-994b-413e-8f82-647f9fce4d31, Parent: longsword_01
Element Type: weapon, Key: longsword_01, Parent: player
Element Type: player, Key: player, Parent: root
