New Element created: local_pub_north, Parent: root
New Element created: , Parent: local_pub_north
New Element created: , Parent: local_pub_north
New Element created: , Parent: 557eeadf-e13f-4738-8e38-f16a3ab130ff
Returning row-index: 12
New Element created: , Parent: local_pub_north
New Element created: , Parent: 9108322d-2899-483a-a6a9-03b6151dce07
Returning row: 16
Returning row-index: 17
New Element created: golden_egg, Parent: local_pub_north
New Element created: , Parent: golden_egg
New Element created: , Parent: golden_egg
New Element created: , Parent: golden_egg
New Element created: , Parent: golden_egg
New Element created: , Parent: 461b10f2-eda8-416d-8ae4-f3310fb7f348
Returning row: 42
Returning row-index: 43
Element Type: enter_message, Key: a474809a-ee7a-4404-9e52-0cd973e39de3, Parent: local_pub_north
Element Type: message, Key: 73e3815a-92f0-4609-89cb-81404ef206b0, Parent: 557eeadf-e13f-4738-8e38-f16a3ab130ff
Element Type: look, Key: 557eeadf-e13f-4738-8e38-f16a3ab130ff, Parent: local_pub_north
Element Type: action, Key: 75d31321-13a0-4b25-b231-fd8d25a692d9, Parent: 9108322d-2899-483a-a6a9-03b6151dce07
Element Type: input, Key: 9108322d-2899-483a-a6a9-03b6151dce07, Parent: local_pub_north
Element Type: room, Key: local_pub_north, Parent: root
Element Type: enter_message, Key: 379f15e5-a897-41a8-822a-355bcba0ea7e, Parent: golden_egg
Element Type: look, Key: a8be05e8-b457-4483-9935-bd4e654f4c2f, Parent: golden_egg
Element Type: inspect, Key: 303ac76f-acad-43ba-92fd-f9a867d6d74c, Parent: golden_egg
Element Type: action, Key: 8fdcad05-d220-43d3-ae10-71318bacc615, Parent: 461b10f2-eda8-416d-8ae4-f3310fb7f348
Element Type: input, Key: 461b10f2-eda8-416d-8ae4-f3310fb7f348, Parent: golden_egg
Element Type: object, Key: golden_egg, Parent: local_pub_north
New Element created: local_pub, Parent: root
New Element created: , Parent: local_pub
New Element created: , Parent: local_pub
New Element created: , Parent: 908a64d7-7a8c-4a52-ad5f-b9292dfd32d5
New Element created: , Parent: 908a64d7-7a8c-4a52-ad5f-b9292dfd32d5
Returning row-index: 19
New Element created: , Parent: local_pub
New Element created: , Parent: e3e7f930-f585-4961-ac67-44545eb5ea75
Returning row: 24
New Element created: , Parent: local_pub
New Element created: , Parent: 70615360-4122-4c10-a712-09b03178da83
Returning row-index: 32
Returning row-index: 33
Element Type: enter_message, Key: dc66bd91-ae90-4e66-b0fe-53f167838040, Parent: local_pub
Element Type: message, Key: a29df608-a138-4cd7-a716-444d98012c61, Parent: 908a64d7-7a8c-4a52-ad5f-b9292dfd32d5
Element Type: message, Key: 97a4949f-1041-46a8-8741-7a317a1b0935, Parent: 908a64d7-7a8c-4a52-ad5f-b9292dfd32d5
Element Type: look, Key: 908a64d7-7a8c-4a52-ad5f-b9292dfd32d5, Parent: local_pub
Element Type: action, Key: 849d7341-0e20-4907-bc9d-246d97be6af5, Parent: e3e7f930-f585-4961-ac67-44545eb5ea75
Element Type: input, Key: e3e7f930-f585-4961-ac67-44545eb5ea75, Parent: local_pub
Element Type: move, Key: 279f5a34-4828-414f-a837-c220fd937d9a, Parent: 70615360-4122-4c10-a712-09b03178da83
Element Type: input, Key: 70615360-4122-4c10-a712-09b03178da83, Parent: local_pub
Element Type: room, Key: local_pub, Parent: root
New Element created: dragon, Parent: darkworld
New Element created: dragon_life, Parent: dragon
Returning row-index: 5
Element Type: attribute, Key: dragon_life, Parent: dragon
Element Type: person, Key: dragon, Parent: darkworld
New Element created: game, Parent: root
New Element created: , Parent: game
Returning row-index: 21
Element Type: enter_message, Key: f1fcbd71-4ecb-43fb-be98-fa7ef4af48e8, Parent: game
Element Type: game, Key: game, Parent: root
New Element created: global01, Parent: root
New Element created: , Parent: global01
New Element created: , Parent: 4cf63694-36c6-40b2-92af-f3a9df645c67
Returning row: 2
New Element created: , Parent: global01
New Element created: , Parent: a8e393d2-c312-4558-946d-d290e062507f
Returning row: 5
New Element created: , Parent: global01
New Element created: , Parent: 9ba9e719-4f4a-4dda-855c-dc3095be6bad
New Element created: , Parent: 8f181301-e747-42b8-83ea-9da34b3a6580
Returning row-index: 14
Returning row-index: 15
Returning row-index: 16
Element Type: action, Key: 44fc5222-89ec-4c76-b81b-cd7aecb6c416, Parent: 4cf63694-36c6-40b2-92af-f3a9df645c67
Element Type: input, Key: 4cf63694-36c6-40b2-92af-f3a9df645c67, Parent: global01
Element Type: action, Key: 5e10581b-5980-4f81-b443-d86f9bc82f29, Parent: a8e393d2-c312-4558-946d-d290e062507f
Element Type: input, Key: a8e393d2-c312-4558-946d-d290e062507f, Parent: global01
Element Type: message, Key: c32344cb-4ac7-4b2d-857a-1b90716eff6b, Parent: 8f181301-e747-42b8-83ea-9da34b3a6580
Element Type: set, Key: 8f181301-e747-42b8-83ea-9da34b3a6580, Parent: 9ba9e719-4f4a-4dda-855c-dc3095be6bad
Element Type: input, Key: 9ba9e719-4f4a-4dda-855c-dc3095be6bad, Parent: global01
Element Type: global, Key: global01, Parent: root
New Element created: player, Parent: local_pub
New Element created: player_life, Parent: player
Returning row: 1
New Element created: player_strength, Parent: player
Returning row: 2
New Element created: player_intelligence, Parent: player
Returning row: 3
New Element created: player_cunning, Parent: player
Returning row: 4
New Element created: player_gold, Parent: player
Returning row: 5
New Element created: player_armed, Parent: player
Returning row: 6
New Element created: longsword_01, Parent: player
New Element created: , Parent: longsword_01
Returning row: 9
Returning row-index: 10
Element Type: attribute, Key: player_life, Parent: player
Element Type: attribute, Key: player_strength, Parent: player
Element Type: attribute, Key: player_intelligence, Parent: player
Element Type: attribute, Key: player_cunning, Parent: player
Element Type: attribute, Key: player_gold, Parent: player
Element Type: attribute, Key: player_armed, Parent: player
Element Type: attribute, Key: fbf4dfc0-bd4f-4823-b55a-e7a19279b9a9, Parent: longsword_01
Element Type: weapon, Key: longsword_01, Parent: player
Element Type: player, Key: player, Parent: local_pub
