New Element created: local_pub_north, Parent: root
New Element created: , Parent: local_pub_north
New Element created: , Parent: local_pub_north
New Element created: , Parent: df249550-5106-4621-bddb-60a766b9a2fb
Returning row-index: 12
New Element created: , Parent: local_pub_north
New Element created: , Parent: 2d82a00e-df5f-4470-a60f-1d8a90cac314
Returning row: 16
Returning row-index: 17
New Element created: golden_egg, Parent: local_pub_north
New Element created: , Parent: golden_egg
New Element created: , Parent: golden_egg
New Element created: , Parent: golden_egg
New Element created: , Parent: golden_egg
New Element created: , Parent: 7db0c9d0-782b-4fe1-817d-1300a6d9c959
Returning row: 42
Returning row-index: 43
Element Type: enter_message, Key: a33197f3-4211-423d-a424-a2e055483a4a, Parent: local_pub_north
Element Type: message, Key: c64a8dc1-c71f-4839-b075-01678c952025, Parent: df249550-5106-4621-bddb-60a766b9a2fb
Element Type: look, Key: df249550-5106-4621-bddb-60a766b9a2fb, Parent: local_pub_north
Element Type: action, Key: 7b2b30ee-6905-4952-a5bf-6c1106f5c437, Parent: 2d82a00e-df5f-4470-a60f-1d8a90cac314
Element Type: input, Key: 2d82a00e-df5f-4470-a60f-1d8a90cac314, Parent: local_pub_north
Element Type: room, Key: local_pub_north, Parent: root
Element Type: enter_message, Key: 76dbd439-80d3-47c7-9250-6e74ff414cc8, Parent: golden_egg
Element Type: look, Key: a4ff4e2f-c43d-41bd-bfcd-74e2ebcfcd20, Parent: golden_egg
Element Type: inspect, Key: 983dfba1-df85-41a2-936c-8eb6ad82ee86, Parent: golden_egg
Element Type: action, Key: 9755f2d6-a5f5-4a0a-aa60-13f0471b5a7d, Parent: 7db0c9d0-782b-4fe1-817d-1300a6d9c959
Element Type: input, Key: 7db0c9d0-782b-4fe1-817d-1300a6d9c959, Parent: golden_egg
Element Type: object, Key: golden_egg, Parent: local_pub_north
New Element created: local_pub, Parent: root
New Element created: , Parent: local_pub
New Element created: , Parent: local_pub
New Element created: , Parent: 4fa7f027-1882-41d5-9a9c-2e75fdba7d95
New Element created: , Parent: 4fa7f027-1882-41d5-9a9c-2e75fdba7d95
Returning row-index: 19
New Element created: , Parent: local_pub
New Element created: , Parent: 1f0fe68c-bd3d-4106-bca5-0d330c1f8803
Returning row: 24
New Element created: , Parent: local_pub
New Element created: , Parent: a4c50fde-4b4b-40d1-ae4b-1a7bbed1a779
Returning row-index: 32
Returning row-index: 33
Element Type: enter_message, Key: 1d23bd46-21bc-452d-ba9f-cf7985e18396, Parent: local_pub
Element Type: message, Key: 14e6793c-e7c0-4fd6-921b-5f312eddfc48, Parent: 4fa7f027-1882-41d5-9a9c-2e75fdba7d95
Element Type: message, Key: 301fe6b7-a1fc-46af-b413-c96e1cb3328e, Parent: 4fa7f027-1882-41d5-9a9c-2e75fdba7d95
Element Type: look, Key: 4fa7f027-1882-41d5-9a9c-2e75fdba7d95, Parent: local_pub
Element Type: action, Key: 9f4f0c5a-bdb3-4987-ba52-9af507f803d6, Parent: 1f0fe68c-bd3d-4106-bca5-0d330c1f8803
Element Type: input, Key: 1f0fe68c-bd3d-4106-bca5-0d330c1f8803, Parent: local_pub
Element Type: move, Key: ebfe1abe-c71c-4323-ac72-f6b45ebe2fcf, Parent: a4c50fde-4b4b-40d1-ae4b-1a7bbed1a779
Element Type: input, Key: a4c50fde-4b4b-40d1-ae4b-1a7bbed1a779, Parent: local_pub
Element Type: room, Key: local_pub, Parent: root
New Element created: dragon, Parent: darkworld
New Element created: dragon_life, Parent: dragon
Returning row-index: 5
Element Type: attribute, Key: dragon_life, Parent: dragon
Element Type: person, Key: dragon, Parent: darkworld
New Element created: game, Parent: root
New Element created: , Parent: game
Returning row-index: 21
Element Type: enter_message, Key: f019cbf6-2e01-43bd-8e33-59f9e51facfe, Parent: game
Element Type: game, Key: game, Parent: root
New Element created: global01, Parent: root
New Element created: , Parent: global01
New Element created: , Parent: adfb9c6d-9dca-46cc-8a97-de80b0a3af46
Returning row: 2
New Element created: , Parent: global01
New Element created: , Parent: e2458a7a-81f7-4667-b775-a837eb736a76
Returning row: 5
New Element created: , Parent: global01
New Element created: , Parent: e5b0e89e-addd-468f-8579-86b70d648f1a
New Element created: , Parent: 81f1f0a4-8c7b-483a-a5ac-ced0e995d64f
Returning row-index: 14
Returning row-index: 15
Returning row-index: 16
Element Type: action, Key: 93385420-6989-40e6-82de-997177e733c0, Parent: adfb9c6d-9dca-46cc-8a97-de80b0a3af46
Element Type: input, Key: adfb9c6d-9dca-46cc-8a97-de80b0a3af46, Parent: global01
Element Type: action, Key: 14d1bdea-a4af-45aa-9d39-63b4b9dc9049, Parent: e2458a7a-81f7-4667-b775-a837eb736a76
Element Type: input, Key: e2458a7a-81f7-4667-b775-a837eb736a76, Parent: global01
Element Type: message, Key: af979f8b-9489-4592-96fb-50684b8b0d1f, Parent: 81f1f0a4-8c7b-483a-a5ac-ced0e995d64f
Element Type: set, Key: 81f1f0a4-8c7b-483a-a5ac-ced0e995d64f, Parent: e5b0e89e-addd-468f-8579-86b70d648f1a
Element Type: input, Key: e5b0e89e-addd-468f-8579-86b70d648f1a, Parent: global01
Element Type: global, Key: global01, Parent: root
New Element created: player, Parent: local_pub
New Element created: player_life, Parent: player
Returning row: 1
New Element created: player_strength, Parent: player
Returning row: 2
New Element created: player_intelligence, Parent: player
Returning row: 3
New Element created: player_cunning, Parent: player
Returning row: 4
New Element created: player_gold, Parent: player
Returning row: 5
New Element created: player_armed, Parent: player
Returning row: 6
New Element created: longsword_01, Parent: player
New Element created: , Parent: longsword_01
Returning row: 9
Returning row-index: 10
Element Type: attribute, Key: player_life, Parent: player
Element Type: attribute, Key: player_strength, Parent: player
Element Type: attribute, Key: player_intelligence, Parent: player
Element Type: attribute, Key: player_cunning, Parent: player
Element Type: attribute, Key: player_gold, Parent: player
Element Type: attribute, Key: player_armed, Parent: player
Element Type: attribute, Key: 3b4e0c2b-4d1d-4ca6-97f5-0ab1bde75140, Parent: longsword_01
Element Type: weapon, Key: longsword_01, Parent: player
Element Type: player, Key: player, Parent: local_pub
