New Element created: local_pub_north, Parent: root
New Element created: , Parent: local_pub_north
New Element created: , Parent: local_pub_north
New Element created: , Parent: bc889ead-6682-4f9a-9fcc-081700f5065e
Returning row-index: 12
New Element created: , Parent: local_pub_north
New Element created: , Parent: ee3b15ae-9bee-40e2-b1d1-ec2bac89f31b
Returning row: 16
Returning row-index: 17
Element Type: enter_message, Key: c2037fa9-2853-4977-bf2a-6303f1b16a18, Parent: local_pub_north
Element Type: message, Key: 2a0cc110-5ed4-4047-b5c4-cdb2369637cf, Parent: bc889ead-6682-4f9a-9fcc-081700f5065e
Element Type: look, Key: bc889ead-6682-4f9a-9fcc-081700f5065e, Parent: local_pub_north
Element Type: action, Key: eeb52fab-ea19-41ee-84e2-c47923c6fc25, Parent: ee3b15ae-9bee-40e2-b1d1-ec2bac89f31b
Element Type: input, Key: ee3b15ae-9bee-40e2-b1d1-ec2bac89f31b, Parent: local_pub_north
Element Type: room, Key: local_pub_north, Parent: root
New Element created: local_pub, Parent: root
New Element created: , Parent: local_pub
New Element created: , Parent: local_pub
New Element created: , Parent: 748fd157-c0cb-4a40-9cf5-480b1a8e54a9
New Element created: , Parent: 748fd157-c0cb-4a40-9cf5-480b1a8e54a9
Returning row-index: 19
New Element created: , Parent: local_pub
New Element created: , Parent: 67cd8fa4-53d9-4c0a-ac64-fbf6dab5733f
Returning row: 24
New Element created: , Parent: local_pub
New Element created: , Parent: b3702c70-9964-4065-85b1-27d53f82efed
Returning row-index: 32
Returning row-index: 33
Element Type: enter_message, Key: ead1c0ca-f188-4b53-8d4b-bf0b07bff3ec, Parent: local_pub
Element Type: message, Key: 70568141-a54c-4f5b-ac29-f39ed865dab3, Parent: 748fd157-c0cb-4a40-9cf5-480b1a8e54a9
Element Type: message, Key: 7625be39-dc7e-4765-8b93-bdb798807417, Parent: 748fd157-c0cb-4a40-9cf5-480b1a8e54a9
Element Type: look, Key: 748fd157-c0cb-4a40-9cf5-480b1a8e54a9, Parent: local_pub
Element Type: action, Key: 3698034c-74be-4d74-961f-926b71781ea0, Parent: 67cd8fa4-53d9-4c0a-ac64-fbf6dab5733f
Element Type: input, Key: 67cd8fa4-53d9-4c0a-ac64-fbf6dab5733f, Parent: local_pub
Element Type: move, Key: 15fda532-18f4-4ddc-a603-3061fbd2e25b, Parent: b3702c70-9964-4065-85b1-27d53f82efed
Element Type: input, Key: b3702c70-9964-4065-85b1-27d53f82efed, Parent: local_pub
Element Type: room, Key: local_pub, Parent: root
New Element created: dragon, Parent: darkworld
New Element created: dragon_life, Parent: dragon
Returning row-index: 5
Element Type: attribute, Key: dragon_life, Parent: dragon
Element Type: person, Key: dragon, Parent: darkworld
New Element created: game, Parent: root
New Element created: , Parent: game
Returning row-index: 21
Element Type: enter_message, Key: 65d13cba-c175-48ce-b3e2-658b9426dbe5, Parent: game
Element Type: game, Key: game, Parent: root
New Element created: global, Parent: root
New Element created: , Parent: global
New Element created: , Parent: 638f2564-1d93-48a2-85dc-0e43e6e5b737
Returning row: 2
New Element created: , Parent: global
New Element created: , Parent: c23055dc-6f47-4e6e-8632-b4e72e13879f
Returning row: 5
New Element created: , Parent: global
New Element created: , Parent: 3b881511-067e-4fdf-92cc-5f0c1d7cef1f
New Element created: , Parent: 28fb2f1a-55f1-48f8-beaa-89571c8f7361
Returning row-index: 14
Returning row-index: 15
Returning row-index: 16
Element Type: action, Key: c4678210-6711-4421-b6bf-5b5940ef44f2, Parent: 638f2564-1d93-48a2-85dc-0e43e6e5b737
Element Type: input, Key: 638f2564-1d93-48a2-85dc-0e43e6e5b737, Parent: global
Element Type: action, Key: 7ddf01a3-3c70-46fd-bc6d-b38e0283e38b, Parent: c23055dc-6f47-4e6e-8632-b4e72e13879f
Element Type: input, Key: c23055dc-6f47-4e6e-8632-b4e72e13879f, Parent: global
Element Type: message, Key: 2ac51e34-7696-4127-8a0e-dd6554781095, Parent: 28fb2f1a-55f1-48f8-beaa-89571c8f7361
Element Type: set, Key: 28fb2f1a-55f1-48f8-beaa-89571c8f7361, Parent: 3b881511-067e-4fdf-92cc-5f0c1d7cef1f
Element Type: input, Key: 3b881511-067e-4fdf-92cc-5f0c1d7cef1f, Parent: global
Element Type: global, Key: global, Parent: root
New Element created: player, Parent: local_pub
New Element created: player_life, Parent: player
Returning row: 1
New Element created: player_strength, Parent: player
Returning row: 2
New Element created: player_intelligence, Parent: player
Returning row: 3
New Element created: player_cunning, Parent: player
Returning row: 4
New Element created: player_armed, Parent: player
Returning row: 5
New Element created: longsword_01, Parent: player
New Element created: , Parent: longsword_01
Returning row: 8
Returning row-index: 9
Element Type: attribute, Key: player_life, Parent: player
Element Type: attribute, Key: player_strength, Parent: player
Element Type: attribute, Key: player_intelligence, Parent: player
Element Type: attribute, Key: player_cunning, Parent: player
Element Type: attribute, Key: player_armed, Parent: player
Element Type: attribute, Key: 64be7618-6008-4fd9-acbe-3e4a06f4568e, Parent: longsword_01
Element Type: weapon, Key: longsword_01, Parent: player
Element Type: player, Key: player, Parent: local_pub
