New Element created: local_pub_north, Parent: root
New Element created: , Parent: local_pub_north
New Element created: , Parent: local_pub_north
New Element created: , Parent: 1b6d5953-d8db-410a-96c8-ba292d0496f1
Returning row-index: 12
New Element created: , Parent: local_pub_north
New Element created: , Parent: 76a8a08f-5b36-4c9e-a2d5-06a40672f890
Returning row: 16
Returning row-index: 17
New Element created: golden_egg, Parent: local_pub_north
New Element created: , Parent: golden_egg
New Element created: , Parent: golden_egg
New Element created: , Parent: golden_egg
New Element created: , Parent: golden_egg
New Element created: , Parent: 5a415acd-b382-470b-a882-db88fb8ee474
Returning row: 42
New Element created: , Parent: golden_egg
New Element created: , Parent: 618de2a7-fcfd-4348-8af9-787373530718
Returning row-index: 50
Returning row-index: 51
Element Type: enter_message, Key: c5b9c01d-b2b2-4d41-98ab-cba562ae999d, Parent: local_pub_north
Element Type: message, Key: b49eb6a1-96b7-4d84-bb66-0692067227d7, Parent: 1b6d5953-d8db-410a-96c8-ba292d0496f1
Element Type: look, Key: 1b6d5953-d8db-410a-96c8-ba292d0496f1, Parent: local_pub_north
Element Type: action, Key: 8874a7a1-4ab6-480e-a751-3af252f9211a, Parent: 76a8a08f-5b36-4c9e-a2d5-06a40672f890
Element Type: input, Key: 76a8a08f-5b36-4c9e-a2d5-06a40672f890, Parent: local_pub_north
Element Type: room, Key: local_pub_north, Parent: root
Element Type: enter_message, Key: d18bfb5a-323c-4a49-b701-7a272071528e, Parent: golden_egg
Element Type: look, Key: 22cb9a01-3dc9-422e-98e6-b361610832c2, Parent: golden_egg
Element Type: inspect, Key: 88cad6ea-77df-4618-8b84-347a9ac5cdab, Parent: golden_egg
Element Type: action, Key: 001d7afa-c4df-4969-aceb-6038b292f6cd, Parent: 5a415acd-b382-470b-a882-db88fb8ee474
Element Type: input, Key: 5a415acd-b382-470b-a882-db88fb8ee474, Parent: golden_egg
Element Type: move, Key: c8781915-b09f-49c7-a209-05252d9609dc, Parent: 618de2a7-fcfd-4348-8af9-787373530718
Element Type: input, Key: 618de2a7-fcfd-4348-8af9-787373530718, Parent: golden_egg
Element Type: object, Key: golden_egg, Parent: local_pub_north
New Element created: local_pub, Parent: root
New Element created: , Parent: local_pub
New Element created: , Parent: local_pub
New Element created: , Parent: 2df85ca2-df4c-4786-a13f-33e5f7fd19e4
New Element created: , Parent: 2df85ca2-df4c-4786-a13f-33e5f7fd19e4
Returning row-index: 19
New Element created: , Parent: local_pub
New Element created: , Parent: bdaef9dc-d4a5-4414-a688-c50ac14f7214
Returning row: 24
New Element created: , Parent: local_pub
New Element created: , Parent: e6d868c6-5769-4dd4-b625-3e2dad6e8d85
Returning row-index: 32
Returning row-index: 33
Element Type: enter_message, Key: 9cc70a66-1f32-42be-ab82-01192ab3e4c1, Parent: local_pub
Element Type: message, Key: e81ddb04-1dcf-413b-b6a3-9527a2cc08ff, Parent: 2df85ca2-df4c-4786-a13f-33e5f7fd19e4
Element Type: message, Key: 19546a3a-8842-40b5-8f40-7e0b323079d2, Parent: 2df85ca2-df4c-4786-a13f-33e5f7fd19e4
Element Type: look, Key: 2df85ca2-df4c-4786-a13f-33e5f7fd19e4, Parent: local_pub
Element Type: action, Key: dbc4e35f-afec-4267-85e2-df9224c8b14e, Parent: bdaef9dc-d4a5-4414-a688-c50ac14f7214
Element Type: input, Key: bdaef9dc-d4a5-4414-a688-c50ac14f7214, Parent: local_pub
Element Type: move, Key: 8a41bbb1-cfd8-4800-a06b-01ab14c075c2, Parent: e6d868c6-5769-4dd4-b625-3e2dad6e8d85
Element Type: input, Key: e6d868c6-5769-4dd4-b625-3e2dad6e8d85, Parent: local_pub
Element Type: room, Key: local_pub, Parent: root
New Element created: dragon, Parent: darkworld
New Element created: dragon_life, Parent: dragon
Returning row-index: 5
Element Type: attribute, Key: dragon_life, Parent: dragon
Element Type: person, Key: dragon, Parent: darkworld
New Element created: game, Parent: root
New Element created: , Parent: game
Returning row-index: 21
Element Type: enter_message, Key: c488ffb3-7fd5-4140-b463-cab8f8f844f3, Parent: game
Element Type: game, Key: game, Parent: root
New Element created: global01, Parent: root
New Element created: , Parent: global01
New Element created: , Parent: 536bae99-e432-4a73-a6c9-d08e54c035f4
Returning row: 2
New Element created: , Parent: global01
New Element created: , Parent: f593966f-c59e-4d80-a639-47da6508bf80
Returning row: 5
New Element created: , Parent: global01
New Element created: , Parent: 33dd33a8-c5e2-4042-ac8a-5fe2fcd12dcb
New Element created: , Parent: cf43ccf4-b804-4c99-b379-702bb0a196fa
Returning row-index: 14
Returning row-index: 15
Returning row-index: 16
Element Type: action, Key: 51abbcce-e11e-4bca-b922-c041726faf99, Parent: 536bae99-e432-4a73-a6c9-d08e54c035f4
Element Type: input, Key: 536bae99-e432-4a73-a6c9-d08e54c035f4, Parent: global01
Element Type: action, Key: c7a017e3-47f6-40b5-ac3f-5dd279d5e61f, Parent: f593966f-c59e-4d80-a639-47da6508bf80
Element Type: input, Key: f593966f-c59e-4d80-a639-47da6508bf80, Parent: global01
Element Type: message, Key: 7c279383-eecd-4e4e-876b-633f4d3c1222, Parent: cf43ccf4-b804-4c99-b379-702bb0a196fa
Element Type: set, Key: cf43ccf4-b804-4c99-b379-702bb0a196fa, Parent: 33dd33a8-c5e2-4042-ac8a-5fe2fcd12dcb
Element Type: input, Key: 33dd33a8-c5e2-4042-ac8a-5fe2fcd12dcb, Parent: global01
Element Type: global, Key: global01, Parent: root
New Element created: player, Parent: local_pub
New Element created: player_life, Parent: player
Returning row: 1
New Element created: player_strength, Parent: player
Returning row: 2
New Element created: player_intelligence, Parent: player
Returning row: 3
New Element created: player_cunning, Parent: player
Returning row: 4
New Element created: player_gold, Parent: player
Returning row: 5
New Element created: player_armed, Parent: player
Returning row: 6
New Element created: longsword_01, Parent: player
New Element created: , Parent: longsword_01
Returning row: 9
Returning row-index: 10
Element Type: attribute, Key: player_life, Parent: player
Element Type: attribute, Key: player_strength, Parent: player
Element Type: attribute, Key: player_intelligence, Parent: player
Element Type: attribute, Key: player_cunning, Parent: player
Element Type: attribute, Key: player_gold, Parent: player
Element Type: attribute, Key: player_armed, Parent: player
Element Type: attribute, Key: d0eacd54-02f1-41d6-9289-00437a3ab256, Parent: longsword_01
Element Type: weapon, Key: longsword_01, Parent: player
Element Type: player, Key: player, Parent: local_pub
