New Element created: local_pub_north, Parent: root
New Element created: , Parent: local_pub_north
New Element created: , Parent: local_pub_north
New Element created: , Parent: 592e3a87-31d3-486b-ad3d-775e87e4c965
Returning row-index: 12
New Element created: , Parent: local_pub_north
New Element created: , Parent: 77c9d141-fff4-4662-972b-eb62e3390548
Returning row: 16
Returning row-index: 17
New Element created: golden_egg, Parent: local_pub_north
New Element created: , Parent: golden_egg
New Element created: , Parent: golden_egg
New Element created: , Parent: cdf583b7-cffd-42bb-9301-a4fd4e4cec84
Returning row-index: 33
New Element created: , Parent: golden_egg
New Element created: , Parent: golden_egg
New Element created: , Parent: 7a79d639-fca8-410a-ad8a-170ae4930849
Returning row: 44
New Element created: , Parent: golden_egg
New Element created: , Parent: b76be434-30a2-4d1f-bf13-74d1da61d460
Returning row-index: 52
Returning row-index: 53
Element Type: enter_message, Key: 5fb979a4-fe2a-4cab-b354-18d5d420c08c, Parent: local_pub_north
Element Type: message, Key: a6030637-8280-414e-b097-1c975229eb26, Parent: 592e3a87-31d3-486b-ad3d-775e87e4c965
Element Type: look, Key: 592e3a87-31d3-486b-ad3d-775e87e4c965, Parent: local_pub_north
Element Type: action, Key: fae5ad8e-6cb7-4494-981d-15381dc92be9, Parent: 77c9d141-fff4-4662-972b-eb62e3390548
Element Type: input, Key: 77c9d141-fff4-4662-972b-eb62e3390548, Parent: local_pub_north
Element Type: room, Key: local_pub_north, Parent: root
Element Type: enter_message, Key: c1902022-c324-4cbc-b6a7-4bdec3d83e15, Parent: golden_egg
Element Type: message, Key: caa83eff-ca74-4674-b534-2124ddeffe86, Parent: cdf583b7-cffd-42bb-9301-a4fd4e4cec84
Element Type: look, Key: cdf583b7-cffd-42bb-9301-a4fd4e4cec84, Parent: golden_egg
Element Type: inspect, Key: a283121c-9890-49c2-8fb3-b65db4a92e3b, Parent: golden_egg
Element Type: action, Key: 4a0d32b7-5d67-4446-b804-ccfe4123d5b0, Parent: 7a79d639-fca8-410a-ad8a-170ae4930849
Element Type: input, Key: 7a79d639-fca8-410a-ad8a-170ae4930849, Parent: golden_egg
Element Type: move, Key: 9a3986cc-e9d9-4018-9db1-1bb34929472e, Parent: b76be434-30a2-4d1f-bf13-74d1da61d460
Element Type: input, Key: b76be434-30a2-4d1f-bf13-74d1da61d460, Parent: golden_egg
Element Type: object, Key: golden_egg, Parent: local_pub_north
New Element created: local_pub, Parent: root
New Element created: , Parent: local_pub
New Element created: , Parent: local_pub
New Element created: , Parent: 973728d2-53b9-4058-9671-ba78c5481dba
New Element created: , Parent: 973728d2-53b9-4058-9671-ba78c5481dba
Returning row-index: 19
New Element created: , Parent: local_pub
New Element created: , Parent: 13432b12-0abe-4eae-8875-5dc3adee5e10
Returning row: 24
New Element created: , Parent: local_pub
New Element created: , Parent: 30fcec6b-71d0-483c-864a-85b5a7a19aa1
Returning row-index: 32
Returning row-index: 33
Element Type: enter_message, Key: ac36207f-16c8-4d20-bb9c-edc22e9933bd, Parent: local_pub
Element Type: message, Key: 1cc08c1d-a24d-4538-b5aa-76364a2ed419, Parent: 973728d2-53b9-4058-9671-ba78c5481dba
Element Type: message, Key: a692fe95-1167-44b7-bf90-f01933e194e6, Parent: 973728d2-53b9-4058-9671-ba78c5481dba
Element Type: look, Key: 973728d2-53b9-4058-9671-ba78c5481dba, Parent: local_pub
Element Type: action, Key: 581696bd-d343-4f45-b931-3c0aab7f23c7, Parent: 13432b12-0abe-4eae-8875-5dc3adee5e10
Element Type: input, Key: 13432b12-0abe-4eae-8875-5dc3adee5e10, Parent: local_pub
Element Type: move, Key: 7e10f1b0-1384-4f70-9608-03ade614f1c9, Parent: 30fcec6b-71d0-483c-864a-85b5a7a19aa1
Element Type: input, Key: 30fcec6b-71d0-483c-864a-85b5a7a19aa1, Parent: local_pub
Element Type: room, Key: local_pub, Parent: root
New Element created: dragon, Parent: darkworld
New Element created: dragon_life, Parent: dragon
Returning row-index: 5
Element Type: attribute, Key: dragon_life, Parent: dragon
Element Type: person, Key: dragon, Parent: darkworld
New Element created: game, Parent: root
New Element created: , Parent: game
Returning row-index: 21
Element Type: enter_message, Key: d2a21f33-8a72-4d91-b01b-7dca8e5b0d49, Parent: game
Element Type: game, Key: game, Parent: root
New Element created: global01, Parent: root
New Element created: , Parent: global01
New Element created: , Parent: ae4e7b8d-8661-41c3-983e-f34fb19991a8
Returning row: 2
New Element created: , Parent: global01
New Element created: , Parent: e9f08663-5463-4df0-85e0-0ae9f8d374ce
Returning row: 5
New Element created: , Parent: global01
New Element created: , Parent: 131e26b4-c9ef-4161-801c-f6769a16e16d
New Element created: , Parent: ccb941f2-9e9d-438c-8115-1732c79fbd52
Returning row-index: 14
Returning row-index: 15
Returning row-index: 16
Element Type: action, Key: 796d5ec7-eeb0-4006-806c-db3f4e505099, Parent: ae4e7b8d-8661-41c3-983e-f34fb19991a8
Element Type: input, Key: ae4e7b8d-8661-41c3-983e-f34fb19991a8, Parent: global01
Element Type: action, Key: b471be1f-b92e-4400-b73b-d49a8d14f7cf, Parent: e9f08663-5463-4df0-85e0-0ae9f8d374ce
Element Type: input, Key: e9f08663-5463-4df0-85e0-0ae9f8d374ce, Parent: global01
Element Type: message, Key: df2390e8-cc92-4479-9987-f33f37594803, Parent: ccb941f2-9e9d-438c-8115-1732c79fbd52
Element Type: set, Key: ccb941f2-9e9d-438c-8115-1732c79fbd52, Parent: 131e26b4-c9ef-4161-801c-f6769a16e16d
Element Type: input, Key: 131e26b4-c9ef-4161-801c-f6769a16e16d, Parent: global01
Element Type: global, Key: global01, Parent: root
New Element created: player, Parent: local_pub
New Element created: player_life, Parent: player
Returning row: 1
New Element created: player_strength, Parent: player
Returning row: 2
New Element created: player_intelligence, Parent: player
Returning row: 3
New Element created: player_cunning, Parent: player
Returning row: 4
New Element created: player_gold, Parent: player
Returning row: 5
New Element created: player_armed, Parent: player
Returning row: 6
New Element created: longsword_01, Parent: player
New Element created: , Parent: longsword_01
Returning row: 9
Returning row-index: 10
Element Type: attribute, Key: player_life, Parent: player
Element Type: attribute, Key: player_strength, Parent: player
Element Type: attribute, Key: player_intelligence, Parent: player
Element Type: attribute, Key: player_cunning, Parent: player
Element Type: attribute, Key: player_gold, Parent: player
Element Type: attribute, Key: player_armed, Parent: player
Element Type: attribute, Key: a72b0203-4244-43f0-8b4e-8877a0f1c983, Parent: longsword_01
Element Type: weapon, Key: longsword_01, Parent: player
Element Type: player, Key: player, Parent: local_pub
