New Element created: local_pub_north, Parent: root
New Element created: , Parent: local_pub_north
New Element created: , Parent: local_pub_north
New Element created: , Parent: ba9d8c5c-a1fd-40ac-90c7-b1a6d97273bf
Returning row-index: 14
New Element created: , Parent: local_pub_north
New Element created: , Parent: 0b36519d-d20e-4c38-9d95-ad5e405c0205
Returning row: 18
New Element created: , Parent: local_pub_north
New Element created: , Parent: f1597138-51ed-4bf1-914e-8189dac766ca
Returning row-index: 26
Returning row-index: 27
New Element created: golden_egg, Parent: local_pub_north
New Element created: , Parent: golden_egg
New Element created: , Parent: golden_egg
New Element created: , Parent: f64556e0-d96f-4caf-8d22-5751f20cfc8b
Returning row-index: 43
New Element created: , Parent: golden_egg
New Element created: , Parent: golden_egg
New Element created: , Parent: golden_egg
New Element created: , Parent: d228bfa7-139e-47bc-a7fb-604908e95b2d
Returning row: 60
New Element created: , Parent: golden_egg
New Element created: , Parent: 2b0a3303-d079-4d8b-ab6d-0ba3a7e0bb2f
Returning row-index: 68
New Element created: , Parent: golden_egg
New Element created: , Parent: 818aae77-c7f6-46fe-a5c4-a9a5e1de9378
Returning row-index: 76
New Element created: , Parent: golden_egg
New Element created: , Parent: 0a12b303-79ca-4df2-a500-542bff7a2680
