New Element created: local_pub_north, Parent: root
New Element created: , Parent: local_pub_north
New Element created: , Parent: local_pub_north
New Element created: , Parent: 7e890e47-63c5-41b1-b20f-976d46de7b3d
Returning row-index: 14
New Element created: , Parent: local_pub_north
New Element created: , Parent: b7ffe9d5-e4db-47ee-8a36-7dfb5644e26a
Returning row: 18
New Element created: , Parent: local_pub_north
New Element created: , Parent: 9651bae5-f2b4-4c62-9c3e-fadec57ab008
Returning row-index: 26
Returning row-index: 27
New Element created: golden_egg, Parent: local_pub_north
New Element created: , Parent: golden_egg
New Element created: , Parent: golden_egg
New Element created: , Parent: 1d505d1a-8ff6-46d1-a91b-bbaf48e304d0
Returning row-index: 43
New Element created: , Parent: golden_egg
New Element created: , Parent: golden_egg
New Element created: , Parent: golden_egg
New Element created: , Parent: 8b7b814a-af88-4561-b7b3-07aecdd7f9b8
Returning row: 60
New Element created: , Parent: golden_egg
New Element created: , Parent: 30bcd895-0877-42a0-8f85-bb26dfc9ea75
Returning row-index: 68
New Element created: , Parent: golden_egg
New Element created: , Parent: 6f6ec430-d4f0-445f-95ef-a98cc27eb081
Returning row-index: 76
New Element created: , Parent: golden_egg
New Element created: , Parent: 67571bcb-a905-4f15-9c7b-62817bdd8d78
