New Element created: local_pub_north, Parent: root
New Element created: , Parent: local_pub_north
New Element created: , Parent: local_pub_north
New Element created: , Parent: a1ed73af-c161-4f66-8393-553e860cb0b4
Returning row-index: 14
New Element created: , Parent: local_pub_north
New Element created: , Parent: 27a272c4-abcb-48c0-b17d-52e30d1e055c
Returning row: 18
New Element created: , Parent: local_pub_north
New Element created: , Parent: 885092de-da0e-4fe5-9bb1-8f7946802749
Returning row-index: 26
Returning row-index: 27
New Element created: golden_egg, Parent: local_pub_north
New Element created: , Parent: golden_egg
New Element created: , Parent: golden_egg
New Element created: , Parent: 202061ce-b646-4f20-9ab7-02437e5a25be
Returning row-index: 43
New Element created: , Parent: golden_egg
New Element created: , Parent: golden_egg
New Element created: , Parent: golden_egg
New Element created: , Parent: 416a4ff4-65fe-4438-a656-e1917d2462f5
Returning row: 60
New Element created: , Parent: golden_egg
New Element created: , Parent: 2d426f3e-739c-4973-8e59-e00f15632a45
Returning row-index: 68
New Element created: , Parent: golden_egg
New Element created: , Parent: 84bb99c2-349b-4bb2-868c-0069fc23b737
Returning row-index: 76
New Element created: , Parent: golden_egg
New Element created: , Parent: 8947a732-92f4-4800-9df8-d6a951e3fa74
