New Element created: local_pub_north, Parent: root
New Element created: , Parent: local_pub_north
New Element created: , Parent: local_pub_north
New Element created: , Parent: 826cc79d-7a78-4396-9a67-ec4a49f99328
Returning row-index: 14
New Element created: , Parent: local_pub_north
New Element created: , Parent: 8ce3c5d9-856d-48f6-a7fa-ce38cd59c5b1
Returning row: 18
New Element created: , Parent: local_pub_north
New Element created: , Parent: 9448a95d-7109-430c-8419-000cf85fc252
Returning row-index: 26
Returning row-index: 27
New Element created: golden_egg, Parent: local_pub_north
New Element created: , Parent: golden_egg
New Element created: , Parent: golden_egg
New Element created: , Parent: 5f9bae21-3353-460a-bbd2-7a62a92200ca
Returning row-index: 43
New Element created: , Parent: golden_egg
New Element created: , Parent: golden_egg
New Element created: , Parent: golden_egg
New Element created: , Parent: 365e0f77-b10e-43db-9a26-0a1714243341
Returning row: 60
New Element created: , Parent: golden_egg
New Element created: , Parent: 9a59fe8d-4454-450f-9886-29901599b718
Returning row-index: 68
New Element created: , Parent: golden_egg
New Element created: , Parent: c3b2ded6-f2f3-4fdc-9fb0-f9c926ba7abd
Returning row-index: 76
New Element created: , Parent: golden_egg
New Element created: , Parent: eb98681a-994e-4647-ba0e-5f6d25d33010
