New Element created: local_pub_north, Parent: root
New Element created: , Parent: local_pub_north
New Element created: , Parent: local_pub_north
New Element created: , Parent: bec31c13-c654-4f14-b183-729e5e973583
Returning row-index: 14
New Element created: , Parent: local_pub_north
New Element created: , Parent: 959a602a-8bbb-448c-a09a-9c581ce39c43
Returning row: 18
New Element created: , Parent: local_pub_north
New Element created: , Parent: b6317a20-a157-46cc-b729-32fec7ba3d2d
Returning row-index: 26
Returning row-index: 27
New Element created: golden_egg, Parent: local_pub_north
New Element created: , Parent: golden_egg
New Element created: , Parent: golden_egg
New Element created: , Parent: e3303a00-5fd9-4bb6-a900-d2e59ec1baf8
Returning row-index: 43
New Element created: , Parent: golden_egg
New Element created: , Parent: golden_egg
New Element created: , Parent: d366a799-5d4e-4aa6-a01b-4dfd24a840e5
Returning row: 54
New Element created: , Parent: golden_egg
New Element created: , Parent: e99d746a-7cbd-4258-bc26-5c6d2a64157d
Returning row-index: 62
New Element created: , Parent: golden_egg
New Element created: , Parent: 06ca9f8f-6f3e-472b-811f-64922c0fc3a2
Returning row-index: 70
Returning row-index: 71
Element Type: enter_message, Key: e4669027-38a8-4f12-b0a2-7a087045925f, Parent: local_pub_north
Element Type: message, Key: fa1cee0b-18d4-4b57-a812-9425a4a519a9, Parent: bec31c13-c654-4f14-b183-729e5e973583
Element Type: look, Key: bec31c13-c654-4f14-b183-729e5e973583, Parent: local_pub_north
Element Type: action, Key: 8f05e311-895a-4a2c-af04-a67c11615cde, Parent: 959a602a-8bbb-448c-a09a-9c581ce39c43
Element Type: input, Key: 959a602a-8bbb-448c-a09a-9c581ce39c43, Parent: local_pub_north
Element Type: move, Key: a5a8257c-0804-4af2-9794-28250c24c01c, Parent: b6317a20-a157-46cc-b729-32fec7ba3d2d
Element Type: input, Key: b6317a20-a157-46cc-b729-32fec7ba3d2d, Parent: local_pub_north
Element Type: room, Key: local_pub_north, Parent: root
Element Type: enter_message, Key: 99c4321a-8268-4d5a-927d-30f4d4f21e0f, Parent: golden_egg
Element Type: message, Key: 66ab0e5a-ce88-4510-a839-c49239c14d6b, Parent: e3303a00-5fd9-4bb6-a900-d2e59ec1baf8
Element Type: look, Key: e3303a00-5fd9-4bb6-a900-d2e59ec1baf8, Parent: golden_egg
Element Type: inspect, Key: e50f4a05-b5f4-474c-a3e9-f1654fd6e82f, Parent: golden_egg
Element Type: action, Key: be4b7afe-7613-4c6e-a949-546a2bada23f, Parent: d366a799-5d4e-4aa6-a01b-4dfd24a840e5
Element Type: input, Key: d366a799-5d4e-4aa6-a01b-4dfd24a840e5, Parent: golden_egg
Element Type: move, Key: 505714bb-ad92-43b3-ad62-1bb9a852f9a5, Parent: e99d746a-7cbd-4258-bc26-5c6d2a64157d
Element Type: input, Key: e99d746a-7cbd-4258-bc26-5c6d2a64157d, Parent: golden_egg
Element Type: move, Key: 62f8f0e9-d4fd-45f3-939b-f7a553f264d2, Parent: 06ca9f8f-6f3e-472b-811f-64922c0fc3a2
Element Type: input, Key: 06ca9f8f-6f3e-472b-811f-64922c0fc3a2, Parent: golden_egg
Element Type: object, Key: golden_egg, Parent: local_pub_north
New Element created: local_pub, Parent: root
New Element created: , Parent: local_pub
New Element created: , Parent: local_pub
New Element created: , Parent: 5a7d1d82-257c-4577-a3ad-455c74e43d44
New Element created: , Parent: 5a7d1d82-257c-4577-a3ad-455c74e43d44
Returning row-index: 19
New Element created: , Parent: local_pub
New Element created: , Parent: 628ec070-e83d-4526-9d03-b903b388e855
Returning row: 24
New Element created: , Parent: local_pub
New Element created: , Parent: ae659858-5473-4c69-9e0c-23296642c8c8
Returning row-index: 32
Returning row-index: 33
Element Type: enter_message, Key: d6690689-4eab-46f2-b3cc-f6172d6998b2, Parent: local_pub
Element Type: message, Key: d2ffd64a-b0bc-4b35-b96f-bd71dfd4e4b6, Parent: 5a7d1d82-257c-4577-a3ad-455c74e43d44
Element Type: message, Key: b2467840-aa2e-463c-962b-b626afc0f1ec, Parent: 5a7d1d82-257c-4577-a3ad-455c74e43d44
Element Type: look, Key: 5a7d1d82-257c-4577-a3ad-455c74e43d44, Parent: local_pub
Element Type: action, Key: 9ac908b6-4b23-4b3c-881f-597798c7edaf, Parent: 628ec070-e83d-4526-9d03-b903b388e855
Element Type: input, Key: 628ec070-e83d-4526-9d03-b903b388e855, Parent: local_pub
Element Type: move, Key: 35ceb2d8-2d4f-42d5-a858-e71100fd69c5, Parent: ae659858-5473-4c69-9e0c-23296642c8c8
Element Type: input, Key: ae659858-5473-4c69-9e0c-23296642c8c8, Parent: local_pub
Element Type: room, Key: local_pub, Parent: root
New Element created: dragon, Parent: darkworld
New Element created: dragon_life, Parent: dragon
Returning row-index: 5
Element Type: attribute, Key: dragon_life, Parent: dragon
Element Type: person, Key: dragon, Parent: darkworld
New Element created: game, Parent: root
New Element created: , Parent: game
Returning row-index: 21
Element Type: enter_message, Key: 3b5a62ef-c170-4cee-907d-3d4f5c895e2d, Parent: game
Element Type: game, Key: game, Parent: root
New Element created: global01, Parent: root
New Element created: , Parent: global01
New Element created: , Parent: f564bc1a-7fea-48a5-b5db-627acb96bc80
Returning row: 2
New Element created: , Parent: global01
New Element created: , Parent: aadc8021-72b9-493b-ab4f-df787160cf37
Returning row: 5
New Element created: , Parent: global01
New Element created: , Parent: 99d7aa46-dca8-41e9-90cd-fb4b63ab7b09
New Element created: , Parent: 5c88f54a-a426-401b-914b-2fb47898a800
Returning row-index: 14
Returning row-index: 15
Returning row-index: 16
Element Type: action, Key: 99f90cec-8de4-4f88-9d2f-26e9f2efea76, Parent: f564bc1a-7fea-48a5-b5db-627acb96bc80
Element Type: input, Key: f564bc1a-7fea-48a5-b5db-627acb96bc80, Parent: global01
Element Type: action, Key: 32a50ec4-32e8-41d5-9ee8-179c75d28a9d, Parent: aadc8021-72b9-493b-ab4f-df787160cf37
Element Type: input, Key: aadc8021-72b9-493b-ab4f-df787160cf37, Parent: global01
Element Type: message, Key: 46920896-c50e-40d6-b75a-61655aaa6c95, Parent: 5c88f54a-a426-401b-914b-2fb47898a800
Element Type: set, Key: 5c88f54a-a426-401b-914b-2fb47898a800, Parent: 99d7aa46-dca8-41e9-90cd-fb4b63ab7b09
Element Type: input, Key: 99d7aa46-dca8-41e9-90cd-fb4b63ab7b09, Parent: global01
Element Type: global, Key: global01, Parent: root
New Element created: player, Parent: local_pub
New Element created: player_life, Parent: player
Returning row: 1
New Element created: player_strength, Parent: player
Returning row: 2
New Element created: player_intelligence, Parent: player
Returning row: 3
New Element created: player_cunning, Parent: player
Returning row: 4
New Element created: player_gold, Parent: player
Returning row: 5
New Element created: player_armed, Parent: player
Returning row: 6
New Element created: longsword_01, Parent: player
New Element created: , Parent: longsword_01
Returning row: 9
Returning row-index: 10
Element Type: attribute, Key: player_life, Parent: player
Element Type: attribute, Key: player_strength, Parent: player
Element Type: attribute, Key: player_intelligence, Parent: player
Element Type: attribute, Key: player_cunning, Parent: player
Element Type: attribute, Key: player_gold, Parent: player
Element Type: attribute, Key: player_armed, Parent: player
Element Type: attribute, Key: e3c9bee8-293a-4364-908b-ed48945beaf9, Parent: longsword_01
Element Type: weapon, Key: longsword_01, Parent: player
Element Type: player, Key: player, Parent: local_pub
