New Element created: local_pub_north, Parent: root
New Element created: , Parent: local_pub_north
New Element created: , Parent: local_pub_north
New Element created: , Parent: bc398cd4-a979-43da-abfe-2825d8c8d64a
Returning row-index: 14
New Element created: , Parent: local_pub_north
New Element created: , Parent: ecb0ae20-3b14-403b-b7a0-6c0c05091fbc
Returning row: 18
New Element created: , Parent: local_pub_north
New Element created: , Parent: b3f7399c-fe3e-4a0c-bcda-4bb730bbf788
Returning row-index: 26
Returning row-index: 27
New Element created: golden_egg, Parent: local_pub_north
New Element created: , Parent: golden_egg
New Element created: , Parent: golden_egg
New Element created: , Parent: 04032b1d-07aa-4d9e-983d-9297b2004b3c
Returning row-index: 43
New Element created: , Parent: golden_egg
New Element created: , Parent: golden_egg
New Element created: , Parent: a74e34b7-88f2-491b-8dde-74fc18cb2328
Returning row: 54
New Element created: , Parent: golden_egg
New Element created: , Parent: bfbe1e27-2196-49ba-b0d1-39ed74840641
Returning row-index: 62
New Element created: , Parent: golden_egg
New Element created: , Parent: 02223e9a-5729-46b9-a129-2f2d7830624a
Returning row-index: 70
Returning row-index: 71
Element Type: enter_message, Key: 4ab0e276-2a03-4569-aca8-9b6ab714505b, Parent: local_pub_north
Element Type: message, Key: a8b69ecc-2211-4bb3-a60a-ee3fad581b09, Parent: bc398cd4-a979-43da-abfe-2825d8c8d64a
Element Type: look, Key: bc398cd4-a979-43da-abfe-2825d8c8d64a, Parent: local_pub_north
Element Type: action, Key: 338739c9-82d8-4ea8-ab5f-3f5df9731b79, Parent: ecb0ae20-3b14-403b-b7a0-6c0c05091fbc
Element Type: input, Key: ecb0ae20-3b14-403b-b7a0-6c0c05091fbc, Parent: local_pub_north
Element Type: move, Key: 32b637e2-e909-4ed8-b36b-e9c553e8dbb6, Parent: b3f7399c-fe3e-4a0c-bcda-4bb730bbf788
Element Type: input, Key: b3f7399c-fe3e-4a0c-bcda-4bb730bbf788, Parent: local_pub_north
Element Type: room, Key: local_pub_north, Parent: root
Element Type: enter_message, Key: 99174a65-1559-4112-b1c8-a61e7ffacf93, Parent: golden_egg
Element Type: message, Key: 9715403b-7bfb-4479-840d-b30acfaac616, Parent: 04032b1d-07aa-4d9e-983d-9297b2004b3c
Element Type: look, Key: 04032b1d-07aa-4d9e-983d-9297b2004b3c, Parent: golden_egg
Element Type: inspect, Key: c6aa8092-7ec7-4061-bc63-de7bdc49f74d, Parent: golden_egg
Element Type: action, Key: afb8dfbd-5cb7-4747-aa9c-8763774d20f3, Parent: a74e34b7-88f2-491b-8dde-74fc18cb2328
Element Type: input, Key: a74e34b7-88f2-491b-8dde-74fc18cb2328, Parent: golden_egg
Element Type: move, Key: 4b850d23-8edc-4c91-8e25-66d7d8ed3e08, Parent: bfbe1e27-2196-49ba-b0d1-39ed74840641
Element Type: input, Key: bfbe1e27-2196-49ba-b0d1-39ed74840641, Parent: golden_egg
Element Type: move, Key: 8ae92897-63ea-46cd-aaa6-de326b149707, Parent: 02223e9a-5729-46b9-a129-2f2d7830624a
Element Type: input, Key: 02223e9a-5729-46b9-a129-2f2d7830624a, Parent: golden_egg
Element Type: object, Key: golden_egg, Parent: local_pub_north
New Element created: local_pub, Parent: root
New Element created: , Parent: local_pub
New Element created: , Parent: local_pub
New Element created: , Parent: d2f2e5a6-7f68-4852-abfa-acc9fe8dda5a
New Element created: , Parent: d2f2e5a6-7f68-4852-abfa-acc9fe8dda5a
Returning row-index: 19
New Element created: , Parent: local_pub
New Element created: , Parent: 0a7f604f-3f9b-42f1-87b5-9dd6079b16cc
Returning row: 24
New Element created: , Parent: local_pub
New Element created: , Parent: 1c4f5a4e-9fd2-4e79-9fad-e7ef194660b1
Returning row-index: 32
Returning row-index: 33
Element Type: enter_message, Key: 06a83cb6-1326-4cc1-be57-50de5973d8e5, Parent: local_pub
Element Type: message, Key: 13ccaacb-ab1b-4994-9743-27acd35fe8ea, Parent: d2f2e5a6-7f68-4852-abfa-acc9fe8dda5a
Element Type: message, Key: 58c9d5d1-fa31-4e71-b437-376fbe3f3cdf, Parent: d2f2e5a6-7f68-4852-abfa-acc9fe8dda5a
Element Type: look, Key: d2f2e5a6-7f68-4852-abfa-acc9fe8dda5a, Parent: local_pub
Element Type: action, Key: b5b1f94c-7b0f-4282-a6ac-f7377f90df8d, Parent: 0a7f604f-3f9b-42f1-87b5-9dd6079b16cc
Element Type: input, Key: 0a7f604f-3f9b-42f1-87b5-9dd6079b16cc, Parent: local_pub
Element Type: move, Key: c28d2085-3922-4d11-ad08-832bdb64b43c, Parent: 1c4f5a4e-9fd2-4e79-9fad-e7ef194660b1
Element Type: input, Key: 1c4f5a4e-9fd2-4e79-9fad-e7ef194660b1, Parent: local_pub
Element Type: room, Key: local_pub, Parent: root
New Element created: dragon, Parent: darkworld
New Element created: dragon_life, Parent: dragon
Returning row-index: 5
Element Type: attribute, Key: dragon_life, Parent: dragon
Element Type: person, Key: dragon, Parent: darkworld
New Element created: game, Parent: root
New Element created: , Parent: game
Returning row-index: 21
Element Type: enter_message, Key: d5de242e-5c8b-4efe-aa80-5b0f6d26cb43, Parent: game
Element Type: game, Key: game, Parent: root
New Element created: global01, Parent: root
New Element created: , Parent: global01
New Element created: , Parent: 82cc3f4e-806c-4d03-85f8-9a20915b28c5
Returning row: 2
New Element created: , Parent: global01
New Element created: , Parent: c2b150e3-9c98-4187-8d3d-81f4dae52871
Returning row: 5
New Element created: , Parent: global01
New Element created: , Parent: a9dd230e-e4e4-4e96-b6cc-6c0a0cf59023
New Element created: , Parent: be515624-c95e-4eca-b0f4-b64b70cabb30
Returning row-index: 14
Returning row-index: 15
Returning row-index: 16
Element Type: action, Key: 1db445f4-206b-4e98-b468-b43ffc952846, Parent: 82cc3f4e-806c-4d03-85f8-9a20915b28c5
Element Type: input, Key: 82cc3f4e-806c-4d03-85f8-9a20915b28c5, Parent: global01
Element Type: action, Key: fd8a0778-b54a-48a8-a870-ea4147584836, Parent: c2b150e3-9c98-4187-8d3d-81f4dae52871
Element Type: input, Key: c2b150e3-9c98-4187-8d3d-81f4dae52871, Parent: global01
Element Type: message, Key: 165150a3-d5f9-4e4f-81cf-9a70e127ad61, Parent: be515624-c95e-4eca-b0f4-b64b70cabb30
Element Type: set, Key: be515624-c95e-4eca-b0f4-b64b70cabb30, Parent: a9dd230e-e4e4-4e96-b6cc-6c0a0cf59023
Element Type: input, Key: a9dd230e-e4e4-4e96-b6cc-6c0a0cf59023, Parent: global01
Element Type: global, Key: global01, Parent: root
New Element created: player, Parent: local_pub
New Element created: player_life, Parent: player
Returning row: 1
New Element created: player_strength, Parent: player
Returning row: 2
New Element created: player_intelligence, Parent: player
Returning row: 3
New Element created: player_cunning, Parent: player
Returning row: 4
New Element created: player_gold, Parent: player
Returning row: 5
New Element created: player_armed, Parent: player
Returning row: 6
New Element created: longsword_01, Parent: player
New Element created: , Parent: longsword_01
Returning row: 9
Returning row-index: 10
Element Type: attribute, Key: player_life, Parent: player
Element Type: attribute, Key: player_strength, Parent: player
Element Type: attribute, Key: player_intelligence, Parent: player
Element Type: attribute, Key: player_cunning, Parent: player
Element Type: attribute, Key: player_gold, Parent: player
Element Type: attribute, Key: player_armed, Parent: player
Element Type: attribute, Key: 21cef591-884b-4419-b5d2-de6f32fcd0b0, Parent: longsword_01
Element Type: weapon, Key: longsword_01, Parent: player
Element Type: player, Key: player, Parent: local_pub
