New Element created: local_pub_north, Parent: root
New Element created: , Parent: local_pub_north
New Element created: , Parent: local_pub_north
New Element created: , Parent: ca1614d6-5c70-4b6b-85f5-0513bf05549b
Returning row-index: 14
New Element created: , Parent: local_pub_north
New Element created: , Parent: 3564996f-358e-4df3-9828-1be4baf94b17
Returning row: 18
New Element created: , Parent: local_pub_north
New Element created: , Parent: f62866e9-ee82-40d6-919d-96defeeb68f9
Returning row-index: 26
Returning row-index: 27
New Element created: golden_egg, Parent: local_pub_north
New Element created: , Parent: golden_egg
New Element created: , Parent: golden_egg
New Element created: , Parent: d160349d-a89d-4e06-bdea-de16e703a6a8
Returning row-index: 43
New Element created: , Parent: golden_egg
New Element created: , Parent: golden_egg
New Element created: , Parent: 55415737-edc9-43b9-930e-e8dbd2a49430
Returning row: 54
New Element created: , Parent: golden_egg
New Element created: , Parent: 709cc52e-e372-4f3e-8210-b1ecac7b5fa9
Returning row-index: 62
New Element created: , Parent: golden_egg
New Element created: , Parent: 4487a173-1bf5-4854-b8ab-c92ead6c687e
Returning row-index: 70
Returning row-index: 71
Element Type: enter_message, Key: de5e993e-6942-48be-9c77-25b8cff03f27, Parent: local_pub_north
Element Type: message, Key: 39cad3b4-4b3b-4ed1-a6df-46248e6e9e19, Parent: ca1614d6-5c70-4b6b-85f5-0513bf05549b
Element Type: look, Key: ca1614d6-5c70-4b6b-85f5-0513bf05549b, Parent: local_pub_north
Element Type: action, Key: 65b3383a-1537-4cb8-ac3c-de9198278a89, Parent: 3564996f-358e-4df3-9828-1be4baf94b17
Element Type: input, Key: 3564996f-358e-4df3-9828-1be4baf94b17, Parent: local_pub_north
Element Type: move, Key: 2c47391c-c6da-4ef9-9e43-fbc9c3d63a68, Parent: f62866e9-ee82-40d6-919d-96defeeb68f9
Element Type: input, Key: f62866e9-ee82-40d6-919d-96defeeb68f9, Parent: local_pub_north
Element Type: room, Key: local_pub_north, Parent: root
Element Type: enter_message, Key: 45d9c5d5-9f72-462d-866f-410eae9a8b8d, Parent: golden_egg
Element Type: message, Key: 3304a53d-fc26-4805-919e-d30432bb7793, Parent: d160349d-a89d-4e06-bdea-de16e703a6a8
Element Type: look, Key: d160349d-a89d-4e06-bdea-de16e703a6a8, Parent: golden_egg
Element Type: inspect, Key: 43136837-425f-480f-8538-2b486ec5e7bb, Parent: golden_egg
Element Type: action, Key: 753c7bdd-931d-4ea4-a5d8-ad0bdb64bbe2, Parent: 55415737-edc9-43b9-930e-e8dbd2a49430
Element Type: input, Key: 55415737-edc9-43b9-930e-e8dbd2a49430, Parent: golden_egg
Element Type: move, Key: 07b4cb94-1c07-443e-a26d-293c78f39510, Parent: 709cc52e-e372-4f3e-8210-b1ecac7b5fa9
Element Type: input, Key: 709cc52e-e372-4f3e-8210-b1ecac7b5fa9, Parent: golden_egg
Element Type: move, Key: 5040072b-d2c1-485f-96f1-05002af89908, Parent: 4487a173-1bf5-4854-b8ab-c92ead6c687e
Element Type: input, Key: 4487a173-1bf5-4854-b8ab-c92ead6c687e, Parent: golden_egg
Element Type: object, Key: golden_egg, Parent: local_pub_north
New Element created: local_pub, Parent: root
New Element created: , Parent: local_pub
New Element created: , Parent: local_pub
New Element created: , Parent: 1e959897-9805-46d3-854f-0e6f336fb6d6
New Element created: , Parent: 1e959897-9805-46d3-854f-0e6f336fb6d6
Returning row-index: 19
New Element created: , Parent: local_pub
New Element created: , Parent: 30dc757a-0db5-4032-9753-ee8e8df88ff7
Returning row: 24
New Element created: , Parent: local_pub
New Element created: , Parent: a3cadf5e-a61c-4663-ab72-7eb43f721bf6
Returning row-index: 32
Returning row-index: 33
Element Type: enter_message, Key: b56446ec-4f78-4ce0-bf40-6ebbad694886, Parent: local_pub
Element Type: message, Key: 3297ac99-00ea-474e-bfaa-ef0c42fad3a9, Parent: 1e959897-9805-46d3-854f-0e6f336fb6d6
Element Type: message, Key: d08a8b5f-fc13-4bd0-81e1-bc4839234756, Parent: 1e959897-9805-46d3-854f-0e6f336fb6d6
Element Type: look, Key: 1e959897-9805-46d3-854f-0e6f336fb6d6, Parent: local_pub
Element Type: action, Key: c74a4ffe-d0f0-4523-9b1a-2e00b27cdfa4, Parent: 30dc757a-0db5-4032-9753-ee8e8df88ff7
Element Type: input, Key: 30dc757a-0db5-4032-9753-ee8e8df88ff7, Parent: local_pub
Element Type: move, Key: 5198db3c-9794-411d-a32a-37c186e94c37, Parent: a3cadf5e-a61c-4663-ab72-7eb43f721bf6
Element Type: input, Key: a3cadf5e-a61c-4663-ab72-7eb43f721bf6, Parent: local_pub
Element Type: room, Key: local_pub, Parent: root
New Element created: dragon, Parent: darkworld
New Element created: dragon_life, Parent: dragon
Returning row-index: 5
Element Type: attribute, Key: dragon_life, Parent: dragon
Element Type: person, Key: dragon, Parent: darkworld
New Element created: game, Parent: root
New Element created: , Parent: game
Returning row-index: 21
Element Type: enter_message, Key: 3e7c9770-b05b-4fc2-bc54-9dd5fa3cc642, Parent: game
Element Type: game, Key: game, Parent: root
New Element created: global01, Parent: root
New Element created: , Parent: global01
New Element created: , Parent: 408e39d7-5c46-41f8-86ac-453e4614208c
Returning row: 2
New Element created: , Parent: global01
New Element created: , Parent: 123817da-2565-4a6c-b1e6-58e512cfff0f
Returning row: 5
New Element created: , Parent: global01
New Element created: , Parent: d04ea21a-e2c4-4223-86f9-1effad628056
New Element created: , Parent: 5c78af34-6ba3-4ac7-857c-52db7750272b
Returning row-index: 14
Returning row-index: 15
Returning row-index: 16
Element Type: action, Key: 4731616a-9906-4714-95ce-a1cf3e6d55c6, Parent: 408e39d7-5c46-41f8-86ac-453e4614208c
Element Type: input, Key: 408e39d7-5c46-41f8-86ac-453e4614208c, Parent: global01
Element Type: action, Key: dcf75402-4f06-453d-a5b0-7d38338a7afd, Parent: 123817da-2565-4a6c-b1e6-58e512cfff0f
Element Type: input, Key: 123817da-2565-4a6c-b1e6-58e512cfff0f, Parent: global01
Element Type: message, Key: 2f2a4e5b-96e5-43e6-89b3-c58f8bb61a7c, Parent: 5c78af34-6ba3-4ac7-857c-52db7750272b
Element Type: set, Key: 5c78af34-6ba3-4ac7-857c-52db7750272b, Parent: d04ea21a-e2c4-4223-86f9-1effad628056
Element Type: input, Key: d04ea21a-e2c4-4223-86f9-1effad628056, Parent: global01
Element Type: global, Key: global01, Parent: root
New Element created: player, Parent: local_pub
New Element created: player_life, Parent: player
Returning row: 1
New Element created: player_strength, Parent: player
Returning row: 2
New Element created: player_intelligence, Parent: player
Returning row: 3
New Element created: player_cunning, Parent: player
Returning row: 4
New Element created: player_gold, Parent: player
Returning row: 5
New Element created: player_armed, Parent: player
Returning row: 6
New Element created: longsword_01, Parent: player
New Element created: , Parent: longsword_01
Returning row: 9
Returning row-index: 10
Element Type: attribute, Key: player_life, Parent: player
Element Type: attribute, Key: player_strength, Parent: player
Element Type: attribute, Key: player_intelligence, Parent: player
Element Type: attribute, Key: player_cunning, Parent: player
Element Type: attribute, Key: player_gold, Parent: player
Element Type: attribute, Key: player_armed, Parent: player
Element Type: attribute, Key: 466d17d4-f2b0-46a2-9ca6-95d71bd8aac6, Parent: longsword_01
Element Type: weapon, Key: longsword_01, Parent: player
Element Type: player, Key: player, Parent: local_pub
