New Element created: local_pub_north, Parent: root
New Element created: , Parent: local_pub_north
New Element created: , Parent: local_pub_north
New Element created: , Parent: fb2a5e93-fbde-419b-bb90-4622f3f4466e
Returning row-index: 14
New Element created: , Parent: local_pub_north
New Element created: , Parent: 9d2fc644-b5c0-458c-b69d-be6eeb8ba3e5
Returning row: 18
New Element created: , Parent: local_pub_north
New Element created: , Parent: 9c0dcd00-6bdc-4642-8b09-0b5ae3a7a175
Returning row-index: 26
Returning row-index: 27
New Element created: golden_egg, Parent: local_pub_north
New Element created: , Parent: golden_egg
New Element created: , Parent: golden_egg
New Element created: , Parent: 2a17291f-19a5-4689-86c6-bd6c2270fb6b
Returning row-index: 43
New Element created: , Parent: golden_egg
New Element created: , Parent: golden_egg
New Element created: , Parent: golden_egg
New Element created: , Parent: edc48278-52ed-47b6-9567-b0622eb3c6c0
Returning row: 60
New Element created: , Parent: golden_egg
New Element created: , Parent: 47a246fc-3c15-43d8-9063-12f62e4be2e1
Returning row-index: 68
New Element created: , Parent: golden_egg
New Element created: , Parent: 6ac74ea7-0f6b-4228-b925-d1e22b6e1f0f
Returning row-index: 76
New Element created: , Parent: golden_egg
New Element created: , Parent: b96b4cae-f33b-4e2f-ae7b-c4ab4eaabd98
