New Element created: local_pub_north, Parent: root
New Element created: , Parent: local_pub_north
New Element created: , Parent: local_pub_north
New Element created: , Parent: f072732d-7443-4185-9b31-eb9058226541
Returning row-index: 14
New Element created: , Parent: local_pub_north
New Element created: , Parent: de6f8104-de18-49df-9568-e569b46da5a6
Returning row: 18
New Element created: , Parent: local_pub_north
New Element created: , Parent: e602150f-0403-4a34-a8f5-19346b797274
Returning row-index: 26
Returning row-index: 27
New Element created: golden_egg, Parent: local_pub_north
New Element created: , Parent: golden_egg
New Element created: , Parent: golden_egg
New Element created: , Parent: 03803f4f-9cab-4841-8091-1c7b686c33ac
Returning row-index: 43
New Element created: , Parent: golden_egg
New Element created: , Parent: golden_egg
New Element created: , Parent: 0380c042-c7d9-4af3-a44e-9ac7459bebd8
Returning row: 54
New Element created: , Parent: golden_egg
New Element created: , Parent: fd8fe25b-9f09-4504-bff0-3e5ed8f6dc1a
Returning row-index: 62
New Element created: , Parent: golden_egg
New Element created: , Parent: af34ca50-3487-425e-aec5-53b2cee833d3
Returning row-index: 70
Returning row-index: 71
Element Type: enter_message, Key: 7362e5d5-2f5b-484c-b44b-00877ee3a321, Parent: local_pub_north
Element Type: message, Key: 64aff55f-f39f-4add-8d29-d55d39ef29bd, Parent: f072732d-7443-4185-9b31-eb9058226541
Element Type: look, Key: f072732d-7443-4185-9b31-eb9058226541, Parent: local_pub_north
Element Type: action, Key: 45e1755f-a57e-4d64-87d7-02f98593b139, Parent: de6f8104-de18-49df-9568-e569b46da5a6
Element Type: input, Key: de6f8104-de18-49df-9568-e569b46da5a6, Parent: local_pub_north
Element Type: move, Key: b543cf18-c819-4af4-8479-fcac3a2d4cd5, Parent: e602150f-0403-4a34-a8f5-19346b797274
Element Type: input, Key: e602150f-0403-4a34-a8f5-19346b797274, Parent: local_pub_north
Element Type: room, Key: local_pub_north, Parent: root
Element Type: enter_message, Key: 54b8ae4e-597d-46b8-9210-3df048126ba9, Parent: golden_egg
Element Type: message, Key: 7b89e7c7-7bf9-4a1a-8198-561883818c38, Parent: 03803f4f-9cab-4841-8091-1c7b686c33ac
Element Type: look, Key: 03803f4f-9cab-4841-8091-1c7b686c33ac, Parent: golden_egg
Element Type: inspect, Key: b543a405-20e5-433c-8b43-e8e66a0e4f86, Parent: golden_egg
Element Type: action, Key: 405947d9-1d15-47e4-9a40-0038a218a679, Parent: 0380c042-c7d9-4af3-a44e-9ac7459bebd8
Element Type: input, Key: 0380c042-c7d9-4af3-a44e-9ac7459bebd8, Parent: golden_egg
Element Type: move, Key: 4925eb3b-8fd2-4de3-a969-6bf5a336e4aa, Parent: fd8fe25b-9f09-4504-bff0-3e5ed8f6dc1a
Element Type: input, Key: fd8fe25b-9f09-4504-bff0-3e5ed8f6dc1a, Parent: golden_egg
Element Type: move, Key: 3e698200-077b-448a-bc87-14366baa5e6b, Parent: af34ca50-3487-425e-aec5-53b2cee833d3
Element Type: input, Key: af34ca50-3487-425e-aec5-53b2cee833d3, Parent: golden_egg
Element Type: object, Key: golden_egg, Parent: local_pub_north
New Element created: local_pub, Parent: root
New Element created: , Parent: local_pub
New Element created: , Parent: local_pub
New Element created: , Parent: a8fb406c-5062-4c89-9aba-f6851c6173ad
New Element created: , Parent: a8fb406c-5062-4c89-9aba-f6851c6173ad
Returning row-index: 19
New Element created: , Parent: local_pub
New Element created: , Parent: e3bf9be4-83cd-456d-9dde-d8b954ec370f
Returning row: 24
New Element created: , Parent: local_pub
New Element created: , Parent: cf106985-183e-4ac4-ac0e-9e495b8e4f4a
Returning row-index: 32
Returning row-index: 33
Element Type: enter_message, Key: 451ab11a-a96d-4179-b35c-8ac044827d60, Parent: local_pub
Element Type: message, Key: 0bfaa6ca-4271-4a44-9ca7-c0ec77f7ccd3, Parent: a8fb406c-5062-4c89-9aba-f6851c6173ad
Element Type: message, Key: 2314761c-5a9f-4332-bfe6-2acf4d41dfe3, Parent: a8fb406c-5062-4c89-9aba-f6851c6173ad
Element Type: look, Key: a8fb406c-5062-4c89-9aba-f6851c6173ad, Parent: local_pub
Element Type: action, Key: 98919618-1a1d-4444-bc95-083bf1a5817d, Parent: e3bf9be4-83cd-456d-9dde-d8b954ec370f
Element Type: input, Key: e3bf9be4-83cd-456d-9dde-d8b954ec370f, Parent: local_pub
Element Type: move, Key: 6893ea2e-1686-4d7e-a7d0-b324daa23347, Parent: cf106985-183e-4ac4-ac0e-9e495b8e4f4a
Element Type: input, Key: cf106985-183e-4ac4-ac0e-9e495b8e4f4a, Parent: local_pub
Element Type: room, Key: local_pub, Parent: root
New Element created: dragon, Parent: darkworld
New Element created: dragon_life, Parent: dragon
Returning row-index: 5
Element Type: attribute, Key: dragon_life, Parent: dragon
Element Type: person, Key: dragon, Parent: darkworld
New Element created: game, Parent: root
New Element created: , Parent: game
Returning row-index: 21
Element Type: enter_message, Key: fd56005a-0715-4aff-b53c-434373bba95e, Parent: game
Element Type: game, Key: game, Parent: root
New Element created: global01, Parent: root
New Element created: , Parent: global01
New Element created: , Parent: 59e988be-1af0-486a-8c84-08e8f23aa0b3
Returning row: 2
New Element created: , Parent: global01
New Element created: , Parent: 342d0e59-380c-4ae7-9842-eaca2611480d
Returning row: 5
New Element created: , Parent: global01
New Element created: , Parent: 9808e1a0-dc55-4a9e-bb88-fce475c016a0
New Element created: , Parent: 69a625b2-98a8-464a-98c9-9042bf7c94d2
Returning row-index: 14
Returning row-index: 15
Returning row-index: 16
Element Type: action, Key: e9554440-f2a9-479e-b093-0e9d0c0b510f, Parent: 59e988be-1af0-486a-8c84-08e8f23aa0b3
Element Type: input, Key: 59e988be-1af0-486a-8c84-08e8f23aa0b3, Parent: global01
Element Type: action, Key: d360451a-e192-4e27-ac91-cfbe06b5b922, Parent: 342d0e59-380c-4ae7-9842-eaca2611480d
Element Type: input, Key: 342d0e59-380c-4ae7-9842-eaca2611480d, Parent: global01
Element Type: message, Key: e0acb1b6-a70e-44d5-a85c-2cc315c65bc8, Parent: 69a625b2-98a8-464a-98c9-9042bf7c94d2
Element Type: set, Key: 69a625b2-98a8-464a-98c9-9042bf7c94d2, Parent: 9808e1a0-dc55-4a9e-bb88-fce475c016a0
Element Type: input, Key: 9808e1a0-dc55-4a9e-bb88-fce475c016a0, Parent: global01
Element Type: global, Key: global01, Parent: root
New Element created: player, Parent: local_pub
New Element created: player_life, Parent: player
Returning row: 1
New Element created: player_strength, Parent: player
Returning row: 2
New Element created: player_intelligence, Parent: player
Returning row: 3
New Element created: player_cunning, Parent: player
Returning row: 4
New Element created: player_gold, Parent: player
Returning row: 5
New Element created: player_armed, Parent: player
Returning row: 6
New Element created: longsword_01, Parent: player
New Element created: , Parent: longsword_01
Returning row: 9
Returning row-index: 10
Element Type: attribute, Key: player_life, Parent: player
Element Type: attribute, Key: player_strength, Parent: player
Element Type: attribute, Key: player_intelligence, Parent: player
Element Type: attribute, Key: player_cunning, Parent: player
Element Type: attribute, Key: player_gold, Parent: player
Element Type: attribute, Key: player_armed, Parent: player
Element Type: attribute, Key: a1310404-2cf8-4320-83ec-a059b5679343, Parent: longsword_01
Element Type: weapon, Key: longsword_01, Parent: player
Element Type: player, Key: player, Parent: local_pub
