New Element created: local_pub_north, Parent: root
New Element created: , Parent: local_pub_north
New Element created: , Parent: local_pub_north
New Element created: , Parent: a5da8ebe-a323-4f51-8139-8503b3bd499a
Returning row-index: 14
New Element created: , Parent: local_pub_north
New Element created: , Parent: 44c5898b-8ed8-4f7d-b921-035b1577f64a
Returning row: 18
New Element created: , Parent: local_pub_north
New Element created: , Parent: 32bf44c2-a665-470f-be16-a347c674c6e5
Returning row-index: 26
Returning row-index: 27
New Element created: golden_egg, Parent: local_pub_north
New Element created: , Parent: golden_egg
New Element created: , Parent: golden_egg
New Element created: , Parent: f0ea6c7b-146a-4e82-b3fb-ee6c22534665
Returning row-index: 43
New Element created: , Parent: golden_egg
New Element created: , Parent: golden_egg
New Element created: , Parent: golden_egg
New Element created: , Parent: 057c01f2-39c5-4ce2-8d8d-175166f78d4c
Returning row: 60
New Element created: , Parent: golden_egg
New Element created: , Parent: ac1f50f8-8510-47c7-8143-cf279b33ce67
Returning row-index: 68
New Element created: , Parent: golden_egg
New Element created: , Parent: e9159f98-5b2b-4eda-9993-54398f389ed8
Returning row-index: 76
New Element created: , Parent: golden_egg
New Element created: , Parent: 58082fb1-4afb-430d-a0f5-5278573428b4
