New Element created: local_pub_north, Parent: root
New Element created: , Parent: local_pub_north
New Element created: , Parent: local_pub_north
New Element created: , Parent: 6ed354de-4c75-4a82-8887-69bcb9ee31a0
Returning row-index: 14
New Element created: , Parent: local_pub_north
New Element created: , Parent: db636584-9381-4f4b-a110-116ef9df6e57
Returning row: 18
New Element created: , Parent: local_pub_north
New Element created: , Parent: 95e8c848-7e1d-4194-967b-20055b99447b
Returning row-index: 26
Returning row-index: 27
New Element created: golden_egg, Parent: local_pub_north
New Element created: , Parent: golden_egg
New Element created: , Parent: golden_egg
New Element created: , Parent: 1136c9c0-76d8-47e5-a6cf-495f1b49f89a
Returning row-index: 45
New Element created: , Parent: golden_egg
New Element created: , Parent: golden_egg
New Element created: , Parent: golden_egg
New Element created: , Parent: 3d20530d-94b4-41b2-bb46-1ab3dc9fe597
Returning row: 62
New Element created: , Parent: golden_egg
New Element created: , Parent: f40692a7-f2fc-44ef-9e27-119fd9288b11
Returning row-index: 72
New Element created: , Parent: golden_egg
New Element created: , Parent: 3517d2a1-8988-47a3-8bb7-e2e099a242bf
Returning row-index: 82
New Element created: , Parent: golden_egg
New Element created: , Parent: fb613fb1-a9ea-4e42-a243-4b588e2198b7
New Element created: , Parent: fb613fb1-a9ea-4e42-a243-4b588e2198b7
Returning row: 97
Returning row-index: 98
Element Type: enter_message, Key: 578d236c-27c7-4315-93c7-f9e7d0d5af70, Parent: local_pub_north
Element Type: message, Key: 3c5e13fa-c4f2-46b4-9429-6d0033066fad, Parent: 6ed354de-4c75-4a82-8887-69bcb9ee31a0
Element Type: look, Key: 6ed354de-4c75-4a82-8887-69bcb9ee31a0, Parent: local_pub_north
Element Type: action, Key: 30d2a823-b15c-49f4-bf83-eedd88a47128, Parent: db636584-9381-4f4b-a110-116ef9df6e57
Element Type: input, Key: db636584-9381-4f4b-a110-116ef9df6e57, Parent: local_pub_north
Element Type: move, Key: 4d93285c-df13-4255-b02c-40f76795b6ea, Parent: 95e8c848-7e1d-4194-967b-20055b99447b
Element Type: input, Key: 95e8c848-7e1d-4194-967b-20055b99447b, Parent: local_pub_north
Element Type: room, Key: local_pub_north, Parent: root
Element Type: enter_message, Key: db25b3bd-68b0-4a08-bc70-d0abacee722b, Parent: golden_egg
Element Type: message, Key: 46915562-465d-4a55-a40c-1141bae82a95, Parent: 1136c9c0-76d8-47e5-a6cf-495f1b49f89a
Element Type: look, Key: 1136c9c0-76d8-47e5-a6cf-495f1b49f89a, Parent: golden_egg
Element Type: inspect, Key: 3174e7fc-4290-49c6-9077-2ba1db7d0aca, Parent: golden_egg
Element Type: use_egg, Key: 81e465bf-43df-41fe-a8db-1f7a313cade8, Parent: golden_egg
Element Type: action, Key: 3e34af75-14e2-4e32-91ae-fc964ef6030f, Parent: 3d20530d-94b4-41b2-bb46-1ab3dc9fe597
Element Type: input, Key: 3d20530d-94b4-41b2-bb46-1ab3dc9fe597, Parent: golden_egg
Element Type: move, Key: 8191fb12-ba21-40bb-8b9a-8d059a8f2dfe, Parent: f40692a7-f2fc-44ef-9e27-119fd9288b11
Element Type: input, Key: f40692a7-f2fc-44ef-9e27-119fd9288b11, Parent: golden_egg
Element Type: move, Key: a551173b-783b-4207-a7ee-2826f8b27266, Parent: 3517d2a1-8988-47a3-8bb7-e2e099a242bf
Element Type: input, Key: 3517d2a1-8988-47a3-8bb7-e2e099a242bf, Parent: golden_egg
Element Type: logic, Key: 347d4030-8a08-4f46-9fed-0f8ff59825b1, Parent: fb613fb1-a9ea-4e42-a243-4b588e2198b7
Element Type: action, Key: 024ffed8-fc96-491a-a4df-8311c72d0228, Parent: fb613fb1-a9ea-4e42-a243-4b588e2198b7
Element Type: input, Key: fb613fb1-a9ea-4e42-a243-4b588e2198b7, Parent: golden_egg
Element Type: object, Key: golden_egg, Parent: local_pub_north
New Element created: local_pub, Parent: root
New Element created: , Parent: local_pub
New Element created: , Parent: local_pub
New Element created: , Parent: ead11db7-74a4-45ac-96cb-ed99db11b614
New Element created: , Parent: ead11db7-74a4-45ac-96cb-ed99db11b614
Returning row-index: 19
New Element created: , Parent: local_pub
New Element created: , Parent: 93000a5d-c1da-4383-8d86-1cc253318d6b
Returning row: 24
New Element created: , Parent: local_pub
New Element created: , Parent: facc9686-60c0-4dca-a802-14b26115e02c
Returning row-index: 32
Returning row-index: 33
Element Type: enter_message, Key: 05e65a54-5673-4148-9e09-a3b66dc93cbf, Parent: local_pub
Element Type: message, Key: 2da2fe18-9ae5-4904-83c9-c72f4da37272, Parent: ead11db7-74a4-45ac-96cb-ed99db11b614
Element Type: message, Key: 9379b971-ca80-42d9-9a65-d35dadf27ed4, Parent: ead11db7-74a4-45ac-96cb-ed99db11b614
Element Type: look, Key: ead11db7-74a4-45ac-96cb-ed99db11b614, Parent: local_pub
Element Type: action, Key: e0a6d3c3-d163-47df-b225-85f1021efcd2, Parent: 93000a5d-c1da-4383-8d86-1cc253318d6b
Element Type: input, Key: 93000a5d-c1da-4383-8d86-1cc253318d6b, Parent: local_pub
Element Type: move, Key: eec07fc6-701a-4eed-b251-791c96403bc7, Parent: facc9686-60c0-4dca-a802-14b26115e02c
Element Type: input, Key: facc9686-60c0-4dca-a802-14b26115e02c, Parent: local_pub
Element Type: room, Key: local_pub, Parent: root
New Element created: dragon, Parent: darkworld
New Element created: dragon_life, Parent: dragon
Returning row-index: 5
Element Type: attribute, Key: dragon_life, Parent: dragon
Element Type: person, Key: dragon, Parent: darkworld
New Element created: game, Parent: root
New Element created: , Parent: game
Returning row-index: 21
Element Type: enter_message, Key: 157f3b47-996e-471f-a554-6c2b6ecae2c4, Parent: game
Element Type: game, Key: game, Parent: root
New Element created: global01, Parent: root
New Element created: , Parent: global01
New Element created: , Parent: 25c33684-f8ea-4ec9-9c55-714d7a49b44d
Returning row: 2
New Element created: , Parent: global01
New Element created: , Parent: 78ab24b1-08c7-41a7-9b02-18637f044030
Returning row: 5
New Element created: , Parent: global01
New Element created: , Parent: 16dd8ee2-768c-4fd1-88f2-808a15cbdc7e
New Element created: , Parent: bec5b929-11be-42da-ac0f-00b45d884a47
Returning row-index: 14
Returning row-index: 15
Returning row-index: 16
Element Type: action, Key: 356edd37-f3a8-448e-8f32-a9d602b81132, Parent: 25c33684-f8ea-4ec9-9c55-714d7a49b44d
Element Type: input, Key: 25c33684-f8ea-4ec9-9c55-714d7a49b44d, Parent: global01
Element Type: action, Key: 6345dc09-20c6-4424-ad14-6133e16428a1, Parent: 78ab24b1-08c7-41a7-9b02-18637f044030
Element Type: input, Key: 78ab24b1-08c7-41a7-9b02-18637f044030, Parent: global01
Element Type: message, Key: 92551e06-699c-4724-a442-53df49d7a818, Parent: bec5b929-11be-42da-ac0f-00b45d884a47
Element Type: set, Key: bec5b929-11be-42da-ac0f-00b45d884a47, Parent: 16dd8ee2-768c-4fd1-88f2-808a15cbdc7e
Element Type: input, Key: 16dd8ee2-768c-4fd1-88f2-808a15cbdc7e, Parent: global01
Element Type: global, Key: global01, Parent: root
New Element created: player, Parent: local_pub
New Element created: player_life, Parent: player
Returning row: 1
New Element created: player_strength, Parent: player
Returning row: 2
New Element created: player_intelligence, Parent: player
Returning row: 3
New Element created: player_cunning, Parent: player
Returning row: 4
New Element created: player_gold, Parent: player
Returning row: 5
New Element created: player_armed, Parent: player
Returning row: 6
New Element created: longsword_01, Parent: player
New Element created: , Parent: longsword_01
Returning row: 9
Returning row-index: 10
Element Type: attribute, Key: player_life, Parent: player
Element Type: attribute, Key: player_strength, Parent: player
Element Type: attribute, Key: player_intelligence, Parent: player
Element Type: attribute, Key: player_cunning, Parent: player
Element Type: attribute, Key: player_gold, Parent: player
Element Type: attribute, Key: player_armed, Parent: player
Element Type: attribute, Key: 20cc1eaa-fe4e-41bd-ba15-d3dbeac679b9, Parent: longsword_01
Element Type: weapon, Key: longsword_01, Parent: player
Element Type: player, Key: player, Parent: local_pub
