New Element created: local_pub_north, Parent: root
New Element created: , Parent: local_pub_north
New Element created: , Parent: local_pub_north
New Element created: , Parent: 14fb20af-ae48-4948-ad0e-3d095e841a13
Returning row-index: 14
New Element created: , Parent: local_pub_north
New Element created: , Parent: 4b7e3281-6ce6-4637-8bc3-1d642fde78db
Returning row: 18
New Element created: , Parent: local_pub_north
New Element created: , Parent: f07b300f-0997-49c0-9c35-2e86a874afac
Returning row-index: 26
Returning row-index: 27
New Element created: golden_egg, Parent: local_pub_north
New Element created: , Parent: golden_egg
New Element created: , Parent: golden_egg
New Element created: , Parent: ddee4b13-8422-44ba-b6ed-da37b9ca8abe
Returning row-index: 45
New Element created: , Parent: golden_egg
New Element created: , Parent: golden_egg
New Element created: , Parent: golden_egg
New Element created: , Parent: fb4cb0cd-f16a-41c0-92a8-251eac3af5d3
Returning row: 62
New Element created: , Parent: golden_egg
New Element created: , Parent: 80a50196-b1ea-46a1-9616-b0e094a64ddd
Returning row-index: 72
New Element created: , Parent: golden_egg
New Element created: , Parent: 39a2d291-e5d3-4803-9033-535a4bc60018
Returning row-index: 82
New Element created: , Parent: golden_egg
New Element created: , Parent: 7b590196-a747-4ed0-9b7f-39c5f2768c41
New Element created: , Parent: 7b590196-a747-4ed0-9b7f-39c5f2768c41
Returning row: 99
Returning row-index: 100
Element Type: enter_message, Key: f5746ef3-60d4-4492-aee1-b87251e2cae4, Parent: local_pub_north
Element Type: message, Key: 995f38ca-9665-42b8-b42f-62faee65b087, Parent: 14fb20af-ae48-4948-ad0e-3d095e841a13
Element Type: look, Key: 14fb20af-ae48-4948-ad0e-3d095e841a13, Parent: local_pub_north
Element Type: action, Key: 93a1c025-50e9-4197-ba21-b65a5918f711, Parent: 4b7e3281-6ce6-4637-8bc3-1d642fde78db
Element Type: input, Key: 4b7e3281-6ce6-4637-8bc3-1d642fde78db, Parent: local_pub_north
Element Type: move, Key: d3738b75-adee-4707-b0dd-8b7d13c70532, Parent: f07b300f-0997-49c0-9c35-2e86a874afac
Element Type: input, Key: f07b300f-0997-49c0-9c35-2e86a874afac, Parent: local_pub_north
Element Type: room, Key: local_pub_north, Parent: root
Element Type: enter_message, Key: 97f567e4-d33d-4dbd-883b-7251b347ecb9, Parent: golden_egg
Element Type: message, Key: c76e93b6-5deb-4f71-80c4-c8897b7e7356, Parent: ddee4b13-8422-44ba-b6ed-da37b9ca8abe
Element Type: look, Key: ddee4b13-8422-44ba-b6ed-da37b9ca8abe, Parent: golden_egg
Element Type: inspect, Key: 3569cc8f-e8d2-452d-88ae-12cd3a9f7da7, Parent: golden_egg
Element Type: use_egg, Key: a3ae6928-3320-45e4-a610-f361af99e8e6, Parent: golden_egg
Element Type: action, Key: 50976a50-69b0-405f-880e-872a1fdbe05e, Parent: fb4cb0cd-f16a-41c0-92a8-251eac3af5d3
Element Type: input, Key: fb4cb0cd-f16a-41c0-92a8-251eac3af5d3, Parent: golden_egg
Element Type: move, Key: 2ebfbcf8-b99b-4158-ac1b-ee82f6323b5e, Parent: 80a50196-b1ea-46a1-9616-b0e094a64ddd
Element Type: input, Key: 80a50196-b1ea-46a1-9616-b0e094a64ddd, Parent: golden_egg
Element Type: move, Key: 43e6dbc3-41bf-47f5-8c05-0f55c2312c24, Parent: 39a2d291-e5d3-4803-9033-535a4bc60018
Element Type: input, Key: 39a2d291-e5d3-4803-9033-535a4bc60018, Parent: golden_egg
Element Type: logic, Key: 07688225-22a4-4157-a525-9c8401feeb5c, Parent: 7b590196-a747-4ed0-9b7f-39c5f2768c41
Element Type: action, Key: 237f6d20-196d-4796-9942-ee38ae790f63, Parent: 7b590196-a747-4ed0-9b7f-39c5f2768c41
Element Type: input, Key: 7b590196-a747-4ed0-9b7f-39c5f2768c41, Parent: golden_egg
Element Type: object, Key: golden_egg, Parent: local_pub_north
New Element created: local_pub, Parent: root
New Element created: , Parent: local_pub
New Element created: , Parent: local_pub
New Element created: , Parent: 0c38b911-f882-4705-bcdf-fc47b756573c
New Element created: , Parent: 0c38b911-f882-4705-bcdf-fc47b756573c
Returning row-index: 19
New Element created: , Parent: local_pub
New Element created: , Parent: cb11f10f-704b-4f3f-b031-217036911121
Returning row: 24
New Element created: , Parent: local_pub
New Element created: , Parent: e742ff68-da46-4090-a5bf-9bcb822ec84f
Returning row-index: 32
Returning row-index: 33
Element Type: enter_message, Key: 20709230-ff3e-4468-bc40-57d26c14e7af, Parent: local_pub
Element Type: message, Key: 121beaa2-83da-4c98-ae0c-96abe9cc6550, Parent: 0c38b911-f882-4705-bcdf-fc47b756573c
Element Type: message, Key: 14df3fb5-30a6-4600-ab94-22322f1c3869, Parent: 0c38b911-f882-4705-bcdf-fc47b756573c
Element Type: look, Key: 0c38b911-f882-4705-bcdf-fc47b756573c, Parent: local_pub
Element Type: action, Key: 0095a808-0d25-41b0-a842-aacca296da67, Parent: cb11f10f-704b-4f3f-b031-217036911121
Element Type: input, Key: cb11f10f-704b-4f3f-b031-217036911121, Parent: local_pub
Element Type: move, Key: cfdf3cfe-2f35-4996-9481-b300bab2cbbe, Parent: e742ff68-da46-4090-a5bf-9bcb822ec84f
Element Type: input, Key: e742ff68-da46-4090-a5bf-9bcb822ec84f, Parent: local_pub
Element Type: room, Key: local_pub, Parent: root
New Element created: dragon, Parent: darkworld
New Element created: dragon_life, Parent: dragon
Returning row-index: 5
Element Type: attribute, Key: dragon_life, Parent: dragon
Element Type: person, Key: dragon, Parent: darkworld
New Element created: game, Parent: root
New Element created: , Parent: game
Returning row-index: 21
Element Type: enter_message, Key: 5716d058-b81e-4f73-9ec0-58dc421ebbfd, Parent: game
Element Type: game, Key: game, Parent: root
New Element created: global01, Parent: root
New Element created: , Parent: global01
New Element created: , Parent: 04c838e8-4561-42d0-bfc1-bd3119a45b87
Returning row: 2
New Element created: , Parent: global01
New Element created: , Parent: 689979bb-6d02-4308-8048-c31aaf5eead1
Returning row: 5
New Element created: , Parent: global01
New Element created: , Parent: a523354b-1e19-44ce-9b48-45b23bd17fb9
New Element created: , Parent: 7f4ba23f-57da-4129-9bf9-249e7bafae13
Returning row-index: 14
Returning row-index: 15
Returning row-index: 16
Element Type: action, Key: 35d2d651-264a-4da4-8ac1-2f3caa61b51a, Parent: 04c838e8-4561-42d0-bfc1-bd3119a45b87
Element Type: input, Key: 04c838e8-4561-42d0-bfc1-bd3119a45b87, Parent: global01
Element Type: action, Key: 741720e8-b7c8-49e6-9eb3-44e37ead6e20, Parent: 689979bb-6d02-4308-8048-c31aaf5eead1
Element Type: input, Key: 689979bb-6d02-4308-8048-c31aaf5eead1, Parent: global01
Element Type: message, Key: e142196b-6c31-4a82-bf17-6c495f188269, Parent: 7f4ba23f-57da-4129-9bf9-249e7bafae13
Element Type: set, Key: 7f4ba23f-57da-4129-9bf9-249e7bafae13, Parent: a523354b-1e19-44ce-9b48-45b23bd17fb9
Element Type: input, Key: a523354b-1e19-44ce-9b48-45b23bd17fb9, Parent: global01
Element Type: global, Key: global01, Parent: root
New Element created: player, Parent: local_pub
New Element created: player_life, Parent: player
Returning row: 1
New Element created: player_strength, Parent: player
Returning row: 2
New Element created: player_intelligence, Parent: player
Returning row: 3
New Element created: player_cunning, Parent: player
Returning row: 4
New Element created: player_gold, Parent: player
Returning row: 5
New Element created: player_armed, Parent: player
Returning row: 6
New Element created: longsword_01, Parent: player
New Element created: , Parent: longsword_01
Returning row: 9
Returning row-index: 10
Element Type: attribute, Key: player_life, Parent: player
Element Type: attribute, Key: player_strength, Parent: player
Element Type: attribute, Key: player_intelligence, Parent: player
Element Type: attribute, Key: player_cunning, Parent: player
Element Type: attribute, Key: player_gold, Parent: player
Element Type: attribute, Key: player_armed, Parent: player
Element Type: attribute, Key: a37d5020-c577-47ba-be91-8ef0d49f211a, Parent: longsword_01
Element Type: weapon, Key: longsword_01, Parent: player
Element Type: player, Key: player, Parent: local_pub
