New Element created: local_pub_north, Parent: root
New Element created: , Parent: local_pub_north
New Element created: , Parent: local_pub_north
New Element created: , Parent: 9808cfb6-6f47-4e24-afb2-6870feb6e593
Returning row-index: 14
New Element created: , Parent: local_pub_north
New Element created: , Parent: 2904bb45-d49f-43bd-ac77-7d70c79e83c7
Returning row: 18
New Element created: , Parent: local_pub_north
New Element created: , Parent: 1aeb3263-32e2-4afe-a3ad-f9d8fc61a885
Returning row-index: 26
Returning row-index: 27
New Element created: golden_egg, Parent: local_pub_north
New Element created: , Parent: golden_egg
New Element created: , Parent: golden_egg
New Element created: , Parent: 0a5dab20-0bc5-4163-8c00-f41c36251b82
Returning row-index: 45
New Element created: , Parent: golden_egg
New Element created: , Parent: 6b42b931-7191-4caf-9222-5a26fa3c09b4
Returning row-index: 54
New Element created: , Parent: golden_egg
New Element created: , Parent: fa779ad7-8d1d-426c-b2f4-cb80045cebdc
Returning row-index: 63
New Element created: , Parent: golden_egg
New Element created: , Parent: acec734f-0821-4d3a-9589-502b465b5e6d
Returning row: 68
New Element created: , Parent: golden_egg
New Element created: , Parent: d6e9710e-f64d-4bf2-8ddd-04487590d658
Returning row-index: 78
New Element created: , Parent: golden_egg
New Element created: , Parent: eee3466d-33c7-4c90-b401-1b3b8f056b4e
Returning row-index: 88
New Element created: , Parent: golden_egg
New Element created: , Parent: 5ccbfd41-2a2f-4a7e-a827-38da0be623f4
New Element created: , Parent: 5ccbfd41-2a2f-4a7e-a827-38da0be623f4
Returning row: 103
Returning row-index: 104
Element Type: enter_message, Key: b88c2443-1e28-456a-ae5d-9ca0e3aea4c8, Parent: local_pub_north
Element Type: message, Key: ce4cdeb9-553f-4722-9764-cff65615cd22, Parent: 9808cfb6-6f47-4e24-afb2-6870feb6e593
Element Type: look, Key: 9808cfb6-6f47-4e24-afb2-6870feb6e593, Parent: local_pub_north
Element Type: action, Key: b8bff0c8-b762-4423-a40d-44a18f042601, Parent: 2904bb45-d49f-43bd-ac77-7d70c79e83c7
Element Type: input, Key: 2904bb45-d49f-43bd-ac77-7d70c79e83c7, Parent: local_pub_north
Element Type: move, Key: 1754d7f2-1766-4c8c-a3f9-888d003b2911, Parent: 1aeb3263-32e2-4afe-a3ad-f9d8fc61a885
Element Type: input, Key: 1aeb3263-32e2-4afe-a3ad-f9d8fc61a885, Parent: local_pub_north
Element Type: room, Key: local_pub_north, Parent: root
Element Type: enter_message, Key: 4eb3fea6-c072-48b8-ba34-026a74d4607a, Parent: golden_egg
Element Type: message, Key: 98ad5594-36e0-4c05-8c6b-b41ccc82031f, Parent: 0a5dab20-0bc5-4163-8c00-f41c36251b82
Element Type: look, Key: 0a5dab20-0bc5-4163-8c00-f41c36251b82, Parent: golden_egg
Element Type: message, Key: aae23456-b873-44d8-ae8f-abc840a398d6, Parent: 6b42b931-7191-4caf-9222-5a26fa3c09b4
Element Type: inspect, Key: 6b42b931-7191-4caf-9222-5a26fa3c09b4, Parent: golden_egg
Element Type: message, Key: 4a15f474-abbc-46d4-85db-9800533eb046, Parent: fa779ad7-8d1d-426c-b2f4-cb80045cebdc
Element Type: use_egg, Key: fa779ad7-8d1d-426c-b2f4-cb80045cebdc, Parent: golden_egg
Element Type: action, Key: 6d2ee657-d917-43c0-a006-fdd3bb27b96b, Parent: acec734f-0821-4d3a-9589-502b465b5e6d
Element Type: input, Key: acec734f-0821-4d3a-9589-502b465b5e6d, Parent: golden_egg
Element Type: move, Key: 01e7b2dc-9dab-4da6-b9b5-215ef60ff7e5, Parent: d6e9710e-f64d-4bf2-8ddd-04487590d658
Element Type: input, Key: d6e9710e-f64d-4bf2-8ddd-04487590d658, Parent: golden_egg
Element Type: move, Key: e18e8a39-1642-4bd1-92e8-bce950eda8d1, Parent: eee3466d-33c7-4c90-b401-1b3b8f056b4e
Element Type: input, Key: eee3466d-33c7-4c90-b401-1b3b8f056b4e, Parent: golden_egg
Element Type: logic, Key: 8aa0206c-d223-4617-a985-5fdc3f4ad8ea, Parent: 5ccbfd41-2a2f-4a7e-a827-38da0be623f4
Element Type: action, Key: 0f128187-ec51-4661-b71b-61ad80022d2d, Parent: 5ccbfd41-2a2f-4a7e-a827-38da0be623f4
Element Type: input, Key: 5ccbfd41-2a2f-4a7e-a827-38da0be623f4, Parent: golden_egg
Element Type: object, Key: golden_egg, Parent: local_pub_north
New Element created: local_pub, Parent: root
New Element created: , Parent: local_pub
New Element created: , Parent: d2192944-38b0-4ae6-b66b-5d25e763a773
New Element created: , Parent: 1f558598-146f-4ae3-b4ab-65f8ed907014
New Element created: , Parent: 1f558598-146f-4ae3-b4ab-65f8ed907014
Returning row-index: 22
Returning row-index: 23
New Element created: , Parent: local_pub
New Element created: , Parent: 7c8a36dc-f5e0-4115-a278-1404f7757cca
New Element created: , Parent: 7c8a36dc-f5e0-4115-a278-1404f7757cca
New Element created: , Parent: 7c8a36dc-f5e0-4115-a278-1404f7757cca
New Element created: , Parent: 87722bbf-86f4-4075-a13c-bbc030219220
New Element created: , Parent: 87722bbf-86f4-4075-a13c-bbc030219220
Returning row-index: 56
Returning row-index: 57
New Element created: , Parent: local_pub
New Element created: , Parent: 048839c5-cfa1-48a3-8add-9938fe7d086b
Returning row: 62
New Element created: , Parent: local_pub
New Element created: , Parent: 49422679-ddc2-4424-80fe-20eef949de1e
Returning row-index: 70
Returning row-index: 71
Element Type: logic, Key: 9f2701f3-09dd-4f72-abe0-2342a9cb8bc7, Parent: 1f558598-146f-4ae3-b4ab-65f8ed907014
Element Type: message, Key: 263e68ff-2829-4f1d-8a8b-b616e79b87c2, Parent: 1f558598-146f-4ae3-b4ab-65f8ed907014
Element Type: action, Key: 1f558598-146f-4ae3-b4ab-65f8ed907014, Parent: d2192944-38b0-4ae6-b66b-5d25e763a773
Element Type: enter_message, Key: d2192944-38b0-4ae6-b66b-5d25e763a773, Parent: local_pub
Element Type: message, Key: 457daa90-e962-4839-a887-dec465f6f9a7, Parent: 7c8a36dc-f5e0-4115-a278-1404f7757cca
Element Type: message, Key: 968abe86-836d-4f0f-9046-77c21075b7d2, Parent: 7c8a36dc-f5e0-4115-a278-1404f7757cca
Element Type: logic, Key: 6797f8fb-b0e8-44cd-9a78-2fe2a58e5bd6, Parent: 87722bbf-86f4-4075-a13c-bbc030219220
Element Type: message, Key: 4e495007-6dde-4f02-ab73-c8e3c5b42408, Parent: 87722bbf-86f4-4075-a13c-bbc030219220
Element Type: action, Key: 87722bbf-86f4-4075-a13c-bbc030219220, Parent: 7c8a36dc-f5e0-4115-a278-1404f7757cca
Element Type: look, Key: 7c8a36dc-f5e0-4115-a278-1404f7757cca, Parent: local_pub
Element Type: action, Key: 1b1e2a9b-a1e8-4f85-8125-39f206e08df2, Parent: 048839c5-cfa1-48a3-8add-9938fe7d086b
Element Type: input, Key: 048839c5-cfa1-48a3-8add-9938fe7d086b, Parent: local_pub
Element Type: move, Key: 6d4de941-08f2-4f73-b8c6-50daec770602, Parent: 49422679-ddc2-4424-80fe-20eef949de1e
Element Type: input, Key: 49422679-ddc2-4424-80fe-20eef949de1e, Parent: local_pub
Element Type: room, Key: local_pub, Parent: root
New Element created: dragon, Parent: darkworld
New Element created: dragon_life, Parent: dragon
Returning row-index: 5
Element Type: attribute, Key: dragon_life, Parent: dragon
Element Type: person, Key: dragon, Parent: darkworld
New Element created: game, Parent: root
New Element created: , Parent: game
Returning row-index: 21
Element Type: enter_message, Key: 5d11df57-fd77-410e-ab49-eb94ecbc3332, Parent: game
Element Type: game, Key: game, Parent: root
New Element created: global01, Parent: root
New Element created: , Parent: global01
New Element created: , Parent: 7cc899c5-dcf6-4d45-8d90-807b3add5738
Returning row: 2
New Element created: , Parent: global01
New Element created: , Parent: 9a3d784b-92dd-4e51-9173-271c4a53b5f0
Returning row: 5
New Element created: , Parent: global01
New Element created: , Parent: 69fea6b1-7add-4f5e-93f1-bf854dbeb2f0
New Element created: , Parent: 3e31df4b-9281-415c-97ec-996b3605cbaf
Returning row-index: 14
Returning row-index: 15
Returning row-index: 16
Element Type: action, Key: a32d54ce-6bd3-4b67-b0de-76e091d3f6c0, Parent: 7cc899c5-dcf6-4d45-8d90-807b3add5738
Element Type: input, Key: 7cc899c5-dcf6-4d45-8d90-807b3add5738, Parent: global01
Element Type: action, Key: 87455596-9228-426a-8030-0d34532ee493, Parent: 9a3d784b-92dd-4e51-9173-271c4a53b5f0
Element Type: input, Key: 9a3d784b-92dd-4e51-9173-271c4a53b5f0, Parent: global01
Element Type: message, Key: 6a6cf824-1269-4fb3-a08a-60600d6a875f, Parent: 3e31df4b-9281-415c-97ec-996b3605cbaf
Element Type: set, Key: 3e31df4b-9281-415c-97ec-996b3605cbaf, Parent: 69fea6b1-7add-4f5e-93f1-bf854dbeb2f0
Element Type: input, Key: 69fea6b1-7add-4f5e-93f1-bf854dbeb2f0, Parent: global01
Element Type: global, Key: global01, Parent: root
New Element created: player, Parent: local_pub
New Element created: player_life, Parent: player
Returning row: 1
New Element created: player_strength, Parent: player
Returning row: 2
New Element created: player_intelligence, Parent: player
Returning row: 3
New Element created: player_cunning, Parent: player
Returning row: 4
New Element created: player_gold, Parent: player
Returning row: 5
New Element created: player_armed, Parent: player
Returning row: 6
New Element created: longsword_01, Parent: player
New Element created: , Parent: longsword_01
Returning row: 9
Returning row-index: 10
Element Type: attribute, Key: player_life, Parent: player
Element Type: attribute, Key: player_strength, Parent: player
Element Type: attribute, Key: player_intelligence, Parent: player
Element Type: attribute, Key: player_cunning, Parent: player
Element Type: attribute, Key: player_gold, Parent: player
Element Type: attribute, Key: player_armed, Parent: player
Element Type: attribute, Key: 0a516ca8-e3bd-4776-a3d1-fb51ac79cd15, Parent: longsword_01
Element Type: weapon, Key: longsword_01, Parent: player
Element Type: player, Key: player, Parent: local_pub
