New Element created: local_pub_north, Parent: root
New Element created: , Parent: local_pub_north
New Element created: , Parent: local_pub_north
New Element created: , Parent: 6e623d63-47b0-44d7-be33-0192a7db1237
Returning row-index: 14
New Element created: , Parent: local_pub_north
New Element created: , Parent: c6fdc334-aea9-4df8-aad0-ff571adcae05
Returning row: 18
New Element created: , Parent: local_pub_north
New Element created: , Parent: 589fa09e-51b3-4431-ae37-933cdb1d3b84
Returning row-index: 26
Returning row-index: 27
New Element created: golden_egg, Parent: local_pub_north
New Element created: , Parent: golden_egg
New Element created: , Parent: golden_egg
New Element created: , Parent: a88168c6-2380-427d-8ac8-4d1496251b5f
Returning row-index: 45
New Element created: , Parent: golden_egg
New Element created: , Parent: 37736c9a-fbd2-4501-ab8f-f6788dffa6ba
Returning row-index: 54
New Element created: , Parent: golden_egg
New Element created: , Parent: 878bc6a9-2e0e-4925-9c9c-2d7146e8e9bd
Returning row-index: 63
New Element created: , Parent: golden_egg
New Element created: , Parent: 923bd16c-d40f-4f41-8caa-f0583525e514
Returning row: 68
New Element created: , Parent: golden_egg
New Element created: , Parent: 20b0732e-54a6-44b3-b859-f663eab8ab52
Returning row-index: 78
New Element created: , Parent: golden_egg
New Element created: , Parent: a1148d8d-34d2-4683-a2ad-02c83fe86471
Returning row-index: 88
New Element created: , Parent: golden_egg
New Element created: , Parent: 4abd2e22-a27e-4f48-aae7-b343c27cceee
New Element created: , Parent: 4abd2e22-a27e-4f48-aae7-b343c27cceee
Returning row: 103
Returning row-index: 104
Element Type: enter_message, Key: bca5c0d6-f2ca-477a-b245-53bcb9d55b83, Parent: local_pub_north
Element Type: message, Key: 35c45e1f-1ca4-4616-a648-1c5a0d4dd96b, Parent: 6e623d63-47b0-44d7-be33-0192a7db1237
Element Type: look, Key: 6e623d63-47b0-44d7-be33-0192a7db1237, Parent: local_pub_north
Element Type: action, Key: ade79eb2-3e98-4dad-ad75-0e6d9a3af2d8, Parent: c6fdc334-aea9-4df8-aad0-ff571adcae05
Element Type: input, Key: c6fdc334-aea9-4df8-aad0-ff571adcae05, Parent: local_pub_north
Element Type: move, Key: 2f57b22c-6921-4779-b959-59732546ce3d, Parent: 589fa09e-51b3-4431-ae37-933cdb1d3b84
Element Type: input, Key: 589fa09e-51b3-4431-ae37-933cdb1d3b84, Parent: local_pub_north
Element Type: room, Key: local_pub_north, Parent: root
Element Type: enter_message, Key: 9db13ec4-4599-4a7d-bbda-c8d5db89a1ec, Parent: golden_egg
Element Type: message, Key: de3d3a1b-b790-483d-a8bd-2dc67da63354, Parent: a88168c6-2380-427d-8ac8-4d1496251b5f
Element Type: look, Key: a88168c6-2380-427d-8ac8-4d1496251b5f, Parent: golden_egg
Element Type: message, Key: 8bb900e4-54b4-4eb5-9812-9fa7cb67e04d, Parent: 37736c9a-fbd2-4501-ab8f-f6788dffa6ba
Element Type: inspect, Key: 37736c9a-fbd2-4501-ab8f-f6788dffa6ba, Parent: golden_egg
Element Type: message, Key: 6a30f63f-1056-41f1-98a3-2be4c6d77d0d, Parent: 878bc6a9-2e0e-4925-9c9c-2d7146e8e9bd
Element Type: use_egg, Key: 878bc6a9-2e0e-4925-9c9c-2d7146e8e9bd, Parent: golden_egg
Element Type: action, Key: 247f6a07-eb1c-48f5-82bc-db2725543c5c, Parent: 923bd16c-d40f-4f41-8caa-f0583525e514
Element Type: input, Key: 923bd16c-d40f-4f41-8caa-f0583525e514, Parent: golden_egg
Element Type: move, Key: d001c1ee-418c-4c73-b3ab-9d1ba83f6b31, Parent: 20b0732e-54a6-44b3-b859-f663eab8ab52
Element Type: input, Key: 20b0732e-54a6-44b3-b859-f663eab8ab52, Parent: golden_egg
Element Type: move, Key: b3bee515-43aa-4027-800e-ff85b7a7f36a, Parent: a1148d8d-34d2-4683-a2ad-02c83fe86471
Element Type: input, Key: a1148d8d-34d2-4683-a2ad-02c83fe86471, Parent: golden_egg
Element Type: logic, Key: aadc606c-0088-4a9f-974a-a291439a0bec, Parent: 4abd2e22-a27e-4f48-aae7-b343c27cceee
Element Type: action, Key: 13c3fdc9-7b20-493f-8c84-419a54c69372, Parent: 4abd2e22-a27e-4f48-aae7-b343c27cceee
Element Type: input, Key: 4abd2e22-a27e-4f48-aae7-b343c27cceee, Parent: golden_egg
Element Type: object, Key: golden_egg, Parent: local_pub_north
New Element created: local_pub, Parent: root
New Element created: , Parent: local_pub
New Element created: , Parent: e33df333-ae9f-4fbb-b318-6e53f4fe6db4
New Element created: , Parent: 9f4a191f-7175-45e6-b062-d53f736475be
New Element created: , Parent: 9f4a191f-7175-45e6-b062-d53f736475be
Returning row-index: 20
Returning row-index: 21
New Element created: , Parent: local_pub
New Element created: , Parent: 2c1873c1-2904-4767-becf-4458455d93b4
New Element created: , Parent: 2c1873c1-2904-4767-becf-4458455d93b4
Returning row-index: 36
New Element created: , Parent: local_pub
New Element created: , Parent: 052e2d18-ac1f-43f7-85db-066014c6a897
Returning row: 41
New Element created: , Parent: local_pub
New Element created: , Parent: eafda2fa-be80-45c4-9227-eaa599dbc18c
Returning row-index: 49
Returning row-index: 50
Element Type: logic, Key: 529c6cf0-4e79-4de4-ba0d-999b9d312d7f, Parent: 9f4a191f-7175-45e6-b062-d53f736475be
Element Type: message, Key: f30ebe42-fbae-4b06-aed3-9ff740a3d422, Parent: 9f4a191f-7175-45e6-b062-d53f736475be
Element Type: action, Key: 9f4a191f-7175-45e6-b062-d53f736475be, Parent: e33df333-ae9f-4fbb-b318-6e53f4fe6db4
Element Type: enter_message, Key: e33df333-ae9f-4fbb-b318-6e53f4fe6db4, Parent: local_pub
Element Type: message, Key: 8605a31d-a8a4-4955-83d0-815226476c07, Parent: 2c1873c1-2904-4767-becf-4458455d93b4
Element Type: message, Key: 7727a357-8014-4cb5-90b0-13811df5f713, Parent: 2c1873c1-2904-4767-becf-4458455d93b4
Element Type: look, Key: 2c1873c1-2904-4767-becf-4458455d93b4, Parent: local_pub
Element Type: action, Key: f8088de6-0448-4a38-b198-7a62384b86b8, Parent: 052e2d18-ac1f-43f7-85db-066014c6a897
Element Type: input, Key: 052e2d18-ac1f-43f7-85db-066014c6a897, Parent: local_pub
Element Type: move, Key: 81ef611f-4e72-4f25-86c1-35de32028e3b, Parent: eafda2fa-be80-45c4-9227-eaa599dbc18c
Element Type: input, Key: eafda2fa-be80-45c4-9227-eaa599dbc18c, Parent: local_pub
Element Type: room, Key: local_pub, Parent: root
New Element created: dragon, Parent: darkworld
New Element created: dragon_life, Parent: dragon
Returning row-index: 5
Element Type: attribute, Key: dragon_life, Parent: dragon
Element Type: person, Key: dragon, Parent: darkworld
New Element created: game, Parent: root
New Element created: , Parent: game
Returning row-index: 21
Element Type: enter_message, Key: c2b19ab9-2c68-441d-bb1c-c4f8b7306c9e, Parent: game
Element Type: game, Key: game, Parent: root
New Element created: global01, Parent: root
New Element created: , Parent: global01
New Element created: , Parent: c2761dfd-ee98-4271-821b-9bcedd8759b0
Returning row: 2
New Element created: , Parent: global01
New Element created: , Parent: 9d786061-d4c9-4e28-94bd-97db85d0d160
Returning row: 5
New Element created: , Parent: global01
New Element created: , Parent: 2554ab29-e599-4188-9c73-3379bc705ca5
New Element created: , Parent: 88e11fb7-04ea-4064-a064-0cf288bc18d4
Returning row-index: 14
Returning row-index: 15
Returning row-index: 16
Element Type: action, Key: 5a8b0e24-e22c-44ef-a8f7-d4caab632eb2, Parent: c2761dfd-ee98-4271-821b-9bcedd8759b0
Element Type: input, Key: c2761dfd-ee98-4271-821b-9bcedd8759b0, Parent: global01
Element Type: action, Key: 45ce9de6-f9fa-4408-ab05-e9453c0144f3, Parent: 9d786061-d4c9-4e28-94bd-97db85d0d160
Element Type: input, Key: 9d786061-d4c9-4e28-94bd-97db85d0d160, Parent: global01
Element Type: message, Key: bda8236c-0a35-45ea-bca5-ff6af6f0c48d, Parent: 88e11fb7-04ea-4064-a064-0cf288bc18d4
Element Type: set, Key: 88e11fb7-04ea-4064-a064-0cf288bc18d4, Parent: 2554ab29-e599-4188-9c73-3379bc705ca5
Element Type: input, Key: 2554ab29-e599-4188-9c73-3379bc705ca5, Parent: global01
Element Type: global, Key: global01, Parent: root
New Element created: player, Parent: local_pub
New Element created: player_life, Parent: player
Returning row: 1
New Element created: player_strength, Parent: player
Returning row: 2
New Element created: player_intelligence, Parent: player
Returning row: 3
New Element created: player_cunning, Parent: player
Returning row: 4
New Element created: player_gold, Parent: player
Returning row: 5
New Element created: player_armed, Parent: player
Returning row: 6
New Element created: longsword_01, Parent: player
New Element created: , Parent: longsword_01
Returning row: 9
Returning row-index: 10
Element Type: attribute, Key: player_life, Parent: player
Element Type: attribute, Key: player_strength, Parent: player
Element Type: attribute, Key: player_intelligence, Parent: player
Element Type: attribute, Key: player_cunning, Parent: player
Element Type: attribute, Key: player_gold, Parent: player
Element Type: attribute, Key: player_armed, Parent: player
Element Type: attribute, Key: cbcd996b-8001-406e-b5ea-f18523d6de78, Parent: longsword_01
Element Type: weapon, Key: longsword_01, Parent: player
Element Type: player, Key: player, Parent: local_pub
