New Element created: local_pub_north, Parent: root
New Element created: , Parent: local_pub_north
New Element created: , Parent: local_pub_north
New Element created: , Parent: 01582dae-fc61-454b-aeda-316de9d866d1
Returning row-index: 14
New Element created: , Parent: local_pub_north
New Element created: , Parent: 4ef97586-4ecb-4a96-bc68-2a8cbd1257dd
Returning row: 18
New Element created: , Parent: local_pub_north
New Element created: , Parent: dbdfb7d3-0e8b-49e7-a0c4-3ed239c60c9b
Returning row-index: 26
Returning row-index: 27
New Element created: golden_egg, Parent: local_pub_north
New Element created: , Parent: golden_egg
New Element created: , Parent: golden_egg
New Element created: , Parent: adea17c5-2e90-42a5-92f7-8470a8c61886
Returning row-index: 45
New Element created: , Parent: golden_egg
New Element created: , Parent: dc6b8548-0b62-4eb9-9912-0697b1fa0094
Returning row-index: 54
New Element created: , Parent: golden_egg
New Element created: , Parent: 7dcf6498-99d8-4de5-8447-663fa819f005
Returning row-index: 63
New Element created: , Parent: golden_egg
New Element created: , Parent: 052cf18a-bc66-45d9-9ca0-c9e05775685c
Returning row: 68
New Element created: , Parent: golden_egg
New Element created: , Parent: 0d16f905-6efc-41a0-a9de-4014169b1589
Returning row-index: 78
New Element created: , Parent: golden_egg
New Element created: , Parent: 71742feb-1c8f-4c04-a5d4-dcf9cca83097
Returning row-index: 88
New Element created: , Parent: golden_egg
New Element created: , Parent: 3699dc63-8639-44a8-ae47-c454ba8002cb
New Element created: , Parent: 3699dc63-8639-44a8-ae47-c454ba8002cb
Returning row: 103
Returning row-index: 104
Element Type: enter_message, Key: a850c895-54f2-44a1-897c-ecc628c17b42, Parent: local_pub_north
Element Type: message, Key: 3eecc9b6-8f36-4b7f-88ff-918a1de11642, Parent: 01582dae-fc61-454b-aeda-316de9d866d1
Element Type: look, Key: 01582dae-fc61-454b-aeda-316de9d866d1, Parent: local_pub_north
Element Type: action, Key: a23e1613-3af7-4843-adf4-0fefd4840d2d, Parent: 4ef97586-4ecb-4a96-bc68-2a8cbd1257dd
Element Type: input, Key: 4ef97586-4ecb-4a96-bc68-2a8cbd1257dd, Parent: local_pub_north
Element Type: move, Key: ddad19be-1b8f-4687-b615-6b1fc7c2076c, Parent: dbdfb7d3-0e8b-49e7-a0c4-3ed239c60c9b
Element Type: input, Key: dbdfb7d3-0e8b-49e7-a0c4-3ed239c60c9b, Parent: local_pub_north
Element Type: room, Key: local_pub_north, Parent: root
Element Type: enter_message, Key: 2667650f-eeb1-4ec9-b0db-29f85b3fd79d, Parent: golden_egg
Element Type: message, Key: c2eb3ae4-5f76-4de6-a589-bd56cc4df8dd, Parent: adea17c5-2e90-42a5-92f7-8470a8c61886
Element Type: look, Key: adea17c5-2e90-42a5-92f7-8470a8c61886, Parent: golden_egg
Element Type: message, Key: 8dfc156c-f1d2-4d53-ab46-e12c14390525, Parent: dc6b8548-0b62-4eb9-9912-0697b1fa0094
Element Type: inspect, Key: dc6b8548-0b62-4eb9-9912-0697b1fa0094, Parent: golden_egg
Element Type: message, Key: 96d7ee1f-ba3e-4e31-a54f-dccc197a6ca7, Parent: 7dcf6498-99d8-4de5-8447-663fa819f005
Element Type: use_egg, Key: 7dcf6498-99d8-4de5-8447-663fa819f005, Parent: golden_egg
Element Type: action, Key: 8112b805-8322-45b5-a901-2ad72732c52b, Parent: 052cf18a-bc66-45d9-9ca0-c9e05775685c
Element Type: input, Key: 052cf18a-bc66-45d9-9ca0-c9e05775685c, Parent: golden_egg
Element Type: move, Key: 081d9b75-6f87-473b-825b-cae65f508b77, Parent: 0d16f905-6efc-41a0-a9de-4014169b1589
Element Type: input, Key: 0d16f905-6efc-41a0-a9de-4014169b1589, Parent: golden_egg
Element Type: move, Key: 52a5d10e-ab36-4345-8fd9-fafebac4401f, Parent: 71742feb-1c8f-4c04-a5d4-dcf9cca83097
Element Type: input, Key: 71742feb-1c8f-4c04-a5d4-dcf9cca83097, Parent: golden_egg
Element Type: logic, Key: b6270ed9-6c72-4020-bf8b-0ff76517ff30, Parent: 3699dc63-8639-44a8-ae47-c454ba8002cb
Element Type: action, Key: bd0b97b9-c209-4eb6-8378-744c4163ceec, Parent: 3699dc63-8639-44a8-ae47-c454ba8002cb
Element Type: input, Key: 3699dc63-8639-44a8-ae47-c454ba8002cb, Parent: golden_egg
Element Type: object, Key: golden_egg, Parent: local_pub_north
New Element created: local_pub, Parent: root
New Element created: , Parent: local_pub
New Element created: , Parent: 0561ce5d-f2fd-45c0-a1c5-71be604e098e
New Element created: , Parent: 784ab6fe-cf78-4023-aa3a-993e8bcb04e8
New Element created: , Parent: 784ab6fe-cf78-4023-aa3a-993e8bcb04e8
Returning row-index: 22
Returning row-index: 23
New Element created: , Parent: local_pub
New Element created: , Parent: c60b486a-3694-4710-9551-a827e2078898
New Element created: , Parent: c60b486a-3694-4710-9551-a827e2078898
New Element created: , Parent: c60b486a-3694-4710-9551-a827e2078898
New Element created: , Parent: dc946faf-9a4b-4732-bd95-04e23a87ff1e
New Element created: , Parent: dc946faf-9a4b-4732-bd95-04e23a87ff1e
Returning row-index: 56
Returning row-index: 57
New Element created: , Parent: local_pub
New Element created: , Parent: 98f36cb5-4f56-43d2-852b-236ea3bd0eb0
Returning row: 62
New Element created: , Parent: local_pub
New Element created: , Parent: 693b04ba-9186-4d11-ae67-10b1e67c8596
Returning row-index: 70
Returning row-index: 71
Element Type: logic, Key: 48a57277-41e9-4530-9cd4-5bbab4d9bdc3, Parent: 784ab6fe-cf78-4023-aa3a-993e8bcb04e8
Element Type: message, Key: 7da65792-de61-4531-b7aa-28c879f106af, Parent: 784ab6fe-cf78-4023-aa3a-993e8bcb04e8
Element Type: action, Key: 784ab6fe-cf78-4023-aa3a-993e8bcb04e8, Parent: 0561ce5d-f2fd-45c0-a1c5-71be604e098e
Element Type: enter_message, Key: 0561ce5d-f2fd-45c0-a1c5-71be604e098e, Parent: local_pub
Element Type: message, Key: 539f71b9-4a01-4b51-8d7c-c35f98d4d296, Parent: c60b486a-3694-4710-9551-a827e2078898
Element Type: message, Key: c0fc1d76-2e5a-4f16-8866-aa6b361ca017, Parent: c60b486a-3694-4710-9551-a827e2078898
Element Type: logic, Key: 59f64888-55d2-445e-a72d-c0e1d5227a35, Parent: dc946faf-9a4b-4732-bd95-04e23a87ff1e
Element Type: message, Key: c53c04e1-10d3-4842-8dfa-b1f872d01b5a, Parent: dc946faf-9a4b-4732-bd95-04e23a87ff1e
Element Type: action, Key: dc946faf-9a4b-4732-bd95-04e23a87ff1e, Parent: c60b486a-3694-4710-9551-a827e2078898
Element Type: look, Key: c60b486a-3694-4710-9551-a827e2078898, Parent: local_pub
Element Type: action, Key: 40d23488-f7b2-43b3-9e1f-1e3d32770431, Parent: 98f36cb5-4f56-43d2-852b-236ea3bd0eb0
Element Type: input, Key: 98f36cb5-4f56-43d2-852b-236ea3bd0eb0, Parent: local_pub
Element Type: move, Key: a29b4605-bf8e-4888-b8a4-cd55f8bf2dbc, Parent: 693b04ba-9186-4d11-ae67-10b1e67c8596
Element Type: input, Key: 693b04ba-9186-4d11-ae67-10b1e67c8596, Parent: local_pub
Element Type: room, Key: local_pub, Parent: root
New Element created: dragon, Parent: darkworld
New Element created: dragon_life, Parent: dragon
Returning row-index: 5
Element Type: attribute, Key: dragon_life, Parent: dragon
Element Type: person, Key: dragon, Parent: darkworld
New Element created: game, Parent: root
New Element created: , Parent: game
Returning row-index: 24
Element Type: enter_message, Key: b6d082fe-6906-4e2c-8d8b-44f9414df415, Parent: game
Element Type: game, Key: game, Parent: root
New Element created: global01, Parent: root
New Element created: , Parent: global01
New Element created: , Parent: 2f836125-5ce5-42f2-9c66-8f96b11e7e03
Returning row: 2
New Element created: , Parent: global01
New Element created: , Parent: b24bcbff-48a1-4cdf-81e6-dde827645637
Returning row: 5
New Element created: , Parent: global01
New Element created: , Parent: 51a31022-adab-4281-97a5-77614bce5acf
New Element created: , Parent: 28be40cc-8c2b-4e20-be9f-e032362b447f
Returning row-index: 14
Returning row-index: 15
Returning row-index: 16
Element Type: action, Key: eb4b8d39-3797-410f-9ad2-2d556e9d978a, Parent: 2f836125-5ce5-42f2-9c66-8f96b11e7e03
Element Type: input, Key: 2f836125-5ce5-42f2-9c66-8f96b11e7e03, Parent: global01
Element Type: action, Key: ca3a0429-053b-424d-ae54-5ee3f7f5ec56, Parent: b24bcbff-48a1-4cdf-81e6-dde827645637
Element Type: input, Key: b24bcbff-48a1-4cdf-81e6-dde827645637, Parent: global01
Element Type: message, Key: 993f0bd2-922e-44de-95b3-bf692e98d94e, Parent: 28be40cc-8c2b-4e20-be9f-e032362b447f
Element Type: set, Key: 28be40cc-8c2b-4e20-be9f-e032362b447f, Parent: 51a31022-adab-4281-97a5-77614bce5acf
Element Type: input, Key: 51a31022-adab-4281-97a5-77614bce5acf, Parent: global01
Element Type: global, Key: global01, Parent: root
New Element created: player, Parent: local_pub
New Element created: player_life, Parent: player
Returning row: 1
New Element created: player_strength, Parent: player
Returning row: 2
New Element created: player_intelligence, Parent: player
Returning row: 3
New Element created: player_cunning, Parent: player
Returning row: 4
New Element created: player_gold, Parent: player
Returning row: 5
New Element created: player_armed, Parent: player
Returning row: 6
New Element created: longsword_01, Parent: player
New Element created: , Parent: longsword_01
Returning row: 9
Returning row-index: 10
Element Type: attribute, Key: player_life, Parent: player
Element Type: attribute, Key: player_strength, Parent: player
Element Type: attribute, Key: player_intelligence, Parent: player
Element Type: attribute, Key: player_cunning, Parent: player
Element Type: attribute, Key: player_gold, Parent: player
Element Type: attribute, Key: player_armed, Parent: player
Element Type: attribute, Key: 13b8df63-1597-46fe-b5cd-1591c8d79c27, Parent: longsword_01
Element Type: weapon, Key: longsword_01, Parent: player
Element Type: player, Key: player, Parent: local_pub
