New Element created: local_pub_north, Parent: root
New Element created: , Parent: local_pub_north
New Element created: , Parent: local_pub_north
New Element created: , Parent: df32d47b-e284-4560-8867-3c1174d35900
Returning row-index: 14
New Element created: , Parent: local_pub_north
New Element created: , Parent: 6b1bbe9a-aac6-4b25-9616-47f23fd9ada4
Returning row: 18
New Element created: , Parent: local_pub_north
New Element created: , Parent: 6d86d5f0-9579-4dfb-a3cc-bb3668f84994
Returning row-index: 26
Returning row-index: 27
New Element created: golden_egg, Parent: local_pub_north
New Element created: , Parent: golden_egg
New Element created: , Parent: golden_egg
New Element created: , Parent: 1db035e2-816b-44b1-8259-072b0df9f60d
Returning row-index: 45
New Element created: , Parent: golden_egg
New Element created: , Parent: f24251a6-f632-4acf-befe-4594493cf41f
Returning row-index: 54
New Element created: , Parent: golden_egg
New Element created: , Parent: ad595b29-0ba8-4afe-ba2c-220b39eaa16a
Returning row-index: 63
New Element created: , Parent: golden_egg
New Element created: , Parent: 90954c60-4d20-40cc-b54e-a3fa171739b1
Returning row: 68
New Element created: , Parent: golden_egg
New Element created: , Parent: 5d200ea6-239c-4434-9eb5-491c3def3ce7
Returning row-index: 78
New Element created: , Parent: golden_egg
New Element created: , Parent: 925beb95-195b-4bf5-b85b-b9c6840c08cc
Returning row-index: 88
New Element created: , Parent: golden_egg
New Element created: , Parent: 215fd68f-1bfa-4760-98a9-a6f8ca6965b7
New Element created: , Parent: 215fd68f-1bfa-4760-98a9-a6f8ca6965b7
Returning row: 103
Returning row-index: 104
Element Type: enter_message, Key: 908d1ba4-17a8-4f6e-ab54-825a403c71f0, Parent: local_pub_north
Element Type: message, Key: b2cde3b8-9876-4845-a7bb-303930ac2795, Parent: df32d47b-e284-4560-8867-3c1174d35900
Element Type: look, Key: df32d47b-e284-4560-8867-3c1174d35900, Parent: local_pub_north
Element Type: action, Key: 8e8a59c0-c516-4d8a-bc42-7f5645a505fb, Parent: 6b1bbe9a-aac6-4b25-9616-47f23fd9ada4
Element Type: input, Key: 6b1bbe9a-aac6-4b25-9616-47f23fd9ada4, Parent: local_pub_north
Element Type: move, Key: 95cb11bc-c70f-40c7-acfe-44a870cdd1b3, Parent: 6d86d5f0-9579-4dfb-a3cc-bb3668f84994
Element Type: input, Key: 6d86d5f0-9579-4dfb-a3cc-bb3668f84994, Parent: local_pub_north
Element Type: room, Key: local_pub_north, Parent: root
Element Type: enter_message, Key: 0a03954b-c141-47e0-b6b0-7119171b5ddb, Parent: golden_egg
Element Type: message, Key: 9ba9c95f-7066-40d7-95e0-0d45e4dc9789, Parent: 1db035e2-816b-44b1-8259-072b0df9f60d
Element Type: look, Key: 1db035e2-816b-44b1-8259-072b0df9f60d, Parent: golden_egg
Element Type: message, Key: dd6565f3-e4d9-4766-becf-15a87785fd15, Parent: f24251a6-f632-4acf-befe-4594493cf41f
Element Type: inspect, Key: f24251a6-f632-4acf-befe-4594493cf41f, Parent: golden_egg
Element Type: message, Key: 4d4d394b-7d58-4b86-bd21-22b69951936d, Parent: ad595b29-0ba8-4afe-ba2c-220b39eaa16a
Element Type: use_egg, Key: ad595b29-0ba8-4afe-ba2c-220b39eaa16a, Parent: golden_egg
Element Type: action, Key: 85363f1c-6570-4440-89c8-d9e97435a1bd, Parent: 90954c60-4d20-40cc-b54e-a3fa171739b1
Element Type: input, Key: 90954c60-4d20-40cc-b54e-a3fa171739b1, Parent: golden_egg
Element Type: move, Key: c6a9f55b-9667-4572-98e7-fae471cc896a, Parent: 5d200ea6-239c-4434-9eb5-491c3def3ce7
Element Type: input, Key: 5d200ea6-239c-4434-9eb5-491c3def3ce7, Parent: golden_egg
Element Type: move, Key: d32d18b0-55ae-4104-9731-82ea42d1afee, Parent: 925beb95-195b-4bf5-b85b-b9c6840c08cc
Element Type: input, Key: 925beb95-195b-4bf5-b85b-b9c6840c08cc, Parent: golden_egg
Element Type: logic, Key: 46432527-6e8a-4692-b639-acb607e1617a, Parent: 215fd68f-1bfa-4760-98a9-a6f8ca6965b7
Element Type: action, Key: 5e39902b-197d-49c5-9a3d-36ab454ed831, Parent: 215fd68f-1bfa-4760-98a9-a6f8ca6965b7
Element Type: input, Key: 215fd68f-1bfa-4760-98a9-a6f8ca6965b7, Parent: golden_egg
Element Type: object, Key: golden_egg, Parent: local_pub_north
New Element created: local_pub, Parent: root
New Element created: , Parent: local_pub
New Element created: , Parent: db6f4645-776d-4dfb-8f74-9139479d1e9e
New Element created: , Parent: 1b4b3e25-e79e-4bb2-bbb0-778f582b97e1
New Element created: , Parent: 1b4b3e25-e79e-4bb2-bbb0-778f582b97e1
Returning row-index: 22
Returning row-index: 23
New Element created: , Parent: local_pub
New Element created: , Parent: 384d9a92-ea8c-434e-b06d-98c42e26cb0e
New Element created: , Parent: 384d9a92-ea8c-434e-b06d-98c42e26cb0e
Returning row-index: 38
New Element created: , Parent: local_pub
New Element created: , Parent: 6ec1f75d-699d-4828-a88e-1a8169ec2146
Returning row: 43
New Element created: , Parent: local_pub
New Element created: , Parent: 89c8cc3e-230a-427b-826c-47341d32349c
Returning row-index: 51
Returning row-index: 52
Element Type: logic, Key: b35dd182-527b-4dcd-9205-483d57ec6bb3, Parent: 1b4b3e25-e79e-4bb2-bbb0-778f582b97e1
Element Type: message, Key: c2d499eb-b57c-47a0-b30e-6c9437d07e53, Parent: 1b4b3e25-e79e-4bb2-bbb0-778f582b97e1
Element Type: action, Key: 1b4b3e25-e79e-4bb2-bbb0-778f582b97e1, Parent: db6f4645-776d-4dfb-8f74-9139479d1e9e
Element Type: enter_message, Key: db6f4645-776d-4dfb-8f74-9139479d1e9e, Parent: local_pub
Element Type: message, Key: a2f9cf7f-8018-4c7e-a002-3fd1a8d72b48, Parent: 384d9a92-ea8c-434e-b06d-98c42e26cb0e
Element Type: message, Key: 8d6c6475-72ca-466a-a803-63534a8ab5a1, Parent: 384d9a92-ea8c-434e-b06d-98c42e26cb0e
Element Type: look, Key: 384d9a92-ea8c-434e-b06d-98c42e26cb0e, Parent: local_pub
Element Type: action, Key: a7d3838f-32b5-4096-ad80-782f6404350b, Parent: 6ec1f75d-699d-4828-a88e-1a8169ec2146
Element Type: input, Key: 6ec1f75d-699d-4828-a88e-1a8169ec2146, Parent: local_pub
Element Type: move, Key: e612f09d-95cc-4d16-bf9a-b2611f33946a, Parent: 89c8cc3e-230a-427b-826c-47341d32349c
Element Type: input, Key: 89c8cc3e-230a-427b-826c-47341d32349c, Parent: local_pub
Element Type: room, Key: local_pub, Parent: root
New Element created: dragon, Parent: darkworld
New Element created: dragon_life, Parent: dragon
Returning row-index: 5
Element Type: attribute, Key: dragon_life, Parent: dragon
Element Type: person, Key: dragon, Parent: darkworld
New Element created: game, Parent: root
New Element created: , Parent: game
Returning row-index: 24
Element Type: enter_message, Key: 3fe2791a-9d8d-435d-9d34-a33581d82439, Parent: game
Element Type: game, Key: game, Parent: root
New Element created: global01, Parent: root
New Element created: , Parent: global01
New Element created: , Parent: c5622ff4-8d62-452d-91de-5c660f224214
Returning row: 2
New Element created: , Parent: global01
New Element created: , Parent: 36e4b1a6-d945-465c-8989-8320d77635d1
Returning row: 5
New Element created: , Parent: global01
New Element created: , Parent: 7716ff11-6805-4b5a-86d5-bd3d202621db
New Element created: , Parent: a12eecd5-5152-4291-aca4-0c744775c1fc
Returning row-index: 14
Returning row-index: 15
New Element created: is_day, Parent: global01
New Element created: is_night, Parent: global01
Returning row-index: 36
Element Type: action, Key: 62befa13-6c57-4a65-a3f9-d66db6b279b4, Parent: c5622ff4-8d62-452d-91de-5c660f224214
Element Type: input, Key: c5622ff4-8d62-452d-91de-5c660f224214, Parent: global01
Element Type: action, Key: 35a8df35-0e7c-435b-b2d5-bf055e86de09, Parent: 36e4b1a6-d945-465c-8989-8320d77635d1
Element Type: input, Key: 36e4b1a6-d945-465c-8989-8320d77635d1, Parent: global01
Element Type: message, Key: 0e90b75c-50a5-4696-9f1d-91ef4d2474f5, Parent: a12eecd5-5152-4291-aca4-0c744775c1fc
Element Type: set, Key: a12eecd5-5152-4291-aca4-0c744775c1fc, Parent: 7716ff11-6805-4b5a-86d5-bd3d202621db
Element Type: input, Key: 7716ff11-6805-4b5a-86d5-bd3d202621db, Parent: global01
Element Type: logic, Key: is_day, Parent: global01
Element Type: logic, Key: is_night, Parent: global01
Element Type: global, Key: global01, Parent: root
New Element created: player, Parent: local_pub
New Element created: player_life, Parent: player
Returning row: 1
New Element created: player_strength, Parent: player
Returning row: 2
New Element created: player_intelligence, Parent: player
Returning row: 3
New Element created: player_cunning, Parent: player
Returning row: 4
New Element created: player_gold, Parent: player
Returning row: 5
New Element created: player_armed, Parent: player
Returning row: 6
New Element created: longsword_01, Parent: player
New Element created: , Parent: longsword_01
Returning row: 9
Returning row-index: 10
Element Type: attribute, Key: player_life, Parent: player
Element Type: attribute, Key: player_strength, Parent: player
Element Type: attribute, Key: player_intelligence, Parent: player
Element Type: attribute, Key: player_cunning, Parent: player
Element Type: attribute, Key: player_gold, Parent: player
Element Type: attribute, Key: player_armed, Parent: player
Element Type: attribute, Key: ddc471af-0381-4237-9b7c-bf21b6334790, Parent: longsword_01
Element Type: weapon, Key: longsword_01, Parent: player
Element Type: player, Key: player, Parent: local_pub
