New Element created: local_pub_north, Parent: root
New Element created: , Parent: local_pub_north
New Element created: , Parent: local_pub_north
New Element created: , Parent: b5a99d2d-7084-4d99-acfc-ba5272a4bcc9
Returning row-index: 14
New Element created: , Parent: local_pub_north
New Element created: , Parent: b166cdb4-a497-426d-8c08-36f2dcdc123c
Returning row: 18
New Element created: , Parent: local_pub_north
New Element created: , Parent: f5818ff9-3341-4f42-9609-b7a73ca4f164
Returning row-index: 26
Returning row-index: 27
New Element created: golden_egg, Parent: local_pub_north
New Element created: , Parent: golden_egg
New Element created: , Parent: golden_egg
New Element created: , Parent: 95c9b93b-e5ad-495e-bc92-342aa61e5afa
Returning row-index: 45
New Element created: , Parent: golden_egg
New Element created: , Parent: b186ee5b-485e-4d52-9e40-13edcf54bd99
Returning row-index: 54
New Element created: , Parent: golden_egg
New Element created: , Parent: dc6119e8-4700-4780-9bbf-61e799a9f745
Returning row-index: 63
New Element created: , Parent: golden_egg
New Element created: , Parent: b4453130-b6d4-4baa-a787-3a698539d216
Returning row: 68
New Element created: , Parent: golden_egg
New Element created: , Parent: 9c205ee4-ec4f-4d8d-9f3a-91d81ffaee5c
Returning row-index: 78
New Element created: , Parent: golden_egg
New Element created: , Parent: 97b4e0d2-de50-4e80-8f1f-c5a4c85a419d
Returning row-index: 88
New Element created: , Parent: golden_egg
New Element created: , Parent: 4e2e464b-d0f7-4bbd-a1b5-74422fc8cbb3
New Element created: , Parent: 4e2e464b-d0f7-4bbd-a1b5-74422fc8cbb3
Returning row: 103
Returning row-index: 104
Element Type: enter_message, Key: ef2c6cdf-8e02-4169-9e9e-fdf5d38e5973, Parent: local_pub_north
Element Type: message, Key: 61acb634-41df-4bd3-a1f6-fadc2568a170, Parent: b5a99d2d-7084-4d99-acfc-ba5272a4bcc9
Element Type: look, Key: b5a99d2d-7084-4d99-acfc-ba5272a4bcc9, Parent: local_pub_north
Element Type: action, Key: bf4b5196-c230-431e-a271-20c578c969ee, Parent: b166cdb4-a497-426d-8c08-36f2dcdc123c
Element Type: input, Key: b166cdb4-a497-426d-8c08-36f2dcdc123c, Parent: local_pub_north
Element Type: move, Key: cda5849d-0e43-4875-9021-2f2d22cd8d23, Parent: f5818ff9-3341-4f42-9609-b7a73ca4f164
Element Type: input, Key: f5818ff9-3341-4f42-9609-b7a73ca4f164, Parent: local_pub_north
Element Type: room, Key: local_pub_north, Parent: root
Element Type: enter_message, Key: 47e86159-74f1-44cf-84d2-712477833b15, Parent: golden_egg
Element Type: message, Key: 5837e4c7-25f1-4e8a-ae17-28979eabe096, Parent: 95c9b93b-e5ad-495e-bc92-342aa61e5afa
Element Type: look, Key: 95c9b93b-e5ad-495e-bc92-342aa61e5afa, Parent: golden_egg
Element Type: message, Key: 4ac04cb2-9ef2-4713-a5b0-eb9574a35838, Parent: b186ee5b-485e-4d52-9e40-13edcf54bd99
Element Type: inspect, Key: b186ee5b-485e-4d52-9e40-13edcf54bd99, Parent: golden_egg
Element Type: message, Key: c1955ca3-b130-480c-93ad-16f569c4085c, Parent: dc6119e8-4700-4780-9bbf-61e799a9f745
Element Type: use_egg, Key: dc6119e8-4700-4780-9bbf-61e799a9f745, Parent: golden_egg
Element Type: action, Key: 46f1c0e2-cd5d-473f-9c77-ad4a4ec8717c, Parent: b4453130-b6d4-4baa-a787-3a698539d216
Element Type: input, Key: b4453130-b6d4-4baa-a787-3a698539d216, Parent: golden_egg
Element Type: move, Key: ddfe8549-17b9-4cc2-9839-83e090ce5563, Parent: 9c205ee4-ec4f-4d8d-9f3a-91d81ffaee5c
Element Type: input, Key: 9c205ee4-ec4f-4d8d-9f3a-91d81ffaee5c, Parent: golden_egg
Element Type: move, Key: 2bf1c2a8-251d-49e0-8933-cd4859be56e5, Parent: 97b4e0d2-de50-4e80-8f1f-c5a4c85a419d
Element Type: input, Key: 97b4e0d2-de50-4e80-8f1f-c5a4c85a419d, Parent: golden_egg
Element Type: logic, Key: 70c6558e-69c7-4381-9d58-491525099c06, Parent: 4e2e464b-d0f7-4bbd-a1b5-74422fc8cbb3
Element Type: action, Key: fab3b747-5550-4a80-af36-9b277ca3a838, Parent: 4e2e464b-d0f7-4bbd-a1b5-74422fc8cbb3
Element Type: input, Key: 4e2e464b-d0f7-4bbd-a1b5-74422fc8cbb3, Parent: golden_egg
Element Type: object, Key: golden_egg, Parent: local_pub_north
New Element created: local_pub, Parent: root
New Element created: , Parent: local_pub
New Element created: , Parent: 4b9d5c55-1d24-4527-8fe0-41411695e7ce
New Element created: , Parent: 97a6b927-7890-4411-bdbf-255ee1319dd7
New Element created: , Parent: 97a6b927-7890-4411-bdbf-255ee1319dd7
Returning row-index: 22
Returning row-index: 23
New Element created: , Parent: local_pub
New Element created: , Parent: 015be0c9-572a-4368-94f9-0be5877392ec
New Element created: , Parent: 015be0c9-572a-4368-94f9-0be5877392ec
Returning row-index: 38
New Element created: , Parent: local_pub
New Element created: , Parent: 7dd6fbdd-69e3-44d9-b805-0bf4282b9c45
Returning row: 43
New Element created: , Parent: local_pub
New Element created: , Parent: 0a1dbe6d-5248-4a99-a47a-14a3f00bc558
Returning row-index: 51
Returning row-index: 52
Element Type: logic, Key: 020628bb-5d8e-417d-a68c-bc5ad267dea5, Parent: 97a6b927-7890-4411-bdbf-255ee1319dd7
Element Type: message, Key: 8843ce84-e4d8-4fae-ac67-0cd25fda7f79, Parent: 97a6b927-7890-4411-bdbf-255ee1319dd7
Element Type: action, Key: 97a6b927-7890-4411-bdbf-255ee1319dd7, Parent: 4b9d5c55-1d24-4527-8fe0-41411695e7ce
Element Type: enter_message, Key: 4b9d5c55-1d24-4527-8fe0-41411695e7ce, Parent: local_pub
Element Type: message, Key: 7dca079f-7f6d-4fe4-9d63-cad0fba6dcd7, Parent: 015be0c9-572a-4368-94f9-0be5877392ec
Element Type: message, Key: f1b29a9e-021c-4555-a989-379e9c9bf42b, Parent: 015be0c9-572a-4368-94f9-0be5877392ec
Element Type: look, Key: 015be0c9-572a-4368-94f9-0be5877392ec, Parent: local_pub
Element Type: action, Key: a65e9ec1-532c-4d89-a6c3-723112c4f626, Parent: 7dd6fbdd-69e3-44d9-b805-0bf4282b9c45
Element Type: input, Key: 7dd6fbdd-69e3-44d9-b805-0bf4282b9c45, Parent: local_pub
Element Type: move, Key: 5c7c4801-f982-4d1b-9175-2bc39edc401b, Parent: 0a1dbe6d-5248-4a99-a47a-14a3f00bc558
Element Type: input, Key: 0a1dbe6d-5248-4a99-a47a-14a3f00bc558, Parent: local_pub
Element Type: room, Key: local_pub, Parent: root
New Element created: dragon, Parent: darkworld
New Element created: dragon_life, Parent: dragon
Returning row-index: 5
Element Type: attribute, Key: dragon_life, Parent: dragon
Element Type: person, Key: dragon, Parent: darkworld
New Element created: game, Parent: root
New Element created: , Parent: game
Returning row-index: 24
Element Type: enter_message, Key: 3fc65130-bffd-4738-a32e-a4caea8c2526, Parent: game
Element Type: game, Key: game, Parent: root
New Element created: global01, Parent: root
New Element created: , Parent: global01
New Element created: , Parent: 801a2e1e-45c0-41ce-945a-9351a391bb2d
Returning row: 2
New Element created: , Parent: global01
New Element created: , Parent: 479de95a-8212-4caf-83dd-d9ecede22d04
Returning row: 5
New Element created: , Parent: global01
New Element created: , Parent: b85df9a4-8fd9-4840-b665-37901271bd29
New Element created: , Parent: f6923fc7-29c0-4a62-a1c7-548cb030ee36
Returning row-index: 14
Returning row-index: 15
Returning row-index: 16
Element Type: action, Key: 64b79135-93a3-4109-868e-8d48a5956e6c, Parent: 801a2e1e-45c0-41ce-945a-9351a391bb2d
Element Type: input, Key: 801a2e1e-45c0-41ce-945a-9351a391bb2d, Parent: global01
Element Type: action, Key: 171179b5-2ede-4ed0-b10c-7e6866eeac9b, Parent: 479de95a-8212-4caf-83dd-d9ecede22d04
Element Type: input, Key: 479de95a-8212-4caf-83dd-d9ecede22d04, Parent: global01
Element Type: message, Key: cbfe2371-0697-441e-ae84-3a4373d37cb3, Parent: f6923fc7-29c0-4a62-a1c7-548cb030ee36
Element Type: set, Key: f6923fc7-29c0-4a62-a1c7-548cb030ee36, Parent: b85df9a4-8fd9-4840-b665-37901271bd29
Element Type: input, Key: b85df9a4-8fd9-4840-b665-37901271bd29, Parent: global01
Element Type: global, Key: global01, Parent: root
New Element created: player, Parent: local_pub
New Element created: player_life, Parent: player
Returning row: 1
New Element created: player_strength, Parent: player
Returning row: 2
New Element created: player_intelligence, Parent: player
Returning row: 3
New Element created: player_cunning, Parent: player
Returning row: 4
New Element created: player_gold, Parent: player
Returning row: 5
New Element created: player_armed, Parent: player
Returning row: 6
New Element created: longsword_01, Parent: player
New Element created: , Parent: longsword_01
Returning row: 9
Returning row-index: 10
Element Type: attribute, Key: player_life, Parent: player
Element Type: attribute, Key: player_strength, Parent: player
Element Type: attribute, Key: player_intelligence, Parent: player
Element Type: attribute, Key: player_cunning, Parent: player
Element Type: attribute, Key: player_gold, Parent: player
Element Type: attribute, Key: player_armed, Parent: player
Element Type: attribute, Key: 77259040-9d9f-471c-89ef-367f2676c2d8, Parent: longsword_01
Element Type: weapon, Key: longsword_01, Parent: player
Element Type: player, Key: player, Parent: local_pub
