New Element created: local_pub_north, Parent: root
New Element created: , Parent: local_pub_north
New Element created: , Parent: local_pub_north
New Element created: , Parent: fba29919-f4ec-43a3-83ab-5c1eaf4b1fac
Returning row-index: 18
New Element created: , Parent: local_pub_north
New Element created: , Parent: 7c4887b1-1bfe-487a-a0cc-4a86897f3136
Returning row: 22
New Element created: , Parent: local_pub_north
New Element created: , Parent: 21ddbb6e-6174-4d9c-b1e1-c7bd3179db81
Returning row-index: 30
Returning row-index: 31
New Element created: golden_egg, Parent: local_pub_north
New Element created: , Parent: golden_egg
New Element created: , Parent: golden_egg
New Element created: , Parent: bd761d2c-3b23-4070-8c29-47f92d04ec4e
Returning row-index: 49
New Element created: , Parent: golden_egg
New Element created: , Parent: bd1c18ea-1989-4813-b60a-1c298615ffa2
Returning row-index: 58
New Element created: , Parent: golden_egg
New Element created: , Parent: 0cafebfe-6954-4876-9998-86859df8ef15
Returning row-index: 67
New Element created: , Parent: golden_egg
New Element created: , Parent: 713155be-5178-4d35-a97b-56f78ffe5783
Returning row: 72
New Element created: , Parent: golden_egg
New Element created: , Parent: 43f0bcc2-35ab-410a-bdd9-f1f44245e1ab
Returning row-index: 82
New Element created: , Parent: golden_egg
New Element created: , Parent: 932cfec4-d50f-4d99-b25b-9c8618fcb7ad
Returning row-index: 92
New Element created: , Parent: golden_egg
New Element created: , Parent: 7145cacc-b512-4517-8b32-94b770b47c00
New Element created: , Parent: 7145cacc-b512-4517-8b32-94b770b47c00
Returning row: 107
Returning row-index: 108
Element Type: enter_message, Key: 72f75086-b951-449b-ada7-0092f82c3c06, Parent: local_pub_north
Element Type: message, Key: 5057c8fb-d9cb-4b99-890e-b85ad229353b, Parent: fba29919-f4ec-43a3-83ab-5c1eaf4b1fac
Element Type: look, Key: fba29919-f4ec-43a3-83ab-5c1eaf4b1fac, Parent: local_pub_north
Element Type: action, Key: 530f9dda-93ee-4b30-8591-8247db6ea91d, Parent: 7c4887b1-1bfe-487a-a0cc-4a86897f3136
Element Type: input, Key: 7c4887b1-1bfe-487a-a0cc-4a86897f3136, Parent: local_pub_north
Element Type: move, Key: 6ce46d53-102b-40e5-9114-834a037343c0, Parent: 21ddbb6e-6174-4d9c-b1e1-c7bd3179db81
Element Type: input, Key: 21ddbb6e-6174-4d9c-b1e1-c7bd3179db81, Parent: local_pub_north
Element Type: room, Key: local_pub_north, Parent: root
Element Type: enter_message, Key: d0992c82-3cbc-471d-ba7a-686a0f58f11a, Parent: golden_egg
Element Type: message, Key: 304f9929-597f-414c-8aa3-d17496f4875d, Parent: bd761d2c-3b23-4070-8c29-47f92d04ec4e
Element Type: look, Key: bd761d2c-3b23-4070-8c29-47f92d04ec4e, Parent: golden_egg
Element Type: message, Key: 340550b1-1980-4658-ad1c-16b05fd37073, Parent: bd1c18ea-1989-4813-b60a-1c298615ffa2
Element Type: inspect, Key: bd1c18ea-1989-4813-b60a-1c298615ffa2, Parent: golden_egg
Element Type: message, Key: a6b62ea9-c742-40f5-b81a-68f22d8885cd, Parent: 0cafebfe-6954-4876-9998-86859df8ef15
Element Type: use_egg, Key: 0cafebfe-6954-4876-9998-86859df8ef15, Parent: golden_egg
Element Type: action, Key: 457ed852-55da-4c2e-b926-e7979b5125af, Parent: 713155be-5178-4d35-a97b-56f78ffe5783
Element Type: input, Key: 713155be-5178-4d35-a97b-56f78ffe5783, Parent: golden_egg
Element Type: move, Key: ef7eb904-68e3-4c08-9878-558764c23013, Parent: 43f0bcc2-35ab-410a-bdd9-f1f44245e1ab
Element Type: input, Key: 43f0bcc2-35ab-410a-bdd9-f1f44245e1ab, Parent: golden_egg
Element Type: move, Key: f5c251fa-24d2-4dc8-baa0-bf22d3986052, Parent: 932cfec4-d50f-4d99-b25b-9c8618fcb7ad
Element Type: input, Key: 932cfec4-d50f-4d99-b25b-9c8618fcb7ad, Parent: golden_egg
Element Type: logic, Key: 21d0b19d-1ec0-4206-8b79-39c1dc76b0b7, Parent: 7145cacc-b512-4517-8b32-94b770b47c00
Element Type: action, Key: 3f7fe883-1400-4429-827d-1756ad2c15f7, Parent: 7145cacc-b512-4517-8b32-94b770b47c00
Element Type: input, Key: 7145cacc-b512-4517-8b32-94b770b47c00, Parent: golden_egg
Element Type: object, Key: golden_egg, Parent: local_pub_north
New Element created: local_pub, Parent: root
New Element created: , Parent: local_pub
New Element created: , Parent: a256a692-f4e5-423d-a5ea-be2644b0f72f
New Element created: , Parent: 8be3b6cf-a901-4162-9458-07cd4d63168e
New Element created: , Parent: 8be3b6cf-a901-4162-9458-07cd4d63168e
Returning row-index: 22
Returning row-index: 23
New Element created: , Parent: local_pub
New Element created: , Parent: 118b0b26-949e-4bd2-82d7-9dcc99bf2ecb
New Element created: , Parent: 118b0b26-949e-4bd2-82d7-9dcc99bf2ecb
Returning row-index: 38
New Element created: , Parent: local_pub
New Element created: , Parent: b4043057-f353-49b2-beca-bccb67f1ad21
Returning row: 43
New Element created: , Parent: local_pub
New Element created: , Parent: 2bf841ef-a791-4273-b240-81531dbebd50
Returning row-index: 51
Returning row-index: 52
Element Type: logic, Key: b453d1ea-3147-4e52-bb17-fc40d7e982b2, Parent: 8be3b6cf-a901-4162-9458-07cd4d63168e
Element Type: message, Key: 704ea804-e940-474b-9143-ac762fb43f52, Parent: 8be3b6cf-a901-4162-9458-07cd4d63168e
Element Type: action, Key: 8be3b6cf-a901-4162-9458-07cd4d63168e, Parent: a256a692-f4e5-423d-a5ea-be2644b0f72f
Element Type: enter_message, Key: a256a692-f4e5-423d-a5ea-be2644b0f72f, Parent: local_pub
Element Type: message, Key: 34b53194-d33b-40ce-945c-e37274cada8a, Parent: 118b0b26-949e-4bd2-82d7-9dcc99bf2ecb
Element Type: message, Key: dbdbac53-393d-48e7-be88-7397673d28fa, Parent: 118b0b26-949e-4bd2-82d7-9dcc99bf2ecb
Element Type: look, Key: 118b0b26-949e-4bd2-82d7-9dcc99bf2ecb, Parent: local_pub
Element Type: action, Key: a6693576-72a8-4e50-87b7-fc912259e2ed, Parent: b4043057-f353-49b2-beca-bccb67f1ad21
Element Type: input, Key: b4043057-f353-49b2-beca-bccb67f1ad21, Parent: local_pub
Element Type: move, Key: fe145069-e71d-457f-a5e6-05f0458aadd1, Parent: 2bf841ef-a791-4273-b240-81531dbebd50
Element Type: input, Key: 2bf841ef-a791-4273-b240-81531dbebd50, Parent: local_pub
Element Type: room, Key: local_pub, Parent: root
New Element created: dragon, Parent: darkworld
New Element created: dragon_life, Parent: dragon
Returning row-index: 5
Element Type: attribute, Key: dragon_life, Parent: dragon
Element Type: person, Key: dragon, Parent: darkworld
New Element created: game, Parent: root
New Element created: , Parent: game
Returning row-index: 24
Element Type: enter_message, Key: fedb8ce5-9304-4bb0-b975-4273706278f5, Parent: game
Element Type: game, Key: game, Parent: root
New Element created: global01, Parent: root
New Element created: , Parent: global01
New Element created: , Parent: 6bda0634-738f-445f-9daf-35a86afa4edf
Returning row: 2
New Element created: , Parent: global01
New Element created: , Parent: 6049472c-abc3-45e1-948b-d3258b5ef319
Returning row: 5
New Element created: , Parent: global01
New Element created: , Parent: b084da01-7ec3-485b-8e0a-8d8e21c62753
New Element created: , Parent: 72b8fd54-33e6-4c54-b2f5-e5835d5219ee
Returning row-index: 14
Returning row-index: 15
New Element created: is_day, Parent: global01
New Element created: is_night, Parent: global01
Returning row-index: 36
Element Type: action, Key: 3ed896ac-1492-4b78-bbf8-e1f241142baf, Parent: 6bda0634-738f-445f-9daf-35a86afa4edf
Element Type: input, Key: 6bda0634-738f-445f-9daf-35a86afa4edf, Parent: global01
Element Type: action, Key: 42b20b40-aedd-47dd-af8c-fe54af7ed011, Parent: 6049472c-abc3-45e1-948b-d3258b5ef319
Element Type: input, Key: 6049472c-abc3-45e1-948b-d3258b5ef319, Parent: global01
Element Type: message, Key: 30a4f4c4-d4d0-4954-a4da-ddb2913a4c0f, Parent: 72b8fd54-33e6-4c54-b2f5-e5835d5219ee
Element Type: set, Key: 72b8fd54-33e6-4c54-b2f5-e5835d5219ee, Parent: b084da01-7ec3-485b-8e0a-8d8e21c62753
Element Type: input, Key: b084da01-7ec3-485b-8e0a-8d8e21c62753, Parent: global01
Element Type: logic, Key: is_day, Parent: global01
Element Type: logic, Key: is_night, Parent: global01
Element Type: global, Key: global01, Parent: root
New Element created: player, Parent: local_pub
New Element created: player_life, Parent: player
Returning row: 1
New Element created: player_strength, Parent: player
Returning row: 2
New Element created: player_intelligence, Parent: player
Returning row: 3
New Element created: player_cunning, Parent: player
Returning row: 4
New Element created: player_gold, Parent: player
Returning row: 5
New Element created: player_armed, Parent: player
Returning row: 6
New Element created: longsword_01, Parent: player
New Element created: , Parent: longsword_01
Returning row: 9
Returning row-index: 10
Element Type: attribute, Key: player_life, Parent: player
Element Type: attribute, Key: player_strength, Parent: player
Element Type: attribute, Key: player_intelligence, Parent: player
Element Type: attribute, Key: player_cunning, Parent: player
Element Type: attribute, Key: player_gold, Parent: player
Element Type: attribute, Key: player_armed, Parent: player
Element Type: attribute, Key: 1d24295c-8930-4232-b4f1-7fa2d51a4698, Parent: longsword_01
Element Type: weapon, Key: longsword_01, Parent: player
Element Type: player, Key: player, Parent: local_pub
