New Element created: local_pub_north, Parent: root
New Element created: , Parent: local_pub_north
New Element created: , Parent: local_pub_north
New Element created: , Parent: 0e1640c4-8c4f-45d8-8af5-64a3a8242385
Returning row-index: 16
New Element created: , Parent: local_pub_north
New Element created: , Parent: 17dd5508-ba97-40cc-a67a-3faa38baba8f
Returning row: 20
New Element created: , Parent: local_pub_north
New Element created: , Parent: 27ace3a6-5943-4b81-946c-43abd81c9dd9
Returning row-index: 28
Returning row-index: 29
New Element created: golden_egg, Parent: local_pub_north
New Element created: , Parent: golden_egg
New Element created: , Parent: golden_egg
New Element created: , Parent: a9e4705b-0908-4433-82f3-69164fe1f272
Returning row-index: 47
New Element created: , Parent: golden_egg
New Element created: , Parent: 8ca1eeaa-1a15-4724-9091-3184b591f00e
Returning row-index: 56
New Element created: , Parent: golden_egg
New Element created: , Parent: fc26e98a-37f1-4d2d-9641-b1113accf095
Returning row-index: 65
New Element created: , Parent: golden_egg
New Element created: , Parent: 6d356ca3-9f78-4331-a586-f15bf6cdd1b0
Returning row: 70
New Element created: , Parent: golden_egg
New Element created: , Parent: 767ec4bb-8135-4d95-9499-23174530c2e9
Returning row-index: 80
New Element created: , Parent: golden_egg
New Element created: , Parent: ed045873-3203-4ada-bf70-3aa0232c1182
Returning row-index: 90
New Element created: , Parent: golden_egg
New Element created: , Parent: 7e05c7d2-98b6-4294-a983-e4cfa3c2cddb
New Element created: , Parent: 7e05c7d2-98b6-4294-a983-e4cfa3c2cddb
Returning row: 105
Returning row-index: 106
Element Type: enter_message, Key: c1d3e80b-4c13-455b-b1a4-289338847f02, Parent: local_pub_north
Element Type: message, Key: 56777063-0828-4c1c-bd9f-dd2bd87f80fd, Parent: 0e1640c4-8c4f-45d8-8af5-64a3a8242385
Element Type: look, Key: 0e1640c4-8c4f-45d8-8af5-64a3a8242385, Parent: local_pub_north
Element Type: action, Key: 9f39f633-9d50-462c-9595-df725623bf17, Parent: 17dd5508-ba97-40cc-a67a-3faa38baba8f
Element Type: input, Key: 17dd5508-ba97-40cc-a67a-3faa38baba8f, Parent: local_pub_north
Element Type: move, Key: 8b0e3318-26af-438c-9d47-b388ae3340c7, Parent: 27ace3a6-5943-4b81-946c-43abd81c9dd9
Element Type: input, Key: 27ace3a6-5943-4b81-946c-43abd81c9dd9, Parent: local_pub_north
Element Type: room, Key: local_pub_north, Parent: root
Element Type: enter_message, Key: 2f39ce05-912b-4001-bbad-0854268a2fc8, Parent: golden_egg
Element Type: message, Key: 5a7a09fc-3854-4b3e-b807-8f19c97b3898, Parent: a9e4705b-0908-4433-82f3-69164fe1f272
Element Type: look, Key: a9e4705b-0908-4433-82f3-69164fe1f272, Parent: golden_egg
Element Type: message, Key: 8a916e16-7dde-4096-8af2-27561b81b066, Parent: 8ca1eeaa-1a15-4724-9091-3184b591f00e
Element Type: inspect, Key: 8ca1eeaa-1a15-4724-9091-3184b591f00e, Parent: golden_egg
Element Type: message, Key: 7b0a6c98-5044-4c10-92ab-a967124368ac, Parent: fc26e98a-37f1-4d2d-9641-b1113accf095
Element Type: use_egg, Key: fc26e98a-37f1-4d2d-9641-b1113accf095, Parent: golden_egg
Element Type: action, Key: 03a1558d-602c-48da-813c-7ef36a7149e6, Parent: 6d356ca3-9f78-4331-a586-f15bf6cdd1b0
Element Type: input, Key: 6d356ca3-9f78-4331-a586-f15bf6cdd1b0, Parent: golden_egg
Element Type: move, Key: fc2e9d82-0d39-443a-8408-01432fd11815, Parent: 767ec4bb-8135-4d95-9499-23174530c2e9
Element Type: input, Key: 767ec4bb-8135-4d95-9499-23174530c2e9, Parent: golden_egg
Element Type: move, Key: 83474d83-b127-4ead-a467-6ff89bfcebe2, Parent: ed045873-3203-4ada-bf70-3aa0232c1182
Element Type: input, Key: ed045873-3203-4ada-bf70-3aa0232c1182, Parent: golden_egg
Element Type: logic, Key: 772c39e3-2505-4969-af39-8cb3ff0ce9d5, Parent: 7e05c7d2-98b6-4294-a983-e4cfa3c2cddb
Element Type: action, Key: f7af1f72-b585-415c-a4ce-f51cdfe15a94, Parent: 7e05c7d2-98b6-4294-a983-e4cfa3c2cddb
Element Type: input, Key: 7e05c7d2-98b6-4294-a983-e4cfa3c2cddb, Parent: golden_egg
Element Type: object, Key: golden_egg, Parent: local_pub_north
New Element created: local_pub, Parent: root
New Element created: , Parent: local_pub
New Element created: , Parent: ba2c2b4e-51da-452c-8078-18ec2eb626c5
New Element created: , Parent: b6a21b85-0dfc-4013-8439-e72fee894676
New Element created: , Parent: b6a21b85-0dfc-4013-8439-e72fee894676
Returning row-index: 22
Returning row-index: 23
New Element created: , Parent: local_pub
New Element created: , Parent: cfb63e3c-8c3a-4d45-b635-eb5eb26d8690
New Element created: , Parent: cfb63e3c-8c3a-4d45-b635-eb5eb26d8690
Returning row-index: 38
New Element created: , Parent: local_pub
New Element created: , Parent: e9080385-7c47-47ac-b35a-f2311c3e274a
Returning row: 43
New Element created: , Parent: local_pub
New Element created: , Parent: 59530b17-bd01-4938-8755-102793f4024d
Returning row-index: 51
Returning row-index: 52
Element Type: logic, Key: 1bc360b7-4250-4380-92af-2804b03cf253, Parent: b6a21b85-0dfc-4013-8439-e72fee894676
Element Type: message, Key: 80f1a1db-2cfc-4387-8b8e-147e3d986f61, Parent: b6a21b85-0dfc-4013-8439-e72fee894676
Element Type: action, Key: b6a21b85-0dfc-4013-8439-e72fee894676, Parent: ba2c2b4e-51da-452c-8078-18ec2eb626c5
Element Type: enter_message, Key: ba2c2b4e-51da-452c-8078-18ec2eb626c5, Parent: local_pub
Element Type: message, Key: c7f5dcaa-6f8a-4d51-aca1-426966eecdd7, Parent: cfb63e3c-8c3a-4d45-b635-eb5eb26d8690
Element Type: message, Key: eb13a734-46bd-44f8-8d58-b18c45dc74fa, Parent: cfb63e3c-8c3a-4d45-b635-eb5eb26d8690
Element Type: look, Key: cfb63e3c-8c3a-4d45-b635-eb5eb26d8690, Parent: local_pub
Element Type: action, Key: 0a020000-ae95-4c39-83be-dd89f48486d7, Parent: e9080385-7c47-47ac-b35a-f2311c3e274a
Element Type: input, Key: e9080385-7c47-47ac-b35a-f2311c3e274a, Parent: local_pub
Element Type: move, Key: 48a87453-cadb-420a-ad41-3c6d511c8f0d, Parent: 59530b17-bd01-4938-8755-102793f4024d
Element Type: input, Key: 59530b17-bd01-4938-8755-102793f4024d, Parent: local_pub
Element Type: room, Key: local_pub, Parent: root
New Element created: dragon, Parent: darkworld
New Element created: dragon_life, Parent: dragon
Returning row-index: 5
Element Type: attribute, Key: dragon_life, Parent: dragon
Element Type: person, Key: dragon, Parent: darkworld
New Element created: game, Parent: root
New Element created: , Parent: game
Returning row-index: 24
Element Type: enter_message, Key: 95e0800d-a9f2-4e70-972a-1d281eb5ec7e, Parent: game
Element Type: game, Key: game, Parent: root
New Element created: global01, Parent: root
New Element created: , Parent: global01
New Element created: , Parent: 87a39a67-1af2-4655-b8c8-e64e14242184
Returning row: 2
New Element created: , Parent: global01
New Element created: , Parent: 83a8557d-ca31-42d3-b8a1-52694f60cb37
Returning row: 5
New Element created: , Parent: global01
New Element created: , Parent: 3ed663c1-a37f-4ec0-aef7-a926e7608e35
New Element created: , Parent: 5de0e02b-1b83-4aa1-b799-4bf9273c25c0
Returning row-index: 14
Returning row-index: 15
New Element created: is_day, Parent: global01
New Element created: is_night, Parent: global01
Returning row-index: 36
Element Type: action, Key: 40574347-ea79-4446-bde6-44a0b2b86e86, Parent: 87a39a67-1af2-4655-b8c8-e64e14242184
Element Type: input, Key: 87a39a67-1af2-4655-b8c8-e64e14242184, Parent: global01
Element Type: action, Key: 3d192045-492f-4345-bbb9-d1594f0dd893, Parent: 83a8557d-ca31-42d3-b8a1-52694f60cb37
Element Type: input, Key: 83a8557d-ca31-42d3-b8a1-52694f60cb37, Parent: global01
Element Type: message, Key: f583ea29-6f91-48ac-b1fe-37f476a0ce83, Parent: 5de0e02b-1b83-4aa1-b799-4bf9273c25c0
Element Type: set, Key: 5de0e02b-1b83-4aa1-b799-4bf9273c25c0, Parent: 3ed663c1-a37f-4ec0-aef7-a926e7608e35
Element Type: input, Key: 3ed663c1-a37f-4ec0-aef7-a926e7608e35, Parent: global01
Element Type: logic, Key: is_day, Parent: global01
Element Type: logic, Key: is_night, Parent: global01
Element Type: global, Key: global01, Parent: root
New Element created: player, Parent: local_pub
New Element created: player_life, Parent: player
Returning row: 1
New Element created: player_strength, Parent: player
Returning row: 2
New Element created: player_intelligence, Parent: player
Returning row: 3
New Element created: player_cunning, Parent: player
Returning row: 4
New Element created: player_gold, Parent: player
Returning row: 5
New Element created: player_armed, Parent: player
Returning row: 6
New Element created: longsword_01, Parent: player
New Element created: , Parent: longsword_01
Returning row: 9
Returning row-index: 10
Element Type: attribute, Key: player_life, Parent: player
Element Type: attribute, Key: player_strength, Parent: player
Element Type: attribute, Key: player_intelligence, Parent: player
Element Type: attribute, Key: player_cunning, Parent: player
Element Type: attribute, Key: player_gold, Parent: player
Element Type: attribute, Key: player_armed, Parent: player
Element Type: attribute, Key: 655c93bd-c938-484c-b8b7-b91eabe89120, Parent: longsword_01
Element Type: weapon, Key: longsword_01, Parent: player
Element Type: player, Key: player, Parent: local_pub
