New Element created: local_pub_north, Parent: root
New Element created: , Parent: local_pub_north
New Element created: , Parent: local_pub_north
New Element created: , Parent: f612cd49-e14c-4712-a3ce-b830deea5d78
Returning row-index: 18
New Element created: , Parent: local_pub_north
New Element created: , Parent: c99f81de-d687-4e14-97cf-9496ca1a49c5
Returning row: 22
New Element created: , Parent: local_pub_north
New Element created: , Parent: 5c4a5270-094a-4ef6-9fc1-b301f956ca51
Returning row-index: 30
New Element created: golden_egg, Parent: local_pub_north
New Element created: , Parent: golden_egg
New Element created: , Parent: golden_egg
New Element created: , Parent: 7eb8f7c3-2d21-4d03-af3a-f442b2273c4d
Returning row-index: 50
New Element created: , Parent: golden_egg
New Element created: , Parent: d1851b6a-0524-4445-9f31-0e9e50f23b38
Returning row-index: 59
New Element created: , Parent: golden_egg
New Element created: , Parent: 06a6223e-d9f0-4373-b151-22f9fbac4d00
Returning row-index: 68
New Element created: , Parent: golden_egg
New Element created: , Parent: 764c8f8a-19fc-4e72-90f8-8749d7d1c9c3
Returning row: 73
New Element created: , Parent: golden_egg
New Element created: , Parent: ce79a280-08ed-4d6d-95fc-bd513d44b8b5
Returning row-index: 83
New Element created: , Parent: golden_egg
New Element created: , Parent: 5bf892b8-5620-4d2b-9d31-6ecb5d532f18
Returning row-index: 93
New Element created: , Parent: golden_egg
New Element created: , Parent: cdfa5881-430d-424f-9e82-d35966a3dced
New Element created: , Parent: cdfa5881-430d-424f-9e82-d35966a3dced
Returning row: 108
Returning row-index: 109
Returning row-index: 110
Element Type: enter_message, Key: a0864718-8b01-433c-bbb8-b35e9bfee712, Parent: local_pub_north
Element Type: message, Key: 4751e272-229a-4637-9635-8dfb812cbf2f, Parent: f612cd49-e14c-4712-a3ce-b830deea5d78
Element Type: look, Key: f612cd49-e14c-4712-a3ce-b830deea5d78, Parent: local_pub_north
Element Type: action, Key: b43d2c14-9b97-4485-bace-07c0d0cd2961, Parent: c99f81de-d687-4e14-97cf-9496ca1a49c5
Element Type: input, Key: c99f81de-d687-4e14-97cf-9496ca1a49c5, Parent: local_pub_north
Element Type: move, Key: 510224a6-5b2e-40c0-af12-afabc5c6d7b1, Parent: 5c4a5270-094a-4ef6-9fc1-b301f956ca51
Element Type: input, Key: 5c4a5270-094a-4ef6-9fc1-b301f956ca51, Parent: local_pub_north
Element Type: enter_message, Key: e8770e5e-b844-45f4-99f9-03f3215bf24b, Parent: golden_egg
Element Type: message, Key: c938ba6d-6313-4987-816c-2843aa8dd89b, Parent: 7eb8f7c3-2d21-4d03-af3a-f442b2273c4d
Element Type: look, Key: 7eb8f7c3-2d21-4d03-af3a-f442b2273c4d, Parent: golden_egg
Element Type: message, Key: 167db203-4ab1-49a4-85c8-280caadb6e21, Parent: d1851b6a-0524-4445-9f31-0e9e50f23b38
Element Type: inspect, Key: d1851b6a-0524-4445-9f31-0e9e50f23b38, Parent: golden_egg
Element Type: message, Key: 9695382f-8200-4314-9f0a-5cdbab9bbf41, Parent: 06a6223e-d9f0-4373-b151-22f9fbac4d00
Element Type: use_egg, Key: 06a6223e-d9f0-4373-b151-22f9fbac4d00, Parent: golden_egg
Element Type: action, Key: 91e0a8f1-d3ba-4479-bd6c-bd5b6245e2d5, Parent: 764c8f8a-19fc-4e72-90f8-8749d7d1c9c3
Element Type: input, Key: 764c8f8a-19fc-4e72-90f8-8749d7d1c9c3, Parent: golden_egg
Element Type: move, Key: 45a4d4cd-44f9-4f1b-8119-9bafffe4a526, Parent: ce79a280-08ed-4d6d-95fc-bd513d44b8b5
Element Type: input, Key: ce79a280-08ed-4d6d-95fc-bd513d44b8b5, Parent: golden_egg
Element Type: move, Key: 1d9811e8-ac1e-4c66-8a28-1f4165983588, Parent: 5bf892b8-5620-4d2b-9d31-6ecb5d532f18
Element Type: input, Key: 5bf892b8-5620-4d2b-9d31-6ecb5d532f18, Parent: golden_egg
Element Type: logic, Key: 29a67eed-1282-4b39-995d-cd7d6dbe1632, Parent: cdfa5881-430d-424f-9e82-d35966a3dced
Element Type: action, Key: 12a9030a-86d2-49f5-9caf-6e614ce9806e, Parent: cdfa5881-430d-424f-9e82-d35966a3dced
Element Type: input, Key: cdfa5881-430d-424f-9e82-d35966a3dced, Parent: golden_egg
Element Type: object, Key: golden_egg, Parent: local_pub_north
Element Type: room, Key: local_pub_north, Parent: root
New Element created: local_pub, Parent: root
New Element created: , Parent: local_pub
New Element created: , Parent: 515abc7e-f31c-4c6c-8a76-d8c521608118
New Element created: , Parent: 57f2ee78-f944-4929-aa37-5a642b54864c
New Element created: , Parent: 57f2ee78-f944-4929-aa37-5a642b54864c
Returning row-index: 22
Returning row-index: 23
New Element created: , Parent: local_pub
New Element created: , Parent: d6c14f21-b00d-44bf-9043-a6babb4ad109
New Element created: , Parent: d6c14f21-b00d-44bf-9043-a6babb4ad109
Returning row-index: 38
New Element created: , Parent: local_pub
New Element created: , Parent: cb30ea27-3dfa-4c00-ade6-12737f6e5151
Returning row: 43
New Element created: , Parent: local_pub
New Element created: , Parent: eabee883-3eea-4a26-83b6-5026439f0a72
Returning row-index: 51
Returning row-index: 52
Element Type: logic, Key: 1b9d5800-534b-457c-87eb-8e9ba360c482, Parent: 57f2ee78-f944-4929-aa37-5a642b54864c
Element Type: message, Key: da4b1ff7-bf5a-41e8-a826-29c01fe8900f, Parent: 57f2ee78-f944-4929-aa37-5a642b54864c
Element Type: action, Key: 57f2ee78-f944-4929-aa37-5a642b54864c, Parent: 515abc7e-f31c-4c6c-8a76-d8c521608118
Element Type: enter_message, Key: 515abc7e-f31c-4c6c-8a76-d8c521608118, Parent: local_pub
Element Type: message, Key: 3db2a45a-d50c-4446-8a1f-a1a285b17e22, Parent: d6c14f21-b00d-44bf-9043-a6babb4ad109
Element Type: message, Key: 1f237653-2308-4835-a3b6-52cbde42e295, Parent: d6c14f21-b00d-44bf-9043-a6babb4ad109
Element Type: look, Key: d6c14f21-b00d-44bf-9043-a6babb4ad109, Parent: local_pub
Element Type: action, Key: b08c7c99-08a4-42ae-8e20-42da6a30189d, Parent: cb30ea27-3dfa-4c00-ade6-12737f6e5151
Element Type: input, Key: cb30ea27-3dfa-4c00-ade6-12737f6e5151, Parent: local_pub
Element Type: move, Key: 82a7482c-8f50-4ee8-8839-f7bbf4c20262, Parent: eabee883-3eea-4a26-83b6-5026439f0a72
Element Type: input, Key: eabee883-3eea-4a26-83b6-5026439f0a72, Parent: local_pub
Element Type: room, Key: local_pub, Parent: root
New Element created: dragon, Parent: darkworld
New Element created: dragon_life, Parent: dragon
Returning row-index: 5
Element Type: attribute, Key: dragon_life, Parent: dragon
Element Type: person, Key: dragon, Parent: darkworld
New Element created: game, Parent: root
New Element created: , Parent: game
Returning row-index: 24
Element Type: enter_message, Key: 0b710268-ed73-4c0a-8b85-a4fa67ede08c, Parent: game
Element Type: game, Key: game, Parent: root
New Element created: global01, Parent: root
New Element created: , Parent: global01
New Element created: , Parent: b5d7aa47-fed5-48fe-9ae4-871a5b038b42
Returning row: 2
New Element created: , Parent: global01
New Element created: , Parent: 55e037fe-4d33-40ea-849f-ab813c8cd328
Returning row: 5
New Element created: , Parent: global01
New Element created: , Parent: c7edf09a-5d7e-4f61-8074-18246386ebba
New Element created: , Parent: abe9714a-4ad5-43ac-b6b9-13dbbe478887
Returning row-index: 14
Returning row-index: 15
New Element created: is_day, Parent: global01
New Element created: is_night, Parent: global01
Returning row-index: 36
Element Type: action, Key: a1cde051-e197-40bd-9e4e-09fc89568923, Parent: b5d7aa47-fed5-48fe-9ae4-871a5b038b42
Element Type: input, Key: b5d7aa47-fed5-48fe-9ae4-871a5b038b42, Parent: global01
Element Type: action, Key: 570ac1ae-abe1-4d43-8738-80303158cb83, Parent: 55e037fe-4d33-40ea-849f-ab813c8cd328
Element Type: input, Key: 55e037fe-4d33-40ea-849f-ab813c8cd328, Parent: global01
Element Type: message, Key: a0c60059-c45f-4a38-88b5-d55d7ae086b0, Parent: abe9714a-4ad5-43ac-b6b9-13dbbe478887
Element Type: set, Key: abe9714a-4ad5-43ac-b6b9-13dbbe478887, Parent: c7edf09a-5d7e-4f61-8074-18246386ebba
Element Type: input, Key: c7edf09a-5d7e-4f61-8074-18246386ebba, Parent: global01
Element Type: logic, Key: is_day, Parent: global01
Element Type: logic, Key: is_night, Parent: global01
Element Type: global, Key: global01, Parent: root
New Element created: player, Parent: local_pub
New Element created: player_life, Parent: player
Returning row: 1
New Element created: player_strength, Parent: player
Returning row: 2
New Element created: player_intelligence, Parent: player
Returning row: 3
New Element created: player_cunning, Parent: player
Returning row: 4
New Element created: player_gold, Parent: player
Returning row: 5
New Element created: player_armed, Parent: player
Returning row: 6
New Element created: longsword_01, Parent: player
New Element created: , Parent: longsword_01
Returning row: 9
Returning row-index: 10
Element Type: attribute, Key: player_life, Parent: player
Element Type: attribute, Key: player_strength, Parent: player
Element Type: attribute, Key: player_intelligence, Parent: player
Element Type: attribute, Key: player_cunning, Parent: player
Element Type: attribute, Key: player_gold, Parent: player
Element Type: attribute, Key: player_armed, Parent: player
Element Type: attribute, Key: 521ef926-c19c-4434-b3e6-1e53955253f1, Parent: longsword_01
Element Type: weapon, Key: longsword_01, Parent: player
Element Type: player, Key: player, Parent: local_pub
