New Element created: local_pub_north, Parent: root
New Element created: , Parent: local_pub_north
New Element created: , Parent: local_pub_north
New Element created: , Parent: 1c46fbf4-3ae6-4f90-be93-f7d6c0402545
Returning row-index: 18
New Element created: , Parent: local_pub_north
New Element created: , Parent: e631a6fb-58e8-46b9-b4eb-f80c99c87cdd
Returning row: 22
New Element created: , Parent: local_pub_north
New Element created: , Parent: b5df3955-8cad-4dd8-ad92-823f505a4614
Returning row-index: 30
Returning row-index: 31
New Element created: golden_egg, Parent: local_pub_north
New Element created: , Parent: golden_egg
New Element created: , Parent: golden_egg
New Element created: , Parent: 70cc072a-3ea0-43c8-ba73-acabe4ec4934
Returning row-index: 49
New Element created: , Parent: golden_egg
New Element created: , Parent: 4ea3c3b8-a3c5-4bed-a170-d23e9cdb2a95
Returning row-index: 58
New Element created: , Parent: golden_egg
New Element created: , Parent: fc0b4c1d-9605-4454-ad6a-4fa1499185ec
Returning row-index: 67
New Element created: , Parent: golden_egg
New Element created: , Parent: e2b81e70-b408-4369-b7c9-19003c8e5e57
Returning row: 72
New Element created: , Parent: golden_egg
New Element created: , Parent: 9a3de248-a3d0-4d4f-ade8-0ec067542437
Returning row-index: 82
New Element created: , Parent: golden_egg
New Element created: , Parent: a0c6dc70-b8ec-4aac-8c6d-34450a2a52db
Returning row-index: 92
New Element created: , Parent: golden_egg
New Element created: , Parent: ad851923-d96e-4928-9351-e641cdb3c4be
New Element created: , Parent: ad851923-d96e-4928-9351-e641cdb3c4be
Returning row: 107
Returning row-index: 108
Element Type: enter_message, Key: 7fa1531a-6686-41e4-a57b-7a5bfa289285, Parent: local_pub_north
Element Type: message, Key: 01b2488a-9698-4615-9549-1510f04b83d1, Parent: 1c46fbf4-3ae6-4f90-be93-f7d6c0402545
Element Type: look, Key: 1c46fbf4-3ae6-4f90-be93-f7d6c0402545, Parent: local_pub_north
Element Type: action, Key: ba65802b-e1c7-4a19-9a68-fdc274779752, Parent: e631a6fb-58e8-46b9-b4eb-f80c99c87cdd
Element Type: input, Key: e631a6fb-58e8-46b9-b4eb-f80c99c87cdd, Parent: local_pub_north
Element Type: move, Key: ee389e01-6dd0-44d6-8e7a-19923876accf, Parent: b5df3955-8cad-4dd8-ad92-823f505a4614
Element Type: input, Key: b5df3955-8cad-4dd8-ad92-823f505a4614, Parent: local_pub_north
Element Type: room, Key: local_pub_north, Parent: root
Element Type: enter_message, Key: fc913d9f-6f6e-4e1f-9194-04c53a9f6516, Parent: golden_egg
Element Type: message, Key: a51e3a17-1127-4d19-aa65-94f5d1504822, Parent: 70cc072a-3ea0-43c8-ba73-acabe4ec4934
Element Type: look, Key: 70cc072a-3ea0-43c8-ba73-acabe4ec4934, Parent: golden_egg
Element Type: message, Key: 5b347956-aeb8-4988-808e-dc84e6240077, Parent: 4ea3c3b8-a3c5-4bed-a170-d23e9cdb2a95
Element Type: inspect, Key: 4ea3c3b8-a3c5-4bed-a170-d23e9cdb2a95, Parent: golden_egg
Element Type: message, Key: 057d123c-42a7-4061-8ecc-6360d0947889, Parent: fc0b4c1d-9605-4454-ad6a-4fa1499185ec
Element Type: use_egg, Key: fc0b4c1d-9605-4454-ad6a-4fa1499185ec, Parent: golden_egg
Element Type: action, Key: 862e4092-461f-412c-b8b1-dc77907e240f, Parent: e2b81e70-b408-4369-b7c9-19003c8e5e57
Element Type: input, Key: e2b81e70-b408-4369-b7c9-19003c8e5e57, Parent: golden_egg
Element Type: move, Key: 663ed874-d203-4673-aa1c-f4d949a1ac1d, Parent: 9a3de248-a3d0-4d4f-ade8-0ec067542437
Element Type: input, Key: 9a3de248-a3d0-4d4f-ade8-0ec067542437, Parent: golden_egg
Element Type: move, Key: 8fb39950-0338-457b-885b-472c5f7cfd84, Parent: a0c6dc70-b8ec-4aac-8c6d-34450a2a52db
Element Type: input, Key: a0c6dc70-b8ec-4aac-8c6d-34450a2a52db, Parent: golden_egg
Element Type: logic, Key: 90b71e62-48f5-46d0-af5f-2fd9b1b74997, Parent: ad851923-d96e-4928-9351-e641cdb3c4be
Element Type: action, Key: edec4cd7-e079-49c6-8f1c-960326731e3a, Parent: ad851923-d96e-4928-9351-e641cdb3c4be
Element Type: input, Key: ad851923-d96e-4928-9351-e641cdb3c4be, Parent: golden_egg
Element Type: object, Key: golden_egg, Parent: local_pub_north
New Element created: local_pub, Parent: root
New Element created: , Parent: local_pub
New Element created: , Parent: 00cfc4d2-fbce-4cc0-adc0-ab26f4a48e35
New Element created: , Parent: 6357c11f-9615-4f41-b22a-e4e9b04fbded
New Element created: , Parent: 6357c11f-9615-4f41-b22a-e4e9b04fbded
Returning row-index: 22
Returning row-index: 23
New Element created: , Parent: local_pub
New Element created: , Parent: 43d4058d-92b9-4fce-abeb-dfdc1eff7e20
New Element created: , Parent: 43d4058d-92b9-4fce-abeb-dfdc1eff7e20
Returning row-index: 38
New Element created: , Parent: local_pub
New Element created: , Parent: 7fcbdb3d-5660-418c-8e1e-c2e332562e49
Returning row: 43
New Element created: , Parent: local_pub
New Element created: , Parent: b14de4e0-f5f6-4acc-be76-284540fa0a92
Returning row-index: 51
Returning row-index: 52
Element Type: logic, Key: 6c1898d6-548e-40e7-bb95-fb77e9dc5d5d, Parent: 6357c11f-9615-4f41-b22a-e4e9b04fbded
Element Type: message, Key: be681f45-aeb4-49a2-b8ff-29752321a4e2, Parent: 6357c11f-9615-4f41-b22a-e4e9b04fbded
Element Type: action, Key: 6357c11f-9615-4f41-b22a-e4e9b04fbded, Parent: 00cfc4d2-fbce-4cc0-adc0-ab26f4a48e35
Element Type: enter_message, Key: 00cfc4d2-fbce-4cc0-adc0-ab26f4a48e35, Parent: local_pub
Element Type: message, Key: 2392e71e-2b17-4d43-baa7-52f9f25e53a5, Parent: 43d4058d-92b9-4fce-abeb-dfdc1eff7e20
Element Type: message, Key: 8f5654f0-70e2-4288-9e20-b858d5657c4a, Parent: 43d4058d-92b9-4fce-abeb-dfdc1eff7e20
Element Type: look, Key: 43d4058d-92b9-4fce-abeb-dfdc1eff7e20, Parent: local_pub
Element Type: action, Key: 4e3f5a7f-5521-458f-a9e8-7569f6cfcdb5, Parent: 7fcbdb3d-5660-418c-8e1e-c2e332562e49
Element Type: input, Key: 7fcbdb3d-5660-418c-8e1e-c2e332562e49, Parent: local_pub
Element Type: move, Key: b9584d3d-cf5e-4e5e-8e4e-6932644b2d20, Parent: b14de4e0-f5f6-4acc-be76-284540fa0a92
Element Type: input, Key: b14de4e0-f5f6-4acc-be76-284540fa0a92, Parent: local_pub
Element Type: room, Key: local_pub, Parent: root
New Element created: thief_01, Parent: local_pub
New Element created: thief_01_life, Parent: thief_01
Returning row: 1
New Element created: thief_01_strength, Parent: thief_01
Returning row: 2
New Element created: thief_01_intelligence, Parent: thief_01
Returning row: 3
New Element created: thief_01_cunning, Parent: thief_01
Returning row: 4
New Element created: thief_01_gold, Parent: thief_01
Returning row: 5
New Element created: thief_01_armed, Parent: thief_01
Returning row: 6
New Element created: thief_01_msg_idx, Parent: thief_01
Returning row: 8
New Element created: stolen_shortsword_01, Parent: thief_01
New Element created: , Parent: stolen_shortsword_01
Returning row: 11
New Element created: , Parent: thief_01
New Element created: , Parent: 2052f634-3d2a-4b2a-a3c6-28fc8cb4c65e
New Element created: , Parent: 2052f634-3d2a-4b2a-a3c6-28fc8cb4c65e
New Element created: , Parent: 2052f634-3d2a-4b2a-a3c6-28fc8cb4c65e
Returning row-index: 29
Returning row-index: 30
Element Type: attribute, Key: thief_01_life, Parent: thief_01
Element Type: attribute, Key: thief_01_strength, Parent: thief_01
Element Type: attribute, Key: thief_01_intelligence, Parent: thief_01
Element Type: attribute, Key: thief_01_cunning, Parent: thief_01
Element Type: attribute, Key: thief_01_gold, Parent: thief_01
Element Type: attribute, Key: thief_01_armed, Parent: thief_01
Element Type: attribute, Key: thief_01_msg_idx, Parent: thief_01
Element Type: attribute, Key: 42fb0868-45f2-4c12-8e15-68c1cf133a59, Parent: stolen_shortsword_01
Element Type: weapon, Key: stolen_shortsword_01, Parent: thief_01
Element Type: message, Key: fba5b303-3101-428f-80d5-9a50186ece6b, Parent: 2052f634-3d2a-4b2a-a3c6-28fc8cb4c65e
Element Type: message, Key: 60321bbf-fb93-4625-99cb-8e524f1bf95d, Parent: 2052f634-3d2a-4b2a-a3c6-28fc8cb4c65e
Element Type: message, Key: 35c83c9b-5f94-4987-805c-16a1fc28ea39, Parent: 2052f634-3d2a-4b2a-a3c6-28fc8cb4c65e
Element Type: enter_message, Key: 2052f634-3d2a-4b2a-a3c6-28fc8cb4c65e, Parent: thief_01
Element Type: npc, Key: thief_01, Parent: local_pub
New Element created: game, Parent: root
New Element created: , Parent: game
Returning row-index: 24
Element Type: enter_message, Key: 3e205ae2-26c4-423c-8b36-2728e2c56e99, Parent: game
Element Type: game, Key: game, Parent: root
New Element created: global01, Parent: root
New Element created: , Parent: global01
New Element created: , Parent: 69d4e057-9fa5-43a4-ada4-f2782917436c
Returning row: 2
New Element created: , Parent: global01
New Element created: , Parent: a6a06509-c99f-4eeb-b455-b32725effa25
Returning row: 5
New Element created: , Parent: global01
New Element created: , Parent: 7e9e8965-fb17-4d81-bb4b-491ad8bca7a3
New Element created: , Parent: 2f1db7cf-62b8-4116-9cd7-cfdac5f5eb29
Returning row-index: 14
Returning row-index: 15
New Element created: day_string, Parent: global01
New Element created: , Parent: day_string
New Element created: , Parent: e0349e8e-f57a-448c-b8b3-ef3dca4264fb
Returning row-index: 28
New Element created: , Parent: day_string
New Element created: , Parent: 106026a9-dea0-42a3-b84a-496b8ff561b7
Returning row-index: 40
Returning row-index: 41
Returning row-index: 42
Element Type: action, Key: c707b045-d3e6-4b28-af1e-91383861ce73, Parent: 69d4e057-9fa5-43a4-ada4-f2782917436c
Element Type: input, Key: 69d4e057-9fa5-43a4-ada4-f2782917436c, Parent: global01
Element Type: action, Key: a231e155-0f1b-494c-bdce-035b9206dfd7, Parent: a6a06509-c99f-4eeb-b455-b32725effa25
Element Type: input, Key: a6a06509-c99f-4eeb-b455-b32725effa25, Parent: global01
Element Type: message, Key: d453ef7f-4725-413d-9bbf-8dba72bc22ba, Parent: 2f1db7cf-62b8-4116-9cd7-cfdac5f5eb29
Element Type: set, Key: 2f1db7cf-62b8-4116-9cd7-cfdac5f5eb29, Parent: 7e9e8965-fb17-4d81-bb4b-491ad8bca7a3
Element Type: input, Key: 7e9e8965-fb17-4d81-bb4b-491ad8bca7a3, Parent: global01
Element Type: logic, Key: 6d07d095-da7e-4ae4-aed3-ba52548e5aac, Parent: e0349e8e-f57a-448c-b8b3-ef3dca4264fb
Element Type: message, Key: e0349e8e-f57a-448c-b8b3-ef3dca4264fb, Parent: day_string
Element Type: logic, Key: 31f0ba44-180c-4b7b-87c2-fb4e2d08cb33, Parent: 106026a9-dea0-42a3-b84a-496b8ff561b7
Element Type: message, Key: 106026a9-dea0-42a3-b84a-496b8ff561b7, Parent: day_string
Element Type: , Key: day_string, Parent: global01
Element Type: global, Key: global01, Parent: root
New Element created: player, Parent: local_pub
New Element created: player_life, Parent: player
Returning row: 1
New Element created: player_strength, Parent: player
Returning row: 2
New Element created: player_intelligence, Parent: player
Returning row: 3
New Element created: player_cunning, Parent: player
Returning row: 4
New Element created: player_gold, Parent: player
Returning row: 5
New Element created: player_armed, Parent: player
Returning row: 6
New Element created: longsword_01, Parent: player
New Element created: , Parent: longsword_01
Returning row: 9
Returning row-index: 10
Element Type: attribute, Key: player_life, Parent: player
Element Type: attribute, Key: player_strength, Parent: player
Element Type: attribute, Key: player_intelligence, Parent: player
Element Type: attribute, Key: player_cunning, Parent: player
Element Type: attribute, Key: player_gold, Parent: player
Element Type: attribute, Key: player_armed, Parent: player
Element Type: attribute, Key: 8630c3b5-91be-4b84-bcea-fa08ab57b148, Parent: longsword_01
Element Type: weapon, Key: longsword_01, Parent: player
Element Type: player, Key: player, Parent: local_pub
