New Element created: local_pub_north, Parent: root
New Element created: , Parent: local_pub_north
New Element created: , Parent: local_pub_north
New Element created: , Parent: 58a4d4ec-a075-48c0-b795-63d1163767c7
Returning row-index: 18
New Element created: , Parent: local_pub_north
New Element created: , Parent: 50fcff20-5659-4ee4-8d5e-d74df947c926
Returning row: 22
New Element created: , Parent: local_pub_north
New Element created: , Parent: 1cc1cf17-3cd9-4b0e-945f-436dc6adbc47
Returning row-index: 30
Returning row-index: 31
New Element created: golden_egg, Parent: local_pub_north
New Element created: , Parent: golden_egg
New Element created: , Parent: golden_egg
New Element created: , Parent: 7cb3c08b-9f43-4dbd-b93d-2c34c7333c12
Returning row-index: 49
New Element created: , Parent: golden_egg
New Element created: , Parent: ca8e4797-186b-49c9-a701-024b8bc84a49
Returning row-index: 58
New Element created: , Parent: golden_egg
New Element created: , Parent: 300b5eea-1e96-494f-8d3b-de27a51090ae
Returning row-index: 67
New Element created: , Parent: golden_egg
New Element created: , Parent: 63944e9c-c0de-473b-8a68-1455160e6d25
Returning row: 72
New Element created: , Parent: golden_egg
New Element created: , Parent: f876bff3-5338-419d-acf7-d579c3de85ec
Returning row-index: 82
New Element created: , Parent: golden_egg
New Element created: , Parent: e4721468-6050-4823-9e6d-dc64d21670a0
Returning row-index: 92
New Element created: , Parent: golden_egg
New Element created: , Parent: 573c5a7a-623a-4279-9527-6a7ef1fe2ba7
New Element created: , Parent: 573c5a7a-623a-4279-9527-6a7ef1fe2ba7
Returning row: 107
Returning row-index: 108
Element Type: enter_message, Key: 8c393cb9-f18c-4c00-a5ed-0254f0bb0bb6, Parent: local_pub_north
Element Type: message, Key: 22fd3331-8d5f-47fa-befc-e9246be56615, Parent: 58a4d4ec-a075-48c0-b795-63d1163767c7
Element Type: look, Key: 58a4d4ec-a075-48c0-b795-63d1163767c7, Parent: local_pub_north
Element Type: action, Key: f715fc9d-4126-433f-8f1e-69184e12a191, Parent: 50fcff20-5659-4ee4-8d5e-d74df947c926
Element Type: input, Key: 50fcff20-5659-4ee4-8d5e-d74df947c926, Parent: local_pub_north
Element Type: move, Key: 9c9e6500-c35e-418b-890e-899b9a9cca96, Parent: 1cc1cf17-3cd9-4b0e-945f-436dc6adbc47
Element Type: input, Key: 1cc1cf17-3cd9-4b0e-945f-436dc6adbc47, Parent: local_pub_north
Element Type: room, Key: local_pub_north, Parent: root
Element Type: enter_message, Key: a2ea9507-7930-4410-b5e7-86fc4072f98a, Parent: golden_egg
Element Type: message, Key: 69e2eb63-6ed7-4bb7-880c-f8df4637f8fb, Parent: 7cb3c08b-9f43-4dbd-b93d-2c34c7333c12
Element Type: look, Key: 7cb3c08b-9f43-4dbd-b93d-2c34c7333c12, Parent: golden_egg
Element Type: message, Key: 7f4cbebb-8cd7-41ff-bb38-eea5ed20990e, Parent: ca8e4797-186b-49c9-a701-024b8bc84a49
Element Type: inspect, Key: ca8e4797-186b-49c9-a701-024b8bc84a49, Parent: golden_egg
Element Type: message, Key: c7d8d35b-db42-42ad-bf24-1c4e2f17c54e, Parent: 300b5eea-1e96-494f-8d3b-de27a51090ae
Element Type: use_egg, Key: 300b5eea-1e96-494f-8d3b-de27a51090ae, Parent: golden_egg
Element Type: action, Key: 9e38c087-f6ec-4984-ae87-e1645062c381, Parent: 63944e9c-c0de-473b-8a68-1455160e6d25
Element Type: input, Key: 63944e9c-c0de-473b-8a68-1455160e6d25, Parent: golden_egg
Element Type: move, Key: 5617f620-9528-4ba7-a52e-c69e27e5fc5c, Parent: f876bff3-5338-419d-acf7-d579c3de85ec
Element Type: input, Key: f876bff3-5338-419d-acf7-d579c3de85ec, Parent: golden_egg
Element Type: move, Key: cc118843-b35d-459b-893f-85f4ab433c72, Parent: e4721468-6050-4823-9e6d-dc64d21670a0
Element Type: input, Key: e4721468-6050-4823-9e6d-dc64d21670a0, Parent: golden_egg
Element Type: logic, Key: 98160679-765e-4eda-a0aa-e818d576959b, Parent: 573c5a7a-623a-4279-9527-6a7ef1fe2ba7
Element Type: action, Key: 5cec74f1-ecec-454f-bb78-5776f0f90b37, Parent: 573c5a7a-623a-4279-9527-6a7ef1fe2ba7
Element Type: input, Key: 573c5a7a-623a-4279-9527-6a7ef1fe2ba7, Parent: golden_egg
Element Type: object, Key: golden_egg, Parent: local_pub_north
New Element created: local_pub, Parent: root
New Element created: , Parent: local_pub
New Element created: , Parent: local_pub
New Element created: , Parent: 44758cfe-8262-445d-90e5-e7bec596bb39
New Element created: , Parent: 44758cfe-8262-445d-90e5-e7bec596bb39
Returning row-index: 19
New Element created: , Parent: local_pub
New Element created: , Parent: 1c7d8897-d929-4113-a9f7-7a4a40a22e21
Returning row: 24
New Element created: , Parent: local_pub
New Element created: , Parent: 334da666-c969-4b7f-a355-3879e87f240a
Returning row-index: 32
Returning row-index: 33
Element Type: enter_message, Key: ff73c2a9-d174-4ea7-b859-5d5ad64f6442, Parent: local_pub
Element Type: message, Key: c96d72f3-9258-4344-8d07-411a7623e24b, Parent: 44758cfe-8262-445d-90e5-e7bec596bb39
Element Type: message, Key: 60574bc5-df7a-406b-b674-f344d5a1607f, Parent: 44758cfe-8262-445d-90e5-e7bec596bb39
Element Type: look, Key: 44758cfe-8262-445d-90e5-e7bec596bb39, Parent: local_pub
Element Type: action, Key: 43a73073-882f-427d-b57a-bcaad2d600dd, Parent: 1c7d8897-d929-4113-a9f7-7a4a40a22e21
Element Type: input, Key: 1c7d8897-d929-4113-a9f7-7a4a40a22e21, Parent: local_pub
Element Type: move, Key: ff15ec39-7e92-4232-9953-1d9ecc19c5cd, Parent: 334da666-c969-4b7f-a355-3879e87f240a
Element Type: input, Key: 334da666-c969-4b7f-a355-3879e87f240a, Parent: local_pub
Element Type: room, Key: local_pub, Parent: root
New Element created: thief_01, Parent: local_pub
New Element created: thief_01_life, Parent: thief_01
Returning row: 1
New Element created: thief_01_strength, Parent: thief_01
Returning row: 2
New Element created: thief_01_intelligence, Parent: thief_01
Returning row: 3
New Element created: thief_01_cunning, Parent: thief_01
Returning row: 4
New Element created: thief_01_gold, Parent: thief_01
Returning row: 5
New Element created: thief_01_armed, Parent: thief_01
Returning row: 6
New Element created: thief_01_msg_idx, Parent: thief_01
Returning row: 8
New Element created: stolen_shortsword_01, Parent: thief_01
New Element created: , Parent: stolen_shortsword_01
Returning row: 11
New Element created: , Parent: thief_01
New Element created: , Parent: f59d8afe-14af-418c-b0f2-2c8c7c0527f7
New Element created: , Parent: f59d8afe-14af-418c-b0f2-2c8c7c0527f7
New Element created: , Parent: f59d8afe-14af-418c-b0f2-2c8c7c0527f7
Returning row-index: 29
Returning row-index: 30
Element Type: attribute, Key: thief_01_life, Parent: thief_01
Element Type: attribute, Key: thief_01_strength, Parent: thief_01
Element Type: attribute, Key: thief_01_intelligence, Parent: thief_01
Element Type: attribute, Key: thief_01_cunning, Parent: thief_01
Element Type: attribute, Key: thief_01_gold, Parent: thief_01
Element Type: attribute, Key: thief_01_armed, Parent: thief_01
Element Type: attribute, Key: thief_01_msg_idx, Parent: thief_01
Element Type: attribute, Key: af06cea4-f75e-4ce6-9f19-7d0524d75a9b, Parent: stolen_shortsword_01
Element Type: weapon, Key: stolen_shortsword_01, Parent: thief_01
Element Type: message, Key: 03a6e03f-fe83-413a-835a-a08c02d1cc83, Parent: f59d8afe-14af-418c-b0f2-2c8c7c0527f7
Element Type: message, Key: 65fc03e4-261a-44f5-a482-96f9dee35108, Parent: f59d8afe-14af-418c-b0f2-2c8c7c0527f7
Element Type: message, Key: 4ac5695c-086f-499c-9523-aca22db21985, Parent: f59d8afe-14af-418c-b0f2-2c8c7c0527f7
Element Type: enter_message, Key: f59d8afe-14af-418c-b0f2-2c8c7c0527f7, Parent: thief_01
Element Type: npc, Key: thief_01, Parent: local_pub
New Element created: game, Parent: root
New Element created: , Parent: game
Returning row-index: 24
Element Type: enter_message, Key: effa2b8f-ffaf-4ad5-b355-0eb6b7e0fa0a, Parent: game
Element Type: game, Key: game, Parent: root
New Element created: global01, Parent: root
New Element created: , Parent: global01
New Element created: , Parent: 66a266da-64b2-4c6a-ae53-d681ec2dc268
Returning row: 2
New Element created: , Parent: global01
New Element created: , Parent: 19dd9a48-3f59-4c57-a6be-2630ba694ae2
Returning row: 5
New Element created: , Parent: global01
New Element created: , Parent: 5ca0376b-a2d2-4a6d-b1d4-ab73415bc7bb
New Element created: , Parent: 40f9e317-5632-4119-b003-8e2290adb332
Returning row-index: 14
Returning row-index: 15
New Element created: day_string, Parent: global01
New Element created: , Parent: day_string
New Element created: , Parent: 4cfbd2eb-862c-4265-a670-cc0b795500c8
New Element created: , Parent: 4cfbd2eb-862c-4265-a670-cc0b795500c8
Returning row-index: 30
New Element created: , Parent: day_string
New Element created: , Parent: 3c935d92-f833-494a-9985-96664b43313c
New Element created: , Parent: 3c935d92-f833-494a-9985-96664b43313c
Returning row-index: 44
Returning row-index: 45
Returning row-index: 46
Element Type: action, Key: a43172e5-bdcd-4058-abdf-f930ceddf22e, Parent: 66a266da-64b2-4c6a-ae53-d681ec2dc268
Element Type: input, Key: 66a266da-64b2-4c6a-ae53-d681ec2dc268, Parent: global01
Element Type: action, Key: 8dd52bf0-788f-4c2a-91e0-b4d10612a4cf, Parent: 19dd9a48-3f59-4c57-a6be-2630ba694ae2
Element Type: input, Key: 19dd9a48-3f59-4c57-a6be-2630ba694ae2, Parent: global01
Element Type: message, Key: e153b899-f264-4082-b8c4-50c24038cb91, Parent: 40f9e317-5632-4119-b003-8e2290adb332
Element Type: set, Key: 40f9e317-5632-4119-b003-8e2290adb332, Parent: 5ca0376b-a2d2-4a6d-b1d4-ab73415bc7bb
Element Type: input, Key: 5ca0376b-a2d2-4a6d-b1d4-ab73415bc7bb, Parent: global01
Element Type: logic, Key: 110b05d9-1420-4a5d-a6fc-34dc2712c72e, Parent: 4cfbd2eb-862c-4265-a670-cc0b795500c8
Element Type: message, Key: 254562e3-14a1-4d51-b973-d16d5f209bd2, Parent: 4cfbd2eb-862c-4265-a670-cc0b795500c8
Element Type: action, Key: 4cfbd2eb-862c-4265-a670-cc0b795500c8, Parent: day_string
Element Type: logic, Key: b3c7f448-bdfc-49ed-8a4d-0ea574fe4ad6, Parent: 3c935d92-f833-494a-9985-96664b43313c
Element Type: message, Key: 5eadf781-492b-455e-b539-ad832836823a, Parent: 3c935d92-f833-494a-9985-96664b43313c
Element Type: action, Key: 3c935d92-f833-494a-9985-96664b43313c, Parent: day_string
Element Type: , Key: day_string, Parent: global01
Element Type: global, Key: global01, Parent: root
New Element created: player, Parent: local_pub
New Element created: player_life, Parent: player
Returning row: 1
New Element created: player_strength, Parent: player
Returning row: 2
New Element created: player_intelligence, Parent: player
Returning row: 3
New Element created: player_cunning, Parent: player
Returning row: 4
New Element created: player_gold, Parent: player
Returning row: 5
New Element created: player_armed, Parent: player
Returning row: 6
New Element created: longsword_01, Parent: player
New Element created: , Parent: longsword_01
Returning row: 9
Returning row-index: 10
Element Type: attribute, Key: player_life, Parent: player
Element Type: attribute, Key: player_strength, Parent: player
Element Type: attribute, Key: player_intelligence, Parent: player
Element Type: attribute, Key: player_cunning, Parent: player
Element Type: attribute, Key: player_gold, Parent: player
Element Type: attribute, Key: player_armed, Parent: player
Element Type: attribute, Key: d2b336f7-7145-4ccb-87ee-1c1116edb13c, Parent: longsword_01
Element Type: weapon, Key: longsword_01, Parent: player
Element Type: player, Key: player, Parent: local_pub
