New Element created: local_pub_north, Parent: root
New Element created: , Parent: local_pub_north
New Element created: , Parent: local_pub_north
New Element created: , Parent: f482ce64-6f5c-4545-8b81-0013011b60c4
Returning row-index: 18
New Element created: , Parent: local_pub_north
New Element created: , Parent: 3496fb8e-cf0e-445c-afe1-082915af31da
Returning row: 22
New Element created: , Parent: local_pub_north
New Element created: , Parent: 22448eaa-368d-4e93-a702-d37b204e2f29
Returning row-index: 30
Returning row-index: 31
New Element created: golden_egg, Parent: local_pub_north
New Element created: , Parent: golden_egg
New Element created: , Parent: golden_egg
New Element created: , Parent: 606a30cf-fbef-4bab-ac73-814ecfb0c935
Returning row-index: 49
New Element created: , Parent: golden_egg
New Element created: , Parent: bfde4443-2e26-4c2f-96c8-d74bfec462a3
Returning row-index: 58
New Element created: , Parent: golden_egg
New Element created: , Parent: 24f3cd81-81ef-440d-978a-07f016eb6806
Returning row-index: 67
New Element created: , Parent: golden_egg
New Element created: , Parent: ee5f0a64-f6e0-4c4c-8550-6932283ca263
Returning row: 72
New Element created: , Parent: golden_egg
New Element created: , Parent: 76581762-1f4e-40df-94b9-208055ca3acd
Returning row-index: 82
New Element created: , Parent: golden_egg
New Element created: , Parent: c7032fc9-3242-4ae2-9bce-50d97435216b
Returning row-index: 92
New Element created: , Parent: golden_egg
New Element created: , Parent: 571aba9b-c6d3-4426-a5a5-adb50e9114c6
New Element created: , Parent: 571aba9b-c6d3-4426-a5a5-adb50e9114c6
Returning row: 107
Returning row-index: 108
Element Type: enter_message, Key: 9a6c2494-bbb8-4749-8aa9-1e5425c86874, Parent: local_pub_north
Element Type: message, Key: 8723b128-296c-4b42-8dd6-bd79ee348c21, Parent: f482ce64-6f5c-4545-8b81-0013011b60c4
Element Type: look, Key: f482ce64-6f5c-4545-8b81-0013011b60c4, Parent: local_pub_north
Element Type: action, Key: 163ad588-819f-4556-ad71-6d568b52b6b8, Parent: 3496fb8e-cf0e-445c-afe1-082915af31da
Element Type: input, Key: 3496fb8e-cf0e-445c-afe1-082915af31da, Parent: local_pub_north
Element Type: move, Key: 36393f2b-68d2-4bbf-8b2c-c3f56c5b09fa, Parent: 22448eaa-368d-4e93-a702-d37b204e2f29
Element Type: input, Key: 22448eaa-368d-4e93-a702-d37b204e2f29, Parent: local_pub_north
Element Type: room, Key: local_pub_north, Parent: root
Element Type: enter_message, Key: 7729660b-c3cf-41b6-bfe1-d302ad5e669b, Parent: golden_egg
Element Type: message, Key: 35bad58a-0fdf-4e8b-8200-f15d82655c2e, Parent: 606a30cf-fbef-4bab-ac73-814ecfb0c935
Element Type: look, Key: 606a30cf-fbef-4bab-ac73-814ecfb0c935, Parent: golden_egg
Element Type: message, Key: f5eac687-ef62-4c19-b63c-10cd2a847c7d, Parent: bfde4443-2e26-4c2f-96c8-d74bfec462a3
Element Type: inspect, Key: bfde4443-2e26-4c2f-96c8-d74bfec462a3, Parent: golden_egg
Element Type: message, Key: fe90472e-139c-47e7-a5c3-e4c23d3c87ca, Parent: 24f3cd81-81ef-440d-978a-07f016eb6806
Element Type: use_egg, Key: 24f3cd81-81ef-440d-978a-07f016eb6806, Parent: golden_egg
Element Type: action, Key: bb36ada0-0550-494d-a8e7-e5c4968beb3a, Parent: ee5f0a64-f6e0-4c4c-8550-6932283ca263
Element Type: input, Key: ee5f0a64-f6e0-4c4c-8550-6932283ca263, Parent: golden_egg
Element Type: move, Key: 2c770866-e62f-42f3-ac8c-9d2ff7fbdad9, Parent: 76581762-1f4e-40df-94b9-208055ca3acd
Element Type: input, Key: 76581762-1f4e-40df-94b9-208055ca3acd, Parent: golden_egg
Element Type: move, Key: f27eb9af-51b4-4903-9558-70a71613fc6f, Parent: c7032fc9-3242-4ae2-9bce-50d97435216b
Element Type: input, Key: c7032fc9-3242-4ae2-9bce-50d97435216b, Parent: golden_egg
Element Type: logic, Key: c63a1190-a8b3-490e-a790-f7b4027e0209, Parent: 571aba9b-c6d3-4426-a5a5-adb50e9114c6
Element Type: action, Key: 0549d580-1641-4e2b-b882-e8987bfd800e, Parent: 571aba9b-c6d3-4426-a5a5-adb50e9114c6
Element Type: input, Key: 571aba9b-c6d3-4426-a5a5-adb50e9114c6, Parent: golden_egg
Element Type: object, Key: golden_egg, Parent: local_pub_north
New Element created: local_pub, Parent: root
New Element created: , Parent: local_pub
New Element created: , Parent: local_pub
New Element created: , Parent: a12520ab-41d1-4a73-be22-585cf70b787e
New Element created: , Parent: a12520ab-41d1-4a73-be22-585cf70b787e
Returning row-index: 19
New Element created: , Parent: local_pub
New Element created: , Parent: 94477625-d3e8-48ef-ab42-3bd593f46103
Returning row: 24
New Element created: , Parent: local_pub
New Element created: , Parent: 7e629da4-001c-45f4-8d60-71893c4cfdbf
Returning row-index: 32
Returning row-index: 33
Element Type: enter_message, Key: 75e7079c-ac33-463a-8985-b5f670e90cb4, Parent: local_pub
Element Type: message, Key: da47e660-cce2-4e44-87d5-1a96dd14af5f, Parent: a12520ab-41d1-4a73-be22-585cf70b787e
Element Type: message, Key: 07edc4cb-8998-4cea-a68b-7aba527bc569, Parent: a12520ab-41d1-4a73-be22-585cf70b787e
Element Type: look, Key: a12520ab-41d1-4a73-be22-585cf70b787e, Parent: local_pub
Element Type: action, Key: 71ee7ab5-c1d6-49e5-a9c7-133a7011b412, Parent: 94477625-d3e8-48ef-ab42-3bd593f46103
Element Type: input, Key: 94477625-d3e8-48ef-ab42-3bd593f46103, Parent: local_pub
Element Type: move, Key: 3ed193b5-9001-4104-92d4-7e83be2c1eef, Parent: 7e629da4-001c-45f4-8d60-71893c4cfdbf
Element Type: input, Key: 7e629da4-001c-45f4-8d60-71893c4cfdbf, Parent: local_pub
Element Type: room, Key: local_pub, Parent: root
New Element created: thief_01, Parent: local_pub
New Element created: thief_01_life, Parent: thief_01
Returning row: 1
New Element created: thief_01_strength, Parent: thief_01
Returning row: 2
New Element created: thief_01_intelligence, Parent: thief_01
Returning row: 3
New Element created: thief_01_cunning, Parent: thief_01
Returning row: 4
New Element created: thief_01_gold, Parent: thief_01
Returning row: 5
New Element created: thief_01_armed, Parent: thief_01
Returning row: 6
New Element created: thief_01_msg_idx, Parent: thief_01
Returning row: 8
New Element created: stolen_shortsword_01, Parent: thief_01
New Element created: , Parent: stolen_shortsword_01
Returning row: 11
New Element created: , Parent: thief_01
New Element created: , Parent: 9599967e-0b8e-4605-ac43-8b857cf8b049
New Element created: , Parent: 9599967e-0b8e-4605-ac43-8b857cf8b049
New Element created: , Parent: 9599967e-0b8e-4605-ac43-8b857cf8b049
Returning row-index: 29
Returning row-index: 30
Element Type: attribute, Key: thief_01_life, Parent: thief_01
Element Type: attribute, Key: thief_01_strength, Parent: thief_01
Element Type: attribute, Key: thief_01_intelligence, Parent: thief_01
Element Type: attribute, Key: thief_01_cunning, Parent: thief_01
Element Type: attribute, Key: thief_01_gold, Parent: thief_01
Element Type: attribute, Key: thief_01_armed, Parent: thief_01
Element Type: attribute, Key: thief_01_msg_idx, Parent: thief_01
Element Type: attribute, Key: 7de3a83f-7c28-4936-b30d-84578d90e44d, Parent: stolen_shortsword_01
Element Type: weapon, Key: stolen_shortsword_01, Parent: thief_01
Element Type: message, Key: bc50cb83-82ae-41a9-8044-3fb774d3af69, Parent: 9599967e-0b8e-4605-ac43-8b857cf8b049
Element Type: message, Key: 60f194bf-f7ab-43ef-a895-6cb296fa6148, Parent: 9599967e-0b8e-4605-ac43-8b857cf8b049
Element Type: message, Key: a3b3a8c1-f58d-430d-bb31-d0fef8c42b4a, Parent: 9599967e-0b8e-4605-ac43-8b857cf8b049
Element Type: enter_message, Key: 9599967e-0b8e-4605-ac43-8b857cf8b049, Parent: thief_01
Element Type: npc, Key: thief_01, Parent: local_pub
New Element created: game, Parent: root
New Element created: , Parent: game
Returning row-index: 24
Element Type: enter_message, Key: e7d9cef6-2d27-4c82-8f67-44c859a3a485, Parent: game
Element Type: game, Key: game, Parent: root
New Element created: global01, Parent: root
New Element created: , Parent: global01
New Element created: , Parent: 4fcff2f6-9bb9-4c82-85dd-8295abfa4c63
Returning row: 2
New Element created: , Parent: global01
New Element created: , Parent: 2875c262-9626-4989-a158-335f02f3c26f
Returning row: 5
New Element created: , Parent: global01
New Element created: , Parent: 431ee548-2280-4f63-8387-f2c6133b8e44
New Element created: , Parent: cfa9eb25-52f5-4d73-adca-c21954391807
Returning row-index: 14
Returning row-index: 15
New Element created: day_string, Parent: global01
New Element created: , Parent: day_string
New Element created: , Parent: 73ffd4b9-c422-48a6-8cde-f585b960530b
Returning row-index: 28
New Element created: , Parent: day_string
New Element created: , Parent: 343e3799-2c20-418c-86e9-44596d27861f
Returning row-index: 40
Returning row-index: 41
Returning row-index: 42
Element Type: action, Key: 47d90ded-5fb1-4194-8a0b-020163ab5084, Parent: 4fcff2f6-9bb9-4c82-85dd-8295abfa4c63
Element Type: input, Key: 4fcff2f6-9bb9-4c82-85dd-8295abfa4c63, Parent: global01
Element Type: action, Key: 78c5c512-78e7-402b-8062-27c495c92ae2, Parent: 2875c262-9626-4989-a158-335f02f3c26f
Element Type: input, Key: 2875c262-9626-4989-a158-335f02f3c26f, Parent: global01
Element Type: message, Key: 4e630dfe-d23e-466a-9332-72c348e8823d, Parent: cfa9eb25-52f5-4d73-adca-c21954391807
Element Type: set, Key: cfa9eb25-52f5-4d73-adca-c21954391807, Parent: 431ee548-2280-4f63-8387-f2c6133b8e44
Element Type: input, Key: 431ee548-2280-4f63-8387-f2c6133b8e44, Parent: global01
Element Type: logic, Key: 8a4e43d8-48e3-4324-9421-81af80154e32, Parent: 73ffd4b9-c422-48a6-8cde-f585b960530b
Element Type: message, Key: 73ffd4b9-c422-48a6-8cde-f585b960530b, Parent: day_string
Element Type: logic, Key: 78942c9e-410a-4a8d-9580-2ce5e18e018f, Parent: 343e3799-2c20-418c-86e9-44596d27861f
Element Type: message, Key: 343e3799-2c20-418c-86e9-44596d27861f, Parent: day_string
Element Type: , Key: day_string, Parent: global01
Element Type: global, Key: global01, Parent: root
New Element created: player, Parent: local_pub
New Element created: player_life, Parent: player
Returning row: 1
New Element created: player_strength, Parent: player
Returning row: 2
New Element created: player_intelligence, Parent: player
Returning row: 3
New Element created: player_cunning, Parent: player
Returning row: 4
New Element created: player_gold, Parent: player
Returning row: 5
New Element created: player_armed, Parent: player
Returning row: 6
New Element created: longsword_01, Parent: player
New Element created: , Parent: longsword_01
Returning row: 9
Returning row-index: 10
Element Type: attribute, Key: player_life, Parent: player
Element Type: attribute, Key: player_strength, Parent: player
Element Type: attribute, Key: player_intelligence, Parent: player
Element Type: attribute, Key: player_cunning, Parent: player
Element Type: attribute, Key: player_gold, Parent: player
Element Type: attribute, Key: player_armed, Parent: player
Element Type: attribute, Key: bbaada3d-1aac-4536-b521-a19e9216b1a7, Parent: longsword_01
Element Type: weapon, Key: longsword_01, Parent: player
Element Type: player, Key: player, Parent: local_pub
