New Element created: local_pub_north, Parent: root
New Element created: , Parent: local_pub_north
New Element created: , Parent: local_pub_north
New Element created: , Parent: e4f94508-18b2-4aa2-8094-bd999782ecf1
Returning row-index: 18
New Element created: , Parent: local_pub_north
New Element created: , Parent: cc8c7b64-0d70-4641-80b7-750909b2fd7d
Returning row: 22
New Element created: , Parent: local_pub_north
New Element created: , Parent: ea227d46-a0d1-4f2b-8e8d-37d39bef3aa6
Returning row-index: 30
Returning row-index: 31
New Element created: golden_egg, Parent: local_pub_north
New Element created: , Parent: golden_egg
New Element created: , Parent: golden_egg
New Element created: , Parent: 551588a1-b2c6-41d0-b093-849ae7e42969
Returning row-index: 49
New Element created: , Parent: golden_egg
New Element created: , Parent: 8e2bd3f2-0802-4069-9973-77c68e7be8e4
Returning row-index: 58
New Element created: , Parent: golden_egg
New Element created: , Parent: cf4985e8-4bbf-4f4a-b97f-b3cdcfeedeb1
Returning row-index: 67
New Element created: , Parent: golden_egg
New Element created: , Parent: 4b1e4646-330a-417a-818a-a32a062ecc74
Returning row: 72
New Element created: , Parent: golden_egg
New Element created: , Parent: 98d10206-1861-42c8-83d1-829d3df64e54
Returning row-index: 82
New Element created: , Parent: golden_egg
New Element created: , Parent: f2f35914-95f7-4b82-87fe-ed25bad0aea7
Returning row-index: 92
New Element created: , Parent: golden_egg
New Element created: , Parent: d7378d6a-c18a-47ef-b481-4b97feb65d86
New Element created: , Parent: d7378d6a-c18a-47ef-b481-4b97feb65d86
Returning row: 107
Returning row-index: 108
Element Type: enter_message, Key: a746f5a8-db4a-47d9-8c9d-321801125185, Parent: local_pub_north
Element Type: message, Key: a2e4e626-cf7b-46c5-866a-185f3d7445fc, Parent: e4f94508-18b2-4aa2-8094-bd999782ecf1
Element Type: look, Key: e4f94508-18b2-4aa2-8094-bd999782ecf1, Parent: local_pub_north
Element Type: action, Key: c2e51bb5-302c-41b4-9e69-71a0ece1cb92, Parent: cc8c7b64-0d70-4641-80b7-750909b2fd7d
Element Type: input, Key: cc8c7b64-0d70-4641-80b7-750909b2fd7d, Parent: local_pub_north
Element Type: move, Key: 0a8790a6-201d-438d-96f0-4810e9bd697d, Parent: ea227d46-a0d1-4f2b-8e8d-37d39bef3aa6
Element Type: input, Key: ea227d46-a0d1-4f2b-8e8d-37d39bef3aa6, Parent: local_pub_north
Element Type: room, Key: local_pub_north, Parent: root
Element Type: enter_message, Key: c1731e99-30f3-42e8-bc85-e29e6418e182, Parent: golden_egg
Element Type: message, Key: d2da7ff8-054c-4e3c-986a-f9fcda01520c, Parent: 551588a1-b2c6-41d0-b093-849ae7e42969
Element Type: look, Key: 551588a1-b2c6-41d0-b093-849ae7e42969, Parent: golden_egg
Element Type: message, Key: 38af963f-ac40-44a6-a085-9d99aeeece12, Parent: 8e2bd3f2-0802-4069-9973-77c68e7be8e4
Element Type: inspect, Key: 8e2bd3f2-0802-4069-9973-77c68e7be8e4, Parent: golden_egg
Element Type: message, Key: 67f7b9b4-8573-4746-b14b-4b46b66336e3, Parent: cf4985e8-4bbf-4f4a-b97f-b3cdcfeedeb1
Element Type: use_egg, Key: cf4985e8-4bbf-4f4a-b97f-b3cdcfeedeb1, Parent: golden_egg
Element Type: action, Key: 7adfe464-fade-4c1b-99e3-a864b349f816, Parent: 4b1e4646-330a-417a-818a-a32a062ecc74
Element Type: input, Key: 4b1e4646-330a-417a-818a-a32a062ecc74, Parent: golden_egg
Element Type: move, Key: ec9f0d53-5d8f-451e-9a6f-59a996b899db, Parent: 98d10206-1861-42c8-83d1-829d3df64e54
Element Type: input, Key: 98d10206-1861-42c8-83d1-829d3df64e54, Parent: golden_egg
Element Type: move, Key: 3f98e440-8fcc-45cf-90d6-746917afc0b8, Parent: f2f35914-95f7-4b82-87fe-ed25bad0aea7
Element Type: input, Key: f2f35914-95f7-4b82-87fe-ed25bad0aea7, Parent: golden_egg
Element Type: logic, Key: 9f6ce014-034d-41e6-b964-153629141c32, Parent: d7378d6a-c18a-47ef-b481-4b97feb65d86
Element Type: action, Key: 2f951011-2b5b-47d9-9303-9a9337eef328, Parent: d7378d6a-c18a-47ef-b481-4b97feb65d86
Element Type: input, Key: d7378d6a-c18a-47ef-b481-4b97feb65d86, Parent: golden_egg
Element Type: object, Key: golden_egg, Parent: local_pub_north
New Element created: local_pub, Parent: root
New Element created: , Parent: local_pub
New Element created: , Parent: local_pub
New Element created: , Parent: f5a7c6e6-21a5-4048-b6e4-009eba7d2834
New Element created: , Parent: f5a7c6e6-21a5-4048-b6e4-009eba7d2834
Returning row-index: 19
New Element created: , Parent: local_pub
New Element created: , Parent: f8fd606f-bf7a-4290-8b0f-a18837fa2818
Returning row: 24
New Element created: , Parent: local_pub
New Element created: , Parent: 796e64f9-a0b2-45c2-9327-21d6cdbb02af
Returning row-index: 32
Returning row-index: 33
Element Type: enter_message, Key: 4551b0eb-9162-4fa1-8719-006675d3cf29, Parent: local_pub
Element Type: message, Key: 521a6684-ba8c-404d-8e42-a88631d8d076, Parent: f5a7c6e6-21a5-4048-b6e4-009eba7d2834
Element Type: message, Key: f1daa25c-0180-44c1-b37c-f13dc230e40e, Parent: f5a7c6e6-21a5-4048-b6e4-009eba7d2834
Element Type: look, Key: f5a7c6e6-21a5-4048-b6e4-009eba7d2834, Parent: local_pub
Element Type: action, Key: ee432af9-bd08-4af3-86b9-fb1dc578af3d, Parent: f8fd606f-bf7a-4290-8b0f-a18837fa2818
Element Type: input, Key: f8fd606f-bf7a-4290-8b0f-a18837fa2818, Parent: local_pub
Element Type: move, Key: edee4f9c-5e5d-484a-b889-eb08bf0b4f58, Parent: 796e64f9-a0b2-45c2-9327-21d6cdbb02af
Element Type: input, Key: 796e64f9-a0b2-45c2-9327-21d6cdbb02af, Parent: local_pub
Element Type: room, Key: local_pub, Parent: root
New Element created: thief_01, Parent: local_pub
New Element created: thief_01_life, Parent: thief_01
Returning row: 1
New Element created: thief_01_strength, Parent: thief_01
Returning row: 2
New Element created: thief_01_intelligence, Parent: thief_01
Returning row: 3
New Element created: thief_01_cunning, Parent: thief_01
Returning row: 4
New Element created: thief_01_gold, Parent: thief_01
Returning row: 5
New Element created: thief_01_armed, Parent: thief_01
Returning row: 6
New Element created: thief_01_msg_idx, Parent: thief_01
Returning row: 8
New Element created: stolen_shortsword_01, Parent: thief_01
New Element created: , Parent: stolen_shortsword_01
Returning row: 11
New Element created: , Parent: thief_01
New Element created: , Parent: 0b5b4564-30b9-4e95-81e8-0de0ba66904a
New Element created: , Parent: 0b5b4564-30b9-4e95-81e8-0de0ba66904a
New Element created: , Parent: 0b5b4564-30b9-4e95-81e8-0de0ba66904a
Returning row-index: 29
Returning row-index: 30
Element Type: attribute, Key: thief_01_life, Parent: thief_01
Element Type: attribute, Key: thief_01_strength, Parent: thief_01
Element Type: attribute, Key: thief_01_intelligence, Parent: thief_01
Element Type: attribute, Key: thief_01_cunning, Parent: thief_01
Element Type: attribute, Key: thief_01_gold, Parent: thief_01
Element Type: attribute, Key: thief_01_armed, Parent: thief_01
Element Type: attribute, Key: thief_01_msg_idx, Parent: thief_01
Element Type: attribute, Key: 4e61a29a-2710-4855-a341-241e00da3d2a, Parent: stolen_shortsword_01
Element Type: weapon, Key: stolen_shortsword_01, Parent: thief_01
Element Type: message, Key: 0f0bd1c2-e410-4d0c-bee4-d2716d71d130, Parent: 0b5b4564-30b9-4e95-81e8-0de0ba66904a
Element Type: message, Key: f547de55-b29f-4901-84ab-19c37fe1d64a, Parent: 0b5b4564-30b9-4e95-81e8-0de0ba66904a
Element Type: message, Key: 4b42fc78-9c61-4ec6-9b0c-398a66ed745e, Parent: 0b5b4564-30b9-4e95-81e8-0de0ba66904a
Element Type: enter_message, Key: 0b5b4564-30b9-4e95-81e8-0de0ba66904a, Parent: thief_01
Element Type: npc, Key: thief_01, Parent: local_pub
New Element created: game, Parent: root
New Element created: , Parent: game
Returning row-index: 24
Element Type: enter_message, Key: 83cd1494-c8f5-4b27-9d63-5d703510328d, Parent: game
Element Type: game, Key: game, Parent: root
New Element created: global01, Parent: root
New Element created: , Parent: global01
New Element created: , Parent: 34e21616-cbc4-45f8-a737-e480b0ca7552
Returning row: 2
New Element created: , Parent: global01
New Element created: , Parent: 24159ecd-0fce-4543-9ae0-1bd625a0625c
Returning row: 5
New Element created: , Parent: global01
New Element created: , Parent: 84b60149-6d45-41a6-9705-cea99ef55419
New Element created: , Parent: 059c2fce-f690-4597-9801-b99e2a28bc92
Returning row-index: 14
Returning row-index: 15
New Element created: day_string, Parent: global01
New Element created: , Parent: day_string
New Element created: , Parent: 462507ec-8634-417c-9f58-778323c9feda
Returning row-index: 28
New Element created: , Parent: day_string
New Element created: , Parent: 88b808d3-c37c-4e53-8f0a-2b3007a4a00a
Returning row-index: 40
Returning row-index: 41
Returning row-index: 42
Element Type: action, Key: bad17c21-2c51-4274-a84d-9d255117a914, Parent: 34e21616-cbc4-45f8-a737-e480b0ca7552
Element Type: input, Key: 34e21616-cbc4-45f8-a737-e480b0ca7552, Parent: global01
Element Type: action, Key: 5d969878-d384-469f-bb45-c35471b33d5c, Parent: 24159ecd-0fce-4543-9ae0-1bd625a0625c
Element Type: input, Key: 24159ecd-0fce-4543-9ae0-1bd625a0625c, Parent: global01
Element Type: message, Key: 5211b85c-9ef2-4bfb-b461-4b853cb56b78, Parent: 059c2fce-f690-4597-9801-b99e2a28bc92
Element Type: set, Key: 059c2fce-f690-4597-9801-b99e2a28bc92, Parent: 84b60149-6d45-41a6-9705-cea99ef55419
Element Type: input, Key: 84b60149-6d45-41a6-9705-cea99ef55419, Parent: global01
Element Type: logic, Key: 940da25f-90d4-491b-9abf-72bda6759998, Parent: 462507ec-8634-417c-9f58-778323c9feda
Element Type: message, Key: 462507ec-8634-417c-9f58-778323c9feda, Parent: day_string
Element Type: logic, Key: fe00f05f-68d0-488f-99a9-aa3e7251af46, Parent: 88b808d3-c37c-4e53-8f0a-2b3007a4a00a
Element Type: message, Key: 88b808d3-c37c-4e53-8f0a-2b3007a4a00a, Parent: day_string
Element Type: , Key: day_string, Parent: global01
Element Type: global, Key: global01, Parent: root
New Element created: player, Parent: local_pub
New Element created: player_life, Parent: player
Returning row: 1
New Element created: player_strength, Parent: player
Returning row: 2
New Element created: player_intelligence, Parent: player
Returning row: 3
New Element created: player_cunning, Parent: player
Returning row: 4
New Element created: player_gold, Parent: player
Returning row: 5
New Element created: player_armed, Parent: player
Returning row: 6
New Element created: longsword_01, Parent: player
New Element created: , Parent: longsword_01
Returning row: 9
Returning row-index: 10
Element Type: attribute, Key: player_life, Parent: player
Element Type: attribute, Key: player_strength, Parent: player
Element Type: attribute, Key: player_intelligence, Parent: player
Element Type: attribute, Key: player_cunning, Parent: player
Element Type: attribute, Key: player_gold, Parent: player
Element Type: attribute, Key: player_armed, Parent: player
Element Type: attribute, Key: bc1d902d-3ae6-48da-b883-e2ce1a34cab0, Parent: longsword_01
Element Type: weapon, Key: longsword_01, Parent: player
Element Type: player, Key: player, Parent: local_pub
