New Element created: local_pub_north, Parent: root
New Element created: , Parent: local_pub_north
New Element created: , Parent: local_pub_north
New Element created: , Parent: 72e5e692-6a38-43a1-8bac-8ac37f292732
Returning row-index: 18
New Element created: , Parent: local_pub_north
New Element created: , Parent: 61ac6792-0c1f-4af4-ac7b-84cca755a0c1
Returning row: 22
New Element created: , Parent: local_pub_north
New Element created: , Parent: 0f5b236f-57c8-49da-870d-f4062aae1337
Returning row-index: 30
Returning row-index: 31
New Element created: golden_egg, Parent: local_pub_north
New Element created: , Parent: golden_egg
New Element created: , Parent: golden_egg
New Element created: , Parent: 9bb499d4-ba91-4fdb-9aff-f4c9c4861ff1
Returning row-index: 49
New Element created: , Parent: golden_egg
New Element created: , Parent: b3344f2f-1d50-4fa5-9801-a85300d12c95
Returning row-index: 58
New Element created: , Parent: golden_egg
New Element created: , Parent: 518ad13b-6371-46da-86c2-a3998816941a
Returning row-index: 67
New Element created: , Parent: golden_egg
New Element created: , Parent: c6117af4-b2db-4607-8021-efa79f3ee459
Returning row: 72
New Element created: , Parent: golden_egg
New Element created: , Parent: 032d935f-4cb7-4c9a-9685-95a14448e804
Returning row-index: 82
New Element created: , Parent: golden_egg
New Element created: , Parent: ba55402a-7804-45df-8ef6-714d227e2d03
Returning row-index: 92
New Element created: , Parent: golden_egg
New Element created: , Parent: 06e72e79-ff35-4c5f-be31-af4d2d19acd2
New Element created: , Parent: 06e72e79-ff35-4c5f-be31-af4d2d19acd2
Returning row: 107
Returning row-index: 108
Element Type: enter_message, Key: 44dbdc57-9a0c-49dd-be5e-e6004df9f0f6, Parent: local_pub_north
Element Type: message, Key: 16057d2e-6700-45d7-91aa-a3771d21bc4f, Parent: 72e5e692-6a38-43a1-8bac-8ac37f292732
Element Type: look, Key: 72e5e692-6a38-43a1-8bac-8ac37f292732, Parent: local_pub_north
Element Type: action, Key: 0ba700e2-d9cc-4d9c-b31b-062db9655a65, Parent: 61ac6792-0c1f-4af4-ac7b-84cca755a0c1
Element Type: input, Key: 61ac6792-0c1f-4af4-ac7b-84cca755a0c1, Parent: local_pub_north
Element Type: move, Key: 7d59d421-e5c9-41f0-96a3-9d032e940954, Parent: 0f5b236f-57c8-49da-870d-f4062aae1337
Element Type: input, Key: 0f5b236f-57c8-49da-870d-f4062aae1337, Parent: local_pub_north
Element Type: room, Key: local_pub_north, Parent: root
Element Type: enter_message, Key: 9ed6e60a-4e05-4701-842e-12039775f522, Parent: golden_egg
Element Type: message, Key: d2628476-f727-4ae2-8fe7-fea80e67f197, Parent: 9bb499d4-ba91-4fdb-9aff-f4c9c4861ff1
Element Type: look, Key: 9bb499d4-ba91-4fdb-9aff-f4c9c4861ff1, Parent: golden_egg
Element Type: message, Key: 00009b71-3fe6-470b-aeaf-44aa080a199d, Parent: b3344f2f-1d50-4fa5-9801-a85300d12c95
Element Type: inspect, Key: b3344f2f-1d50-4fa5-9801-a85300d12c95, Parent: golden_egg
Element Type: message, Key: a50aa4a9-59b2-4403-a19c-433d91c9bd15, Parent: 518ad13b-6371-46da-86c2-a3998816941a
Element Type: use_egg, Key: 518ad13b-6371-46da-86c2-a3998816941a, Parent: golden_egg
Element Type: action, Key: 2fb3eb0c-ddf3-4b4b-8715-b7e086b6fdb9, Parent: c6117af4-b2db-4607-8021-efa79f3ee459
Element Type: input, Key: c6117af4-b2db-4607-8021-efa79f3ee459, Parent: golden_egg
Element Type: move, Key: bc94eb45-508c-48a3-a4f3-23d78fe1f309, Parent: 032d935f-4cb7-4c9a-9685-95a14448e804
Element Type: input, Key: 032d935f-4cb7-4c9a-9685-95a14448e804, Parent: golden_egg
Element Type: move, Key: 85363398-2a0d-4ecf-a1f9-4008cc7e951f, Parent: ba55402a-7804-45df-8ef6-714d227e2d03
Element Type: input, Key: ba55402a-7804-45df-8ef6-714d227e2d03, Parent: golden_egg
Element Type: logic, Key: 6e3a1869-7ce3-49eb-96f8-52dccac73ced, Parent: 06e72e79-ff35-4c5f-be31-af4d2d19acd2
Element Type: action, Key: e0bb9d8c-6ca8-46dd-856b-b4dcc0709dc5, Parent: 06e72e79-ff35-4c5f-be31-af4d2d19acd2
Element Type: input, Key: 06e72e79-ff35-4c5f-be31-af4d2d19acd2, Parent: golden_egg
Element Type: object, Key: golden_egg, Parent: local_pub_north
New Element created: local_pub, Parent: root
New Element created: , Parent: local_pub
New Element created: , Parent: local_pub
New Element created: , Parent: c1fd6eb8-9607-4c4f-82c0-669c9cb12cbc
New Element created: , Parent: c1fd6eb8-9607-4c4f-82c0-669c9cb12cbc
Returning row-index: 19
New Element created: , Parent: local_pub
New Element created: , Parent: f234634e-df2a-4835-8dc4-9bbf608b4dc4
Returning row: 24
New Element created: , Parent: local_pub
New Element created: , Parent: 4447d3e7-84ac-4406-8551-7f3d77c157ee
Returning row-index: 32
Returning row-index: 33
Element Type: enter_message, Key: 9c0f1c83-c621-45dd-8e68-237749ece154, Parent: local_pub
Element Type: message, Key: a8d38af4-a24e-4ce0-addc-c751b8fcfcaa, Parent: c1fd6eb8-9607-4c4f-82c0-669c9cb12cbc
Element Type: message, Key: 3c7a0eaa-1ae8-41d3-aca0-db0b4f4ba485, Parent: c1fd6eb8-9607-4c4f-82c0-669c9cb12cbc
Element Type: look, Key: c1fd6eb8-9607-4c4f-82c0-669c9cb12cbc, Parent: local_pub
Element Type: action, Key: c42a1c0f-09b5-4cb3-9207-08c1c629fb1d, Parent: f234634e-df2a-4835-8dc4-9bbf608b4dc4
Element Type: input, Key: f234634e-df2a-4835-8dc4-9bbf608b4dc4, Parent: local_pub
Element Type: move, Key: 38e81492-b271-42c5-be8a-4a064bbd7837, Parent: 4447d3e7-84ac-4406-8551-7f3d77c157ee
Element Type: input, Key: 4447d3e7-84ac-4406-8551-7f3d77c157ee, Parent: local_pub
Element Type: room, Key: local_pub, Parent: root
New Element created: thief_01, Parent: local_pub
New Element created: thief_01_life, Parent: thief_01
Returning row: 1
New Element created: thief_01_strength, Parent: thief_01
Returning row: 2
New Element created: thief_01_intelligence, Parent: thief_01
Returning row: 3
New Element created: thief_01_cunning, Parent: thief_01
Returning row: 4
New Element created: thief_01_gold, Parent: thief_01
Returning row: 5
New Element created: thief_01_armed, Parent: thief_01
Returning row: 6
New Element created: thief_01_msg_idx, Parent: thief_01
Returning row: 8
New Element created: stolen_shortsword_01, Parent: thief_01
New Element created: , Parent: stolen_shortsword_01
Returning row: 11
New Element created: , Parent: thief_01
New Element created: , Parent: e81593bc-b8d4-4165-8a66-4298b0635a3b
New Element created: , Parent: e81593bc-b8d4-4165-8a66-4298b0635a3b
New Element created: , Parent: e81593bc-b8d4-4165-8a66-4298b0635a3b
Returning row-index: 29
Returning row-index: 30
Element Type: attribute, Key: thief_01_life, Parent: thief_01
Element Type: attribute, Key: thief_01_strength, Parent: thief_01
Element Type: attribute, Key: thief_01_intelligence, Parent: thief_01
Element Type: attribute, Key: thief_01_cunning, Parent: thief_01
Element Type: attribute, Key: thief_01_gold, Parent: thief_01
Element Type: attribute, Key: thief_01_armed, Parent: thief_01
Element Type: attribute, Key: thief_01_msg_idx, Parent: thief_01
Element Type: attribute, Key: cfaf3fdb-ed31-4229-8278-05b466bcb971, Parent: stolen_shortsword_01
Element Type: weapon, Key: stolen_shortsword_01, Parent: thief_01
Element Type: message, Key: d8d3f695-dfd2-4f70-bff6-85daa7797dda, Parent: e81593bc-b8d4-4165-8a66-4298b0635a3b
Element Type: message, Key: ae6bb004-1f8e-4722-a94d-e0773b3a7156, Parent: e81593bc-b8d4-4165-8a66-4298b0635a3b
Element Type: message, Key: 505bb0af-df91-484f-9050-a936f67cd4b0, Parent: e81593bc-b8d4-4165-8a66-4298b0635a3b
Element Type: enter_message, Key: e81593bc-b8d4-4165-8a66-4298b0635a3b, Parent: thief_01
Element Type: npc, Key: thief_01, Parent: local_pub
New Element created: game, Parent: root
New Element created: , Parent: game
Returning row-index: 24
Element Type: enter_message, Key: e03fd909-e74b-4efd-b337-229bb5c928de, Parent: game
Element Type: game, Key: game, Parent: root
New Element created: global01, Parent: root
New Element created: , Parent: global01
New Element created: , Parent: 0c84490b-d34c-4db1-9259-754fcbe6e77e
Returning row: 2
New Element created: , Parent: global01
New Element created: , Parent: 89b9803a-a43c-4d8f-9264-191f3acf2856
Returning row: 5
New Element created: , Parent: global01
New Element created: , Parent: f06ebcb6-b3a5-4c91-96b8-9e71dd976f7a
New Element created: , Parent: fc3067f3-25d7-4765-8834-cc9c49a44b54
Returning row-index: 14
Returning row-index: 15
New Element created: day_string, Parent: global01
New Element created: , Parent: day_string
New Element created: , Parent: fca3911f-cf99-48ae-a838-c07e311cef75
New Element created: , Parent: fca3911f-cf99-48ae-a838-c07e311cef75
Returning row-index: 30
New Element created: , Parent: day_string
New Element created: , Parent: f4aeba01-dca8-4c0e-a789-4e1e70d89977
New Element created: , Parent: f4aeba01-dca8-4c0e-a789-4e1e70d89977
Returning row-index: 44
Returning row-index: 45
Returning row-index: 46
Element Type: action, Key: 8dc762d9-4048-48c5-9a00-418859374e3f, Parent: 0c84490b-d34c-4db1-9259-754fcbe6e77e
Element Type: input, Key: 0c84490b-d34c-4db1-9259-754fcbe6e77e, Parent: global01
Element Type: action, Key: ae16726b-63f6-4ae0-bcef-0782c21c1c26, Parent: 89b9803a-a43c-4d8f-9264-191f3acf2856
Element Type: input, Key: 89b9803a-a43c-4d8f-9264-191f3acf2856, Parent: global01
Element Type: message, Key: f34241a5-2df6-44c2-9bfa-fac0b62fbe14, Parent: fc3067f3-25d7-4765-8834-cc9c49a44b54
Element Type: set, Key: fc3067f3-25d7-4765-8834-cc9c49a44b54, Parent: f06ebcb6-b3a5-4c91-96b8-9e71dd976f7a
Element Type: input, Key: f06ebcb6-b3a5-4c91-96b8-9e71dd976f7a, Parent: global01
Element Type: logic, Key: eafb5d0f-7f08-4488-8dbb-47256320166e, Parent: fca3911f-cf99-48ae-a838-c07e311cef75
Element Type: message, Key: a602dd13-09bd-4010-ba65-dc549561550c, Parent: fca3911f-cf99-48ae-a838-c07e311cef75
Element Type: action, Key: fca3911f-cf99-48ae-a838-c07e311cef75, Parent: day_string
Element Type: logic, Key: d7f86682-c639-47bb-b99b-07c93a2d84ca, Parent: f4aeba01-dca8-4c0e-a789-4e1e70d89977
Element Type: message, Key: c5d112ac-1603-4e00-bbd4-40bc113c2127, Parent: f4aeba01-dca8-4c0e-a789-4e1e70d89977
Element Type: action, Key: f4aeba01-dca8-4c0e-a789-4e1e70d89977, Parent: day_string
Element Type: , Key: day_string, Parent: global01
Element Type: global, Key: global01, Parent: root
New Element created: player, Parent: local_pub
New Element created: player_life, Parent: player
Returning row: 1
New Element created: player_strength, Parent: player
Returning row: 2
New Element created: player_intelligence, Parent: player
Returning row: 3
New Element created: player_cunning, Parent: player
Returning row: 4
New Element created: player_gold, Parent: player
Returning row: 5
New Element created: player_armed, Parent: player
Returning row: 6
New Element created: longsword_01, Parent: player
New Element created: , Parent: longsword_01
Returning row: 9
Returning row-index: 10
Element Type: attribute, Key: player_life, Parent: player
Element Type: attribute, Key: player_strength, Parent: player
Element Type: attribute, Key: player_intelligence, Parent: player
Element Type: attribute, Key: player_cunning, Parent: player
Element Type: attribute, Key: player_gold, Parent: player
Element Type: attribute, Key: player_armed, Parent: player
Element Type: attribute, Key: 93605743-7577-485e-a588-77773b6176f6, Parent: longsword_01
Element Type: weapon, Key: longsword_01, Parent: player
Element Type: player, Key: player, Parent: local_pub
