New Element created: local_pub_north, Parent: root
New Element created: , Parent: local_pub_north
New Element created: , Parent: local_pub_north
New Element created: , Parent: 193ee9fd-3180-4e57-8d62-7120645ce526
Returning row-index: 18
New Element created: , Parent: local_pub_north
New Element created: , Parent: 21f9974c-1093-43db-a990-9b0226a18112
Returning row: 22
New Element created: , Parent: local_pub_north
New Element created: , Parent: d2bf6b3e-e966-41e5-a83d-d16e6f9d88ee
Returning row-index: 30
Returning row-index: 31
New Element created: golden_egg, Parent: local_pub_north
New Element created: , Parent: golden_egg
New Element created: , Parent: golden_egg
New Element created: , Parent: 51465f7a-e943-420f-a931-9322fccedd42
Returning row-index: 49
New Element created: , Parent: golden_egg
New Element created: , Parent: 39118276-0014-44c7-9bee-a6352f1bc77d
Returning row-index: 58
New Element created: , Parent: golden_egg
New Element created: , Parent: 1671b536-4b70-4708-b6b1-073c09aacbf9
Returning row-index: 67
New Element created: , Parent: golden_egg
New Element created: , Parent: d3b2a0ef-cfc4-4a49-9e46-c5e8982a5446
Returning row: 72
New Element created: , Parent: golden_egg
New Element created: , Parent: 230bc54a-623c-4478-9124-985d52cdf35c
Returning row-index: 82
New Element created: , Parent: golden_egg
New Element created: , Parent: b6e30049-34d3-46ea-92b0-162987bded3d
Returning row-index: 92
New Element created: , Parent: golden_egg
New Element created: , Parent: 50797025-b28b-4a1b-b83c-138cb8b4df2a
New Element created: , Parent: 50797025-b28b-4a1b-b83c-138cb8b4df2a
Returning row: 107
Returning row-index: 108
Element Type: enter_message, Key: 77de4474-4c12-4151-9c70-d8597411ba4c, Parent: local_pub_north
Element Type: message, Key: d30eb7fb-7845-4ea6-844d-c704f6664f84, Parent: 193ee9fd-3180-4e57-8d62-7120645ce526
Element Type: look, Key: 193ee9fd-3180-4e57-8d62-7120645ce526, Parent: local_pub_north
Element Type: action, Key: e294c5af-8aac-41fc-9339-1cf2e9d5ba00, Parent: 21f9974c-1093-43db-a990-9b0226a18112
Element Type: input, Key: 21f9974c-1093-43db-a990-9b0226a18112, Parent: local_pub_north
Element Type: move, Key: f941e868-ea40-44e9-9c42-6a85f937e8b5, Parent: d2bf6b3e-e966-41e5-a83d-d16e6f9d88ee
Element Type: input, Key: d2bf6b3e-e966-41e5-a83d-d16e6f9d88ee, Parent: local_pub_north
Element Type: room, Key: local_pub_north, Parent: root
Element Type: enter_message, Key: e23b6c15-9637-4642-8e05-3feaabe2b3bc, Parent: golden_egg
Element Type: message, Key: e62e0754-550d-4e0b-91d8-bdd50cfdaa44, Parent: 51465f7a-e943-420f-a931-9322fccedd42
Element Type: look, Key: 51465f7a-e943-420f-a931-9322fccedd42, Parent: golden_egg
Element Type: message, Key: beaec54c-5575-466e-9418-6c901f800b08, Parent: 39118276-0014-44c7-9bee-a6352f1bc77d
Element Type: inspect, Key: 39118276-0014-44c7-9bee-a6352f1bc77d, Parent: golden_egg
Element Type: message, Key: 081ba63f-43df-47ff-807e-86751dac9628, Parent: 1671b536-4b70-4708-b6b1-073c09aacbf9
Element Type: use_egg, Key: 1671b536-4b70-4708-b6b1-073c09aacbf9, Parent: golden_egg
Element Type: action, Key: a050fb1d-79e6-438c-adbe-b84d9a45f5e9, Parent: d3b2a0ef-cfc4-4a49-9e46-c5e8982a5446
Element Type: input, Key: d3b2a0ef-cfc4-4a49-9e46-c5e8982a5446, Parent: golden_egg
Element Type: move, Key: 366b8fc2-fbd8-4831-95c8-061b1f1c301b, Parent: 230bc54a-623c-4478-9124-985d52cdf35c
Element Type: input, Key: 230bc54a-623c-4478-9124-985d52cdf35c, Parent: golden_egg
Element Type: move, Key: fc014fd5-7ea3-4cf6-81d8-f8389485d270, Parent: b6e30049-34d3-46ea-92b0-162987bded3d
Element Type: input, Key: b6e30049-34d3-46ea-92b0-162987bded3d, Parent: golden_egg
Element Type: logic, Key: 4d38dbd1-6d61-40ba-9715-e8da44be1f3d, Parent: 50797025-b28b-4a1b-b83c-138cb8b4df2a
Element Type: action, Key: c2923016-2e77-48d6-bd9d-0e43e967ee69, Parent: 50797025-b28b-4a1b-b83c-138cb8b4df2a
Element Type: input, Key: 50797025-b28b-4a1b-b83c-138cb8b4df2a, Parent: golden_egg
Element Type: object, Key: golden_egg, Parent: local_pub_north
New Element created: local_pub, Parent: root
New Element created: , Parent: local_pub
New Element created: , Parent: local_pub
New Element created: , Parent: 47873527-473c-411d-9da1-bd02de2980af
New Element created: , Parent: 47873527-473c-411d-9da1-bd02de2980af
Returning row-index: 19
New Element created: , Parent: local_pub
New Element created: , Parent: 01234efb-9809-4ee3-97b7-cd7f3a4a9c5c
Returning row: 24
New Element created: , Parent: local_pub
New Element created: , Parent: e5427f3c-ec84-4d08-a01c-574ac49a7394
Returning row-index: 32
Returning row-index: 33
Element Type: enter_message, Key: 2b2a2c56-4c8b-44cc-99bc-ac96c1129142, Parent: local_pub
Element Type: message, Key: eff149e4-8daf-4da3-bc42-25eb35676ef5, Parent: 47873527-473c-411d-9da1-bd02de2980af
Element Type: message, Key: e04cefbc-5be1-4dd9-a4b7-712b7c43595e, Parent: 47873527-473c-411d-9da1-bd02de2980af
Element Type: look, Key: 47873527-473c-411d-9da1-bd02de2980af, Parent: local_pub
Element Type: action, Key: 86bdfa01-9a22-40f3-8561-84b42cc76e61, Parent: 01234efb-9809-4ee3-97b7-cd7f3a4a9c5c
Element Type: input, Key: 01234efb-9809-4ee3-97b7-cd7f3a4a9c5c, Parent: local_pub
Element Type: move, Key: 553ef61c-dfeb-488e-baa5-9d844bb17400, Parent: e5427f3c-ec84-4d08-a01c-574ac49a7394
Element Type: input, Key: e5427f3c-ec84-4d08-a01c-574ac49a7394, Parent: local_pub
Element Type: room, Key: local_pub, Parent: root
New Element created: thief_01, Parent: local_pub
New Element created: thief_01_life, Parent: thief_01
Returning row: 1
New Element created: thief_01_strength, Parent: thief_01
Returning row: 2
New Element created: thief_01_intelligence, Parent: thief_01
Returning row: 3
New Element created: thief_01_cunning, Parent: thief_01
Returning row: 4
New Element created: thief_01_gold, Parent: thief_01
Returning row: 5
New Element created: thief_01_armed, Parent: thief_01
Returning row: 6
New Element created: thief_01_msg_idx, Parent: thief_01
Returning row: 8
New Element created: stolen_shortsword_01, Parent: thief_01
New Element created: , Parent: stolen_shortsword_01
Returning row: 11
New Element created: , Parent: thief_01
New Element created: , Parent: 1c38c5aa-bba5-4fa2-bb99-70fb446acbfe
New Element created: , Parent: 1c38c5aa-bba5-4fa2-bb99-70fb446acbfe
New Element created: , Parent: 1c38c5aa-bba5-4fa2-bb99-70fb446acbfe
Returning row-index: 29
Returning row-index: 30
Element Type: attribute, Key: thief_01_life, Parent: thief_01
Element Type: attribute, Key: thief_01_strength, Parent: thief_01
Element Type: attribute, Key: thief_01_intelligence, Parent: thief_01
Element Type: attribute, Key: thief_01_cunning, Parent: thief_01
Element Type: attribute, Key: thief_01_gold, Parent: thief_01
Element Type: attribute, Key: thief_01_armed, Parent: thief_01
Element Type: attribute, Key: thief_01_msg_idx, Parent: thief_01
Element Type: attribute, Key: 5cad0dbe-2f65-4ebd-b559-d878ec63f658, Parent: stolen_shortsword_01
Element Type: weapon, Key: stolen_shortsword_01, Parent: thief_01
Element Type: message, Key: f7e1335b-e729-44a3-8d16-4179da2c0493, Parent: 1c38c5aa-bba5-4fa2-bb99-70fb446acbfe
Element Type: message, Key: def39b25-0465-4d07-b492-8fa0fd265afe, Parent: 1c38c5aa-bba5-4fa2-bb99-70fb446acbfe
Element Type: message, Key: f4864610-0e5e-4612-8977-de7f4e823abc, Parent: 1c38c5aa-bba5-4fa2-bb99-70fb446acbfe
Element Type: enter_message, Key: 1c38c5aa-bba5-4fa2-bb99-70fb446acbfe, Parent: thief_01
Element Type: npc, Key: thief_01, Parent: local_pub
New Element created: game, Parent: root
New Element created: , Parent: game
Returning row-index: 24
Element Type: enter_message, Key: 373d8c44-98b2-4788-b205-df3944296cee, Parent: game
Element Type: game, Key: game, Parent: root
New Element created: global01, Parent: root
New Element created: , Parent: global01
New Element created: , Parent: 868e9c06-827c-41b2-b261-a89c5eddb7d8
Returning row: 2
New Element created: , Parent: global01
New Element created: , Parent: b06572aa-66f9-4089-a595-954c2ffc2825
Returning row: 5
New Element created: , Parent: global01
New Element created: , Parent: 1f0ba47c-2ecd-42b0-89e4-b5ab4e317183
New Element created: , Parent: 9cf29853-359c-4f94-bb50-6f2c9fa7ba98
Returning row-index: 14
Returning row-index: 15
New Element created: day_string, Parent: global01
New Element created: , Parent: day_string
New Element created: , Parent: e99b3ff4-2bf4-4a85-a3e6-199452a2ba79
New Element created: , Parent: e99b3ff4-2bf4-4a85-a3e6-199452a2ba79
Returning row-index: 30
New Element created: , Parent: day_string
New Element created: , Parent: 44082f37-4328-497a-9cbf-e2f7f570886a
New Element created: , Parent: 44082f37-4328-497a-9cbf-e2f7f570886a
Returning row-index: 44
Returning row-index: 45
Returning row-index: 46
Element Type: action, Key: 61d8f2ac-8be5-4b61-a04f-d7c9483dba1e, Parent: 868e9c06-827c-41b2-b261-a89c5eddb7d8
Element Type: input, Key: 868e9c06-827c-41b2-b261-a89c5eddb7d8, Parent: global01
Element Type: action, Key: dd5a8c55-a419-4164-abd8-07c31dcd018a, Parent: b06572aa-66f9-4089-a595-954c2ffc2825
Element Type: input, Key: b06572aa-66f9-4089-a595-954c2ffc2825, Parent: global01
Element Type: message, Key: 8555db25-1a64-462e-bcb0-d9c4228f6ed8, Parent: 9cf29853-359c-4f94-bb50-6f2c9fa7ba98
Element Type: set, Key: 9cf29853-359c-4f94-bb50-6f2c9fa7ba98, Parent: 1f0ba47c-2ecd-42b0-89e4-b5ab4e317183
Element Type: input, Key: 1f0ba47c-2ecd-42b0-89e4-b5ab4e317183, Parent: global01
Element Type: logic, Key: 9d8be0e6-8962-4fd3-ad24-f803bcfc87c7, Parent: e99b3ff4-2bf4-4a85-a3e6-199452a2ba79
Element Type: message, Key: 269b04c5-168a-47a5-b512-232366f68c2c, Parent: e99b3ff4-2bf4-4a85-a3e6-199452a2ba79
Element Type: action, Key: e99b3ff4-2bf4-4a85-a3e6-199452a2ba79, Parent: day_string
Element Type: logic, Key: 922f246c-246b-46a2-9156-498426c4e0ac, Parent: 44082f37-4328-497a-9cbf-e2f7f570886a
Element Type: message, Key: b3d93413-40f8-44e3-b40f-8b86a5efae65, Parent: 44082f37-4328-497a-9cbf-e2f7f570886a
Element Type: action, Key: 44082f37-4328-497a-9cbf-e2f7f570886a, Parent: day_string
Element Type: , Key: day_string, Parent: global01
Element Type: global, Key: global01, Parent: root
New Element created: player, Parent: local_pub
New Element created: player_life, Parent: player
Returning row: 1
New Element created: player_strength, Parent: player
Returning row: 2
New Element created: player_intelligence, Parent: player
Returning row: 3
New Element created: player_cunning, Parent: player
Returning row: 4
New Element created: player_gold, Parent: player
Returning row: 5
New Element created: player_armed, Parent: player
Returning row: 6
New Element created: longsword_01, Parent: player
New Element created: , Parent: longsword_01
Returning row: 9
Returning row-index: 10
Element Type: attribute, Key: player_life, Parent: player
Element Type: attribute, Key: player_strength, Parent: player
Element Type: attribute, Key: player_intelligence, Parent: player
Element Type: attribute, Key: player_cunning, Parent: player
Element Type: attribute, Key: player_gold, Parent: player
Element Type: attribute, Key: player_armed, Parent: player
Element Type: attribute, Key: 065a8c44-cc69-493a-8721-7810f291589d, Parent: longsword_01
Element Type: weapon, Key: longsword_01, Parent: player
Element Type: player, Key: player, Parent: local_pub
