New Element created: local_pub_north, Parent: root
New Element created: , Parent: local_pub_north
New Element created: , Parent: local_pub_north
New Element created: , Parent: 1a7b93d7-3d96-44ed-82ad-5077a7ac95f2
Returning row-index: 18
New Element created: , Parent: local_pub_north
New Element created: , Parent: fc11ed13-192d-4513-9068-c923747e554c
Returning row: 22
New Element created: , Parent: local_pub_north
New Element created: , Parent: bd17cb48-f1c2-4555-a0f8-db8a7555a1b2
Returning row-index: 30
Returning row-index: 31
New Element created: golden_egg, Parent: local_pub_north
New Element created: , Parent: golden_egg
New Element created: , Parent: golden_egg
New Element created: , Parent: cea32bec-3152-496a-870f-062b341a51eb
Returning row-index: 49
New Element created: , Parent: golden_egg
New Element created: , Parent: 9039ce66-120d-4be6-8857-5c18385b410f
Returning row-index: 58
New Element created: , Parent: golden_egg
New Element created: , Parent: a971a913-3659-4d5a-8f0f-43c4635eb6ac
Returning row-index: 67
New Element created: , Parent: golden_egg
New Element created: , Parent: 1c4b83b2-1bea-4245-a64e-974bfd990654
Returning row: 72
New Element created: , Parent: golden_egg
New Element created: , Parent: 39690764-6e83-4ff4-8796-766a7db603d1
Returning row-index: 82
New Element created: , Parent: golden_egg
New Element created: , Parent: 12e2ecd0-939c-416c-9d30-98b9f10438a5
Returning row-index: 92
New Element created: , Parent: golden_egg
New Element created: , Parent: 67999dea-e8a2-4e08-9d68-5bf209afc09f
New Element created: , Parent: 67999dea-e8a2-4e08-9d68-5bf209afc09f
Returning row: 107
Returning row-index: 108
Element Type: enter_message, Key: 10b87358-dc6e-45e6-9719-965ea5dd42dc, Parent: local_pub_north
Element Type: message, Key: 6456d61a-2ae4-490f-804b-53a8903d4a96, Parent: 1a7b93d7-3d96-44ed-82ad-5077a7ac95f2
Element Type: look, Key: 1a7b93d7-3d96-44ed-82ad-5077a7ac95f2, Parent: local_pub_north
Element Type: action, Key: 6555070f-5419-45f7-8479-d497e40c0590, Parent: fc11ed13-192d-4513-9068-c923747e554c
Element Type: input, Key: fc11ed13-192d-4513-9068-c923747e554c, Parent: local_pub_north
Element Type: move, Key: c8e215ae-c4bc-4db6-bb96-fd0b39afa487, Parent: bd17cb48-f1c2-4555-a0f8-db8a7555a1b2
Element Type: input, Key: bd17cb48-f1c2-4555-a0f8-db8a7555a1b2, Parent: local_pub_north
Element Type: room, Key: local_pub_north, Parent: root
Element Type: enter_message, Key: 46c4e73a-acb5-472b-aaba-9c5d3c084bbd, Parent: golden_egg
Element Type: message, Key: 4afb1293-f193-44d2-b060-9bbbd6a2bfb0, Parent: cea32bec-3152-496a-870f-062b341a51eb
Element Type: look, Key: cea32bec-3152-496a-870f-062b341a51eb, Parent: golden_egg
Element Type: message, Key: c35ca985-0b3b-4186-bce3-32f745f94441, Parent: 9039ce66-120d-4be6-8857-5c18385b410f
Element Type: inspect, Key: 9039ce66-120d-4be6-8857-5c18385b410f, Parent: golden_egg
Element Type: message, Key: f1bbdf46-eddd-4f9b-a0eb-11889f3a97b3, Parent: a971a913-3659-4d5a-8f0f-43c4635eb6ac
Element Type: use_egg, Key: a971a913-3659-4d5a-8f0f-43c4635eb6ac, Parent: golden_egg
Element Type: action, Key: b436f91a-b7b7-4a0f-85f1-4077e6296935, Parent: 1c4b83b2-1bea-4245-a64e-974bfd990654
Element Type: input, Key: 1c4b83b2-1bea-4245-a64e-974bfd990654, Parent: golden_egg
Element Type: move, Key: b8bf6f4a-904e-4395-a9cb-fd7b5f0659b6, Parent: 39690764-6e83-4ff4-8796-766a7db603d1
Element Type: input, Key: 39690764-6e83-4ff4-8796-766a7db603d1, Parent: golden_egg
Element Type: move, Key: 0147eca7-1f88-4f8e-812f-f384f1e42f13, Parent: 12e2ecd0-939c-416c-9d30-98b9f10438a5
Element Type: input, Key: 12e2ecd0-939c-416c-9d30-98b9f10438a5, Parent: golden_egg
Element Type: logic, Key: 32688058-27da-48d3-b40d-54db5bcb03bb, Parent: 67999dea-e8a2-4e08-9d68-5bf209afc09f
Element Type: action, Key: 4856e134-7fef-4dc7-82a8-317dabdd5b56, Parent: 67999dea-e8a2-4e08-9d68-5bf209afc09f
Element Type: input, Key: 67999dea-e8a2-4e08-9d68-5bf209afc09f, Parent: golden_egg
Element Type: object, Key: golden_egg, Parent: local_pub_north
New Element created: local_pub, Parent: root
New Element created: , Parent: local_pub
New Element created: , Parent: local_pub
New Element created: , Parent: 27ae585d-dfcd-4ec2-a46f-fc21691a4bcb
New Element created: , Parent: 27ae585d-dfcd-4ec2-a46f-fc21691a4bcb
Returning row-index: 19
New Element created: , Parent: local_pub
New Element created: , Parent: d778674c-6611-479c-be8b-51cf6bca8ed1
Returning row: 24
New Element created: , Parent: local_pub
New Element created: , Parent: 522e4cb8-ee25-49c7-a1d7-303fa7a98801
Returning row-index: 32
Returning row-index: 33
Element Type: enter_message, Key: 886f09e6-5d8e-455f-a649-5b65c35d7d34, Parent: local_pub
Element Type: message, Key: 3e51eb2e-da7d-4837-9145-702826ff906b, Parent: 27ae585d-dfcd-4ec2-a46f-fc21691a4bcb
Element Type: message, Key: cd075a47-4f15-4a44-92e6-bd71655f510b, Parent: 27ae585d-dfcd-4ec2-a46f-fc21691a4bcb
Element Type: look, Key: 27ae585d-dfcd-4ec2-a46f-fc21691a4bcb, Parent: local_pub
Element Type: action, Key: 834ed9fd-801a-46e4-9d80-10d865e385ae, Parent: d778674c-6611-479c-be8b-51cf6bca8ed1
Element Type: input, Key: d778674c-6611-479c-be8b-51cf6bca8ed1, Parent: local_pub
Element Type: move, Key: 41658d0b-9e44-4c03-922b-b309825a903f, Parent: 522e4cb8-ee25-49c7-a1d7-303fa7a98801
Element Type: input, Key: 522e4cb8-ee25-49c7-a1d7-303fa7a98801, Parent: local_pub
Element Type: room, Key: local_pub, Parent: root
New Element created: thief_01, Parent: local_pub
New Element created: thief_01_life, Parent: thief_01
Returning row: 1
New Element created: thief_01_strength, Parent: thief_01
Returning row: 2
New Element created: thief_01_intelligence, Parent: thief_01
Returning row: 3
New Element created: thief_01_cunning, Parent: thief_01
Returning row: 4
New Element created: thief_01_gold, Parent: thief_01
Returning row: 5
New Element created: thief_01_armed, Parent: thief_01
Returning row: 6
New Element created: thief_01_msg_idx, Parent: thief_01
Returning row: 8
New Element created: stolen_shortsword_01, Parent: thief_01
New Element created: , Parent: stolen_shortsword_01
Returning row: 11
New Element created: , Parent: thief_01
New Element created: , Parent: a02c0d19-2741-4071-bf43-6b35ec9c847a
New Element created: , Parent: a02c0d19-2741-4071-bf43-6b35ec9c847a
New Element created: , Parent: a02c0d19-2741-4071-bf43-6b35ec9c847a
Returning row-index: 29
Returning row-index: 30
Element Type: attribute, Key: thief_01_life, Parent: thief_01
Element Type: attribute, Key: thief_01_strength, Parent: thief_01
Element Type: attribute, Key: thief_01_intelligence, Parent: thief_01
Element Type: attribute, Key: thief_01_cunning, Parent: thief_01
Element Type: attribute, Key: thief_01_gold, Parent: thief_01
Element Type: attribute, Key: thief_01_armed, Parent: thief_01
Element Type: attribute, Key: thief_01_msg_idx, Parent: thief_01
Element Type: attribute, Key: a0d3eb15-c047-4156-95de-b4dcc883ce1d, Parent: stolen_shortsword_01
Element Type: weapon, Key: stolen_shortsword_01, Parent: thief_01
Element Type: message, Key: ecd9f60e-dacf-40b5-bd9b-aef904d43e83, Parent: a02c0d19-2741-4071-bf43-6b35ec9c847a
Element Type: message, Key: 00ef2886-b1a8-4d8e-ae7c-20d66fdf61e1, Parent: a02c0d19-2741-4071-bf43-6b35ec9c847a
Element Type: message, Key: 93b5b7a3-dd35-493e-a526-18efda3c1982, Parent: a02c0d19-2741-4071-bf43-6b35ec9c847a
Element Type: enter_message, Key: a02c0d19-2741-4071-bf43-6b35ec9c847a, Parent: thief_01
Element Type: npc, Key: thief_01, Parent: local_pub
New Element created: game, Parent: root
New Element created: , Parent: game
Returning row-index: 24
Element Type: enter_message, Key: 19c46639-3dcd-4de0-8ceb-92e34763cf7c, Parent: game
Element Type: game, Key: game, Parent: root
New Element created: global01, Parent: root
New Element created: , Parent: global01
New Element created: , Parent: 2923ae1e-37ab-43e0-9c49-cad4b431789a
Returning row: 2
New Element created: , Parent: global01
New Element created: , Parent: a076f120-73b6-4e0b-9bae-da79e8203842
Returning row: 5
New Element created: , Parent: global01
New Element created: , Parent: f59f29bb-1c70-4420-b015-dabb0315d674
New Element created: , Parent: f768f0e7-adff-4a82-a750-fcaa47d5443d
Returning row-index: 14
Returning row-index: 15
