New Element created: local_pub_north, Parent: root
New Element created: , Parent: local_pub_north
New Element created: , Parent: local_pub_north
New Element created: , Parent: 8700d16c-2130-4c1d-857e-a4c8d1a35a40
Returning row-index: 18
New Element created: , Parent: local_pub_north
New Element created: , Parent: c0cd054e-21fe-4b83-a323-e430b520b296
Returning row: 22
New Element created: , Parent: local_pub_north
New Element created: , Parent: f8c96add-ac0e-4037-9dea-1a062b74d845
Returning row-index: 30
Returning row-index: 31
New Element created: golden_egg, Parent: local_pub_north
New Element created: , Parent: golden_egg
New Element created: , Parent: golden_egg
New Element created: , Parent: 3cde94ee-0f0c-4eec-9c28-faafbda26365
Returning row-index: 49
New Element created: , Parent: golden_egg
New Element created: , Parent: a4fe315f-27b2-4f36-9a2e-ad96f1aa7d6d
Returning row-index: 58
New Element created: , Parent: golden_egg
New Element created: , Parent: 9e011692-69a2-4006-8038-7c40f4289a17
Returning row-index: 67
New Element created: , Parent: golden_egg
New Element created: , Parent: 31f1f77e-9807-472a-acc4-9b3651eb7bd6
Returning row: 72
New Element created: , Parent: golden_egg
New Element created: , Parent: 3ed673ef-c907-441e-86d2-cd348bdb27ea
Returning row-index: 82
New Element created: , Parent: golden_egg
New Element created: , Parent: ee7dc019-1a99-49df-943f-984d50a875cb
Returning row-index: 92
New Element created: , Parent: golden_egg
New Element created: , Parent: e6f91cde-b662-47f0-844e-966f40429da2
New Element created: , Parent: e6f91cde-b662-47f0-844e-966f40429da2
Returning row: 107
Returning row-index: 108
Element Type: enter_message, Key: 8ace0101-308c-490e-b460-1d09f48f8c50, Parent: local_pub_north
Element Type: message, Key: 9237d563-65bf-4e24-bd23-25fa352a1be1, Parent: 8700d16c-2130-4c1d-857e-a4c8d1a35a40
Element Type: look, Key: 8700d16c-2130-4c1d-857e-a4c8d1a35a40, Parent: local_pub_north
Element Type: action, Key: 1e632208-c5cf-4c90-8968-50f4cac359fb, Parent: c0cd054e-21fe-4b83-a323-e430b520b296
Element Type: input, Key: c0cd054e-21fe-4b83-a323-e430b520b296, Parent: local_pub_north
Element Type: move, Key: 03791472-ff31-4ef0-9940-d289c053e45f, Parent: f8c96add-ac0e-4037-9dea-1a062b74d845
Element Type: input, Key: f8c96add-ac0e-4037-9dea-1a062b74d845, Parent: local_pub_north
Element Type: room, Key: local_pub_north, Parent: root
Element Type: enter_message, Key: eb360341-a934-4d2a-a8bb-d57750514da2, Parent: golden_egg
Element Type: message, Key: cea56754-742e-4f37-85f4-d75d322a4c87, Parent: 3cde94ee-0f0c-4eec-9c28-faafbda26365
Element Type: look, Key: 3cde94ee-0f0c-4eec-9c28-faafbda26365, Parent: golden_egg
Element Type: message, Key: 46eed607-7d2e-4d1a-ba24-1a4c7038bf46, Parent: a4fe315f-27b2-4f36-9a2e-ad96f1aa7d6d
Element Type: inspect, Key: a4fe315f-27b2-4f36-9a2e-ad96f1aa7d6d, Parent: golden_egg
Element Type: message, Key: c2e85db3-1ceb-497d-b079-7842d94d1846, Parent: 9e011692-69a2-4006-8038-7c40f4289a17
Element Type: use_egg, Key: 9e011692-69a2-4006-8038-7c40f4289a17, Parent: golden_egg
Element Type: action, Key: fb0a6fc5-8532-4cb6-aef1-3c7c876abf4c, Parent: 31f1f77e-9807-472a-acc4-9b3651eb7bd6
Element Type: input, Key: 31f1f77e-9807-472a-acc4-9b3651eb7bd6, Parent: golden_egg
Element Type: move, Key: bd1b7cd0-8cea-4cec-90ac-4e63f93b31ae, Parent: 3ed673ef-c907-441e-86d2-cd348bdb27ea
Element Type: input, Key: 3ed673ef-c907-441e-86d2-cd348bdb27ea, Parent: golden_egg
Element Type: move, Key: 6f830292-952b-4b58-80b5-5c21549c0da7, Parent: ee7dc019-1a99-49df-943f-984d50a875cb
Element Type: input, Key: ee7dc019-1a99-49df-943f-984d50a875cb, Parent: golden_egg
Element Type: logic, Key: a8d00119-c95c-4676-acd5-dad634f13c99, Parent: e6f91cde-b662-47f0-844e-966f40429da2
Element Type: action, Key: cf5f8fa2-31ce-4e53-b952-21d8ccc2391c, Parent: e6f91cde-b662-47f0-844e-966f40429da2
Element Type: input, Key: e6f91cde-b662-47f0-844e-966f40429da2, Parent: golden_egg
Element Type: object, Key: golden_egg, Parent: local_pub_north
New Element created: local_pub, Parent: root
New Element created: , Parent: local_pub
New Element created: , Parent: local_pub
New Element created: , Parent: cf5ca14e-c4aa-4816-9038-03fbe3c970eb
New Element created: , Parent: cf5ca14e-c4aa-4816-9038-03fbe3c970eb
Returning row-index: 19
New Element created: , Parent: local_pub
New Element created: , Parent: f2a2b635-77eb-4b76-a7fe-4c9f646373ee
Returning row: 24
New Element created: , Parent: f2a2b635-77eb-4b76-a7fe-4c9f646373ee
Returning row: 25
New Element created: , Parent: local_pub
New Element created: , Parent: f6b32790-f95f-41f2-8f50-572ca429fa4b
Returning row-index: 33
Returning row-index: 34
Element Type: enter_message, Key: 11aefafc-e928-4af3-97fe-0c9d8d8612d3, Parent: local_pub
Element Type: message, Key: c1e701db-7db5-4e3b-b293-2762ff36c505, Parent: cf5ca14e-c4aa-4816-9038-03fbe3c970eb
Element Type: message, Key: f431065d-598f-4c4d-b07d-a6ece42586c1, Parent: cf5ca14e-c4aa-4816-9038-03fbe3c970eb
Element Type: look, Key: cf5ca14e-c4aa-4816-9038-03fbe3c970eb, Parent: local_pub
Element Type: action, Key: e86bfb40-cf0f-47f4-812a-2ba0b9d90692, Parent: f2a2b635-77eb-4b76-a7fe-4c9f646373ee
Element Type: set, Key: 87ab3c3c-0f43-4f12-b407-ade8849de052, Parent: f2a2b635-77eb-4b76-a7fe-4c9f646373ee
Element Type: input, Key: f2a2b635-77eb-4b76-a7fe-4c9f646373ee, Parent: local_pub
Element Type: move, Key: 7a1af712-3156-43d8-8f4c-1ec8ecd119e5, Parent: f6b32790-f95f-41f2-8f50-572ca429fa4b
Element Type: input, Key: f6b32790-f95f-41f2-8f50-572ca429fa4b, Parent: local_pub
Element Type: room, Key: local_pub, Parent: root
New Element created: thief_01, Parent: local_pub
New Element created: thief_01_life, Parent: thief_01
Returning row: 1
New Element created: thief_01_strength, Parent: thief_01
Returning row: 2
New Element created: thief_01_intelligence, Parent: thief_01
Returning row: 3
New Element created: thief_01_cunning, Parent: thief_01
Returning row: 4
New Element created: thief_01_gold, Parent: thief_01
Returning row: 5
New Element created: thief_01_armed, Parent: thief_01
Returning row: 6
New Element created: thief_01_msg_idx, Parent: thief_01
Returning row: 8
New Element created: stolen_shortsword_01, Parent: thief_01
New Element created: , Parent: stolen_shortsword_01
Returning row: 11
New Element created: thief_01_travel, Parent: thief_01
Returning row: 15
New Element created: , Parent: thief_01
New Element created: , Parent: 0536f846-b0aa-46cf-a200-e109970b7fa4
New Element created: , Parent: 0536f846-b0aa-46cf-a200-e109970b7fa4
New Element created: , Parent: 0536f846-b0aa-46cf-a200-e109970b7fa4
Returning row-index: 33
Returning row-index: 34
Element Type: attribute, Key: thief_01_life, Parent: thief_01
Element Type: attribute, Key: thief_01_strength, Parent: thief_01
Element Type: attribute, Key: thief_01_intelligence, Parent: thief_01
Element Type: attribute, Key: thief_01_cunning, Parent: thief_01
Element Type: attribute, Key: thief_01_gold, Parent: thief_01
Element Type: attribute, Key: thief_01_armed, Parent: thief_01
Element Type: attribute, Key: thief_01_msg_idx, Parent: thief_01
Element Type: attribute, Key: 1341ded1-c8fe-4a61-bc89-3b22723d38fb, Parent: stolen_shortsword_01
Element Type: weapon, Key: stolen_shortsword_01, Parent: thief_01
Element Type: travel, Key: thief_01_travel, Parent: thief_01
Element Type: message, Key: d334a552-7f16-4f31-9248-38fc59df756e, Parent: 0536f846-b0aa-46cf-a200-e109970b7fa4
Element Type: message, Key: 26fe4d32-4a06-423e-90bc-3d7b795d0049, Parent: 0536f846-b0aa-46cf-a200-e109970b7fa4
Element Type: message, Key: a2ebeff7-23a1-4f03-aa52-374e63664d75, Parent: 0536f846-b0aa-46cf-a200-e109970b7fa4
Element Type: enter_message, Key: 0536f846-b0aa-46cf-a200-e109970b7fa4, Parent: thief_01
Element Type: npc, Key: thief_01, Parent: local_pub
New Element created: game, Parent: root
New Element created: , Parent: game
Returning row-index: 24
Element Type: enter_message, Key: 0af8e801-937f-4c45-b0e2-d7ec5a327ad0, Parent: game
Element Type: game, Key: game, Parent: root
New Element created: global01, Parent: root
New Element created: , Parent: global01
New Element created: , Parent: 4bec4f45-9e8c-441c-bb45-1dde1794f838
Returning row: 2
New Element created: , Parent: global01
New Element created: , Parent: 4f8668ee-dd36-4c48-8e17-252dd4fedb26
Returning row: 5
New Element created: , Parent: global01
New Element created: , Parent: 3a0ced7d-d6e2-4ef5-b815-374441e4ea5e
New Element created: , Parent: a7d2dd3f-e907-431e-a9e9-9034267666e3
Returning row-index: 14
Returning row-index: 15
New Element created: day_string, Parent: global01
New Element created: , Parent: day_string
New Element created: , Parent: 09d51d25-e2eb-4186-8ec1-56c4814c5285
New Element created: , Parent: 09d51d25-e2eb-4186-8ec1-56c4814c5285
Returning row-index: 30
New Element created: , Parent: day_string
New Element created: , Parent: 663c1dce-28d2-4f57-b19a-2559fba935c2
New Element created: , Parent: 663c1dce-28d2-4f57-b19a-2559fba935c2
Returning row-index: 44
Returning row-index: 45
Returning row-index: 46
Element Type: action, Key: a7304c94-a4ad-4db6-820b-f51c339d9bca, Parent: 4bec4f45-9e8c-441c-bb45-1dde1794f838
Element Type: input, Key: 4bec4f45-9e8c-441c-bb45-1dde1794f838, Parent: global01
Element Type: action, Key: aec86210-d564-45cc-b26d-548d5b5a3656, Parent: 4f8668ee-dd36-4c48-8e17-252dd4fedb26
Element Type: input, Key: 4f8668ee-dd36-4c48-8e17-252dd4fedb26, Parent: global01
Element Type: message, Key: 42ae51e1-a3e0-4f98-a2c6-ba7168c8c4be, Parent: a7d2dd3f-e907-431e-a9e9-9034267666e3
Element Type: set, Key: a7d2dd3f-e907-431e-a9e9-9034267666e3, Parent: 3a0ced7d-d6e2-4ef5-b815-374441e4ea5e
Element Type: input, Key: 3a0ced7d-d6e2-4ef5-b815-374441e4ea5e, Parent: global01
Element Type: logic, Key: 2ef86aeb-162e-4ecd-b63e-091a6bee76fc, Parent: 09d51d25-e2eb-4186-8ec1-56c4814c5285
Element Type: message, Key: b14bb038-fce4-4ab2-9d86-8894d9ec87da, Parent: 09d51d25-e2eb-4186-8ec1-56c4814c5285
Element Type: action, Key: 09d51d25-e2eb-4186-8ec1-56c4814c5285, Parent: day_string
Element Type: logic, Key: fa6d3e2c-a543-4750-ae5c-5674cb300204, Parent: 663c1dce-28d2-4f57-b19a-2559fba935c2
Element Type: message, Key: 9757c304-97b8-4b8a-9476-a810d5a15d02, Parent: 663c1dce-28d2-4f57-b19a-2559fba935c2
Element Type: action, Key: 663c1dce-28d2-4f57-b19a-2559fba935c2, Parent: day_string
Element Type: , Key: day_string, Parent: global01
Element Type: global, Key: global01, Parent: root
New Element created: player, Parent: local_pub
New Element created: player_life, Parent: player
Returning row: 1
New Element created: player_strength, Parent: player
Returning row: 2
New Element created: player_intelligence, Parent: player
Returning row: 3
New Element created: player_cunning, Parent: player
Returning row: 4
New Element created: player_gold, Parent: player
Returning row: 5
New Element created: player_armed, Parent: player
Returning row: 6
New Element created: longsword_01, Parent: player
New Element created: , Parent: longsword_01
Returning row: 9
Returning row-index: 10
Element Type: attribute, Key: player_life, Parent: player
Element Type: attribute, Key: player_strength, Parent: player
Element Type: attribute, Key: player_intelligence, Parent: player
Element Type: attribute, Key: player_cunning, Parent: player
Element Type: attribute, Key: player_gold, Parent: player
Element Type: attribute, Key: player_armed, Parent: player
Element Type: attribute, Key: ad1930ae-e8ac-482f-9d89-a025d9fcbe10, Parent: longsword_01
Element Type: weapon, Key: longsword_01, Parent: player
Element Type: player, Key: player, Parent: local_pub
