New Element created: local_pub_north, Parent: root
New Element created: , Parent: local_pub_north
New Element created: , Parent: local_pub_north
New Element created: , Parent: 7b771080-a707-4331-bc4b-a8af05999a18
Returning row-index: 18
New Element created: , Parent: local_pub_north
New Element created: , Parent: 746b92c7-5fd0-43d9-a6a8-0c54f0b7e817
Returning row: 22
New Element created: , Parent: local_pub_north
New Element created: , Parent: 8378e664-68d9-431a-9ea5-7b4c3f9a8451
Returning row-index: 30
Returning row-index: 31
New Element created: golden_egg, Parent: local_pub_north
New Element created: , Parent: golden_egg
New Element created: , Parent: golden_egg
New Element created: , Parent: 9d0ad0d9-2613-4c57-b3cb-48c2a3b52c7b
Returning row-index: 49
New Element created: , Parent: golden_egg
New Element created: , Parent: 6d89b513-a586-42b4-b45d-fad01673779c
Returning row-index: 58
New Element created: , Parent: golden_egg
New Element created: , Parent: e1aa3d09-f91e-45d9-8b72-70dc3fdf6ea2
Returning row-index: 67
New Element created: , Parent: golden_egg
New Element created: , Parent: 6450510f-45e3-4fd0-b452-1cfbe6fbe449
Returning row: 72
New Element created: , Parent: golden_egg
New Element created: , Parent: c293c04f-c72f-48dc-8a69-97e5db31c154
Returning row-index: 82
New Element created: , Parent: golden_egg
New Element created: , Parent: eda00521-035d-4886-8071-e47b57b97908
Returning row-index: 92
New Element created: , Parent: golden_egg
New Element created: , Parent: 8833f3d8-e431-4423-837d-3c9322e48dc8
New Element created: , Parent: 8833f3d8-e431-4423-837d-3c9322e48dc8
Returning row: 107
Returning row-index: 108
Element Type: enter_message, Key: 94fec2d9-6843-455f-bb12-7a4fecf81d55, Parent: local_pub_north
Element Type: message, Key: a68bcb80-2b8c-4f25-b095-8e5f1d7a7547, Parent: 7b771080-a707-4331-bc4b-a8af05999a18
Element Type: look, Key: 7b771080-a707-4331-bc4b-a8af05999a18, Parent: local_pub_north
Element Type: action, Key: 8e5cac11-7d12-4f1a-9690-0c352fcdc348, Parent: 746b92c7-5fd0-43d9-a6a8-0c54f0b7e817
Element Type: input, Key: 746b92c7-5fd0-43d9-a6a8-0c54f0b7e817, Parent: local_pub_north
Element Type: move, Key: 16b187e0-6070-4d03-a9f2-725cd6e51da4, Parent: 8378e664-68d9-431a-9ea5-7b4c3f9a8451
Element Type: input, Key: 8378e664-68d9-431a-9ea5-7b4c3f9a8451, Parent: local_pub_north
Element Type: room, Key: local_pub_north, Parent: root
Element Type: enter_message, Key: 7ff1d0ce-3903-4c6e-8b27-09c05a9e8844, Parent: golden_egg
Element Type: message, Key: eb087896-3fbe-4c6f-8942-bda4749bfc33, Parent: 9d0ad0d9-2613-4c57-b3cb-48c2a3b52c7b
Element Type: look, Key: 9d0ad0d9-2613-4c57-b3cb-48c2a3b52c7b, Parent: golden_egg
Element Type: message, Key: cbe65b05-f23d-407d-bced-7497a00d6d14, Parent: 6d89b513-a586-42b4-b45d-fad01673779c
Element Type: inspect, Key: 6d89b513-a586-42b4-b45d-fad01673779c, Parent: golden_egg
Element Type: message, Key: 6c17f30c-30e0-4deb-aa69-4b89a0e617c5, Parent: e1aa3d09-f91e-45d9-8b72-70dc3fdf6ea2
Element Type: use_egg, Key: e1aa3d09-f91e-45d9-8b72-70dc3fdf6ea2, Parent: golden_egg
Element Type: action, Key: 2cf46190-e5c9-4623-a3c1-0e0719e5ffa6, Parent: 6450510f-45e3-4fd0-b452-1cfbe6fbe449
Element Type: input, Key: 6450510f-45e3-4fd0-b452-1cfbe6fbe449, Parent: golden_egg
Element Type: move, Key: cab5f623-c9a3-4363-909b-03c44b9e9225, Parent: c293c04f-c72f-48dc-8a69-97e5db31c154
Element Type: input, Key: c293c04f-c72f-48dc-8a69-97e5db31c154, Parent: golden_egg
Element Type: move, Key: 2e779313-b57b-4246-889c-a24e63338f76, Parent: eda00521-035d-4886-8071-e47b57b97908
Element Type: input, Key: eda00521-035d-4886-8071-e47b57b97908, Parent: golden_egg
Element Type: logic, Key: 06163190-5f4d-453d-967f-947d14fbd02d, Parent: 8833f3d8-e431-4423-837d-3c9322e48dc8
Element Type: action, Key: c0875d09-f84b-4d6a-a9b9-71a18ff95685, Parent: 8833f3d8-e431-4423-837d-3c9322e48dc8
Element Type: input, Key: 8833f3d8-e431-4423-837d-3c9322e48dc8, Parent: golden_egg
Element Type: object, Key: golden_egg, Parent: local_pub_north
New Element created: local_pub, Parent: root
New Element created: , Parent: local_pub
New Element created: , Parent: local_pub
New Element created: , Parent: 5cec5191-8ce7-4425-a5ee-4244b1f68e83
New Element created: , Parent: 5cec5191-8ce7-4425-a5ee-4244b1f68e83
Returning row-index: 19
New Element created: , Parent: local_pub
New Element created: , Parent: 02aa7857-adda-448b-b35c-8aaeb90eae9c
Returning row: 24
New Element created: , Parent: 02aa7857-adda-448b-b35c-8aaeb90eae9c
Returning row: 25
New Element created: , Parent: local_pub
New Element created: , Parent: d2cfd3d5-c94a-4079-a7b7-077e987831d5
Returning row-index: 33
Returning row-index: 34
Element Type: enter_message, Key: cf251294-a844-4721-be9b-72329434bf8d, Parent: local_pub
Element Type: message, Key: 2bace35f-c456-4ade-9516-771424c25c05, Parent: 5cec5191-8ce7-4425-a5ee-4244b1f68e83
Element Type: message, Key: 411a6a2c-e87a-4439-abcf-c349ad4fce09, Parent: 5cec5191-8ce7-4425-a5ee-4244b1f68e83
Element Type: look, Key: 5cec5191-8ce7-4425-a5ee-4244b1f68e83, Parent: local_pub
Element Type: action, Key: 45012b34-0cbc-4c72-a183-b75e7d81390a, Parent: 02aa7857-adda-448b-b35c-8aaeb90eae9c
Element Type: set, Key: 997dc0cf-de4e-45ba-bbfd-85f1839f21c4, Parent: 02aa7857-adda-448b-b35c-8aaeb90eae9c
Element Type: input, Key: 02aa7857-adda-448b-b35c-8aaeb90eae9c, Parent: local_pub
Element Type: move, Key: 4dca0257-9a9e-4ef8-ae44-d10afeaa6a39, Parent: d2cfd3d5-c94a-4079-a7b7-077e987831d5
Element Type: input, Key: d2cfd3d5-c94a-4079-a7b7-077e987831d5, Parent: local_pub
Element Type: room, Key: local_pub, Parent: root
New Element created: thief_01, Parent: local_pub
New Element created: thief_01_life, Parent: thief_01
Returning row: 1
New Element created: thief_01_strength, Parent: thief_01
Returning row: 2
New Element created: thief_01_intelligence, Parent: thief_01
Returning row: 3
New Element created: thief_01_cunning, Parent: thief_01
Returning row: 4
New Element created: thief_01_gold, Parent: thief_01
Returning row: 5
New Element created: thief_01_armed, Parent: thief_01
Returning row: 6
New Element created: thief_01_msg_idx, Parent: thief_01
Returning row: 8
New Element created: stolen_shortsword_01, Parent: thief_01
New Element created: , Parent: stolen_shortsword_01
Returning row: 11
New Element created: thief_01_travel, Parent: thief_01
Returning row: 15
New Element created: , Parent: thief_01
New Element created: , Parent: 92c9139e-f91a-4fbe-ac20-8e0e32ecc6fc
Returning row-index: 23
New Element created: , Parent: thief_01
New Element created: , Parent: db1ec4ff-4771-4415-8b0f-de453036f8dc
New Element created: , Parent: db1ec4ff-4771-4415-8b0f-de453036f8dc
New Element created: , Parent: db1ec4ff-4771-4415-8b0f-de453036f8dc
Returning row-index: 41
Returning row-index: 42
Element Type: attribute, Key: thief_01_life, Parent: thief_01
Element Type: attribute, Key: thief_01_strength, Parent: thief_01
Element Type: attribute, Key: thief_01_intelligence, Parent: thief_01
Element Type: attribute, Key: thief_01_cunning, Parent: thief_01
Element Type: attribute, Key: thief_01_gold, Parent: thief_01
Element Type: attribute, Key: thief_01_armed, Parent: thief_01
Element Type: attribute, Key: thief_01_msg_idx, Parent: thief_01
Element Type: attribute, Key: 9c112eed-1bd8-4261-b8c9-c1ea07aa0d6e, Parent: stolen_shortsword_01
Element Type: weapon, Key: stolen_shortsword_01, Parent: thief_01
Element Type: travel, Key: thief_01_travel, Parent: thief_01
Element Type: message, Key: 6e6e9bd6-6cc6-4f58-bbec-b1748ce65817, Parent: 92c9139e-f91a-4fbe-ac20-8e0e32ecc6fc
Element Type: enter_message, Key: 92c9139e-f91a-4fbe-ac20-8e0e32ecc6fc, Parent: thief_01
Element Type: message, Key: c07cb9d2-41d2-442e-b61e-e2110c8a8335, Parent: db1ec4ff-4771-4415-8b0f-de453036f8dc
Element Type: message, Key: 55e9e3ce-5194-4dbb-8a3b-c4d827f4f85f, Parent: db1ec4ff-4771-4415-8b0f-de453036f8dc
Element Type: message, Key: bf43e70d-926f-4b7a-b975-c5eea1f82b11, Parent: db1ec4ff-4771-4415-8b0f-de453036f8dc
Element Type: xenter_message, Key: db1ec4ff-4771-4415-8b0f-de453036f8dc, Parent: thief_01
Element Type: npc, Key: thief_01, Parent: local_pub
New Element created: game, Parent: root
New Element created: , Parent: game
Returning row-index: 24
Element Type: enter_message, Key: 1f37b8ac-5059-4dc4-9ac5-be00b5a4a0c5, Parent: game
Element Type: game, Key: game, Parent: root
New Element created: global01, Parent: root
New Element created: , Parent: global01
New Element created: , Parent: 93ef3e5e-9d85-4431-86ed-25df78954996
Returning row: 2
New Element created: , Parent: global01
New Element created: , Parent: 5643fb60-501d-4398-a28a-2970a4303581
Returning row: 5
New Element created: , Parent: global01
New Element created: , Parent: 88ef92df-e8a8-4dc9-8223-a5fd515bebd5
New Element created: , Parent: c76c8688-848b-48a9-a8dc-2742be5afc3f
Returning row-index: 14
Returning row-index: 15
New Element created: day_string, Parent: global01
New Element created: , Parent: day_string
New Element created: , Parent: f20bfaf0-ace9-40d2-9fd8-f4a5ade021af
New Element created: , Parent: f20bfaf0-ace9-40d2-9fd8-f4a5ade021af
Returning row-index: 30
New Element created: , Parent: day_string
New Element created: , Parent: 0d919050-39c2-4d92-94cb-b0d4468e71cc
New Element created: , Parent: 0d919050-39c2-4d92-94cb-b0d4468e71cc
Returning row-index: 44
Returning row-index: 45
Returning row-index: 46
Element Type: action, Key: 9d599671-ea40-44f0-871e-90b55364feeb, Parent: 93ef3e5e-9d85-4431-86ed-25df78954996
Element Type: input, Key: 93ef3e5e-9d85-4431-86ed-25df78954996, Parent: global01
Element Type: action, Key: 9b37495f-6d3d-49b3-ab30-f9f604414ad8, Parent: 5643fb60-501d-4398-a28a-2970a4303581
Element Type: input, Key: 5643fb60-501d-4398-a28a-2970a4303581, Parent: global01
Element Type: message, Key: ff6be9f0-431a-42f2-8880-6cb877d498b1, Parent: c76c8688-848b-48a9-a8dc-2742be5afc3f
Element Type: set, Key: c76c8688-848b-48a9-a8dc-2742be5afc3f, Parent: 88ef92df-e8a8-4dc9-8223-a5fd515bebd5
Element Type: input, Key: 88ef92df-e8a8-4dc9-8223-a5fd515bebd5, Parent: global01
Element Type: logic, Key: 99f2e776-d12f-44b5-9f0e-b857aaa01021, Parent: f20bfaf0-ace9-40d2-9fd8-f4a5ade021af
Element Type: message, Key: 64238187-e984-4552-872e-a83c4673be0d, Parent: f20bfaf0-ace9-40d2-9fd8-f4a5ade021af
Element Type: action, Key: f20bfaf0-ace9-40d2-9fd8-f4a5ade021af, Parent: day_string
Element Type: logic, Key: 315942be-8aa0-47c0-b3c2-8f4322cac695, Parent: 0d919050-39c2-4d92-94cb-b0d4468e71cc
Element Type: message, Key: fa8d83c8-e1d3-43c8-81b8-75c1316d905d, Parent: 0d919050-39c2-4d92-94cb-b0d4468e71cc
Element Type: action, Key: 0d919050-39c2-4d92-94cb-b0d4468e71cc, Parent: day_string
Element Type: , Key: day_string, Parent: global01
Element Type: global, Key: global01, Parent: root
New Element created: player, Parent: local_pub
New Element created: player_life, Parent: player
Returning row: 1
New Element created: player_strength, Parent: player
Returning row: 2
New Element created: player_intelligence, Parent: player
Returning row: 3
New Element created: player_cunning, Parent: player
Returning row: 4
New Element created: player_gold, Parent: player
Returning row: 5
New Element created: player_armed, Parent: player
Returning row: 6
New Element created: longsword_01, Parent: player
New Element created: , Parent: longsword_01
Returning row: 9
Returning row-index: 10
Element Type: attribute, Key: player_life, Parent: player
Element Type: attribute, Key: player_strength, Parent: player
Element Type: attribute, Key: player_intelligence, Parent: player
Element Type: attribute, Key: player_cunning, Parent: player
Element Type: attribute, Key: player_gold, Parent: player
Element Type: attribute, Key: player_armed, Parent: player
Element Type: attribute, Key: 2525ef9d-04d9-4882-9b36-292cc7ea1d89, Parent: longsword_01
Element Type: weapon, Key: longsword_01, Parent: player
Element Type: player, Key: player, Parent: local_pub
