New Element created: local_pub_north, Parent: root
New Element created: , Parent: local_pub_north
New Element created: , Parent: local_pub_north
New Element created: , Parent: 0a33dbe7-b7cd-4777-9885-e2e91516bd02
Returning row-index: 18
New Element created: , Parent: local_pub_north
New Element created: , Parent: 4ee9c73b-f3ac-4c08-af55-b7422b9280a2
Returning row: 22
New Element created: , Parent: local_pub_north
New Element created: , Parent: 4961a25e-c1ff-4fb4-bd61-9c36871fa39a
Returning row-index: 30
Returning row-index: 31
New Element created: golden_egg, Parent: local_pub_north
New Element created: , Parent: golden_egg
New Element created: , Parent: golden_egg
New Element created: , Parent: 69899817-098b-46bc-86b0-26a0786f50a7
Returning row-index: 49
New Element created: , Parent: golden_egg
New Element created: , Parent: b6d4960c-929f-44cc-9f78-258e7a53e985
Returning row-index: 58
New Element created: , Parent: golden_egg
New Element created: , Parent: 7ac80131-c2f4-48a1-aafa-70aceed3a569
Returning row-index: 67
New Element created: , Parent: golden_egg
New Element created: , Parent: 395fae84-2646-4dec-b526-217e539ceb11
Returning row: 72
New Element created: , Parent: golden_egg
New Element created: , Parent: d20c143c-5950-4819-8f0d-8f9433627364
Returning row-index: 82
New Element created: , Parent: golden_egg
New Element created: , Parent: f6b7de6d-c514-499a-8c61-58759526c4ee
Returning row-index: 92
New Element created: , Parent: golden_egg
New Element created: , Parent: 431e51a2-6136-419c-af37-b68cd08945f9
New Element created: , Parent: 431e51a2-6136-419c-af37-b68cd08945f9
Returning row: 107
Returning row-index: 108
Element Type: enter_message, Key: 14264bb7-cc4a-4a86-bafb-8ccb683cd708, Parent: local_pub_north
Element Type: message, Key: dca0998f-0ba5-40f1-bdb3-e1e3905f861c, Parent: 0a33dbe7-b7cd-4777-9885-e2e91516bd02
Element Type: look, Key: 0a33dbe7-b7cd-4777-9885-e2e91516bd02, Parent: local_pub_north
Element Type: action, Key: 25497fc5-742e-4214-b588-03e18b7dbcfe, Parent: 4ee9c73b-f3ac-4c08-af55-b7422b9280a2
Element Type: input, Key: 4ee9c73b-f3ac-4c08-af55-b7422b9280a2, Parent: local_pub_north
Element Type: move, Key: 9dc7103d-9b85-4abb-8f14-19213b082300, Parent: 4961a25e-c1ff-4fb4-bd61-9c36871fa39a
Element Type: input, Key: 4961a25e-c1ff-4fb4-bd61-9c36871fa39a, Parent: local_pub_north
Element Type: room, Key: local_pub_north, Parent: root
Element Type: enter_message, Key: af0bdb7d-38de-4dba-a59e-533e4b8ccfac, Parent: golden_egg
Element Type: message, Key: 57080e53-663c-4c9c-aa99-841d2e11d4f0, Parent: 69899817-098b-46bc-86b0-26a0786f50a7
Element Type: look, Key: 69899817-098b-46bc-86b0-26a0786f50a7, Parent: golden_egg
Element Type: message, Key: 7e98540b-1639-4194-a789-1865257f4128, Parent: b6d4960c-929f-44cc-9f78-258e7a53e985
Element Type: inspect, Key: b6d4960c-929f-44cc-9f78-258e7a53e985, Parent: golden_egg
Element Type: message, Key: e053601a-2556-4cb3-bb9a-004f54bf4d9c, Parent: 7ac80131-c2f4-48a1-aafa-70aceed3a569
Element Type: use_egg, Key: 7ac80131-c2f4-48a1-aafa-70aceed3a569, Parent: golden_egg
Element Type: action, Key: fb7a2c28-074c-4c74-9046-fc6ee7d244d2, Parent: 395fae84-2646-4dec-b526-217e539ceb11
Element Type: input, Key: 395fae84-2646-4dec-b526-217e539ceb11, Parent: golden_egg
Element Type: move, Key: 9a71f245-7f39-4e9c-9cd5-6e8634f57045, Parent: d20c143c-5950-4819-8f0d-8f9433627364
Element Type: input, Key: d20c143c-5950-4819-8f0d-8f9433627364, Parent: golden_egg
Element Type: move, Key: bad7a042-d6aa-44ac-b9dd-dad376af3ffe, Parent: f6b7de6d-c514-499a-8c61-58759526c4ee
Element Type: input, Key: f6b7de6d-c514-499a-8c61-58759526c4ee, Parent: golden_egg
Element Type: logic, Key: e8993430-18dd-4992-b694-d5356cd619b1, Parent: 431e51a2-6136-419c-af37-b68cd08945f9
Element Type: action, Key: 70a53652-591b-4ffb-b216-31cabf828f5a, Parent: 431e51a2-6136-419c-af37-b68cd08945f9
Element Type: input, Key: 431e51a2-6136-419c-af37-b68cd08945f9, Parent: golden_egg
Element Type: object, Key: golden_egg, Parent: local_pub_north
New Element created: local_pub, Parent: root
New Element created: , Parent: local_pub
New Element created: , Parent: local_pub
New Element created: , Parent: ddc79803-fc94-49f0-a563-6df6302ffd44
New Element created: , Parent: ddc79803-fc94-49f0-a563-6df6302ffd44
Returning row-index: 19
New Element created: , Parent: local_pub
New Element created: , Parent: 1f6fb5e8-dc52-45ca-80a0-75b49f59a22b
Returning row: 24
New Element created: , Parent: 1f6fb5e8-dc52-45ca-80a0-75b49f59a22b
Returning row: 25
New Element created: , Parent: local_pub
New Element created: , Parent: f98347dc-dd9e-4a99-b3ab-6c98decfe7aa
Returning row-index: 33
Returning row-index: 34
Element Type: enter_message, Key: 2fa2d1d4-e990-4878-86e9-896abe688c30, Parent: local_pub
Element Type: message, Key: 2f8bdba7-456f-4633-90d1-4f3ea54a85fd, Parent: ddc79803-fc94-49f0-a563-6df6302ffd44
Element Type: message, Key: f8284a9f-ad58-423a-b557-08b81142b856, Parent: ddc79803-fc94-49f0-a563-6df6302ffd44
Element Type: look, Key: ddc79803-fc94-49f0-a563-6df6302ffd44, Parent: local_pub
Element Type: action, Key: bb3114ef-334d-4408-8dd9-fbc8064128e4, Parent: 1f6fb5e8-dc52-45ca-80a0-75b49f59a22b
Element Type: set, Key: f754fb3b-d2c3-4a81-81c8-b28d37482ef3, Parent: 1f6fb5e8-dc52-45ca-80a0-75b49f59a22b
Element Type: input, Key: 1f6fb5e8-dc52-45ca-80a0-75b49f59a22b, Parent: local_pub
Element Type: move, Key: fa3ac5c4-83e5-4c76-806b-fd33e4b6574d, Parent: f98347dc-dd9e-4a99-b3ab-6c98decfe7aa
Element Type: input, Key: f98347dc-dd9e-4a99-b3ab-6c98decfe7aa, Parent: local_pub
Element Type: room, Key: local_pub, Parent: root
New Element created: thief_01, Parent: local_pub
New Element created: thief_01_life, Parent: thief_01
Returning row: 1
New Element created: thief_01_strength, Parent: thief_01
Returning row: 2
New Element created: thief_01_intelligence, Parent: thief_01
Returning row: 3
New Element created: thief_01_cunning, Parent: thief_01
Returning row: 4
New Element created: thief_01_gold, Parent: thief_01
Returning row: 5
New Element created: thief_01_armed, Parent: thief_01
Returning row: 6
New Element created: thief_01_msg_idx, Parent: thief_01
Returning row: 8
New Element created: stolen_shortsword_01, Parent: thief_01
New Element created: , Parent: stolen_shortsword_01
Returning row: 11
New Element created: thief_01_travel, Parent: thief_01
Returning row: 15
New Element created: , Parent: thief_01
New Element created: , Parent: 4ed54e82-fef1-4ac3-aa88-b81fc578dfbc
New Element created: , Parent: 4ed54e82-fef1-4ac3-aa88-b81fc578dfbc
New Element created: , Parent: 4ed54e82-fef1-4ac3-aa88-b81fc578dfbc
Returning row-index: 33
Returning row-index: 34
Element Type: attribute, Key: thief_01_life, Parent: thief_01
Element Type: attribute, Key: thief_01_strength, Parent: thief_01
Element Type: attribute, Key: thief_01_intelligence, Parent: thief_01
Element Type: attribute, Key: thief_01_cunning, Parent: thief_01
Element Type: attribute, Key: thief_01_gold, Parent: thief_01
Element Type: attribute, Key: thief_01_armed, Parent: thief_01
Element Type: attribute, Key: thief_01_msg_idx, Parent: thief_01
Element Type: attribute, Key: 326c5ae2-9264-4fe0-822c-b8c9f94ccd9f, Parent: stolen_shortsword_01
Element Type: weapon, Key: stolen_shortsword_01, Parent: thief_01
Element Type: travel, Key: thief_01_travel, Parent: thief_01
Element Type: message, Key: 370bee49-ef0d-4cdb-a3e5-4a8fce6a2951, Parent: 4ed54e82-fef1-4ac3-aa88-b81fc578dfbc
Element Type: message, Key: 9434b0d2-d41c-43c3-8e28-4a87d4073d7e, Parent: 4ed54e82-fef1-4ac3-aa88-b81fc578dfbc
Element Type: message, Key: 75afcbef-0040-47d0-8b91-ce7f98e41e03, Parent: 4ed54e82-fef1-4ac3-aa88-b81fc578dfbc
Element Type: enter_message, Key: 4ed54e82-fef1-4ac3-aa88-b81fc578dfbc, Parent: thief_01
Element Type: npc, Key: thief_01, Parent: local_pub
New Element created: game, Parent: root
New Element created: , Parent: game
Returning row-index: 24
Element Type: enter_message, Key: 20d2edde-ed1f-49ad-a229-809d5dd3290e, Parent: game
Element Type: game, Key: game, Parent: root
New Element created: global01, Parent: root
New Element created: , Parent: global01
New Element created: , Parent: e0a763f4-54c6-45b2-9bf7-6551485ea6f5
Returning row: 2
New Element created: , Parent: global01
New Element created: , Parent: e6ba278e-95eb-49f5-8f98-9bf24b48c1b7
Returning row: 5
New Element created: , Parent: global01
New Element created: , Parent: 9f2fe674-11c1-40b6-a903-62c8ed82db5e
New Element created: , Parent: 169e868d-f860-48b0-8004-52ec8f07d00f
Returning row-index: 14
Returning row-index: 15
New Element created: day_string, Parent: global01
New Element created: , Parent: day_string
New Element created: , Parent: 9d6d10c6-9e62-4501-98d8-2fab8a9c63fd
New Element created: , Parent: 9d6d10c6-9e62-4501-98d8-2fab8a9c63fd
Returning row-index: 30
New Element created: , Parent: day_string
New Element created: , Parent: b088c4f0-2955-4241-bbe2-72b2367a82ec
New Element created: , Parent: b088c4f0-2955-4241-bbe2-72b2367a82ec
Returning row-index: 44
Returning row-index: 45
Returning row-index: 46
Element Type: action, Key: b52c9626-ee73-4048-98b6-9f28b3c8342d, Parent: e0a763f4-54c6-45b2-9bf7-6551485ea6f5
Element Type: input, Key: e0a763f4-54c6-45b2-9bf7-6551485ea6f5, Parent: global01
Element Type: action, Key: 16f812fd-04a6-4017-9fd2-a244435d2f03, Parent: e6ba278e-95eb-49f5-8f98-9bf24b48c1b7
Element Type: input, Key: e6ba278e-95eb-49f5-8f98-9bf24b48c1b7, Parent: global01
Element Type: message, Key: b6821498-3929-451f-87c2-a5d0b2c9ce9e, Parent: 169e868d-f860-48b0-8004-52ec8f07d00f
Element Type: set, Key: 169e868d-f860-48b0-8004-52ec8f07d00f, Parent: 9f2fe674-11c1-40b6-a903-62c8ed82db5e
Element Type: input, Key: 9f2fe674-11c1-40b6-a903-62c8ed82db5e, Parent: global01
Element Type: logic, Key: 0a0abef2-90c7-417d-95fd-313333d530f1, Parent: 9d6d10c6-9e62-4501-98d8-2fab8a9c63fd
Element Type: message, Key: 5f2f5a79-df5b-47e0-a186-b59314974ae0, Parent: 9d6d10c6-9e62-4501-98d8-2fab8a9c63fd
Element Type: action, Key: 9d6d10c6-9e62-4501-98d8-2fab8a9c63fd, Parent: day_string
Element Type: logic, Key: c2302b70-f5e1-49c8-9db5-87580f0cd4f6, Parent: b088c4f0-2955-4241-bbe2-72b2367a82ec
Element Type: message, Key: 05598eb3-ba59-4691-829b-c65e53a19458, Parent: b088c4f0-2955-4241-bbe2-72b2367a82ec
Element Type: action, Key: b088c4f0-2955-4241-bbe2-72b2367a82ec, Parent: day_string
Element Type: , Key: day_string, Parent: global01
Element Type: global, Key: global01, Parent: root
New Element created: player, Parent: local_pub
New Element created: player_life, Parent: player
Returning row: 1
New Element created: player_strength, Parent: player
Returning row: 2
New Element created: player_intelligence, Parent: player
Returning row: 3
New Element created: player_cunning, Parent: player
Returning row: 4
New Element created: player_gold, Parent: player
Returning row: 5
New Element created: player_armed, Parent: player
Returning row: 6
New Element created: longsword_01, Parent: player
New Element created: , Parent: longsword_01
Returning row: 9
Returning row-index: 10
Element Type: attribute, Key: player_life, Parent: player
Element Type: attribute, Key: player_strength, Parent: player
Element Type: attribute, Key: player_intelligence, Parent: player
Element Type: attribute, Key: player_cunning, Parent: player
Element Type: attribute, Key: player_gold, Parent: player
Element Type: attribute, Key: player_armed, Parent: player
Element Type: attribute, Key: 4cd1a035-5f4c-43b0-be1d-cb107c49d7e8, Parent: longsword_01
Element Type: weapon, Key: longsword_01, Parent: player
Element Type: player, Key: player, Parent: local_pub
