New Element created: local_pub_north, Parent: root
New Element created: , Parent: local_pub_north
New Element created: , Parent: local_pub_north
New Element created: , Parent: 0b071878-45f5-4669-9ebb-b9b56b537ed7
Returning row-index: 18
New Element created: , Parent: local_pub_north
New Element created: , Parent: d8d2fec7-5e08-4eb7-bbea-693cc7bc3dbd
Returning row: 22
New Element created: , Parent: local_pub_north
New Element created: , Parent: 7682ee86-36d5-4cb4-84e0-318447f41b2f
Returning row-index: 30
Returning row-index: 31
New Element created: golden_egg, Parent: local_pub_north
New Element created: , Parent: golden_egg
New Element created: , Parent: golden_egg
New Element created: , Parent: 8c3fc32e-f58e-4f1c-aeda-1baaafe4b865
Returning row-index: 49
New Element created: , Parent: golden_egg
New Element created: , Parent: 5e11803f-64a6-4d41-9281-1b8a0d51f774
Returning row-index: 58
New Element created: , Parent: golden_egg
New Element created: , Parent: 3007d1c1-4451-4b81-9f47-0a1c58d56181
Returning row-index: 67
New Element created: , Parent: golden_egg
New Element created: , Parent: 4a8e8ce2-7bc7-4091-b48f-2582d0b24421
Returning row: 72
New Element created: , Parent: golden_egg
New Element created: , Parent: faa4d763-3dbf-4533-ad08-2017b573e9ae
Returning row-index: 82
New Element created: , Parent: golden_egg
New Element created: , Parent: 85d67225-a6c0-4b45-8eb1-338c2d1a7ce9
Returning row-index: 92
New Element created: , Parent: golden_egg
New Element created: , Parent: e3a2f7b0-19bb-4b84-9aef-1a00591b6566
New Element created: , Parent: e3a2f7b0-19bb-4b84-9aef-1a00591b6566
Returning row: 107
Returning row-index: 108
Element Type: enter_message, Key: b50ac4f6-ed6e-4885-8b60-7faf9db4b178, Parent: local_pub_north
Element Type: message, Key: efd04eed-35ab-4d3e-9efd-a978a2088b50, Parent: 0b071878-45f5-4669-9ebb-b9b56b537ed7
Element Type: look, Key: 0b071878-45f5-4669-9ebb-b9b56b537ed7, Parent: local_pub_north
Element Type: action, Key: 6704956c-e483-4c5d-8937-5237ccab6532, Parent: d8d2fec7-5e08-4eb7-bbea-693cc7bc3dbd
Element Type: input, Key: d8d2fec7-5e08-4eb7-bbea-693cc7bc3dbd, Parent: local_pub_north
Element Type: move, Key: 18f0b457-d56d-4927-94d4-ded29301bb23, Parent: 7682ee86-36d5-4cb4-84e0-318447f41b2f
Element Type: input, Key: 7682ee86-36d5-4cb4-84e0-318447f41b2f, Parent: local_pub_north
Element Type: room, Key: local_pub_north, Parent: root
Element Type: enter_message, Key: 569a8d66-bac8-40f1-bdbc-281a74299f14, Parent: golden_egg
Element Type: message, Key: ea813121-8d80-42c8-91b3-1dfdf0c30232, Parent: 8c3fc32e-f58e-4f1c-aeda-1baaafe4b865
Element Type: look, Key: 8c3fc32e-f58e-4f1c-aeda-1baaafe4b865, Parent: golden_egg
Element Type: message, Key: 9bc41e0b-baf2-4546-9c35-a8358cb4285e, Parent: 5e11803f-64a6-4d41-9281-1b8a0d51f774
Element Type: inspect, Key: 5e11803f-64a6-4d41-9281-1b8a0d51f774, Parent: golden_egg
Element Type: message, Key: 5d669ef5-691b-45e4-b2b0-d3d89593ac7a, Parent: 3007d1c1-4451-4b81-9f47-0a1c58d56181
Element Type: use_egg, Key: 3007d1c1-4451-4b81-9f47-0a1c58d56181, Parent: golden_egg
Element Type: action, Key: 0e333b48-371d-42aa-988a-af5258e65e5e, Parent: 4a8e8ce2-7bc7-4091-b48f-2582d0b24421
Element Type: input, Key: 4a8e8ce2-7bc7-4091-b48f-2582d0b24421, Parent: golden_egg
Element Type: move, Key: 51badd0f-a1d0-48e8-bbfc-97f0bbbe515f, Parent: faa4d763-3dbf-4533-ad08-2017b573e9ae
Element Type: input, Key: faa4d763-3dbf-4533-ad08-2017b573e9ae, Parent: golden_egg
Element Type: move, Key: 549525dd-6226-4d30-ab81-0538bfd1b63d, Parent: 85d67225-a6c0-4b45-8eb1-338c2d1a7ce9
Element Type: input, Key: 85d67225-a6c0-4b45-8eb1-338c2d1a7ce9, Parent: golden_egg
Element Type: logic, Key: ab95b466-dff4-465c-9d8c-7c5d38dee92b, Parent: e3a2f7b0-19bb-4b84-9aef-1a00591b6566
Element Type: action, Key: a2bdab3a-621a-449c-aa16-f1c186cb7851, Parent: e3a2f7b0-19bb-4b84-9aef-1a00591b6566
Element Type: input, Key: e3a2f7b0-19bb-4b84-9aef-1a00591b6566, Parent: golden_egg
Element Type: object, Key: golden_egg, Parent: local_pub_north
New Element created: local_pub, Parent: root
New Element created: , Parent: local_pub
New Element created: , Parent: local_pub
New Element created: , Parent: d01c8712-b5f7-4a55-9649-6b60350a496e
New Element created: , Parent: d01c8712-b5f7-4a55-9649-6b60350a496e
Returning row-index: 19
New Element created: , Parent: local_pub
New Element created: , Parent: 70e986a5-cfb1-41e5-96a0-c7619b43e732
Returning row: 24
New Element created: , Parent: local_pub
New Element created: , Parent: 2f50494c-f529-4b25-b6f5-f31fac7e494b
Returning row-index: 32
Returning row-index: 33
Element Type: enter_message, Key: 26aa288c-dc84-4aa5-aace-ecc30561de6a, Parent: local_pub
Element Type: message, Key: 09c636de-c78c-435a-8580-11f16d5991b0, Parent: d01c8712-b5f7-4a55-9649-6b60350a496e
Element Type: message, Key: 43db1015-48ee-44b0-a23d-4bb3c3f893fe, Parent: d01c8712-b5f7-4a55-9649-6b60350a496e
Element Type: look, Key: d01c8712-b5f7-4a55-9649-6b60350a496e, Parent: local_pub
Element Type: action, Key: 2827e429-9083-47cb-87d8-1f9e7147a4f6, Parent: 70e986a5-cfb1-41e5-96a0-c7619b43e732
Element Type: input, Key: 70e986a5-cfb1-41e5-96a0-c7619b43e732, Parent: local_pub
Element Type: move, Key: e28ea800-f6a7-4d02-a9c9-576149f82476, Parent: 2f50494c-f529-4b25-b6f5-f31fac7e494b
Element Type: input, Key: 2f50494c-f529-4b25-b6f5-f31fac7e494b, Parent: local_pub
Element Type: room, Key: local_pub, Parent: root
New Element created: thief_01, Parent: local_pub
New Element created: thief_01_life, Parent: thief_01
Returning row: 1
New Element created: thief_01_strength, Parent: thief_01
Returning row: 2
New Element created: thief_01_intelligence, Parent: thief_01
Returning row: 3
New Element created: thief_01_cunning, Parent: thief_01
Returning row: 4
New Element created: thief_01_gold, Parent: thief_01
Returning row: 5
New Element created: thief_01_armed, Parent: thief_01
Returning row: 6
New Element created: thief_01_msg_idx, Parent: thief_01
Returning row: 8
New Element created: stolen_shortsword_01, Parent: thief_01
New Element created: , Parent: stolen_shortsword_01
Returning row: 11
New Element created: thief_01_travel, Parent: thief_01
Returning row: 15
New Element created: , Parent: thief_01
New Element created: , Parent: a492aa8d-de48-4df9-a6c1-870af8a95b80
New Element created: , Parent: a492aa8d-de48-4df9-a6c1-870af8a95b80
New Element created: , Parent: a492aa8d-de48-4df9-a6c1-870af8a95b80
Returning row-index: 33
Returning row-index: 34
Element Type: attribute, Key: thief_01_life, Parent: thief_01
Element Type: attribute, Key: thief_01_strength, Parent: thief_01
Element Type: attribute, Key: thief_01_intelligence, Parent: thief_01
Element Type: attribute, Key: thief_01_cunning, Parent: thief_01
Element Type: attribute, Key: thief_01_gold, Parent: thief_01
Element Type: attribute, Key: thief_01_armed, Parent: thief_01
Element Type: attribute, Key: thief_01_msg_idx, Parent: thief_01
Element Type: attribute, Key: 1f012a1a-723b-4221-99f9-4ea1ad3d8287, Parent: stolen_shortsword_01
Element Type: weapon, Key: stolen_shortsword_01, Parent: thief_01
Element Type: travel, Key: thief_01_travel, Parent: thief_01
Element Type: message, Key: cc3e2377-53b1-4134-ae7f-06e352725069, Parent: a492aa8d-de48-4df9-a6c1-870af8a95b80
Element Type: message, Key: 829fdfea-4e95-4ddd-93d9-7094e0e7e71a, Parent: a492aa8d-de48-4df9-a6c1-870af8a95b80
Element Type: message, Key: 317ad623-87db-4632-a7ca-20d2803a1cf5, Parent: a492aa8d-de48-4df9-a6c1-870af8a95b80
Element Type: enter_message, Key: a492aa8d-de48-4df9-a6c1-870af8a95b80, Parent: thief_01
Element Type: npc, Key: thief_01, Parent: local_pub
New Element created: game, Parent: root
New Element created: , Parent: game
Returning row-index: 24
Element Type: enter_message, Key: 996ea526-9f21-4b8c-bbc8-3cf716a5122c, Parent: game
Element Type: game, Key: game, Parent: root
New Element created: global01, Parent: root
New Element created: , Parent: global01
New Element created: , Parent: e8de0df7-dc66-4d09-9d56-af08d6da3bac
Returning row: 2
New Element created: , Parent: global01
New Element created: , Parent: e5e0e9b7-2e67-462a-b03f-20df601aa570
Returning row: 5
New Element created: , Parent: global01
New Element created: , Parent: 0af2133f-2d97-498c-b19e-e6ddf921ab64
New Element created: , Parent: 3ad296df-0331-4299-bca7-2cf39a0f1560
Returning row-index: 14
Returning row-index: 15
New Element created: day_string, Parent: global01
New Element created: , Parent: day_string
New Element created: , Parent: 668c4902-5b6f-4190-8934-d730fe682d68
New Element created: , Parent: 668c4902-5b6f-4190-8934-d730fe682d68
Returning row-index: 30
New Element created: , Parent: day_string
New Element created: , Parent: b413d140-1162-4b72-8481-5128c657527c
New Element created: , Parent: b413d140-1162-4b72-8481-5128c657527c
Returning row-index: 44
Returning row-index: 45
Returning row-index: 46
Element Type: action, Key: 91a654cd-fbb8-46d3-9ded-36de2b36f891, Parent: e8de0df7-dc66-4d09-9d56-af08d6da3bac
Element Type: input, Key: e8de0df7-dc66-4d09-9d56-af08d6da3bac, Parent: global01
Element Type: action, Key: f3250654-3434-488f-8e6e-3022b1546739, Parent: e5e0e9b7-2e67-462a-b03f-20df601aa570
Element Type: input, Key: e5e0e9b7-2e67-462a-b03f-20df601aa570, Parent: global01
Element Type: message, Key: 17e15de7-2521-478a-bddf-429eb96fbf61, Parent: 3ad296df-0331-4299-bca7-2cf39a0f1560
Element Type: set, Key: 3ad296df-0331-4299-bca7-2cf39a0f1560, Parent: 0af2133f-2d97-498c-b19e-e6ddf921ab64
Element Type: input, Key: 0af2133f-2d97-498c-b19e-e6ddf921ab64, Parent: global01
Element Type: logic, Key: c2fd330b-67a5-4d59-b587-2847c81a466a, Parent: 668c4902-5b6f-4190-8934-d730fe682d68
Element Type: message, Key: ff7bea87-a620-4b07-a2dd-1be52392d123, Parent: 668c4902-5b6f-4190-8934-d730fe682d68
Element Type: action, Key: 668c4902-5b6f-4190-8934-d730fe682d68, Parent: day_string
Element Type: logic, Key: 8fe72ec9-13b4-4211-80f1-8893a9bc1197, Parent: b413d140-1162-4b72-8481-5128c657527c
Element Type: message, Key: 86e83dfc-fa4d-4028-a587-57008b13cdfe, Parent: b413d140-1162-4b72-8481-5128c657527c
Element Type: action, Key: b413d140-1162-4b72-8481-5128c657527c, Parent: day_string
Element Type: , Key: day_string, Parent: global01
Element Type: global, Key: global01, Parent: root
New Element created: player, Parent: local_pub
New Element created: player_life, Parent: player
Returning row: 1
New Element created: player_strength, Parent: player
Returning row: 2
New Element created: player_intelligence, Parent: player
Returning row: 3
New Element created: player_cunning, Parent: player
Returning row: 4
New Element created: player_gold, Parent: player
Returning row: 5
New Element created: player_armed, Parent: player
Returning row: 6
New Element created: longsword_01, Parent: player
New Element created: , Parent: longsword_01
Returning row: 9
Returning row-index: 10
Element Type: attribute, Key: player_life, Parent: player
Element Type: attribute, Key: player_strength, Parent: player
Element Type: attribute, Key: player_intelligence, Parent: player
Element Type: attribute, Key: player_cunning, Parent: player
Element Type: attribute, Key: player_gold, Parent: player
Element Type: attribute, Key: player_armed, Parent: player
Element Type: attribute, Key: 4b692026-0dbd-450d-b735-ee4b906abc2b, Parent: longsword_01
Element Type: weapon, Key: longsword_01, Parent: player
Element Type: player, Key: player, Parent: local_pub
