New Element created: local_pub_north, Parent: root
New Element created: , Parent: local_pub_north
New Element created: , Parent: local_pub_north
New Element created: , Parent: 3827793e-46f0-4052-b263-dc2b91a18009
Returning row-index: 18
New Element created: , Parent: local_pub_north
New Element created: , Parent: ef2f324b-fcb6-4822-a2a6-e0eb9721ea33
Returning row: 22
New Element created: , Parent: local_pub_north
New Element created: , Parent: 8978486a-9998-4359-ab66-bc55182ee4ab
Returning row-index: 30
Returning row-index: 31
New Element created: golden_egg, Parent: local_pub_north
New Element created: , Parent: golden_egg
New Element created: , Parent: golden_egg
New Element created: , Parent: 49c02be3-6d29-4519-9c34-4e6edba45c83
Returning row-index: 49
New Element created: , Parent: golden_egg
New Element created: , Parent: 699bbf67-5fa0-4d2a-979d-990d97c748a2
Returning row-index: 58
New Element created: , Parent: golden_egg
New Element created: , Parent: 6df1ba2a-cf5b-4538-ac98-6070b7509ac1
Returning row-index: 67
New Element created: , Parent: golden_egg
New Element created: , Parent: 9f9e4696-2c94-4b80-b984-8fa490ac87a8
Returning row: 72
New Element created: , Parent: golden_egg
New Element created: , Parent: 28766399-7b6c-487e-bece-994e8bedd520
Returning row-index: 82
New Element created: , Parent: golden_egg
New Element created: , Parent: c355613d-59da-4d5a-a425-8c08f3cef82c
Returning row-index: 92
New Element created: , Parent: golden_egg
New Element created: , Parent: eb66a0fa-10ab-4ce2-90f9-8f7d19cf1a8a
New Element created: , Parent: eb66a0fa-10ab-4ce2-90f9-8f7d19cf1a8a
Returning row: 107
Returning row-index: 108
Element Type: enter_message, Key: 4d207ac4-6354-4b28-9d97-03fcc94ee1e5, Parent: local_pub_north
Element Type: message, Key: 7bdde0b6-8f28-4cbf-a265-9c134e0bd274, Parent: 3827793e-46f0-4052-b263-dc2b91a18009
Element Type: look, Key: 3827793e-46f0-4052-b263-dc2b91a18009, Parent: local_pub_north
Element Type: action, Key: 67d1de97-2b62-47a0-8159-1a41fda0fd15, Parent: ef2f324b-fcb6-4822-a2a6-e0eb9721ea33
Element Type: input, Key: ef2f324b-fcb6-4822-a2a6-e0eb9721ea33, Parent: local_pub_north
Element Type: move, Key: 89142aaf-5e8d-4386-abfe-a6eb4ec37a6d, Parent: 8978486a-9998-4359-ab66-bc55182ee4ab
Element Type: input, Key: 8978486a-9998-4359-ab66-bc55182ee4ab, Parent: local_pub_north
Element Type: room, Key: local_pub_north, Parent: root
Element Type: enter_message, Key: 75b19f70-a080-4acd-b260-47e88afb1052, Parent: golden_egg
Element Type: message, Key: 11170b00-7c72-4434-b86a-4c649467cd5f, Parent: 49c02be3-6d29-4519-9c34-4e6edba45c83
Element Type: look, Key: 49c02be3-6d29-4519-9c34-4e6edba45c83, Parent: golden_egg
Element Type: message, Key: 875901d9-5ab5-4a4a-9d10-151c08679d72, Parent: 699bbf67-5fa0-4d2a-979d-990d97c748a2
Element Type: inspect, Key: 699bbf67-5fa0-4d2a-979d-990d97c748a2, Parent: golden_egg
Element Type: message, Key: 2c593799-f94b-49a1-8ab3-88e04773fad1, Parent: 6df1ba2a-cf5b-4538-ac98-6070b7509ac1
Element Type: use_egg, Key: 6df1ba2a-cf5b-4538-ac98-6070b7509ac1, Parent: golden_egg
Element Type: action, Key: 9f90978c-2ca2-446c-acdc-cbc991816f75, Parent: 9f9e4696-2c94-4b80-b984-8fa490ac87a8
Element Type: input, Key: 9f9e4696-2c94-4b80-b984-8fa490ac87a8, Parent: golden_egg
Element Type: move, Key: a26c386d-dec9-4662-ac37-d69615c550cc, Parent: 28766399-7b6c-487e-bece-994e8bedd520
Element Type: input, Key: 28766399-7b6c-487e-bece-994e8bedd520, Parent: golden_egg
Element Type: move, Key: f6abfa46-a2c4-4e46-8207-00c0a73bf56f, Parent: c355613d-59da-4d5a-a425-8c08f3cef82c
Element Type: input, Key: c355613d-59da-4d5a-a425-8c08f3cef82c, Parent: golden_egg
Element Type: logic, Key: 8719ed93-1da8-494e-a8ec-8dd705963a42, Parent: eb66a0fa-10ab-4ce2-90f9-8f7d19cf1a8a
Element Type: action, Key: 94fb9b16-b6c4-4ac5-9cdc-f3b65db94979, Parent: eb66a0fa-10ab-4ce2-90f9-8f7d19cf1a8a
Element Type: input, Key: eb66a0fa-10ab-4ce2-90f9-8f7d19cf1a8a, Parent: golden_egg
Element Type: object, Key: golden_egg, Parent: local_pub_north
New Element created: local_pub, Parent: root
New Element created: , Parent: local_pub
New Element created: , Parent: local_pub
New Element created: , Parent: d453733d-9b6c-40b9-b518-f9df4d7a7d3e
New Element created: , Parent: d453733d-9b6c-40b9-b518-f9df4d7a7d3e
Returning row-index: 19
New Element created: , Parent: local_pub
New Element created: , Parent: ebdf0423-b35c-4f67-9012-714492063d00
Returning row: 24
New Element created: , Parent: ebdf0423-b35c-4f67-9012-714492063d00
Returning row: 25
New Element created: , Parent: local_pub
New Element created: , Parent: 938480a1-7b04-464d-baa9-b80bb55c6a5c
Returning row-index: 33
Returning row-index: 34
Element Type: enter_message, Key: 5e60dc1d-4d04-492a-b901-34a5f9daa74b, Parent: local_pub
Element Type: message, Key: 6734bfa5-56b2-4b2b-aad7-64b3340b9965, Parent: d453733d-9b6c-40b9-b518-f9df4d7a7d3e
Element Type: message, Key: a6e73fb9-cd0e-4617-9803-ec06a5a6a794, Parent: d453733d-9b6c-40b9-b518-f9df4d7a7d3e
Element Type: look, Key: d453733d-9b6c-40b9-b518-f9df4d7a7d3e, Parent: local_pub
Element Type: action, Key: 646015f6-a7d2-4660-b132-8927b2dbdf6f, Parent: ebdf0423-b35c-4f67-9012-714492063d00
Element Type: set, Key: 79cea765-57eb-40bc-93f8-4583f96ea742, Parent: ebdf0423-b35c-4f67-9012-714492063d00
Element Type: input, Key: ebdf0423-b35c-4f67-9012-714492063d00, Parent: local_pub
Element Type: move, Key: 89f0c1f5-28ba-4abc-9ab5-159b19873f39, Parent: 938480a1-7b04-464d-baa9-b80bb55c6a5c
Element Type: input, Key: 938480a1-7b04-464d-baa9-b80bb55c6a5c, Parent: local_pub
Element Type: room, Key: local_pub, Parent: root
New Element created: thief_01, Parent: local_pub
New Element created: thief_01_life, Parent: thief_01
Returning row: 1
New Element created: thief_01_strength, Parent: thief_01
Returning row: 2
New Element created: thief_01_intelligence, Parent: thief_01
Returning row: 3
New Element created: thief_01_cunning, Parent: thief_01
Returning row: 4
New Element created: thief_01_gold, Parent: thief_01
Returning row: 5
New Element created: thief_01_armed, Parent: thief_01
Returning row: 6
New Element created: thief_01_msg_idx, Parent: thief_01
Returning row: 8
New Element created: stolen_shortsword_01, Parent: thief_01
New Element created: , Parent: stolen_shortsword_01
Returning row: 11
New Element created: thief_01_travel, Parent: thief_01
Returning row: 15
New Element created: , Parent: thief_01
New Element created: , Parent: 75933f11-d0c8-4131-9c95-898ea49da2fd
New Element created: , Parent: 75933f11-d0c8-4131-9c95-898ea49da2fd
New Element created: , Parent: 75933f11-d0c8-4131-9c95-898ea49da2fd
Returning row-index: 33
New Element created: , Parent: thief_01
New Element created: , Parent: d36a5614-4cbb-4344-862f-37eb909a1ef5
New Element created: , Parent: d36a5614-4cbb-4344-862f-37eb909a1ef5
New Element created: , Parent: d36a5614-4cbb-4344-862f-37eb909a1ef5
Returning row-index: 51
Returning row-index: 52
Element Type: attribute, Key: thief_01_life, Parent: thief_01
Element Type: attribute, Key: thief_01_strength, Parent: thief_01
Element Type: attribute, Key: thief_01_intelligence, Parent: thief_01
Element Type: attribute, Key: thief_01_cunning, Parent: thief_01
Element Type: attribute, Key: thief_01_gold, Parent: thief_01
Element Type: attribute, Key: thief_01_armed, Parent: thief_01
Element Type: attribute, Key: thief_01_msg_idx, Parent: thief_01
Element Type: attribute, Key: 54d79c52-9e6e-4884-bc93-bd8ae453d872, Parent: stolen_shortsword_01
Element Type: weapon, Key: stolen_shortsword_01, Parent: thief_01
Element Type: travel, Key: thief_01_travel, Parent: thief_01
Element Type: message, Key: a93ead2d-6720-493f-aa05-da6bac9d3eab, Parent: 75933f11-d0c8-4131-9c95-898ea49da2fd
Element Type: message, Key: c8e3f0f7-894b-4704-9211-617afa0a9bcf, Parent: 75933f11-d0c8-4131-9c95-898ea49da2fd
Element Type: message, Key: ffe61214-a6d6-40ba-a61b-452939ea8ac6, Parent: 75933f11-d0c8-4131-9c95-898ea49da2fd
Element Type: enter_message, Key: 75933f11-d0c8-4131-9c95-898ea49da2fd, Parent: thief_01
Element Type: message, Key: 7aeb2446-774a-4547-b963-1bf7833d6f43, Parent: d36a5614-4cbb-4344-862f-37eb909a1ef5
Element Type: message, Key: 8b981770-29f1-4f1a-8bb1-ce45e01cfc27, Parent: d36a5614-4cbb-4344-862f-37eb909a1ef5
Element Type: message, Key: 2a7a84f3-d8b3-4b44-811e-94a1c597b16e, Parent: d36a5614-4cbb-4344-862f-37eb909a1ef5
Element Type: look, Key: d36a5614-4cbb-4344-862f-37eb909a1ef5, Parent: thief_01
Element Type: npc, Key: thief_01, Parent: local_pub
New Element created: game, Parent: root
New Element created: , Parent: game
Returning row-index: 24
Element Type: enter_message, Key: 7a7a1c6a-1e36-466f-acc4-4d15353a7a88, Parent: game
Element Type: game, Key: game, Parent: root
New Element created: global01, Parent: root
New Element created: , Parent: global01
New Element created: , Parent: da99788e-c3b3-4b16-8821-9df0d48427d3
Returning row: 2
New Element created: , Parent: global01
New Element created: , Parent: 0ce79707-d716-4981-9a19-5ebf41b27c96
Returning row: 5
New Element created: , Parent: global01
New Element created: , Parent: 9947a878-3606-4513-88b1-e4916e384b78
New Element created: , Parent: daf6b77c-3b86-4680-95f7-58a0ae289e77
Returning row-index: 14
Returning row-index: 15
New Element created: day_string, Parent: global01
New Element created: , Parent: day_string
New Element created: , Parent: 966d6637-2f30-4d5f-b283-ee6b972e5ee1
New Element created: , Parent: 966d6637-2f30-4d5f-b283-ee6b972e5ee1
Returning row-index: 30
New Element created: , Parent: day_string
New Element created: , Parent: 6adf8d6c-8e12-458a-82c0-a0cc7a5a762d
New Element created: , Parent: 6adf8d6c-8e12-458a-82c0-a0cc7a5a762d
Returning row-index: 44
Returning row-index: 45
Returning row-index: 46
Element Type: action, Key: 61dcdc81-2402-4ec1-9a76-48b2d02056dd, Parent: da99788e-c3b3-4b16-8821-9df0d48427d3
Element Type: input, Key: da99788e-c3b3-4b16-8821-9df0d48427d3, Parent: global01
Element Type: action, Key: 5a0a430e-7397-4ea3-8529-c4eb9572a11b, Parent: 0ce79707-d716-4981-9a19-5ebf41b27c96
Element Type: input, Key: 0ce79707-d716-4981-9a19-5ebf41b27c96, Parent: global01
Element Type: message, Key: 180f482a-cecb-4d79-b290-a41ed96e5c56, Parent: daf6b77c-3b86-4680-95f7-58a0ae289e77
Element Type: set, Key: daf6b77c-3b86-4680-95f7-58a0ae289e77, Parent: 9947a878-3606-4513-88b1-e4916e384b78
Element Type: input, Key: 9947a878-3606-4513-88b1-e4916e384b78, Parent: global01
Element Type: logic, Key: 37d92c57-9010-4a3e-a1b9-293a0cff2c7b, Parent: 966d6637-2f30-4d5f-b283-ee6b972e5ee1
Element Type: message, Key: f2baa6fb-6d68-451e-8cc5-2dc0a31a7580, Parent: 966d6637-2f30-4d5f-b283-ee6b972e5ee1
Element Type: action, Key: 966d6637-2f30-4d5f-b283-ee6b972e5ee1, Parent: day_string
Element Type: logic, Key: 73cc7033-6745-4476-9b27-2f2045fea52e, Parent: 6adf8d6c-8e12-458a-82c0-a0cc7a5a762d
Element Type: message, Key: a38f5ce0-e7a4-4c3d-9572-be933f442601, Parent: 6adf8d6c-8e12-458a-82c0-a0cc7a5a762d
Element Type: action, Key: 6adf8d6c-8e12-458a-82c0-a0cc7a5a762d, Parent: day_string
Element Type: , Key: day_string, Parent: global01
Element Type: global, Key: global01, Parent: root
New Element created: player, Parent: local_pub
New Element created: player_life, Parent: player
Returning row: 1
New Element created: player_strength, Parent: player
Returning row: 2
New Element created: player_intelligence, Parent: player
Returning row: 3
New Element created: player_cunning, Parent: player
Returning row: 4
New Element created: player_gold, Parent: player
Returning row: 5
New Element created: player_armed, Parent: player
Returning row: 6
New Element created: longsword_01, Parent: player
New Element created: , Parent: longsword_01
Returning row: 9
Returning row-index: 10
Element Type: attribute, Key: player_life, Parent: player
Element Type: attribute, Key: player_strength, Parent: player
Element Type: attribute, Key: player_intelligence, Parent: player
Element Type: attribute, Key: player_cunning, Parent: player
Element Type: attribute, Key: player_gold, Parent: player
Element Type: attribute, Key: player_armed, Parent: player
Element Type: attribute, Key: 8e2d1c49-a879-418f-89a7-5006902d0455, Parent: longsword_01
Element Type: weapon, Key: longsword_01, Parent: player
Element Type: player, Key: player, Parent: local_pub
