New Element created: local_pub_north, Parent: root
New Element created: , Parent: local_pub_north
New Element created: , Parent: local_pub_north
New Element created: , Parent: 8987df6b-705e-40ba-9f8d-497dc8a9667d
Returning row-index: 18
New Element created: , Parent: local_pub_north
New Element created: , Parent: 13596551-b227-45be-a5a3-b393b2f22f8f
Returning row: 22
New Element created: , Parent: local_pub_north
New Element created: , Parent: b56b9278-1412-4220-b172-5c54a620a038
Returning row-index: 30
Returning row-index: 31
New Element created: golden_egg, Parent: local_pub_north
New Element created: , Parent: golden_egg
New Element created: , Parent: golden_egg
New Element created: , Parent: 014f5869-cbad-4bd8-9e4b-8173799bb22d
Returning row-index: 49
New Element created: , Parent: golden_egg
New Element created: , Parent: 1b7753bf-4371-4f72-b848-a33ac4ebaf91
Returning row-index: 58
New Element created: , Parent: golden_egg
New Element created: , Parent: 212d71ad-2c20-4a5d-9e84-1afe23318245
Returning row-index: 67
New Element created: , Parent: golden_egg
New Element created: , Parent: 44c0697b-0399-4c78-92b9-00a6e1975b25
Returning row: 72
New Element created: , Parent: golden_egg
New Element created: , Parent: 3eedbb5e-dd8d-42a6-8183-0803db341e0a
Returning row-index: 82
New Element created: , Parent: golden_egg
New Element created: , Parent: 57fc4dce-75c4-4be7-a3d0-68d4657337a9
Returning row-index: 92
New Element created: , Parent: golden_egg
New Element created: , Parent: 6b1ff7df-93f5-480b-8ac7-77c27c7a4a42
New Element created: , Parent: 6b1ff7df-93f5-480b-8ac7-77c27c7a4a42
Returning row: 107
Returning row-index: 108
Element Type: enter_message, Key: 81f7a353-9d53-4d0c-bee0-41d1700e82a5, Parent: local_pub_north
Element Type: message, Key: 648aab1c-7066-4552-8d3f-ccee491a25eb, Parent: 8987df6b-705e-40ba-9f8d-497dc8a9667d
Element Type: look, Key: 8987df6b-705e-40ba-9f8d-497dc8a9667d, Parent: local_pub_north
Element Type: action, Key: 8a1d9dd7-a966-489e-84cd-56fb0b901cd6, Parent: 13596551-b227-45be-a5a3-b393b2f22f8f
Element Type: input, Key: 13596551-b227-45be-a5a3-b393b2f22f8f, Parent: local_pub_north
Element Type: move, Key: c2db9180-af33-490f-a5a4-d36c23bdf5f0, Parent: b56b9278-1412-4220-b172-5c54a620a038
Element Type: input, Key: b56b9278-1412-4220-b172-5c54a620a038, Parent: local_pub_north
Element Type: room, Key: local_pub_north, Parent: root
Element Type: enter_message, Key: 074f4ec2-257b-49ad-9854-3da30b204d8b, Parent: golden_egg
Element Type: message, Key: d4d02e3f-18de-4682-9859-4c8ed3a364ee, Parent: 014f5869-cbad-4bd8-9e4b-8173799bb22d
Element Type: look, Key: 014f5869-cbad-4bd8-9e4b-8173799bb22d, Parent: golden_egg
Element Type: message, Key: 33d4b8ad-d83c-41c7-8e2a-50cd7c513173, Parent: 1b7753bf-4371-4f72-b848-a33ac4ebaf91
Element Type: inspect, Key: 1b7753bf-4371-4f72-b848-a33ac4ebaf91, Parent: golden_egg
Element Type: message, Key: 821cdee9-5185-4566-b5eb-45c2a93eed1c, Parent: 212d71ad-2c20-4a5d-9e84-1afe23318245
Element Type: use_egg, Key: 212d71ad-2c20-4a5d-9e84-1afe23318245, Parent: golden_egg
Element Type: action, Key: 5774f9c9-4ce9-4e3f-ae58-0ce8574c497c, Parent: 44c0697b-0399-4c78-92b9-00a6e1975b25
Element Type: input, Key: 44c0697b-0399-4c78-92b9-00a6e1975b25, Parent: golden_egg
Element Type: move, Key: 291eacae-39b2-4115-bb5e-43b2b15d3574, Parent: 3eedbb5e-dd8d-42a6-8183-0803db341e0a
Element Type: input, Key: 3eedbb5e-dd8d-42a6-8183-0803db341e0a, Parent: golden_egg
Element Type: move, Key: 66607750-4492-4da4-9d2a-e2bb323d447f, Parent: 57fc4dce-75c4-4be7-a3d0-68d4657337a9
Element Type: input, Key: 57fc4dce-75c4-4be7-a3d0-68d4657337a9, Parent: golden_egg
Element Type: logic, Key: a885ba09-ab9b-4a8b-8f05-f8af44906ad9, Parent: 6b1ff7df-93f5-480b-8ac7-77c27c7a4a42
Element Type: action, Key: b098f675-d91a-4f7a-966a-408592baacab, Parent: 6b1ff7df-93f5-480b-8ac7-77c27c7a4a42
Element Type: input, Key: 6b1ff7df-93f5-480b-8ac7-77c27c7a4a42, Parent: golden_egg
Element Type: object, Key: golden_egg, Parent: local_pub_north
New Element created: local_pub, Parent: root
New Element created: , Parent: local_pub
New Element created: , Parent: local_pub
New Element created: , Parent: 55148522-c13b-4ac5-a135-a78a59793bfc
New Element created: , Parent: 55148522-c13b-4ac5-a135-a78a59793bfc
Returning row-index: 19
New Element created: , Parent: local_pub
New Element created: , Parent: 8fc4d711-77cf-4b53-bc44-9527b5be88eb
Returning row: 24
New Element created: , Parent: 8fc4d711-77cf-4b53-bc44-9527b5be88eb
Returning row: 25
New Element created: , Parent: local_pub
New Element created: , Parent: 7538e048-77cb-4ba6-8545-170e1a3243b5
Returning row-index: 33
Returning row-index: 34
Element Type: enter_message, Key: f0bed247-9c22-478f-91fc-7dc91c1eb21b, Parent: local_pub
Element Type: message, Key: e1beeeef-e971-4c04-b78e-1d52f832a010, Parent: 55148522-c13b-4ac5-a135-a78a59793bfc
Element Type: message, Key: 54a251b3-9d39-4aa9-9f69-c4f97f7e4bb5, Parent: 55148522-c13b-4ac5-a135-a78a59793bfc
Element Type: look, Key: 55148522-c13b-4ac5-a135-a78a59793bfc, Parent: local_pub
Element Type: action, Key: 38851730-c07b-4c92-aaa1-c56cdc62264b, Parent: 8fc4d711-77cf-4b53-bc44-9527b5be88eb
Element Type: set, Key: 14983d64-92cc-4e49-8504-065304d7c062, Parent: 8fc4d711-77cf-4b53-bc44-9527b5be88eb
Element Type: input, Key: 8fc4d711-77cf-4b53-bc44-9527b5be88eb, Parent: local_pub
Element Type: move, Key: 941feb51-a7d8-4c52-b2dc-b4002415ee77, Parent: 7538e048-77cb-4ba6-8545-170e1a3243b5
Element Type: input, Key: 7538e048-77cb-4ba6-8545-170e1a3243b5, Parent: local_pub
Element Type: room, Key: local_pub, Parent: root
New Element created: thief_01, Parent: local_pub
New Element created: thief_01_life, Parent: thief_01
Returning row: 1
New Element created: thief_01_strength, Parent: thief_01
Returning row: 2
New Element created: thief_01_intelligence, Parent: thief_01
Returning row: 3
New Element created: thief_01_cunning, Parent: thief_01
Returning row: 4
New Element created: thief_01_gold, Parent: thief_01
Returning row: 5
New Element created: thief_01_armed, Parent: thief_01
Returning row: 6
New Element created: thief_01_msg_idx, Parent: thief_01
Returning row: 8
New Element created: stolen_shortsword_01, Parent: thief_01
New Element created: , Parent: stolen_shortsword_01
Returning row: 11
New Element created: thief_01_travel, Parent: thief_01
Returning row: 15
New Element created: , Parent: thief_01
New Element created: , Parent: 676a5ec1-42e6-4b86-ba1d-2de5f71cf474
Returning row-index: 23
Returning row-index: 24
Element Type: attribute, Key: thief_01_life, Parent: thief_01
Element Type: attribute, Key: thief_01_strength, Parent: thief_01
Element Type: attribute, Key: thief_01_intelligence, Parent: thief_01
Element Type: attribute, Key: thief_01_cunning, Parent: thief_01
Element Type: attribute, Key: thief_01_gold, Parent: thief_01
Element Type: attribute, Key: thief_01_armed, Parent: thief_01
Element Type: attribute, Key: thief_01_msg_idx, Parent: thief_01
Element Type: attribute, Key: 705387cb-c1a1-4de5-bf38-8ac06733d022, Parent: stolen_shortsword_01
Element Type: weapon, Key: stolen_shortsword_01, Parent: thief_01
Element Type: travel, Key: thief_01_travel, Parent: thief_01
Element Type: message, Key: 48b6a608-debd-4f56-8763-ecf384073c61, Parent: 676a5ec1-42e6-4b86-ba1d-2de5f71cf474
Element Type: enter_message, Key: 676a5ec1-42e6-4b86-ba1d-2de5f71cf474, Parent: thief_01
Element Type: npc, Key: thief_01, Parent: local_pub
New Element created: game, Parent: root
New Element created: , Parent: game
Returning row-index: 24
Element Type: enter_message, Key: f21cf3c9-6b66-4137-8aa1-e862de375b54, Parent: game
Element Type: game, Key: game, Parent: root
New Element created: global01, Parent: root
New Element created: , Parent: global01
New Element created: , Parent: e51450e9-f7db-4a76-932b-6ae4951de18e
Returning row: 2
New Element created: , Parent: global01
New Element created: , Parent: 511059d0-138a-4ea7-82eb-24e0306c890a
Returning row: 5
New Element created: , Parent: global01
New Element created: , Parent: 1789b6f8-20ec-4c61-8e46-ddfb4f43913e
New Element created: , Parent: 04fe85b8-8d5b-4789-b970-3bc3f300029e
Returning row-index: 14
Returning row-index: 15
New Element created: day_string, Parent: global01
New Element created: , Parent: day_string
New Element created: , Parent: bd9fb752-f5da-4149-b55a-c6767de3d4db
New Element created: , Parent: bd9fb752-f5da-4149-b55a-c6767de3d4db
Returning row-index: 30
New Element created: , Parent: day_string
New Element created: , Parent: c3dabe0e-a773-452c-ba3a-c00434fedbac
New Element created: , Parent: c3dabe0e-a773-452c-ba3a-c00434fedbac
Returning row-index: 44
Returning row-index: 45
Returning row-index: 46
Element Type: action, Key: c69eee7c-6ecc-4bc1-a88c-ad6010d28a73, Parent: e51450e9-f7db-4a76-932b-6ae4951de18e
Element Type: input, Key: e51450e9-f7db-4a76-932b-6ae4951de18e, Parent: global01
Element Type: action, Key: 14b7e09c-3e45-4241-8b07-a46caf21febf, Parent: 511059d0-138a-4ea7-82eb-24e0306c890a
Element Type: input, Key: 511059d0-138a-4ea7-82eb-24e0306c890a, Parent: global01
Element Type: message, Key: 36748f54-0f7d-4583-ba96-3b9ba241b8ba, Parent: 04fe85b8-8d5b-4789-b970-3bc3f300029e
Element Type: set, Key: 04fe85b8-8d5b-4789-b970-3bc3f300029e, Parent: 1789b6f8-20ec-4c61-8e46-ddfb4f43913e
Element Type: input, Key: 1789b6f8-20ec-4c61-8e46-ddfb4f43913e, Parent: global01
Element Type: logic, Key: 37cfafc5-c39e-44a7-b7a1-9affecab4807, Parent: bd9fb752-f5da-4149-b55a-c6767de3d4db
Element Type: message, Key: 9a16e85e-6bf7-4cc1-a4b9-78f066c10906, Parent: bd9fb752-f5da-4149-b55a-c6767de3d4db
Element Type: action, Key: bd9fb752-f5da-4149-b55a-c6767de3d4db, Parent: day_string
Element Type: logic, Key: 46bbcb80-eb41-4776-953c-80ed6798f3be, Parent: c3dabe0e-a773-452c-ba3a-c00434fedbac
Element Type: message, Key: 9cdf992a-2bda-4c29-a409-29ec421d51b2, Parent: c3dabe0e-a773-452c-ba3a-c00434fedbac
Element Type: action, Key: c3dabe0e-a773-452c-ba3a-c00434fedbac, Parent: day_string
Element Type: , Key: day_string, Parent: global01
Element Type: global, Key: global01, Parent: root
New Element created: player, Parent: local_pub
New Element created: player_life, Parent: player
Returning row: 1
New Element created: player_strength, Parent: player
Returning row: 2
New Element created: player_intelligence, Parent: player
Returning row: 3
New Element created: player_cunning, Parent: player
Returning row: 4
New Element created: player_gold, Parent: player
Returning row: 5
New Element created: player_armed, Parent: player
Returning row: 6
New Element created: longsword_01, Parent: player
New Element created: , Parent: longsword_01
Returning row: 9
Returning row-index: 10
Element Type: attribute, Key: player_life, Parent: player
Element Type: attribute, Key: player_strength, Parent: player
Element Type: attribute, Key: player_intelligence, Parent: player
Element Type: attribute, Key: player_cunning, Parent: player
Element Type: attribute, Key: player_gold, Parent: player
Element Type: attribute, Key: player_armed, Parent: player
Element Type: attribute, Key: 992c3ac1-85e6-4970-805f-4f5523426c1b, Parent: longsword_01
Element Type: weapon, Key: longsword_01, Parent: player
Element Type: player, Key: player, Parent: local_pub
