New Element created: local_pub_north, Parent: root
New Element created: , Parent: local_pub_north
New Element created: , Parent: local_pub_north
New Element created: , Parent: d26119c3-653b-41d9-8bbe-faf4f5158511
Returning row-index: 18
New Element created: , Parent: local_pub_north
New Element created: , Parent: cc81f3ab-78f9-4c57-94a8-cb027c777814
Returning row: 22
New Element created: , Parent: local_pub_north
New Element created: , Parent: 0560d6a5-2717-4169-b562-ed3174fa0484
Returning row-index: 30
Returning row-index: 31
New Element created: golden_egg, Parent: local_pub_north
New Element created: , Parent: golden_egg
New Element created: , Parent: golden_egg
New Element created: , Parent: a5bd5c1a-655f-4cf3-b98c-f66c969bbee3
Returning row-index: 49
New Element created: , Parent: golden_egg
New Element created: , Parent: 7770c539-3d8b-4f3f-b650-da67d6304f8d
Returning row-index: 58
New Element created: , Parent: golden_egg
New Element created: , Parent: ba8b8149-cacb-431c-a71d-f112dd2614b6
Returning row-index: 67
New Element created: , Parent: golden_egg
New Element created: , Parent: 7525f063-35ce-4148-9c3a-99e39e292ddb
Returning row: 72
New Element created: , Parent: golden_egg
New Element created: , Parent: b642c4d0-093c-4df2-8483-cf76a28a0b0d
Returning row-index: 82
New Element created: , Parent: golden_egg
New Element created: , Parent: a61abf32-97fe-4b58-8f9b-feafb049b058
Returning row-index: 92
New Element created: , Parent: golden_egg
New Element created: , Parent: 4bf113d8-dc52-4f95-9453-108553288428
New Element created: , Parent: 4bf113d8-dc52-4f95-9453-108553288428
Returning row: 107
Returning row-index: 108
Element Type: enter_message, Key: 948d11a0-dec5-426c-b8ef-a94df98ffa29, Parent: local_pub_north
Element Type: message, Key: e2d31b66-2900-4fe1-b63b-108e09a2c5a6, Parent: d26119c3-653b-41d9-8bbe-faf4f5158511
Element Type: look, Key: d26119c3-653b-41d9-8bbe-faf4f5158511, Parent: local_pub_north
Element Type: action, Key: aefcf099-43c7-4fcf-96e0-f1208b3ee518, Parent: cc81f3ab-78f9-4c57-94a8-cb027c777814
Element Type: input, Key: cc81f3ab-78f9-4c57-94a8-cb027c777814, Parent: local_pub_north
Element Type: move, Key: 8b8c90e5-dbc3-405e-9b1c-004e5fda0e1f, Parent: 0560d6a5-2717-4169-b562-ed3174fa0484
Element Type: input, Key: 0560d6a5-2717-4169-b562-ed3174fa0484, Parent: local_pub_north
Element Type: room, Key: local_pub_north, Parent: root
Element Type: enter_message, Key: baab2cf2-944e-407a-b488-cf868198ac9d, Parent: golden_egg
Element Type: message, Key: acc2ec0e-087f-47d2-b373-92eaaa35be16, Parent: a5bd5c1a-655f-4cf3-b98c-f66c969bbee3
Element Type: look, Key: a5bd5c1a-655f-4cf3-b98c-f66c969bbee3, Parent: golden_egg
Element Type: message, Key: 1b8ef0c5-3dfb-427b-8709-7e38d9b193d5, Parent: 7770c539-3d8b-4f3f-b650-da67d6304f8d
Element Type: inspect, Key: 7770c539-3d8b-4f3f-b650-da67d6304f8d, Parent: golden_egg
Element Type: message, Key: 275a5af5-b60d-4b24-b0ba-1fb11f93a1c5, Parent: ba8b8149-cacb-431c-a71d-f112dd2614b6
Element Type: use_egg, Key: ba8b8149-cacb-431c-a71d-f112dd2614b6, Parent: golden_egg
Element Type: action, Key: 3553055c-9b8d-4003-9110-4bd8e44d82a5, Parent: 7525f063-35ce-4148-9c3a-99e39e292ddb
Element Type: input, Key: 7525f063-35ce-4148-9c3a-99e39e292ddb, Parent: golden_egg
Element Type: move, Key: bb9fe90c-b63f-48e3-bd02-f489b63d6b17, Parent: b642c4d0-093c-4df2-8483-cf76a28a0b0d
Element Type: input, Key: b642c4d0-093c-4df2-8483-cf76a28a0b0d, Parent: golden_egg
Element Type: move, Key: 2ce029d1-aa73-421e-98a7-6256c5972466, Parent: a61abf32-97fe-4b58-8f9b-feafb049b058
Element Type: input, Key: a61abf32-97fe-4b58-8f9b-feafb049b058, Parent: golden_egg
Element Type: logic, Key: c739c0e2-b66f-4960-b343-2f42a3f71d7a, Parent: 4bf113d8-dc52-4f95-9453-108553288428
Element Type: action, Key: b55d269a-bffd-400f-ab90-cc83aac4b74a, Parent: 4bf113d8-dc52-4f95-9453-108553288428
Element Type: input, Key: 4bf113d8-dc52-4f95-9453-108553288428, Parent: golden_egg
Element Type: object, Key: golden_egg, Parent: local_pub_north
New Element created: local_pub, Parent: root
New Element created: , Parent: local_pub
New Element created: , Parent: local_pub
New Element created: , Parent: 3b5ff73c-b3df-425e-afa4-c65ef9ede25b
New Element created: , Parent: 3b5ff73c-b3df-425e-afa4-c65ef9ede25b
Returning row-index: 19
New Element created: , Parent: local_pub
New Element created: , Parent: 988eacf2-a011-496c-818e-db8b5b1dc33a
Returning row: 24
New Element created: , Parent: 988eacf2-a011-496c-818e-db8b5b1dc33a
Returning row: 25
New Element created: , Parent: local_pub
New Element created: , Parent: 0a647d5c-8717-4fe8-b025-549e9aff8cda
Returning row-index: 33
Returning row-index: 34
Element Type: enter_message, Key: ba06fdad-5745-4eaa-b4fa-26bf8b258d87, Parent: local_pub
Element Type: message, Key: 93ca79f1-7d7d-4cb9-a0f1-2dfd5fd42a08, Parent: 3b5ff73c-b3df-425e-afa4-c65ef9ede25b
Element Type: message, Key: 3f00b599-123f-401c-b0eb-234d99be4253, Parent: 3b5ff73c-b3df-425e-afa4-c65ef9ede25b
Element Type: look, Key: 3b5ff73c-b3df-425e-afa4-c65ef9ede25b, Parent: local_pub
Element Type: action, Key: 41fe28b0-7f31-4f90-aa59-46db7da1e697, Parent: 988eacf2-a011-496c-818e-db8b5b1dc33a
Element Type: set, Key: ba609118-8dea-4982-a76f-b104564c3e5f, Parent: 988eacf2-a011-496c-818e-db8b5b1dc33a
Element Type: input, Key: 988eacf2-a011-496c-818e-db8b5b1dc33a, Parent: local_pub
Element Type: move, Key: 720a99a2-28f9-49af-98be-b7f76bd55e59, Parent: 0a647d5c-8717-4fe8-b025-549e9aff8cda
Element Type: input, Key: 0a647d5c-8717-4fe8-b025-549e9aff8cda, Parent: local_pub
Element Type: room, Key: local_pub, Parent: root
New Element created: thief_01, Parent: local_pub
New Element created: thief_01_life, Parent: thief_01
Returning row: 1
New Element created: thief_01_strength, Parent: thief_01
Returning row: 2
New Element created: thief_01_intelligence, Parent: thief_01
Returning row: 3
New Element created: thief_01_cunning, Parent: thief_01
Returning row: 4
New Element created: thief_01_gold, Parent: thief_01
Returning row: 5
New Element created: thief_01_armed, Parent: thief_01
Returning row: 6
New Element created: thief_01_msg_idx, Parent: thief_01
Returning row: 8
New Element created: stolen_shortsword_01, Parent: thief_01
New Element created: , Parent: stolen_shortsword_01
Returning row: 11
New Element created: thief_01_travel, Parent: thief_01
Returning row: 15
New Element created: , Parent: thief_01
New Element created: , Parent: thief_01
New Element created: , Parent: ecd8847f-a6b3-4162-8280-16f8bdc515b8
Returning row-index: 29
Returning row-index: 30
Element Type: attribute, Key: thief_01_life, Parent: thief_01
Element Type: attribute, Key: thief_01_strength, Parent: thief_01
Element Type: attribute, Key: thief_01_intelligence, Parent: thief_01
Element Type: attribute, Key: thief_01_cunning, Parent: thief_01
Element Type: attribute, Key: thief_01_gold, Parent: thief_01
Element Type: attribute, Key: thief_01_armed, Parent: thief_01
Element Type: attribute, Key: thief_01_msg_idx, Parent: thief_01
Element Type: attribute, Key: 9007d0fa-de6a-4327-aef9-01896831d163, Parent: stolen_shortsword_01
Element Type: weapon, Key: stolen_shortsword_01, Parent: thief_01
Element Type: travel, Key: thief_01_travel, Parent: thief_01
Element Type: enter_message, Key: 1d243561-4c2c-4fd3-b4a5-ca2a5aefa117, Parent: thief_01
Element Type: message, Key: 1ec50068-a6d5-44a8-a5c0-14d07e36cc72, Parent: ecd8847f-a6b3-4162-8280-16f8bdc515b8
Element Type: look, Key: ecd8847f-a6b3-4162-8280-16f8bdc515b8, Parent: thief_01
Element Type: npc, Key: thief_01, Parent: local_pub
New Element created: game, Parent: root
New Element created: , Parent: game
Returning row-index: 24
Element Type: enter_message, Key: 77b7e12e-7c8b-46a6-b3ec-96d686fef0f9, Parent: game
Element Type: game, Key: game, Parent: root
New Element created: global01, Parent: root
New Element created: , Parent: global01
New Element created: , Parent: 26890a52-f20f-4b3e-a21d-e770baa2b405
Returning row: 2
New Element created: , Parent: global01
New Element created: , Parent: 18168f84-deb2-46f2-ba8d-1e094ce33e72
Returning row: 5
New Element created: , Parent: global01
New Element created: , Parent: f639c0b9-cace-47db-994a-d783c284e596
New Element created: , Parent: 77194cab-d565-409c-9f0f-af0965af5a96
Returning row-index: 14
Returning row-index: 15
New Element created: day_string, Parent: global01
New Element created: , Parent: day_string
New Element created: , Parent: 21381ff5-81b9-4f26-84b1-b126bacf5793
New Element created: , Parent: 21381ff5-81b9-4f26-84b1-b126bacf5793
Returning row-index: 30
New Element created: , Parent: day_string
New Element created: , Parent: de955c65-beb5-478d-8c1d-5bd83254eba2
New Element created: , Parent: de955c65-beb5-478d-8c1d-5bd83254eba2
Returning row-index: 44
Returning row-index: 45
Returning row-index: 46
Element Type: action, Key: 8291a383-51c0-4184-a5f7-d0878a192b71, Parent: 26890a52-f20f-4b3e-a21d-e770baa2b405
Element Type: input, Key: 26890a52-f20f-4b3e-a21d-e770baa2b405, Parent: global01
Element Type: action, Key: 9950e1ac-34d8-47e7-9d88-b0c58e0b5c83, Parent: 18168f84-deb2-46f2-ba8d-1e094ce33e72
Element Type: input, Key: 18168f84-deb2-46f2-ba8d-1e094ce33e72, Parent: global01
Element Type: message, Key: 5b2b38eb-a88a-4384-b458-c83f8db766ed, Parent: 77194cab-d565-409c-9f0f-af0965af5a96
Element Type: set, Key: 77194cab-d565-409c-9f0f-af0965af5a96, Parent: f639c0b9-cace-47db-994a-d783c284e596
Element Type: input, Key: f639c0b9-cace-47db-994a-d783c284e596, Parent: global01
Element Type: logic, Key: c535fd67-072e-4e69-875b-54b1ede91939, Parent: 21381ff5-81b9-4f26-84b1-b126bacf5793
Element Type: message, Key: 8dce2205-a686-4352-9f72-fead7aed98f5, Parent: 21381ff5-81b9-4f26-84b1-b126bacf5793
Element Type: action, Key: 21381ff5-81b9-4f26-84b1-b126bacf5793, Parent: day_string
Element Type: logic, Key: 4d29b6d6-a649-450b-a657-d4dba16868eb, Parent: de955c65-beb5-478d-8c1d-5bd83254eba2
Element Type: message, Key: be77570a-d44f-428d-b159-b1b8f82390f6, Parent: de955c65-beb5-478d-8c1d-5bd83254eba2
Element Type: action, Key: de955c65-beb5-478d-8c1d-5bd83254eba2, Parent: day_string
Element Type: , Key: day_string, Parent: global01
Element Type: global, Key: global01, Parent: root
New Element created: player, Parent: local_pub
New Element created: player_life, Parent: player
Returning row: 1
New Element created: player_strength, Parent: player
Returning row: 2
New Element created: player_intelligence, Parent: player
Returning row: 3
New Element created: player_cunning, Parent: player
Returning row: 4
New Element created: player_gold, Parent: player
Returning row: 5
New Element created: player_armed, Parent: player
Returning row: 6
New Element created: longsword_01, Parent: player
New Element created: , Parent: longsword_01
Returning row: 9
Returning row-index: 10
Element Type: attribute, Key: player_life, Parent: player
Element Type: attribute, Key: player_strength, Parent: player
Element Type: attribute, Key: player_intelligence, Parent: player
Element Type: attribute, Key: player_cunning, Parent: player
Element Type: attribute, Key: player_gold, Parent: player
Element Type: attribute, Key: player_armed, Parent: player
Element Type: attribute, Key: 11461226-89d8-426f-9d64-2c2bfa01acaf, Parent: longsword_01
Element Type: weapon, Key: longsword_01, Parent: player
Element Type: player, Key: player, Parent: local_pub
