New Element created: local_pub_north, Parent: root
New Element created: , Parent: local_pub_north
New Element created: , Parent: local_pub_north
New Element created: , Parent: 64e2c673-b1a8-4cd3-b0c7-1ca485d6a2ca
Returning row-index: 18
New Element created: , Parent: local_pub_north
New Element created: , Parent: fe8e3ba5-d242-4a1e-8dda-a628fe7e2385
Returning row: 22
New Element created: , Parent: local_pub_north
New Element created: , Parent: b79b5604-7b93-4141-b8f6-c7d46d5800b0
Returning row-index: 30
Returning row-index: 31
New Element created: golden_egg, Parent: local_pub_north
New Element created: , Parent: golden_egg
New Element created: , Parent: golden_egg
New Element created: , Parent: e7e208ee-4957-4597-97c1-7d357d99016a
Returning row-index: 49
New Element created: , Parent: golden_egg
New Element created: , Parent: 1b903e8d-1fac-4104-a2b3-7aa9e2c40d25
Returning row-index: 58
New Element created: , Parent: golden_egg
New Element created: , Parent: e376f735-2d30-4fb1-a503-7505b0598554
Returning row-index: 67
New Element created: , Parent: golden_egg
New Element created: , Parent: b6efbc1e-6d9a-4a5a-9c7b-2e018973424c
Returning row: 72
New Element created: , Parent: golden_egg
New Element created: , Parent: 500a5a5a-a2a7-4316-95ac-c8104e5ef953
Returning row-index: 82
New Element created: , Parent: golden_egg
New Element created: , Parent: 37890751-dc8b-4673-ac7d-0c312e1a3161
Returning row-index: 92
New Element created: , Parent: golden_egg
New Element created: , Parent: 8b91c040-d168-4efc-9d45-82d42a6bb482
New Element created: , Parent: 8b91c040-d168-4efc-9d45-82d42a6bb482
Returning row: 107
Returning row-index: 108
Element Type: enter_message, Key: 37040010-158f-48e6-bb00-42da3aee747b, Parent: local_pub_north
Element Type: message, Key: 39c71fdc-9da3-4503-8626-f90e51550973, Parent: 64e2c673-b1a8-4cd3-b0c7-1ca485d6a2ca
Element Type: look, Key: 64e2c673-b1a8-4cd3-b0c7-1ca485d6a2ca, Parent: local_pub_north
Element Type: action, Key: 015f8ccb-c6cd-43a8-917f-0391bed0cc79, Parent: fe8e3ba5-d242-4a1e-8dda-a628fe7e2385
Element Type: input, Key: fe8e3ba5-d242-4a1e-8dda-a628fe7e2385, Parent: local_pub_north
Element Type: move, Key: 111b07e0-767d-4fa6-8357-2267695caa74, Parent: b79b5604-7b93-4141-b8f6-c7d46d5800b0
Element Type: input, Key: b79b5604-7b93-4141-b8f6-c7d46d5800b0, Parent: local_pub_north
Element Type: room, Key: local_pub_north, Parent: root
Element Type: enter_message, Key: 05d736e2-4482-4ce4-b38d-bc28df2d23b5, Parent: golden_egg
Element Type: message, Key: 31343bf9-5f0a-4f65-a1ea-b43287238fc2, Parent: e7e208ee-4957-4597-97c1-7d357d99016a
Element Type: look, Key: e7e208ee-4957-4597-97c1-7d357d99016a, Parent: golden_egg
Element Type: message, Key: eed1423f-1c0e-464a-9db4-f717d1ff6459, Parent: 1b903e8d-1fac-4104-a2b3-7aa9e2c40d25
Element Type: inspect, Key: 1b903e8d-1fac-4104-a2b3-7aa9e2c40d25, Parent: golden_egg
Element Type: message, Key: 939f45e1-de0f-487f-84f3-80b65a832629, Parent: e376f735-2d30-4fb1-a503-7505b0598554
Element Type: use_egg, Key: e376f735-2d30-4fb1-a503-7505b0598554, Parent: golden_egg
Element Type: action, Key: e02c8b91-5395-473a-a1f0-abc815ed4754, Parent: b6efbc1e-6d9a-4a5a-9c7b-2e018973424c
Element Type: input, Key: b6efbc1e-6d9a-4a5a-9c7b-2e018973424c, Parent: golden_egg
Element Type: move, Key: ce62299e-1a25-4de1-ba63-601ad83db15b, Parent: 500a5a5a-a2a7-4316-95ac-c8104e5ef953
Element Type: input, Key: 500a5a5a-a2a7-4316-95ac-c8104e5ef953, Parent: golden_egg
Element Type: move, Key: d50e0250-be64-4b67-97c0-394cf9471d7a, Parent: 37890751-dc8b-4673-ac7d-0c312e1a3161
Element Type: input, Key: 37890751-dc8b-4673-ac7d-0c312e1a3161, Parent: golden_egg
Element Type: logic, Key: 46eb4188-b2fe-4e8c-86ab-f3cf75b240d6, Parent: 8b91c040-d168-4efc-9d45-82d42a6bb482
Element Type: action, Key: d5b1e935-ee3b-4c07-b6e3-c8e0a07a29f9, Parent: 8b91c040-d168-4efc-9d45-82d42a6bb482
Element Type: input, Key: 8b91c040-d168-4efc-9d45-82d42a6bb482, Parent: golden_egg
Element Type: object, Key: golden_egg, Parent: local_pub_north
New Element created: local_pub, Parent: root
New Element created: , Parent: local_pub
New Element created: , Parent: local_pub
New Element created: , Parent: 72ddbc77-c592-4b48-baa1-c34b6ccb478a
New Element created: , Parent: 72ddbc77-c592-4b48-baa1-c34b6ccb478a
Returning row-index: 19
New Element created: , Parent: local_pub
New Element created: , Parent: ade3a12d-4c30-4e98-9633-095870ab8a8d
Returning row: 24
New Element created: , Parent: ade3a12d-4c30-4e98-9633-095870ab8a8d
Returning row: 25
New Element created: , Parent: local_pub
New Element created: , Parent: 5097d99c-b5f4-478d-b844-0a2b45c03f9f
Returning row-index: 33
Returning row-index: 34
Element Type: enter_message, Key: 80c2e7c9-b197-409f-b4c5-0c3a9fb97f2a, Parent: local_pub
Element Type: message, Key: 3ecc3f2f-b27f-465e-ac4d-8f147872f676, Parent: 72ddbc77-c592-4b48-baa1-c34b6ccb478a
Element Type: message, Key: 00947637-db19-450e-b572-550db0f12440, Parent: 72ddbc77-c592-4b48-baa1-c34b6ccb478a
Element Type: look, Key: 72ddbc77-c592-4b48-baa1-c34b6ccb478a, Parent: local_pub
Element Type: action, Key: ac90a366-c7e9-4320-8107-07e361355360, Parent: ade3a12d-4c30-4e98-9633-095870ab8a8d
Element Type: set, Key: 933b2d0d-e353-411b-9099-9e07dc0c0ca5, Parent: ade3a12d-4c30-4e98-9633-095870ab8a8d
Element Type: input, Key: ade3a12d-4c30-4e98-9633-095870ab8a8d, Parent: local_pub
Element Type: move, Key: 785f0267-8e72-465d-80ff-c6feb15655a4, Parent: 5097d99c-b5f4-478d-b844-0a2b45c03f9f
Element Type: input, Key: 5097d99c-b5f4-478d-b844-0a2b45c03f9f, Parent: local_pub
Element Type: room, Key: local_pub, Parent: root
New Element created: thief_01, Parent: local_pub
New Element created: thief_01_life, Parent: thief_01
Returning row: 1
New Element created: thief_01_strength, Parent: thief_01
Returning row: 2
New Element created: thief_01_intelligence, Parent: thief_01
Returning row: 3
New Element created: thief_01_cunning, Parent: thief_01
Returning row: 4
New Element created: thief_01_gold, Parent: thief_01
Returning row: 5
New Element created: thief_01_armed, Parent: thief_01
Returning row: 6
New Element created: thief_01_msg_idx, Parent: thief_01
Returning row: 8
New Element created: stolen_shortsword_01, Parent: thief_01
New Element created: , Parent: stolen_shortsword_01
Returning row: 11
New Element created: thief_01_travel, Parent: thief_01
Returning row: 15
New Element created: , Parent: thief_01
New Element created: , Parent: e43c4cb8-fe5d-48b6-aa7f-2718d8a803f2
Returning row-index: 23
New Element created: , Parent: thief_01
New Element created: , Parent: 1697eaa3-c45f-428c-a858-f310dba4d361
Returning row-index: 31
Returning row-index: 32
Element Type: attribute, Key: thief_01_life, Parent: thief_01
Element Type: attribute, Key: thief_01_strength, Parent: thief_01
Element Type: attribute, Key: thief_01_intelligence, Parent: thief_01
Element Type: attribute, Key: thief_01_cunning, Parent: thief_01
Element Type: attribute, Key: thief_01_gold, Parent: thief_01
Element Type: attribute, Key: thief_01_armed, Parent: thief_01
Element Type: attribute, Key: thief_01_msg_idx, Parent: thief_01
Element Type: attribute, Key: 80ecba72-c938-4714-a9e8-e2d9997ff9a7, Parent: stolen_shortsword_01
Element Type: weapon, Key: stolen_shortsword_01, Parent: thief_01
Element Type: travel, Key: thief_01_travel, Parent: thief_01
Element Type: message, Key: 94d4263d-2d2e-493f-b997-4eb8cd8e45cd, Parent: e43c4cb8-fe5d-48b6-aa7f-2718d8a803f2
Element Type: enter_message, Key: e43c4cb8-fe5d-48b6-aa7f-2718d8a803f2, Parent: thief_01
Element Type: message, Key: c257e8c0-2dd6-4747-bb45-8b44dc8945ef, Parent: 1697eaa3-c45f-428c-a858-f310dba4d361
Element Type: look, Key: 1697eaa3-c45f-428c-a858-f310dba4d361, Parent: thief_01
Element Type: npc, Key: thief_01, Parent: local_pub
New Element created: game, Parent: root
New Element created: , Parent: game
Returning row-index: 24
Element Type: enter_message, Key: 18f8ad3a-ede3-47e8-bba4-e5af2c72b506, Parent: game
Element Type: game, Key: game, Parent: root
New Element created: global01, Parent: root
New Element created: , Parent: global01
New Element created: , Parent: 9e08cfea-ef56-4be6-a9de-62b01965cb40
Returning row: 2
New Element created: , Parent: global01
New Element created: , Parent: f72d536c-42dc-4433-9422-ce5a6f973dff
Returning row: 5
New Element created: , Parent: global01
New Element created: , Parent: cb08b833-2e94-4ace-8db0-e63e272d8a23
New Element created: , Parent: ce422e32-4588-45c4-abc3-ca4385d778bf
Returning row-index: 14
Returning row-index: 15
New Element created: day_string, Parent: global01
New Element created: , Parent: day_string
New Element created: , Parent: 249b5fe6-aba0-408f-b267-56bc5a3ce010
New Element created: , Parent: 249b5fe6-aba0-408f-b267-56bc5a3ce010
Returning row-index: 30
New Element created: , Parent: day_string
New Element created: , Parent: a69a4b9c-f0d1-4ab6-a932-917d5d4ce76e
New Element created: , Parent: a69a4b9c-f0d1-4ab6-a932-917d5d4ce76e
Returning row-index: 44
Returning row-index: 45
Returning row-index: 46
Element Type: action, Key: bcf33eed-753b-4848-ac3a-52750f56eae5, Parent: 9e08cfea-ef56-4be6-a9de-62b01965cb40
Element Type: input, Key: 9e08cfea-ef56-4be6-a9de-62b01965cb40, Parent: global01
Element Type: action, Key: 86eabaf3-4ac0-4e72-87a6-a135383d892c, Parent: f72d536c-42dc-4433-9422-ce5a6f973dff
Element Type: input, Key: f72d536c-42dc-4433-9422-ce5a6f973dff, Parent: global01
Element Type: message, Key: a515a623-6c33-4be8-9490-e44559aaefeb, Parent: ce422e32-4588-45c4-abc3-ca4385d778bf
Element Type: set, Key: ce422e32-4588-45c4-abc3-ca4385d778bf, Parent: cb08b833-2e94-4ace-8db0-e63e272d8a23
Element Type: input, Key: cb08b833-2e94-4ace-8db0-e63e272d8a23, Parent: global01
Element Type: logic, Key: 26be1c12-4a8a-470d-abfc-41a1956218f0, Parent: 249b5fe6-aba0-408f-b267-56bc5a3ce010
Element Type: message, Key: 3f0e62b5-a3a7-46fa-835f-e0130b61d9e4, Parent: 249b5fe6-aba0-408f-b267-56bc5a3ce010
Element Type: action, Key: 249b5fe6-aba0-408f-b267-56bc5a3ce010, Parent: day_string
Element Type: logic, Key: e4e00052-0bcc-47d9-a356-c3ab662daf8b, Parent: a69a4b9c-f0d1-4ab6-a932-917d5d4ce76e
Element Type: message, Key: 7634d4e4-2dd3-4958-8b4a-578781f4f104, Parent: a69a4b9c-f0d1-4ab6-a932-917d5d4ce76e
Element Type: action, Key: a69a4b9c-f0d1-4ab6-a932-917d5d4ce76e, Parent: day_string
Element Type: , Key: day_string, Parent: global01
Element Type: global, Key: global01, Parent: root
New Element created: player, Parent: local_pub
New Element created: player_life, Parent: player
Returning row: 1
New Element created: player_strength, Parent: player
Returning row: 2
New Element created: player_intelligence, Parent: player
Returning row: 3
New Element created: player_cunning, Parent: player
Returning row: 4
New Element created: player_gold, Parent: player
Returning row: 5
New Element created: player_armed, Parent: player
Returning row: 6
New Element created: longsword_01, Parent: player
New Element created: , Parent: longsword_01
Returning row: 9
Returning row-index: 10
Element Type: attribute, Key: player_life, Parent: player
Element Type: attribute, Key: player_strength, Parent: player
Element Type: attribute, Key: player_intelligence, Parent: player
Element Type: attribute, Key: player_cunning, Parent: player
Element Type: attribute, Key: player_gold, Parent: player
Element Type: attribute, Key: player_armed, Parent: player
Element Type: attribute, Key: 0c81b9c0-b56e-48e1-a87d-8113ef5d7aab, Parent: longsword_01
Element Type: weapon, Key: longsword_01, Parent: player
Element Type: player, Key: player, Parent: local_pub
