New Element created: local_pub_north, Parent: root
New Element created: , Parent: local_pub_north
New Element created: , Parent: local_pub_north
New Element created: , Parent: b4397eb0-366b-48ee-8901-2b19e4bfbba7
Returning row-index: 18
New Element created: , Parent: local_pub_north
New Element created: , Parent: be286e0c-819b-46da-8e90-1b80917f0325
Returning row: 22
New Element created: , Parent: local_pub_north
New Element created: , Parent: de6e119b-f5bd-4ae6-b09e-3c2a8db8f0e6
Returning row-index: 30
Returning row-index: 31
New Element created: golden_egg, Parent: local_pub_north
New Element created: egg_visible, Parent: golden_egg
Returning row: 36
New Element created: , Parent: golden_egg
New Element created: , Parent: golden_egg
New Element created: , Parent: 31a7787a-76ec-4d08-94f5-96b6fe7759f8
Returning row-index: 50
New Element created: , Parent: golden_egg
New Element created: , Parent: 15e3f7b5-b86f-46cb-9fd6-3965aa0af41e
New Element created: , Parent: 15e3f7b5-b86f-46cb-9fd6-3965aa0af41e
Returning row-index: 64
New Element created: , Parent: golden_egg
New Element created: , Parent: 77f38786-9e51-426f-8918-fe7627ccdbcc
Returning row-index: 73
New Element created: , Parent: golden_egg
New Element created: , Parent: 9a46b97a-05d7-4347-a84a-68f52afa7d6e
Returning row: 78
New Element created: , Parent: golden_egg
New Element created: , Parent: 20fb5238-a538-42bf-b501-f0b12827fb56
Returning row: 82
New Element created: , Parent: 20fb5238-a538-42bf-b501-f0b12827fb56
Returning row-index: 89
New Element created: , Parent: golden_egg
New Element created: , Parent: 35f62c22-f798-4fbd-8243-c187531bef8b
Returning row: 93
New Element created: , Parent: 35f62c22-f798-4fbd-8243-c187531bef8b
Returning row-index: 100
New Element created: , Parent: golden_egg
New Element created: , Parent: 84cbfef3-9cd9-498e-90cf-cc73be8682cb
New Element created: , Parent: 84cbfef3-9cd9-498e-90cf-cc73be8682cb
Returning row: 115
Returning row-index: 116
Element Type: enter_message, Key: b0d0f59c-cdb9-467b-992b-3fe37bbce916, Parent: local_pub_north
Element Type: message, Key: fd18aef5-1b58-4159-ad2f-14f7290333aa, Parent: b4397eb0-366b-48ee-8901-2b19e4bfbba7
Element Type: look, Key: b4397eb0-366b-48ee-8901-2b19e4bfbba7, Parent: local_pub_north
Element Type: action, Key: 4c8d6de3-2f95-4e00-8999-edd1c3896194, Parent: be286e0c-819b-46da-8e90-1b80917f0325
Element Type: input, Key: be286e0c-819b-46da-8e90-1b80917f0325, Parent: local_pub_north
Element Type: move, Key: a70bf80e-5d88-48d0-b880-6c16e9afe936, Parent: de6e119b-f5bd-4ae6-b09e-3c2a8db8f0e6
Element Type: input, Key: de6e119b-f5bd-4ae6-b09e-3c2a8db8f0e6, Parent: local_pub_north
Element Type: room, Key: local_pub_north, Parent: root
Element Type: attribute, Key: egg_visible, Parent: golden_egg
Element Type: enter_message, Key: ce3c0e94-2225-454d-bb2c-92871da35fef, Parent: golden_egg
Element Type: message, Key: 571009bb-2ddd-4c7d-9439-1fb77c4055cc, Parent: 31a7787a-76ec-4d08-94f5-96b6fe7759f8
Element Type: look, Key: 31a7787a-76ec-4d08-94f5-96b6fe7759f8, Parent: golden_egg
Element Type: logic, Key: 95ecac3c-89fd-48c1-b237-7df594a75d73, Parent: 15e3f7b5-b86f-46cb-9fd6-3965aa0af41e
Element Type: message, Key: 20e379c2-8336-4fc2-ab84-7b087f420c43, Parent: 15e3f7b5-b86f-46cb-9fd6-3965aa0af41e
Element Type: inspect, Key: 15e3f7b5-b86f-46cb-9fd6-3965aa0af41e, Parent: golden_egg
Element Type: message, Key: e97c8d13-4e66-4ab4-a160-088f0db77f76, Parent: 77f38786-9e51-426f-8918-fe7627ccdbcc
Element Type: use_egg, Key: 77f38786-9e51-426f-8918-fe7627ccdbcc, Parent: golden_egg
Element Type: action, Key: 80f00f65-fe4b-454b-9375-9f6450e99927, Parent: 9a46b97a-05d7-4347-a84a-68f52afa7d6e
Element Type: input, Key: 9a46b97a-05d7-4347-a84a-68f52afa7d6e, Parent: golden_egg
Element Type: set, Key: 71acc3f7-14e4-4070-88e4-7e10a16d7544, Parent: 20fb5238-a538-42bf-b501-f0b12827fb56
Element Type: move, Key: e275fefa-e8fe-47eb-bc17-f91de4c0b328, Parent: 20fb5238-a538-42bf-b501-f0b12827fb56
Element Type: input, Key: 20fb5238-a538-42bf-b501-f0b12827fb56, Parent: golden_egg
Element Type: set, Key: 118167e5-458b-48f6-a038-7e46f9427211, Parent: 35f62c22-f798-4fbd-8243-c187531bef8b
Element Type: move, Key: 97ea2df7-aaf8-458e-94a3-51c789ef07ed, Parent: 35f62c22-f798-4fbd-8243-c187531bef8b
Element Type: input, Key: 35f62c22-f798-4fbd-8243-c187531bef8b, Parent: golden_egg
Element Type: logic, Key: d42db8b9-2765-464b-9e67-9ee0a87c8d1b, Parent: 84cbfef3-9cd9-498e-90cf-cc73be8682cb
Element Type: action, Key: 24c7917a-4485-42e8-a6fd-6d5c3ea1e260, Parent: 84cbfef3-9cd9-498e-90cf-cc73be8682cb
Element Type: input, Key: 84cbfef3-9cd9-498e-90cf-cc73be8682cb, Parent: golden_egg
Element Type: object, Key: golden_egg, Parent: local_pub_north
New Element created: local_pub, Parent: root
New Element created: , Parent: local_pub
New Element created: , Parent: local_pub
New Element created: , Parent: 45886226-865d-4419-9441-4fa9b2d702bc
New Element created: , Parent: 45886226-865d-4419-9441-4fa9b2d702bc
Returning row-index: 19
New Element created: , Parent: local_pub
New Element created: , Parent: a7354a09-db4f-4091-afaf-efe445347933
Returning row: 24
New Element created: , Parent: a7354a09-db4f-4091-afaf-efe445347933
Returning row: 25
New Element created: , Parent: local_pub
New Element created: , Parent: f8458b2d-6d0c-4998-b9f8-1d2015d8bcc0
Returning row-index: 33
Returning row-index: 34
Element Type: enter_message, Key: 5d886d7b-e5fc-4f22-813c-c4643bf66a93, Parent: local_pub
Element Type: message, Key: 20738892-66d9-4138-a2bc-00ac0231253f, Parent: 45886226-865d-4419-9441-4fa9b2d702bc
Element Type: message, Key: 716db8e7-40f6-4488-bc94-95b60df91476, Parent: 45886226-865d-4419-9441-4fa9b2d702bc
Element Type: look, Key: 45886226-865d-4419-9441-4fa9b2d702bc, Parent: local_pub
Element Type: action, Key: 0413deb3-1188-4b67-a054-14e51c75f43f, Parent: a7354a09-db4f-4091-afaf-efe445347933
Element Type: set, Key: 8e0c2819-3b73-4b54-8440-649ae5eb30bd, Parent: a7354a09-db4f-4091-afaf-efe445347933
Element Type: input, Key: a7354a09-db4f-4091-afaf-efe445347933, Parent: local_pub
Element Type: move, Key: 7b149ad4-aa41-4276-80c2-2ea946c43896, Parent: f8458b2d-6d0c-4998-b9f8-1d2015d8bcc0
Element Type: input, Key: f8458b2d-6d0c-4998-b9f8-1d2015d8bcc0, Parent: local_pub
Element Type: room, Key: local_pub, Parent: root
New Element created: thief_01, Parent: local_pub
New Element created: thief_01_life, Parent: thief_01
Returning row: 1
New Element created: thief_01_strength, Parent: thief_01
Returning row: 2
New Element created: thief_01_intelligence, Parent: thief_01
Returning row: 3
New Element created: thief_01_cunning, Parent: thief_01
Returning row: 4
New Element created: thief_01_gold, Parent: thief_01
Returning row: 5
New Element created: thief_01_armed, Parent: thief_01
Returning row: 6
New Element created: thief_01_msg_idx, Parent: thief_01
Returning row: 8
New Element created: stolen_shortsword_01, Parent: thief_01
New Element created: , Parent: stolen_shortsword_01
Returning row: 11
New Element created: thief_01_travel, Parent: thief_01
Returning row: 15
New Element created: , Parent: thief_01
New Element created: , Parent: 9caa4b2f-7a78-4d90-8991-28f7edf042fb
New Element created: , Parent: 9caa4b2f-7a78-4d90-8991-28f7edf042fb
New Element created: , Parent: 9caa4b2f-7a78-4d90-8991-28f7edf042fb
Returning row-index: 33
New Element created: , Parent: thief_01
New Element created: , Parent: 0c7d493f-b14b-4567-8765-52dad2550674
New Element created: , Parent: 0c7d493f-b14b-4567-8765-52dad2550674
New Element created: , Parent: 0c7d493f-b14b-4567-8765-52dad2550674
Returning row-index: 51
Returning row-index: 52
Element Type: attribute, Key: thief_01_life, Parent: thief_01
Element Type: attribute, Key: thief_01_strength, Parent: thief_01
Element Type: attribute, Key: thief_01_intelligence, Parent: thief_01
Element Type: attribute, Key: thief_01_cunning, Parent: thief_01
Element Type: attribute, Key: thief_01_gold, Parent: thief_01
Element Type: attribute, Key: thief_01_armed, Parent: thief_01
Element Type: attribute, Key: thief_01_msg_idx, Parent: thief_01
Element Type: attribute, Key: a06ab2ee-933a-44a5-9a10-c19b264dc1c1, Parent: stolen_shortsword_01
Element Type: weapon, Key: stolen_shortsword_01, Parent: thief_01
Element Type: travel, Key: thief_01_travel, Parent: thief_01
Element Type: message, Key: dafd9f9e-2aff-4517-b148-87f01f79987b, Parent: 9caa4b2f-7a78-4d90-8991-28f7edf042fb
Element Type: message, Key: 545a6531-7caa-485b-8741-fbee853e35a4, Parent: 9caa4b2f-7a78-4d90-8991-28f7edf042fb
Element Type: message, Key: 2e64017d-70a5-41d4-abd0-6c50cd251b4b, Parent: 9caa4b2f-7a78-4d90-8991-28f7edf042fb
Element Type: enter_message, Key: 9caa4b2f-7a78-4d90-8991-28f7edf042fb, Parent: thief_01
Element Type: message, Key: f7fe75fb-8b4a-46b1-9302-590c11c88454, Parent: 0c7d493f-b14b-4567-8765-52dad2550674
Element Type: message, Key: 2edc4f89-db97-4118-bbba-c449f4a6f8e1, Parent: 0c7d493f-b14b-4567-8765-52dad2550674
Element Type: message, Key: f68a83d9-72df-4768-a88c-dd8609208379, Parent: 0c7d493f-b14b-4567-8765-52dad2550674
Element Type: look, Key: 0c7d493f-b14b-4567-8765-52dad2550674, Parent: thief_01
Element Type: npc, Key: thief_01, Parent: local_pub
New Element created: game, Parent: root
New Element created: , Parent: game
Returning row-index: 24
Element Type: enter_message, Key: 44ff4140-584b-4ae1-8969-c70061111650, Parent: game
Element Type: game, Key: game, Parent: root
New Element created: global01, Parent: root
New Element created: , Parent: global01
New Element created: , Parent: 5e307adf-e7c3-414b-b577-b8f1eee529a7
Returning row: 2
New Element created: , Parent: global01
New Element created: , Parent: 135157a7-4e93-4a27-b96b-cb7363c42137
Returning row: 5
New Element created: , Parent: global01
New Element created: , Parent: 593ff609-9e49-420b-ac54-6594385a1632
New Element created: , Parent: f4ead494-d77c-48f3-b0fe-d91e415aecd9
Returning row-index: 14
Returning row-index: 15
New Element created: day_string, Parent: global01
New Element created: , Parent: day_string
New Element created: , Parent: ff301932-f053-4989-a69d-6b50df6c81a6
New Element created: , Parent: ff301932-f053-4989-a69d-6b50df6c81a6
Returning row-index: 30
New Element created: , Parent: day_string
New Element created: , Parent: a1c3910c-273e-4f0b-8901-14faa0187491
New Element created: , Parent: a1c3910c-273e-4f0b-8901-14faa0187491
Returning row-index: 44
Returning row-index: 45
Returning row-index: 46
Element Type: action, Key: 6d37a744-da50-4aca-a910-160e969669f3, Parent: 5e307adf-e7c3-414b-b577-b8f1eee529a7
Element Type: input, Key: 5e307adf-e7c3-414b-b577-b8f1eee529a7, Parent: global01
Element Type: action, Key: 013426a6-61c0-496f-8611-da5793282865, Parent: 135157a7-4e93-4a27-b96b-cb7363c42137
Element Type: input, Key: 135157a7-4e93-4a27-b96b-cb7363c42137, Parent: global01
Element Type: message, Key: 56f6401a-3c5a-4212-a334-ceeecc38c6df, Parent: f4ead494-d77c-48f3-b0fe-d91e415aecd9
Element Type: set, Key: f4ead494-d77c-48f3-b0fe-d91e415aecd9, Parent: 593ff609-9e49-420b-ac54-6594385a1632
Element Type: input, Key: 593ff609-9e49-420b-ac54-6594385a1632, Parent: global01
Element Type: logic, Key: 0115643e-a9a8-4b2a-82fc-4c4cf6f52a05, Parent: ff301932-f053-4989-a69d-6b50df6c81a6
Element Type: message, Key: dda8d22f-2fa9-4762-8f15-a1735e8b6881, Parent: ff301932-f053-4989-a69d-6b50df6c81a6
Element Type: action, Key: ff301932-f053-4989-a69d-6b50df6c81a6, Parent: day_string
Element Type: logic, Key: 8d6083bc-6d91-4f26-b07b-e2ecf8c517e8, Parent: a1c3910c-273e-4f0b-8901-14faa0187491
Element Type: message, Key: a3c12808-b1e2-41bd-843b-30e9a9a3b8d6, Parent: a1c3910c-273e-4f0b-8901-14faa0187491
Element Type: action, Key: a1c3910c-273e-4f0b-8901-14faa0187491, Parent: day_string
Element Type: , Key: day_string, Parent: global01
Element Type: global, Key: global01, Parent: root
New Element created: player, Parent: local_pub
New Element created: player_life, Parent: player
Returning row: 1
New Element created: player_strength, Parent: player
Returning row: 2
New Element created: player_intelligence, Parent: player
Returning row: 3
New Element created: player_cunning, Parent: player
Returning row: 4
New Element created: player_gold, Parent: player
Returning row: 5
New Element created: player_armed, Parent: player
Returning row: 6
New Element created: longsword_01, Parent: player
New Element created: , Parent: longsword_01
Returning row: 9
Returning row-index: 10
Element Type: attribute, Key: player_life, Parent: player
Element Type: attribute, Key: player_strength, Parent: player
Element Type: attribute, Key: player_intelligence, Parent: player
Element Type: attribute, Key: player_cunning, Parent: player
Element Type: attribute, Key: player_gold, Parent: player
Element Type: attribute, Key: player_armed, Parent: player
Element Type: attribute, Key: 30e81cae-f744-40aa-8869-935a989be448, Parent: longsword_01
Element Type: weapon, Key: longsword_01, Parent: player
Element Type: player, Key: player, Parent: local_pub
