New Element created: local_pub_north, Parent: root
New Element created: , Parent: local_pub_north
New Element created: , Parent: local_pub_north
New Element created: , Parent: 943bda82-ebc9-49e0-93d2-e8e3e45ae7f6
Returning row-index: 18
New Element created: , Parent: local_pub_north
New Element created: , Parent: 3914cc76-0b08-4b08-b99b-7f3867f4b47e
Returning row: 22
New Element created: , Parent: local_pub_north
New Element created: , Parent: 43b1406e-8371-437b-8f82-cad69e52fb90
Returning row-index: 30
Returning row-index: 31
New Element created: golden_egg, Parent: local_pub_north
New Element created: , Parent: golden_egg
New Element created: , Parent: golden_egg
New Element created: , Parent: 05d2f8d9-7376-4126-9ace-f76252dab8cb
Returning row-index: 49
New Element created: , Parent: golden_egg
New Element created: , Parent: 17788ade-b11c-4b17-a8ee-879c8f0e55c5
Returning row-index: 58
New Element created: , Parent: golden_egg
New Element created: , Parent: e16a378a-d91e-4bf3-b06d-72f47d8b1bee
Returning row-index: 67
New Element created: , Parent: golden_egg
New Element created: , Parent: 98dc01c2-e3a3-48b6-8ce3-e44e662ee2d9
Returning row: 72
New Element created: , Parent: golden_egg
New Element created: , Parent: a5636a75-63eb-44f5-ab64-b518e0783b81
Returning row: 76
New Element created: , Parent: a5636a75-63eb-44f5-ab64-b518e0783b81
Returning row-index: 83
New Element created: , Parent: golden_egg
New Element created: , Parent: ee52f10a-4213-40cc-b093-23236abd2f6f
Returning row: 87
New Element created: , Parent: ee52f10a-4213-40cc-b093-23236abd2f6f
Returning row-index: 94
New Element created: , Parent: golden_egg
New Element created: , Parent: ee8c2dc8-f2aa-4000-8da8-b9adc6396c4b
New Element created: , Parent: ee8c2dc8-f2aa-4000-8da8-b9adc6396c4b
Returning row: 109
Returning row-index: 110
Element Type: enter_message, Key: 1125f55b-1f43-4ddd-8a9a-e58f2ee997d3, Parent: local_pub_north
Element Type: message, Key: 86086ed1-2841-4cfe-a50d-8c335d1c091d, Parent: 943bda82-ebc9-49e0-93d2-e8e3e45ae7f6
Element Type: look, Key: 943bda82-ebc9-49e0-93d2-e8e3e45ae7f6, Parent: local_pub_north
Element Type: action, Key: f09c5455-c42e-4afb-ba2d-6028f42e3ae6, Parent: 3914cc76-0b08-4b08-b99b-7f3867f4b47e
Element Type: input, Key: 3914cc76-0b08-4b08-b99b-7f3867f4b47e, Parent: local_pub_north
Element Type: move, Key: 20f9eb11-aa14-4955-8323-05cb3c8832e4, Parent: 43b1406e-8371-437b-8f82-cad69e52fb90
Element Type: input, Key: 43b1406e-8371-437b-8f82-cad69e52fb90, Parent: local_pub_north
Element Type: room, Key: local_pub_north, Parent: root
Element Type: enter_message, Key: 43064f80-834d-4323-aa83-fb8356c5409f, Parent: golden_egg
Element Type: message, Key: 3aa2aba7-de97-4a9c-acce-7e88807ab817, Parent: 05d2f8d9-7376-4126-9ace-f76252dab8cb
Element Type: look, Key: 05d2f8d9-7376-4126-9ace-f76252dab8cb, Parent: golden_egg
Element Type: message, Key: b0b01abc-b1db-4f15-b83f-1d2824a2d968, Parent: 17788ade-b11c-4b17-a8ee-879c8f0e55c5
Element Type: inspect, Key: 17788ade-b11c-4b17-a8ee-879c8f0e55c5, Parent: golden_egg
Element Type: message, Key: 9debc616-0adf-4985-be44-bcf011c78d49, Parent: e16a378a-d91e-4bf3-b06d-72f47d8b1bee
Element Type: use_egg, Key: e16a378a-d91e-4bf3-b06d-72f47d8b1bee, Parent: golden_egg
Element Type: action, Key: e884216a-2e67-4294-859b-7bbe4c0eb6be, Parent: 98dc01c2-e3a3-48b6-8ce3-e44e662ee2d9
Element Type: input, Key: 98dc01c2-e3a3-48b6-8ce3-e44e662ee2d9, Parent: golden_egg
Element Type: set, Key: a52982df-b720-497f-9848-1da02f0c2454, Parent: a5636a75-63eb-44f5-ab64-b518e0783b81
Element Type: move, Key: c4ebb87a-f18c-41a1-9e3d-4a44ac86aba3, Parent: a5636a75-63eb-44f5-ab64-b518e0783b81
Element Type: input, Key: a5636a75-63eb-44f5-ab64-b518e0783b81, Parent: golden_egg
Element Type: set, Key: fc5be693-35d2-45e5-97a5-dd562be9d5b4, Parent: ee52f10a-4213-40cc-b093-23236abd2f6f
Element Type: move, Key: 21ff26a6-38e4-4772-be5c-f008e2d9e1a7, Parent: ee52f10a-4213-40cc-b093-23236abd2f6f
Element Type: input, Key: ee52f10a-4213-40cc-b093-23236abd2f6f, Parent: golden_egg
Element Type: logic, Key: b618efd3-310c-451c-a99d-f67b0ff51777, Parent: ee8c2dc8-f2aa-4000-8da8-b9adc6396c4b
Element Type: action, Key: f12b24f7-fec6-4bce-ad49-c0690ed99873, Parent: ee8c2dc8-f2aa-4000-8da8-b9adc6396c4b
Element Type: input, Key: ee8c2dc8-f2aa-4000-8da8-b9adc6396c4b, Parent: golden_egg
Element Type: object, Key: golden_egg, Parent: local_pub_north
New Element created: local_pub, Parent: root
New Element created: , Parent: local_pub
New Element created: , Parent: local_pub
New Element created: , Parent: 12b93e7b-8485-4907-b017-89fd39ecd863
New Element created: , Parent: 12b93e7b-8485-4907-b017-89fd39ecd863
Returning row-index: 19
New Element created: , Parent: local_pub
New Element created: , Parent: cd3ff347-17c4-4f4e-9b58-9a7e2d02d0f7
Returning row: 24
New Element created: , Parent: cd3ff347-17c4-4f4e-9b58-9a7e2d02d0f7
Returning row: 25
New Element created: , Parent: local_pub
New Element created: , Parent: 27c7edaf-c53a-48db-b384-0288a175ef4b
Returning row-index: 33
Returning row-index: 34
Element Type: enter_message, Key: b81f5bb8-4723-40f0-a7e8-b1de8ad30b15, Parent: local_pub
Element Type: message, Key: d886681f-7f01-472e-867f-0c34aee98282, Parent: 12b93e7b-8485-4907-b017-89fd39ecd863
Element Type: message, Key: ae2db123-0748-406c-9537-f0294c3f6567, Parent: 12b93e7b-8485-4907-b017-89fd39ecd863
Element Type: look, Key: 12b93e7b-8485-4907-b017-89fd39ecd863, Parent: local_pub
Element Type: action, Key: 4b8f1d2f-0b9a-462e-b441-3358aa89081a, Parent: cd3ff347-17c4-4f4e-9b58-9a7e2d02d0f7
Element Type: set, Key: a8a1b8ac-f89e-478c-ac1a-9ae7a809ccfb, Parent: cd3ff347-17c4-4f4e-9b58-9a7e2d02d0f7
Element Type: input, Key: cd3ff347-17c4-4f4e-9b58-9a7e2d02d0f7, Parent: local_pub
Element Type: move, Key: 74eb4c9c-f9b0-4ae4-a405-5cdc14bc2f97, Parent: 27c7edaf-c53a-48db-b384-0288a175ef4b
Element Type: input, Key: 27c7edaf-c53a-48db-b384-0288a175ef4b, Parent: local_pub
Element Type: room, Key: local_pub, Parent: root
New Element created: thief_01, Parent: local_pub
New Element created: thief_01_life, Parent: thief_01
Returning row: 1
New Element created: thief_01_strength, Parent: thief_01
Returning row: 2
New Element created: thief_01_intelligence, Parent: thief_01
Returning row: 3
New Element created: thief_01_cunning, Parent: thief_01
Returning row: 4
New Element created: thief_01_gold, Parent: thief_01
Returning row: 5
New Element created: thief_01_armed, Parent: thief_01
Returning row: 6
New Element created: thief_01_msg_idx, Parent: thief_01
Returning row: 8
New Element created: stolen_shortsword_01, Parent: thief_01
New Element created: , Parent: stolen_shortsword_01
Returning row: 11
New Element created: thief_01_travel, Parent: thief_01
Returning row: 15
New Element created: , Parent: thief_01
New Element created: , Parent: 06b86a6f-5d7b-46f7-8242-05c6f16bc0be
New Element created: , Parent: 06b86a6f-5d7b-46f7-8242-05c6f16bc0be
New Element created: , Parent: 06b86a6f-5d7b-46f7-8242-05c6f16bc0be
Returning row-index: 33
New Element created: , Parent: thief_01
New Element created: , Parent: 1700df58-acf1-480b-b8e9-e31a8e105a9c
New Element created: , Parent: 1700df58-acf1-480b-b8e9-e31a8e105a9c
New Element created: , Parent: 1700df58-acf1-480b-b8e9-e31a8e105a9c
Returning row-index: 51
Returning row-index: 52
Element Type: attribute, Key: thief_01_life, Parent: thief_01
Element Type: attribute, Key: thief_01_strength, Parent: thief_01
Element Type: attribute, Key: thief_01_intelligence, Parent: thief_01
Element Type: attribute, Key: thief_01_cunning, Parent: thief_01
Element Type: attribute, Key: thief_01_gold, Parent: thief_01
Element Type: attribute, Key: thief_01_armed, Parent: thief_01
Element Type: attribute, Key: thief_01_msg_idx, Parent: thief_01
Element Type: attribute, Key: 6d1e83b3-69b2-4287-8645-d8bada0077e7, Parent: stolen_shortsword_01
Element Type: weapon, Key: stolen_shortsword_01, Parent: thief_01
Element Type: travel, Key: thief_01_travel, Parent: thief_01
Element Type: message, Key: 89141495-f9cd-499c-8f33-90642839178b, Parent: 06b86a6f-5d7b-46f7-8242-05c6f16bc0be
Element Type: message, Key: 7877f7e4-1744-455a-9719-637df76e5834, Parent: 06b86a6f-5d7b-46f7-8242-05c6f16bc0be
Element Type: message, Key: 9d2d1b63-07e3-4d6f-b852-7198fec0e58d, Parent: 06b86a6f-5d7b-46f7-8242-05c6f16bc0be
Element Type: enter_message, Key: 06b86a6f-5d7b-46f7-8242-05c6f16bc0be, Parent: thief_01
Element Type: message, Key: 0bda0b85-0b9a-401d-a716-acd43992c5ce, Parent: 1700df58-acf1-480b-b8e9-e31a8e105a9c
Element Type: message, Key: defc44d7-b248-4d62-bae1-1610e57f375e, Parent: 1700df58-acf1-480b-b8e9-e31a8e105a9c
Element Type: message, Key: e670b516-86d2-42cf-9afa-f148b834421e, Parent: 1700df58-acf1-480b-b8e9-e31a8e105a9c
Element Type: look, Key: 1700df58-acf1-480b-b8e9-e31a8e105a9c, Parent: thief_01
Element Type: npc, Key: thief_01, Parent: local_pub
New Element created: game, Parent: root
New Element created: , Parent: game
Returning row-index: 24
Element Type: enter_message, Key: 2d2f225e-8837-4c83-96fb-d024b1722b71, Parent: game
Element Type: game, Key: game, Parent: root
New Element created: global01, Parent: root
New Element created: , Parent: global01
New Element created: , Parent: 5a8d0275-c460-44ab-9869-b2c097d481c7
Returning row: 2
New Element created: , Parent: global01
New Element created: , Parent: 288b1bbc-918e-4514-8925-be8747cb2e74
Returning row: 5
New Element created: , Parent: global01
New Element created: , Parent: f78420f5-5e50-4325-861e-7b463e116346
New Element created: , Parent: 5db13926-2d40-406c-aa23-079033d942a5
Returning row-index: 14
Returning row-index: 15
New Element created: day_string, Parent: global01
New Element created: , Parent: day_string
New Element created: , Parent: 5e239364-993d-48dd-bec0-9257bde29d77
New Element created: , Parent: 5e239364-993d-48dd-bec0-9257bde29d77
Returning row-index: 30
New Element created: , Parent: day_string
New Element created: , Parent: e09e1a84-2e8a-49e8-8e57-99f640392fc0
New Element created: , Parent: e09e1a84-2e8a-49e8-8e57-99f640392fc0
Returning row-index: 44
Returning row-index: 45
Returning row-index: 46
Element Type: action, Key: 45ce50af-5a10-43bd-be28-f1697d1059e6, Parent: 5a8d0275-c460-44ab-9869-b2c097d481c7
Element Type: input, Key: 5a8d0275-c460-44ab-9869-b2c097d481c7, Parent: global01
Element Type: action, Key: 0bff4705-bbdd-44c3-95bd-1558408c823e, Parent: 288b1bbc-918e-4514-8925-be8747cb2e74
Element Type: input, Key: 288b1bbc-918e-4514-8925-be8747cb2e74, Parent: global01
Element Type: message, Key: 852a1e2c-67e6-41d9-b795-f49b62d9cf98, Parent: 5db13926-2d40-406c-aa23-079033d942a5
Element Type: set, Key: 5db13926-2d40-406c-aa23-079033d942a5, Parent: f78420f5-5e50-4325-861e-7b463e116346
Element Type: input, Key: f78420f5-5e50-4325-861e-7b463e116346, Parent: global01
Element Type: logic, Key: e773da56-990b-44f6-812e-124384ddd4ed, Parent: 5e239364-993d-48dd-bec0-9257bde29d77
Element Type: message, Key: 00e8d480-2839-4b80-80fa-366eda180bfc, Parent: 5e239364-993d-48dd-bec0-9257bde29d77
Element Type: action, Key: 5e239364-993d-48dd-bec0-9257bde29d77, Parent: day_string
Element Type: logic, Key: f16ee126-276b-4a83-8ef0-0b26c4159f25, Parent: e09e1a84-2e8a-49e8-8e57-99f640392fc0
Element Type: message, Key: 50ace326-45c9-4b01-9f8e-0e9fccbecd7c, Parent: e09e1a84-2e8a-49e8-8e57-99f640392fc0
Element Type: action, Key: e09e1a84-2e8a-49e8-8e57-99f640392fc0, Parent: day_string
Element Type: , Key: day_string, Parent: global01
Element Type: global, Key: global01, Parent: root
New Element created: player, Parent: local_pub
New Element created: player_life, Parent: player
Returning row: 1
New Element created: player_strength, Parent: player
Returning row: 2
New Element created: player_intelligence, Parent: player
Returning row: 3
New Element created: player_cunning, Parent: player
Returning row: 4
New Element created: player_gold, Parent: player
Returning row: 5
New Element created: player_armed, Parent: player
Returning row: 6
New Element created: longsword_01, Parent: player
New Element created: , Parent: longsword_01
Returning row: 9
Returning row-index: 10
Element Type: attribute, Key: player_life, Parent: player
Element Type: attribute, Key: player_strength, Parent: player
Element Type: attribute, Key: player_intelligence, Parent: player
Element Type: attribute, Key: player_cunning, Parent: player
Element Type: attribute, Key: player_gold, Parent: player
Element Type: attribute, Key: player_armed, Parent: player
Element Type: attribute, Key: 9dd56569-0294-4b8f-b9d1-ebfe92c56ac6, Parent: longsword_01
Element Type: weapon, Key: longsword_01, Parent: player
Element Type: player, Key: player, Parent: local_pub
