New Element created: local_pub_north, Parent: root
New Element created: , Parent: local_pub_north
New Element created: , Parent: local_pub_north
New Element created: , Parent: fa483aaf-d301-4b73-ae24-eb1d151c9100
Returning row-index: 18
New Element created: , Parent: local_pub_north
New Element created: , Parent: ef6f322d-af56-4682-9493-664f96ce8b86
Returning row: 22
New Element created: , Parent: local_pub_north
New Element created: , Parent: ba197c5a-cf64-4b5f-82c3-ae486767fed5
Returning row-index: 30
Returning row-index: 31
New Element created: golden_egg, Parent: local_pub_north
New Element created: egg_visible, Parent: golden_egg
Returning row: 36
New Element created: , Parent: golden_egg
New Element created: , Parent: golden_egg
New Element created: , Parent: 1b37fc6b-7fa0-40b6-a5c4-c5042f52f740
Returning row-index: 50
New Element created: , Parent: golden_egg
New Element created: , Parent: 94657ffc-cfa0-4b1a-b8b9-d6c71bd8f4b8
New Element created: , Parent: 94657ffc-cfa0-4b1a-b8b9-d6c71bd8f4b8
Returning row-index: 64
New Element created: , Parent: golden_egg
New Element created: , Parent: 224be52d-864f-465a-9d90-95b51b7e317a
Returning row-index: 73
New Element created: , Parent: golden_egg
New Element created: , Parent: 8101d11a-d7e5-4647-86ed-d9d6b60d44a8
Returning row: 78
New Element created: , Parent: golden_egg
New Element created: , Parent: 9eadaff3-7a18-41d7-a262-29c4bc870205
Returning row: 82
New Element created: , Parent: 9eadaff3-7a18-41d7-a262-29c4bc870205
Returning row-index: 89
New Element created: , Parent: golden_egg
New Element created: , Parent: d1252188-b554-4a3e-88c6-4abbd416ddbd
Returning row: 93
New Element created: , Parent: d1252188-b554-4a3e-88c6-4abbd416ddbd
Returning row-index: 100
New Element created: , Parent: golden_egg
New Element created: , Parent: ad8eb47a-bfca-467a-885a-b88339904a92
New Element created: , Parent: ad8eb47a-bfca-467a-885a-b88339904a92
Returning row: 115
Returning row-index: 116
Element Type: enter_message, Key: 2e954b6c-6dd3-4d82-bc1c-370fb0acd21a, Parent: local_pub_north
Element Type: message, Key: 5516828b-f8eb-47ad-82c2-3fd439b46f12, Parent: fa483aaf-d301-4b73-ae24-eb1d151c9100
Element Type: look, Key: fa483aaf-d301-4b73-ae24-eb1d151c9100, Parent: local_pub_north
Element Type: action, Key: 8395ea5b-fedd-45f1-b164-b0df67e3a268, Parent: ef6f322d-af56-4682-9493-664f96ce8b86
Element Type: input, Key: ef6f322d-af56-4682-9493-664f96ce8b86, Parent: local_pub_north
Element Type: move, Key: bdf8df7d-d5ce-4e3a-9a6a-05d1424213d6, Parent: ba197c5a-cf64-4b5f-82c3-ae486767fed5
Element Type: input, Key: ba197c5a-cf64-4b5f-82c3-ae486767fed5, Parent: local_pub_north
Element Type: room, Key: local_pub_north, Parent: root
Element Type: attribute, Key: egg_visible, Parent: golden_egg
Element Type: enter_message, Key: 6653f038-885f-458d-b43e-0b1ca62ce387, Parent: golden_egg
Element Type: message, Key: e303b86f-5da8-4b83-a6eb-afe6ba285e26, Parent: 1b37fc6b-7fa0-40b6-a5c4-c5042f52f740
Element Type: look, Key: 1b37fc6b-7fa0-40b6-a5c4-c5042f52f740, Parent: golden_egg
Element Type: logic, Key: 1879a40a-130d-4f27-a5ca-2799a193e814, Parent: 94657ffc-cfa0-4b1a-b8b9-d6c71bd8f4b8
Element Type: message, Key: 3422adad-15dc-4e0d-a1b0-9cd0fe96625c, Parent: 94657ffc-cfa0-4b1a-b8b9-d6c71bd8f4b8
Element Type: inspect, Key: 94657ffc-cfa0-4b1a-b8b9-d6c71bd8f4b8, Parent: golden_egg
Element Type: message, Key: bc794209-bf0e-467f-8189-2f5d3589b3d5, Parent: 224be52d-864f-465a-9d90-95b51b7e317a
Element Type: use_egg, Key: 224be52d-864f-465a-9d90-95b51b7e317a, Parent: golden_egg
Element Type: action, Key: 1205e1a4-c137-4ead-a5f5-9f0bd7bf87c1, Parent: 8101d11a-d7e5-4647-86ed-d9d6b60d44a8
Element Type: input, Key: 8101d11a-d7e5-4647-86ed-d9d6b60d44a8, Parent: golden_egg
Element Type: set, Key: 25e624ad-871c-418c-a5f6-188f0024221e, Parent: 9eadaff3-7a18-41d7-a262-29c4bc870205
Element Type: move, Key: 0b0c9965-7c36-44e6-a9cb-b08103b5d580, Parent: 9eadaff3-7a18-41d7-a262-29c4bc870205
Element Type: input, Key: 9eadaff3-7a18-41d7-a262-29c4bc870205, Parent: golden_egg
Element Type: set, Key: 7e7fd6db-b427-4c1f-98d8-ec18640b02b9, Parent: d1252188-b554-4a3e-88c6-4abbd416ddbd
Element Type: move, Key: 121fbeba-4a63-4768-9449-fbaca6bd54cf, Parent: d1252188-b554-4a3e-88c6-4abbd416ddbd
Element Type: input, Key: d1252188-b554-4a3e-88c6-4abbd416ddbd, Parent: golden_egg
Element Type: logic, Key: 3726efab-8bca-4645-8165-9ad0cf4759f7, Parent: ad8eb47a-bfca-467a-885a-b88339904a92
Element Type: action, Key: 80073a38-2324-4a67-bcf7-060275a148ce, Parent: ad8eb47a-bfca-467a-885a-b88339904a92
Element Type: input, Key: ad8eb47a-bfca-467a-885a-b88339904a92, Parent: golden_egg
Element Type: object, Key: golden_egg, Parent: local_pub_north
New Element created: local_pub, Parent: root
New Element created: , Parent: local_pub
New Element created: , Parent: local_pub
New Element created: , Parent: 871798dc-3d9c-4b75-8c91-9a1a09d8d75b
New Element created: , Parent: 871798dc-3d9c-4b75-8c91-9a1a09d8d75b
Returning row-index: 19
New Element created: , Parent: local_pub
New Element created: , Parent: 2d7adc6b-7e51-402d-9b20-f9966e720d7b
Returning row: 24
New Element created: , Parent: 2d7adc6b-7e51-402d-9b20-f9966e720d7b
Returning row: 25
New Element created: , Parent: local_pub
New Element created: , Parent: a3ba1912-3c34-4bf6-bca8-abe10a318167
Returning row-index: 33
Returning row-index: 34
Element Type: enter_message, Key: 16b56ed6-c9dc-4408-8e71-2c4134e8433e, Parent: local_pub
Element Type: message, Key: c171f842-fa47-4e9e-9a3b-ea805af4c85c, Parent: 871798dc-3d9c-4b75-8c91-9a1a09d8d75b
Element Type: message, Key: b5a5a4e4-0e1f-4bd0-bfda-cfbe980c0b1f, Parent: 871798dc-3d9c-4b75-8c91-9a1a09d8d75b
Element Type: look, Key: 871798dc-3d9c-4b75-8c91-9a1a09d8d75b, Parent: local_pub
Element Type: action, Key: c8bad7c5-03b0-4929-95a9-6564bb2632ea, Parent: 2d7adc6b-7e51-402d-9b20-f9966e720d7b
Element Type: set, Key: 47b869e2-a335-437e-8727-ca2d902c1bb8, Parent: 2d7adc6b-7e51-402d-9b20-f9966e720d7b
Element Type: input, Key: 2d7adc6b-7e51-402d-9b20-f9966e720d7b, Parent: local_pub
Element Type: move, Key: 14c9f426-d776-40cf-aee8-c6f527816b84, Parent: a3ba1912-3c34-4bf6-bca8-abe10a318167
Element Type: input, Key: a3ba1912-3c34-4bf6-bca8-abe10a318167, Parent: local_pub
Element Type: room, Key: local_pub, Parent: root
New Element created: thief_01, Parent: local_pub
New Element created: thief_01_life, Parent: thief_01
Returning row: 1
New Element created: thief_01_strength, Parent: thief_01
Returning row: 2
New Element created: thief_01_intelligence, Parent: thief_01
Returning row: 3
New Element created: thief_01_cunning, Parent: thief_01
Returning row: 4
New Element created: thief_01_gold, Parent: thief_01
Returning row: 5
New Element created: thief_01_armed, Parent: thief_01
Returning row: 6
New Element created: thief_01_msg_idx, Parent: thief_01
Returning row: 8
New Element created: stolen_shortsword_01, Parent: thief_01
New Element created: , Parent: stolen_shortsword_01
Returning row: 11
New Element created: thief_01_travel, Parent: thief_01
Returning row: 15
New Element created: , Parent: thief_01
New Element created: , Parent: 55f9079b-8f0d-4123-a778-ae10efc283fc
New Element created: , Parent: 55f9079b-8f0d-4123-a778-ae10efc283fc
New Element created: , Parent: 55f9079b-8f0d-4123-a778-ae10efc283fc
Returning row-index: 33
New Element created: , Parent: thief_01
New Element created: , Parent: 49dcb6fb-fb99-4627-8f7b-314cbc5e40ed
New Element created: , Parent: 49dcb6fb-fb99-4627-8f7b-314cbc5e40ed
New Element created: , Parent: 49dcb6fb-fb99-4627-8f7b-314cbc5e40ed
Returning row-index: 51
Returning row-index: 52
Element Type: attribute, Key: thief_01_life, Parent: thief_01
Element Type: attribute, Key: thief_01_strength, Parent: thief_01
Element Type: attribute, Key: thief_01_intelligence, Parent: thief_01
Element Type: attribute, Key: thief_01_cunning, Parent: thief_01
Element Type: attribute, Key: thief_01_gold, Parent: thief_01
Element Type: attribute, Key: thief_01_armed, Parent: thief_01
Element Type: attribute, Key: thief_01_msg_idx, Parent: thief_01
Element Type: attribute, Key: 75c40a45-9535-45b5-9289-67be64876ecf, Parent: stolen_shortsword_01
Element Type: weapon, Key: stolen_shortsword_01, Parent: thief_01
Element Type: travel, Key: thief_01_travel, Parent: thief_01
Element Type: message, Key: b7095506-1c26-4aad-a7fe-d995fa3a5fc2, Parent: 55f9079b-8f0d-4123-a778-ae10efc283fc
Element Type: message, Key: b9515638-beb8-42e6-b6a6-5f541d53e289, Parent: 55f9079b-8f0d-4123-a778-ae10efc283fc
Element Type: message, Key: e4f0245b-d419-4bf2-89b0-123c9cb38598, Parent: 55f9079b-8f0d-4123-a778-ae10efc283fc
Element Type: enter_message, Key: 55f9079b-8f0d-4123-a778-ae10efc283fc, Parent: thief_01
Element Type: message, Key: af53b0a3-c639-42bb-ac17-790c319ff74f, Parent: 49dcb6fb-fb99-4627-8f7b-314cbc5e40ed
Element Type: message, Key: 3a96f9ce-3192-4b7b-881d-6c76661a883e, Parent: 49dcb6fb-fb99-4627-8f7b-314cbc5e40ed
Element Type: message, Key: 5071764e-c2be-4708-ae98-3f10cc21b551, Parent: 49dcb6fb-fb99-4627-8f7b-314cbc5e40ed
Element Type: look, Key: 49dcb6fb-fb99-4627-8f7b-314cbc5e40ed, Parent: thief_01
Element Type: npc, Key: thief_01, Parent: local_pub
New Element created: game, Parent: root
New Element created: , Parent: game
Returning row-index: 24
Element Type: enter_message, Key: 61d4e29c-acdc-4219-8b71-d96773e3b06d, Parent: game
Element Type: game, Key: game, Parent: root
New Element created: global01, Parent: root
New Element created: , Parent: global01
New Element created: , Parent: 94cb31ea-0cb2-4172-916c-08b9fdac4d98
Returning row: 2
New Element created: , Parent: global01
New Element created: , Parent: 16f0ae54-ca73-4203-ae9a-2c4888360b4a
Returning row: 5
New Element created: , Parent: global01
New Element created: , Parent: 31487dfe-2210-4d48-a68a-9e6d5fd928d7
New Element created: , Parent: 5a81a6e2-285c-46c9-b053-2fca60e3f72c
Returning row-index: 14
Returning row-index: 15
New Element created: day_string, Parent: global01
New Element created: , Parent: day_string
New Element created: , Parent: b516fa55-2656-4f0c-a77d-27834d369b86
New Element created: , Parent: b516fa55-2656-4f0c-a77d-27834d369b86
Returning row-index: 30
New Element created: , Parent: day_string
New Element created: , Parent: 5a5b3dd0-a9ee-4a76-bc2c-201e0f8836c8
New Element created: , Parent: 5a5b3dd0-a9ee-4a76-bc2c-201e0f8836c8
Returning row-index: 44
Returning row-index: 45
Returning row-index: 46
Element Type: action, Key: a4904309-0c5c-485f-9a74-87e3d1d16390, Parent: 94cb31ea-0cb2-4172-916c-08b9fdac4d98
Element Type: input, Key: 94cb31ea-0cb2-4172-916c-08b9fdac4d98, Parent: global01
Element Type: action, Key: 32884358-443c-43f2-9beb-8207d72c5ebb, Parent: 16f0ae54-ca73-4203-ae9a-2c4888360b4a
Element Type: input, Key: 16f0ae54-ca73-4203-ae9a-2c4888360b4a, Parent: global01
Element Type: message, Key: 3b4ffae6-4c11-4576-ab24-9359807b18ec, Parent: 5a81a6e2-285c-46c9-b053-2fca60e3f72c
Element Type: set, Key: 5a81a6e2-285c-46c9-b053-2fca60e3f72c, Parent: 31487dfe-2210-4d48-a68a-9e6d5fd928d7
Element Type: input, Key: 31487dfe-2210-4d48-a68a-9e6d5fd928d7, Parent: global01
Element Type: logic, Key: 9b2df22b-4282-44a9-9058-d2881d0e4ef7, Parent: b516fa55-2656-4f0c-a77d-27834d369b86
Element Type: message, Key: 1199dc7d-3f7c-467f-a3f8-3173bd799a81, Parent: b516fa55-2656-4f0c-a77d-27834d369b86
Element Type: action, Key: b516fa55-2656-4f0c-a77d-27834d369b86, Parent: day_string
Element Type: logic, Key: 4999d94e-842c-4ec8-9dc8-a512fa4645be, Parent: 5a5b3dd0-a9ee-4a76-bc2c-201e0f8836c8
Element Type: message, Key: 1c6c6fd5-1dbf-4517-952d-89e6d9336562, Parent: 5a5b3dd0-a9ee-4a76-bc2c-201e0f8836c8
Element Type: action, Key: 5a5b3dd0-a9ee-4a76-bc2c-201e0f8836c8, Parent: day_string
Element Type: , Key: day_string, Parent: global01
Element Type: global, Key: global01, Parent: root
New Element created: player, Parent: local_pub
New Element created: player_life, Parent: player
Returning row: 1
New Element created: player_strength, Parent: player
Returning row: 2
New Element created: player_intelligence, Parent: player
Returning row: 3
New Element created: player_cunning, Parent: player
Returning row: 4
New Element created: player_gold, Parent: player
Returning row: 5
New Element created: player_armed, Parent: player
Returning row: 6
New Element created: longsword_01, Parent: player
New Element created: , Parent: longsword_01
Returning row: 9
Returning row-index: 10
Element Type: attribute, Key: player_life, Parent: player
Element Type: attribute, Key: player_strength, Parent: player
Element Type: attribute, Key: player_intelligence, Parent: player
Element Type: attribute, Key: player_cunning, Parent: player
Element Type: attribute, Key: player_gold, Parent: player
Element Type: attribute, Key: player_armed, Parent: player
Element Type: attribute, Key: 03765592-f143-42cd-ba4f-9364ce7fe968, Parent: longsword_01
Element Type: weapon, Key: longsword_01, Parent: player
Element Type: player, Key: player, Parent: local_pub
New Element created: local_pub_north, Parent: root
New Element created: , Parent: local_pub_north
New Element created: , Parent: local_pub_north
New Element created: , Parent: a42420a7-f0a1-4317-b50f-8a7a113f69b1
Returning row-index: 18
New Element created: , Parent: local_pub_north
New Element created: , Parent: 1150ec3e-1eec-4732-b0ef-7d6b8b0ddcbe
Returning row: 22
New Element created: , Parent: local_pub_north
New Element created: , Parent: 8ed4fee0-534e-4369-b44c-67262d67411e
Returning row-index: 30
Returning row-index: 31
New Element created: golden_egg, Parent: local_pub_north
New Element created: egg_visible, Parent: golden_egg
Returning row: 36
New Element created: , Parent: golden_egg
New Element created: , Parent: golden_egg
New Element created: , Parent: 03533072-a9fc-4a83-be70-1467e61ce67e
Returning row-index: 50
New Element created: , Parent: golden_egg
New Element created: , Parent: c2f48281-df07-41db-967d-8f757ed01110
New Element created: , Parent: c2f48281-df07-41db-967d-8f757ed01110
Returning row-index: 64
New Element created: , Parent: golden_egg
New Element created: , Parent: 948bd20f-d47e-4ac2-b88f-7fc5fc948b62
Returning row-index: 73
New Element created: , Parent: golden_egg
New Element created: , Parent: 4630a245-7e30-4086-8086-bc29afc14d82
Returning row: 78
New Element created: , Parent: golden_egg
New Element created: , Parent: 3a6f0d67-bb61-4985-bc06-261425265ac7
Returning row: 82
New Element created: , Parent: 3a6f0d67-bb61-4985-bc06-261425265ac7
Returning row-index: 89
New Element created: , Parent: golden_egg
New Element created: , Parent: b3f694a7-5ba9-457b-aa16-a14122061f32
Returning row: 93
New Element created: , Parent: b3f694a7-5ba9-457b-aa16-a14122061f32
Returning row-index: 100
New Element created: , Parent: golden_egg
New Element created: , Parent: 431e84ca-4f3b-48ff-9bef-ebe87044feb8
New Element created: , Parent: 431e84ca-4f3b-48ff-9bef-ebe87044feb8
Returning row: 115
Returning row-index: 116
Element Type: enter_message, Key: 5ea8f95d-f543-48fc-9435-45fbac12d9b1, Parent: local_pub_north
Element Type: message, Key: fa852e15-604d-4e2f-be64-60bf01b4f383, Parent: a42420a7-f0a1-4317-b50f-8a7a113f69b1
Element Type: look, Key: a42420a7-f0a1-4317-b50f-8a7a113f69b1, Parent: local_pub_north
Element Type: action, Key: 1a260519-c2e6-40be-8d6b-b710e588e290, Parent: 1150ec3e-1eec-4732-b0ef-7d6b8b0ddcbe
Element Type: input, Key: 1150ec3e-1eec-4732-b0ef-7d6b8b0ddcbe, Parent: local_pub_north
Element Type: move, Key: 603bc836-f427-4702-a5e3-985f75c30e65, Parent: 8ed4fee0-534e-4369-b44c-67262d67411e
Element Type: input, Key: 8ed4fee0-534e-4369-b44c-67262d67411e, Parent: local_pub_north
Element Type: room, Key: local_pub_north, Parent: root
Element Type: attribute, Key: egg_visible, Parent: golden_egg
Element Type: enter_message, Key: 9f916bc7-2f5a-4036-8230-60795f1d773c, Parent: golden_egg
Element Type: message, Key: c68f397c-409d-47c6-bbb3-b5c6361d630e, Parent: 03533072-a9fc-4a83-be70-1467e61ce67e
Element Type: look, Key: 03533072-a9fc-4a83-be70-1467e61ce67e, Parent: golden_egg
Element Type: logic, Key: 0f2613f4-a89b-4954-bbc9-aaa834bd736a, Parent: c2f48281-df07-41db-967d-8f757ed01110
Element Type: message, Key: a3020048-f792-43cd-8826-94d8088acf8e, Parent: c2f48281-df07-41db-967d-8f757ed01110
Element Type: inspect, Key: c2f48281-df07-41db-967d-8f757ed01110, Parent: golden_egg
Element Type: message, Key: bcd4c7c9-d33d-4f96-8f8d-2000a0f27b95, Parent: 948bd20f-d47e-4ac2-b88f-7fc5fc948b62
Element Type: use_egg, Key: 948bd20f-d47e-4ac2-b88f-7fc5fc948b62, Parent: golden_egg
Element Type: action, Key: 5c77fbcd-e940-43e9-98e9-8bf944ca51c7, Parent: 4630a245-7e30-4086-8086-bc29afc14d82
Element Type: input, Key: 4630a245-7e30-4086-8086-bc29afc14d82, Parent: golden_egg
Element Type: set, Key: 14025ab8-fdce-4791-903d-3f0e18a2b4d4, Parent: 3a6f0d67-bb61-4985-bc06-261425265ac7
Element Type: move, Key: c8a1378a-fb59-4d15-9a57-f5333cf6fe7e, Parent: 3a6f0d67-bb61-4985-bc06-261425265ac7
Element Type: input, Key: 3a6f0d67-bb61-4985-bc06-261425265ac7, Parent: golden_egg
Element Type: set, Key: f402422f-71c7-45b3-a7de-53ca70851e20, Parent: b3f694a7-5ba9-457b-aa16-a14122061f32
Element Type: move, Key: b2e2bdb6-e7b1-4670-ae56-5070b416fa93, Parent: b3f694a7-5ba9-457b-aa16-a14122061f32
Element Type: input, Key: b3f694a7-5ba9-457b-aa16-a14122061f32, Parent: golden_egg
Element Type: logic, Key: bdfe7eb9-7716-404d-9e95-004dd5ae13e9, Parent: 431e84ca-4f3b-48ff-9bef-ebe87044feb8
Element Type: action, Key: 0d7027a0-43dc-4124-8a82-6ffcfc27667e, Parent: 431e84ca-4f3b-48ff-9bef-ebe87044feb8
Element Type: input, Key: 431e84ca-4f3b-48ff-9bef-ebe87044feb8, Parent: golden_egg
Element Type: object, Key: golden_egg, Parent: local_pub_north
New Element created: local_pub, Parent: root
New Element created: , Parent: local_pub
New Element created: , Parent: local_pub
New Element created: , Parent: 541a0828-0877-42f7-97b5-b0591af05fcc
New Element created: , Parent: 541a0828-0877-42f7-97b5-b0591af05fcc
Returning row-index: 19
New Element created: , Parent: local_pub
New Element created: , Parent: f27775c4-e6a4-4910-9d12-a0bad48da2e7
Returning row: 24
New Element created: , Parent: f27775c4-e6a4-4910-9d12-a0bad48da2e7
Returning row: 25
New Element created: , Parent: local_pub
New Element created: , Parent: 419cabda-dce1-4927-a5c6-e52407ce6981
Returning row-index: 33
Returning row-index: 34
Element Type: enter_message, Key: 2bebcb34-20f5-4a59-801d-b5ef32b31e0a, Parent: local_pub
Element Type: message, Key: d31f3313-4a85-4f7a-b36a-48ae9cad248c, Parent: 541a0828-0877-42f7-97b5-b0591af05fcc
Element Type: message, Key: a17a1752-bd3b-41b0-8b99-3ed2855d5dec, Parent: 541a0828-0877-42f7-97b5-b0591af05fcc
Element Type: look, Key: 541a0828-0877-42f7-97b5-b0591af05fcc, Parent: local_pub
Element Type: action, Key: ec2f8f29-71e3-49d9-a925-ae4addaca0ec, Parent: f27775c4-e6a4-4910-9d12-a0bad48da2e7
Element Type: set, Key: 09905010-5054-45c6-9c39-05c95f76bf8e, Parent: f27775c4-e6a4-4910-9d12-a0bad48da2e7
Element Type: input, Key: f27775c4-e6a4-4910-9d12-a0bad48da2e7, Parent: local_pub
Element Type: move, Key: b92046d6-ca27-4401-85c5-274334cf6040, Parent: 419cabda-dce1-4927-a5c6-e52407ce6981
Element Type: input, Key: 419cabda-dce1-4927-a5c6-e52407ce6981, Parent: local_pub
Element Type: room, Key: local_pub, Parent: root
New Element created: thief_01, Parent: local_pub
New Element created: thief_01_life, Parent: thief_01
Returning row: 1
New Element created: thief_01_strength, Parent: thief_01
Returning row: 2
New Element created: thief_01_intelligence, Parent: thief_01
Returning row: 3
New Element created: thief_01_cunning, Parent: thief_01
Returning row: 4
New Element created: thief_01_gold, Parent: thief_01
Returning row: 5
New Element created: thief_01_armed, Parent: thief_01
Returning row: 6
New Element created: thief_01_msg_idx, Parent: thief_01
Returning row: 8
New Element created: stolen_shortsword_01, Parent: thief_01
New Element created: , Parent: stolen_shortsword_01
Returning row: 11
New Element created: thief_01_travel, Parent: thief_01
Returning row: 15
New Element created: , Parent: thief_01
New Element created: , Parent: ebb62d15-98a0-4cda-85a7-d470e3c9357c
New Element created: , Parent: ebb62d15-98a0-4cda-85a7-d470e3c9357c
New Element created: , Parent: ebb62d15-98a0-4cda-85a7-d470e3c9357c
Returning row-index: 33
New Element created: , Parent: thief_01
New Element created: , Parent: ca33b7b8-4d0c-4df2-ac8c-d8293ea7c205
New Element created: , Parent: ca33b7b8-4d0c-4df2-ac8c-d8293ea7c205
New Element created: , Parent: ca33b7b8-4d0c-4df2-ac8c-d8293ea7c205
Returning row-index: 51
Returning row-index: 52
Element Type: attribute, Key: thief_01_life, Parent: thief_01
Element Type: attribute, Key: thief_01_strength, Parent: thief_01
Element Type: attribute, Key: thief_01_intelligence, Parent: thief_01
Element Type: attribute, Key: thief_01_cunning, Parent: thief_01
Element Type: attribute, Key: thief_01_gold, Parent: thief_01
Element Type: attribute, Key: thief_01_armed, Parent: thief_01
Element Type: attribute, Key: thief_01_msg_idx, Parent: thief_01
Element Type: attribute, Key: 5223d641-769c-41f5-8f1e-c447f9858c45, Parent: stolen_shortsword_01
Element Type: weapon, Key: stolen_shortsword_01, Parent: thief_01
Element Type: travel, Key: thief_01_travel, Parent: thief_01
Element Type: message, Key: 73b9d1fa-a560-4ff8-9c82-4c7b11c68414, Parent: ebb62d15-98a0-4cda-85a7-d470e3c9357c
Element Type: message, Key: 50ca5bbd-bd3b-4c4a-8994-cc3a12cc0c9c, Parent: ebb62d15-98a0-4cda-85a7-d470e3c9357c
Element Type: message, Key: a2b66e8a-af09-4876-a41a-6d20938812cc, Parent: ebb62d15-98a0-4cda-85a7-d470e3c9357c
Element Type: enter_message, Key: ebb62d15-98a0-4cda-85a7-d470e3c9357c, Parent: thief_01
Element Type: message, Key: 182a9ce3-a992-48a5-ab74-15c34ab20100, Parent: ca33b7b8-4d0c-4df2-ac8c-d8293ea7c205
Element Type: message, Key: df221fcf-c2ae-46a8-acf1-41cdf77d2974, Parent: ca33b7b8-4d0c-4df2-ac8c-d8293ea7c205
Element Type: message, Key: 66a557cc-7538-45b2-8c84-084524e5fe12, Parent: ca33b7b8-4d0c-4df2-ac8c-d8293ea7c205
Element Type: look, Key: ca33b7b8-4d0c-4df2-ac8c-d8293ea7c205, Parent: thief_01
Element Type: npc, Key: thief_01, Parent: local_pub
New Element created: game, Parent: root
New Element created: , Parent: game
Returning row-index: 24
Element Type: enter_message, Key: b66856a2-cba5-4d25-b2a6-11f8fb050f48, Parent: game
Element Type: game, Key: game, Parent: root
New Element created: global01, Parent: root
New Element created: , Parent: global01
New Element created: , Parent: b87f4922-fb93-4cb2-b4d2-945f28718a29
Returning row: 2
New Element created: , Parent: global01
New Element created: , Parent: d2ced160-d356-4de2-9f0e-0ebee00c9e02
Returning row: 5
New Element created: , Parent: global01
New Element created: , Parent: 8e2b5760-e26c-44d6-b621-c2e8d0811fc7
New Element created: , Parent: 544a672e-82a0-40a2-bf68-d0d0e8aa40fb
Returning row-index: 14
Returning row-index: 15
New Element created: day_string, Parent: global01
New Element created: , Parent: day_string
New Element created: , Parent: 8291abc0-8d48-4f31-aa19-09d9d24cf59d
New Element created: , Parent: 8291abc0-8d48-4f31-aa19-09d9d24cf59d
Returning row-index: 30
New Element created: , Parent: day_string
New Element created: , Parent: 2f1d7b04-2a64-4937-b4c3-b506389f0e6c
New Element created: , Parent: 2f1d7b04-2a64-4937-b4c3-b506389f0e6c
Returning row-index: 44
Returning row-index: 45
Returning row-index: 46
Element Type: action, Key: d03fe0a5-593d-4dcc-8265-b8a5cc44274b, Parent: b87f4922-fb93-4cb2-b4d2-945f28718a29
Element Type: input, Key: b87f4922-fb93-4cb2-b4d2-945f28718a29, Parent: global01
Element Type: action, Key: 1cbf8016-6a3c-415f-8a7c-08e251712725, Parent: d2ced160-d356-4de2-9f0e-0ebee00c9e02
Element Type: input, Key: d2ced160-d356-4de2-9f0e-0ebee00c9e02, Parent: global01
Element Type: message, Key: 2ce8de4e-faf0-4da8-8ab8-5e09e6e038ba, Parent: 544a672e-82a0-40a2-bf68-d0d0e8aa40fb
Element Type: set, Key: 544a672e-82a0-40a2-bf68-d0d0e8aa40fb, Parent: 8e2b5760-e26c-44d6-b621-c2e8d0811fc7
Element Type: input, Key: 8e2b5760-e26c-44d6-b621-c2e8d0811fc7, Parent: global01
Element Type: logic, Key: 0b572260-6bbd-4d6e-bf02-4a9c1d6678d4, Parent: 8291abc0-8d48-4f31-aa19-09d9d24cf59d
Element Type: message, Key: e091123e-52c6-41a7-b6fa-84de3959706a, Parent: 8291abc0-8d48-4f31-aa19-09d9d24cf59d
Element Type: action, Key: 8291abc0-8d48-4f31-aa19-09d9d24cf59d, Parent: day_string
Element Type: logic, Key: 6a2d8694-bc2f-405e-81c1-5a847e076e6c, Parent: 2f1d7b04-2a64-4937-b4c3-b506389f0e6c
Element Type: message, Key: a3f0aaf3-d5aa-4652-8d08-2f564c28e3ea, Parent: 2f1d7b04-2a64-4937-b4c3-b506389f0e6c
Element Type: action, Key: 2f1d7b04-2a64-4937-b4c3-b506389f0e6c, Parent: day_string
Element Type: , Key: day_string, Parent: global01
Element Type: global, Key: global01, Parent: root
New Element created: player, Parent: local_pub
New Element created: player_life, Parent: player
Returning row: 1
New Element created: player_strength, Parent: player
Returning row: 2
New Element created: player_intelligence, Parent: player
Returning row: 3
New Element created: player_cunning, Parent: player
Returning row: 4
New Element created: player_gold, Parent: player
Returning row: 5
New Element created: player_armed, Parent: player
Returning row: 6
New Element created: longsword_01, Parent: player
New Element created: , Parent: longsword_01
Returning row: 9
Returning row-index: 10
Element Type: attribute, Key: player_life, Parent: player
Element Type: attribute, Key: player_strength, Parent: player
Element Type: attribute, Key: player_intelligence, Parent: player
Element Type: attribute, Key: player_cunning, Parent: player
Element Type: attribute, Key: player_gold, Parent: player
Element Type: attribute, Key: player_armed, Parent: player
Element Type: attribute, Key: 2dd95d78-cfae-45b9-a714-12657405dee2, Parent: longsword_01
Element Type: weapon, Key: longsword_01, Parent: player
Element Type: player, Key: player, Parent: local_pub
