New Element created: golden_egg, Parent: local_pub_north
New Element created: egg_visible, Parent: golden_egg
Returning row: 1
New Element created: , Parent: golden_egg
New Element created: , Parent: golden_egg
New Element created: , Parent: 7997c9ae-d3af-4b07-aed4-7bcf38bd4190
Returning row-index: 15
New Element created: , Parent: golden_egg
New Element created: , Parent: 3484d672-2134-40dd-a922-daee3ab8cd80
New Element created: , Parent: 3484d672-2134-40dd-a922-daee3ab8cd80
Returning row-index: 29
New Element created: , Parent: golden_egg
New Element created: , Parent: 7c4c4593-bfd8-46a4-9f47-6104c518b27a
Returning row-index: 38
New Element created: , Parent: golden_egg
New Element created: , Parent: ed5dead0-7d8d-4477-b2b7-628d27441e79
Returning row: 43
New Element created: , Parent: golden_egg
New Element created: , Parent: 3265a723-7af7-43c6-a4f6-aa0843721dcf
Returning row: 47
New Element created: , Parent: 3265a723-7af7-43c6-a4f6-aa0843721dcf
Returning row-index: 54
New Element created: , Parent: golden_egg
New Element created: , Parent: db2569cd-c683-48eb-bb26-043c3730e017
Returning row: 58
New Element created: , Parent: db2569cd-c683-48eb-bb26-043c3730e017
Returning row-index: 65
New Element created: , Parent: golden_egg
New Element created: , Parent: 7e8197b4-69b4-482d-9553-fe5716436114
New Element created: , Parent: 7e8197b4-69b4-482d-9553-fe5716436114
Returning row: 80
Returning row-index: 81
Element Type: attribute, Key: egg_visible, Parent: golden_egg
Element Type: enter_message, Key: ead24990-16d8-49a5-9c22-1516397365f7, Parent: golden_egg
Element Type: message, Key: a97afede-bd38-4cde-8c5d-8a6b10e5f5a8, Parent: 7997c9ae-d3af-4b07-aed4-7bcf38bd4190
Element Type: look, Key: 7997c9ae-d3af-4b07-aed4-7bcf38bd4190, Parent: golden_egg
Element Type: logic, Key: 8bcf03e2-a7d9-4b03-8cca-08c32cd5dca9, Parent: 3484d672-2134-40dd-a922-daee3ab8cd80
Element Type: message, Key: da170c41-88e3-4cd1-8f18-90edd54e5f92, Parent: 3484d672-2134-40dd-a922-daee3ab8cd80
Element Type: inspect, Key: 3484d672-2134-40dd-a922-daee3ab8cd80, Parent: golden_egg
Element Type: message, Key: 8086da45-8d0c-4ee3-9248-8189354c1371, Parent: 7c4c4593-bfd8-46a4-9f47-6104c518b27a
Element Type: use_egg, Key: 7c4c4593-bfd8-46a4-9f47-6104c518b27a, Parent: golden_egg
Element Type: action, Key: 90db1f70-a88c-45a0-aeee-de986025cfc5, Parent: ed5dead0-7d8d-4477-b2b7-628d27441e79
Element Type: input, Key: ed5dead0-7d8d-4477-b2b7-628d27441e79, Parent: golden_egg
Element Type: set, Key: ac739b28-a911-43e6-ad3e-52aa6098205d, Parent: 3265a723-7af7-43c6-a4f6-aa0843721dcf
Element Type: move, Key: 9af71e3b-1e23-4e0e-be17-5c6586c79f15, Parent: 3265a723-7af7-43c6-a4f6-aa0843721dcf
Element Type: input, Key: 3265a723-7af7-43c6-a4f6-aa0843721dcf, Parent: golden_egg
Element Type: set, Key: e4c61ec5-a33f-4a6f-871a-b1ee17a7951e, Parent: db2569cd-c683-48eb-bb26-043c3730e017
Element Type: move, Key: a48d5792-b9cf-4715-beab-f54e876d318f, Parent: db2569cd-c683-48eb-bb26-043c3730e017
Element Type: input, Key: db2569cd-c683-48eb-bb26-043c3730e017, Parent: golden_egg
Element Type: logic, Key: a723ade4-9a01-47eb-9b29-65c939fde9fc, Parent: 7e8197b4-69b4-482d-9553-fe5716436114
Element Type: action, Key: e0f81745-480e-4681-b0a2-a70ea7d9bfc9, Parent: 7e8197b4-69b4-482d-9553-fe5716436114
Element Type: input, Key: 7e8197b4-69b4-482d-9553-fe5716436114, Parent: golden_egg
Element Type: object, Key: golden_egg, Parent: local_pub_north
New Element created: local_pub_north, Parent: root
New Element created: , Parent: local_pub_north
New Element created: , Parent: local_pub_north
New Element created: , Parent: a9a4b6d5-dda7-444d-93a8-6df14c5fc940
Returning row-index: 18
New Element created: , Parent: local_pub_north
New Element created: , Parent: 5882f94b-38c2-4963-b0f7-d8ad8e347f59
Returning row: 22
New Element created: , Parent: local_pub_north
New Element created: , Parent: 8bc94689-e287-4cb7-93d1-e7112f471c1e
Returning row-index: 30
Returning row-index: 31
Element Type: enter_message, Key: 3f3235e8-a686-46c6-95f8-515b09b1acdd, Parent: local_pub_north
Element Type: message, Key: a5fa0135-54b9-441b-9947-16a115287381, Parent: a9a4b6d5-dda7-444d-93a8-6df14c5fc940
Element Type: look, Key: a9a4b6d5-dda7-444d-93a8-6df14c5fc940, Parent: local_pub_north
Element Type: action, Key: 104b60e2-910f-4ea3-89c2-a7519971d8a1, Parent: 5882f94b-38c2-4963-b0f7-d8ad8e347f59
Element Type: input, Key: 5882f94b-38c2-4963-b0f7-d8ad8e347f59, Parent: local_pub_north
Element Type: move, Key: 3194c011-3612-4de1-92b1-53c4919e6eaa, Parent: 8bc94689-e287-4cb7-93d1-e7112f471c1e
Element Type: input, Key: 8bc94689-e287-4cb7-93d1-e7112f471c1e, Parent: local_pub_north
Element Type: room, Key: local_pub_north, Parent: root
New Element created: local_pub, Parent: root
New Element created: , Parent: local_pub
New Element created: , Parent: local_pub
New Element created: , Parent: 860f6b38-79e1-4ff0-8a53-14449e75dec7
New Element created: , Parent: 860f6b38-79e1-4ff0-8a53-14449e75dec7
Returning row-index: 19
New Element created: , Parent: local_pub
New Element created: , Parent: 183b3a21-0c2e-4ad5-8d02-39ccad864297
Returning row: 24
New Element created: , Parent: 183b3a21-0c2e-4ad5-8d02-39ccad864297
Returning row: 25
New Element created: , Parent: local_pub
New Element created: , Parent: efecbb99-5716-4d89-ac71-afc8edd79a59
Returning row-index: 33
Returning row-index: 34
Element Type: enter_message, Key: ab14b15d-ee65-4054-80c8-083e085cd86f, Parent: local_pub
Element Type: message, Key: 73039b43-c3f9-4b97-8405-d79e03ae34c6, Parent: 860f6b38-79e1-4ff0-8a53-14449e75dec7
Element Type: message, Key: eff96e54-27a3-4fe3-aa24-1dbec10528ae, Parent: 860f6b38-79e1-4ff0-8a53-14449e75dec7
Element Type: look, Key: 860f6b38-79e1-4ff0-8a53-14449e75dec7, Parent: local_pub
Element Type: action, Key: dea84722-bf8e-4e84-9c6b-8b7f3bade3ec, Parent: 183b3a21-0c2e-4ad5-8d02-39ccad864297
Element Type: set, Key: ec4d74b3-54b2-4ce3-af7f-eda930f2c139, Parent: 183b3a21-0c2e-4ad5-8d02-39ccad864297
Element Type: input, Key: 183b3a21-0c2e-4ad5-8d02-39ccad864297, Parent: local_pub
Element Type: move, Key: 2a1e23b5-44cd-47b6-9c16-453b13a5478f, Parent: efecbb99-5716-4d89-ac71-afc8edd79a59
Element Type: input, Key: efecbb99-5716-4d89-ac71-afc8edd79a59, Parent: local_pub
Element Type: room, Key: local_pub, Parent: root
New Element created: thief_01, Parent: local_pub
New Element created: thief_01_life, Parent: thief_01
Returning row: 1
New Element created: thief_01_strength, Parent: thief_01
Returning row: 2
New Element created: thief_01_intelligence, Parent: thief_01
Returning row: 3
New Element created: thief_01_cunning, Parent: thief_01
Returning row: 4
New Element created: thief_01_gold, Parent: thief_01
Returning row: 5
New Element created: thief_01_armed, Parent: thief_01
Returning row: 6
New Element created: thief_01_msg_idx, Parent: thief_01
Returning row: 8
New Element created: stolen_shortsword_01, Parent: thief_01
New Element created: , Parent: stolen_shortsword_01
Returning row: 11
New Element created: thief_01_travel, Parent: thief_01
Returning row: 15
New Element created: , Parent: thief_01
New Element created: , Parent: a0a12a89-8869-4f4d-ae43-db4c31b68019
New Element created: , Parent: a0a12a89-8869-4f4d-ae43-db4c31b68019
New Element created: , Parent: a0a12a89-8869-4f4d-ae43-db4c31b68019
Returning row-index: 33
New Element created: , Parent: thief_01
New Element created: , Parent: 7d31d65b-9029-4e9b-a5bb-200cb91b9d79
New Element created: , Parent: 7d31d65b-9029-4e9b-a5bb-200cb91b9d79
New Element created: , Parent: 7d31d65b-9029-4e9b-a5bb-200cb91b9d79
Returning row-index: 51
Returning row-index: 52
Element Type: attribute, Key: thief_01_life, Parent: thief_01
Element Type: attribute, Key: thief_01_strength, Parent: thief_01
Element Type: attribute, Key: thief_01_intelligence, Parent: thief_01
Element Type: attribute, Key: thief_01_cunning, Parent: thief_01
Element Type: attribute, Key: thief_01_gold, Parent: thief_01
Element Type: attribute, Key: thief_01_armed, Parent: thief_01
Element Type: attribute, Key: thief_01_msg_idx, Parent: thief_01
Element Type: attribute, Key: 3582489c-7f8f-4c00-96b1-b129e9d3add7, Parent: stolen_shortsword_01
Element Type: weapon, Key: stolen_shortsword_01, Parent: thief_01
Element Type: travel, Key: thief_01_travel, Parent: thief_01
Element Type: message, Key: bc169d91-7ac1-48c5-aafd-835b1e4bada3, Parent: a0a12a89-8869-4f4d-ae43-db4c31b68019
Element Type: message, Key: b064b14a-e759-4b2b-afbc-4e79d05e8785, Parent: a0a12a89-8869-4f4d-ae43-db4c31b68019
Element Type: message, Key: d5536a00-ac11-4dc6-b818-1161932ddb2a, Parent: a0a12a89-8869-4f4d-ae43-db4c31b68019
Element Type: enter_message, Key: a0a12a89-8869-4f4d-ae43-db4c31b68019, Parent: thief_01
Element Type: message, Key: ae60c7e5-84a2-43a2-ba3c-d3c7870d9b21, Parent: 7d31d65b-9029-4e9b-a5bb-200cb91b9d79
Element Type: message, Key: 89668685-beef-4e4d-bf1e-d8ee7462b09d, Parent: 7d31d65b-9029-4e9b-a5bb-200cb91b9d79
Element Type: message, Key: 1f7f6d5a-f02b-4fcb-91bd-05db2593a5aa, Parent: 7d31d65b-9029-4e9b-a5bb-200cb91b9d79
Element Type: look, Key: 7d31d65b-9029-4e9b-a5bb-200cb91b9d79, Parent: thief_01
Element Type: npc, Key: thief_01, Parent: local_pub
New Element created: game, Parent: root
New Element created: , Parent: game
Returning row-index: 24
Element Type: enter_message, Key: 6327eb27-6e96-4edf-b836-0a327eea878d, Parent: game
Element Type: game, Key: game, Parent: root
New Element created: global01, Parent: root
New Element created: , Parent: global01
New Element created: , Parent: b5b60453-b727-4377-98e0-63122343b1a2
Returning row: 2
New Element created: , Parent: global01
New Element created: , Parent: f171a2c5-e42c-4b2f-919b-ff193f6d5544
Returning row: 5
New Element created: , Parent: global01
New Element created: , Parent: f1017d2b-7558-42a4-9946-3370cc4ba352
New Element created: , Parent: 857f7cf9-c4b5-4b0e-8f37-1b023ceaa6a6
Returning row-index: 14
Returning row-index: 15
New Element created: day_string, Parent: global01
New Element created: , Parent: day_string
New Element created: , Parent: eb82d440-d4b0-4b4c-a88a-18cc89152b54
New Element created: , Parent: eb82d440-d4b0-4b4c-a88a-18cc89152b54
Returning row-index: 30
New Element created: , Parent: day_string
New Element created: , Parent: 0f4fbb3c-4dd4-4364-8ed3-86ec0ff8e3ce
New Element created: , Parent: 0f4fbb3c-4dd4-4364-8ed3-86ec0ff8e3ce
Returning row-index: 44
Returning row-index: 45
Returning row-index: 46
Element Type: action, Key: 91a13077-36e7-411b-ad64-ecfbcac2b1de, Parent: b5b60453-b727-4377-98e0-63122343b1a2
Element Type: input, Key: b5b60453-b727-4377-98e0-63122343b1a2, Parent: global01
Element Type: action, Key: 64265043-667e-4f2b-b131-96d70d7e7703, Parent: f171a2c5-e42c-4b2f-919b-ff193f6d5544
Element Type: input, Key: f171a2c5-e42c-4b2f-919b-ff193f6d5544, Parent: global01
Element Type: message, Key: d4178f07-afc5-43ef-894b-165e726c9331, Parent: 857f7cf9-c4b5-4b0e-8f37-1b023ceaa6a6
Element Type: set, Key: 857f7cf9-c4b5-4b0e-8f37-1b023ceaa6a6, Parent: f1017d2b-7558-42a4-9946-3370cc4ba352
Element Type: input, Key: f1017d2b-7558-42a4-9946-3370cc4ba352, Parent: global01
Element Type: logic, Key: 206c1fff-e266-4b49-8661-436787f019ce, Parent: eb82d440-d4b0-4b4c-a88a-18cc89152b54
Element Type: message, Key: 53298ab7-308a-49d4-b700-267329e7fed4, Parent: eb82d440-d4b0-4b4c-a88a-18cc89152b54
Element Type: action, Key: eb82d440-d4b0-4b4c-a88a-18cc89152b54, Parent: day_string
Element Type: logic, Key: 960aa4fb-c5dd-4476-83e0-ef6cb3fcd36b, Parent: 0f4fbb3c-4dd4-4364-8ed3-86ec0ff8e3ce
Element Type: message, Key: 1e3dc040-9116-4c6f-abfe-a5c11f617a61, Parent: 0f4fbb3c-4dd4-4364-8ed3-86ec0ff8e3ce
Element Type: action, Key: 0f4fbb3c-4dd4-4364-8ed3-86ec0ff8e3ce, Parent: day_string
Element Type: , Key: day_string, Parent: global01
Element Type: global, Key: global01, Parent: root
New Element created: player, Parent: local_pub
New Element created: player_life, Parent: player
Returning row: 1
New Element created: player_strength, Parent: player
Returning row: 2
New Element created: player_intelligence, Parent: player
Returning row: 3
New Element created: player_cunning, Parent: player
Returning row: 4
New Element created: player_gold, Parent: player
Returning row: 5
New Element created: player_armed, Parent: player
Returning row: 6
New Element created: longsword_01, Parent: player
New Element created: , Parent: longsword_01
Returning row: 9
Returning row-index: 10
Element Type: attribute, Key: player_life, Parent: player
Element Type: attribute, Key: player_strength, Parent: player
Element Type: attribute, Key: player_intelligence, Parent: player
Element Type: attribute, Key: player_cunning, Parent: player
Element Type: attribute, Key: player_gold, Parent: player
Element Type: attribute, Key: player_armed, Parent: player
Element Type: attribute, Key: cdbcc67b-15e7-4bc3-bc9e-4344bd5514c0, Parent: longsword_01
Element Type: weapon, Key: longsword_01, Parent: player
Element Type: player, Key: player, Parent: local_pub
