New Element created: golden_egg, Parent: local_pub_north
New Element created: egg_visible, Parent: golden_egg
Returning row: 1
New Element created: , Parent: golden_egg
New Element created: , Parent: golden_egg
New Element created: , Parent: 7d3a0054-e96a-4e8d-a245-ed187507f956
Returning row-index: 15
New Element created: , Parent: golden_egg
New Element created: , Parent: f32487ba-b2b0-48cd-8021-296354ed697c
New Element created: , Parent: f32487ba-b2b0-48cd-8021-296354ed697c
Returning row-index: 29
New Element created: , Parent: golden_egg
New Element created: , Parent: 92a6bb7b-f8e0-442a-9786-ab1c70f27e44
Returning row-index: 38
New Element created: , Parent: golden_egg
New Element created: , Parent: edb13092-e900-4db8-b15c-0232c09c5476
Returning row: 43
New Element created: , Parent: golden_egg
New Element created: , Parent: 2a84999d-e572-4ffd-b702-898d4834b758
Returning row: 47
New Element created: , Parent: 2a84999d-e572-4ffd-b702-898d4834b758
Returning row-index: 54
New Element created: , Parent: golden_egg
New Element created: , Parent: a9c96fa1-58b4-449a-81ec-58c6b1688d33
Returning row: 58
New Element created: , Parent: a9c96fa1-58b4-449a-81ec-58c6b1688d33
Returning row-index: 65
New Element created: , Parent: golden_egg
New Element created: , Parent: 27758108-cffa-485f-9628-e2371bc2b1da
New Element created: , Parent: 27758108-cffa-485f-9628-e2371bc2b1da
Returning row: 80
Returning row-index: 81
Element Type: attribute, Key: egg_visible, Parent: golden_egg
Element Type: enter_message, Key: c301aed4-184e-49c1-8da8-ecb74f7135b4, Parent: golden_egg
Element Type: message, Key: 6a7cd776-5f7f-4d5c-82ac-dc9dddaa4177, Parent: 7d3a0054-e96a-4e8d-a245-ed187507f956
Element Type: look, Key: 7d3a0054-e96a-4e8d-a245-ed187507f956, Parent: golden_egg
Element Type: logic, Key: 7db3dcbd-db57-405d-a93c-ccc7b6c9ba91, Parent: f32487ba-b2b0-48cd-8021-296354ed697c
Element Type: message, Key: 9d81d338-2069-4e99-9aac-93e32416704a, Parent: f32487ba-b2b0-48cd-8021-296354ed697c
Element Type: inspect, Key: f32487ba-b2b0-48cd-8021-296354ed697c, Parent: golden_egg
Element Type: message, Key: 38572716-091d-47d8-a519-f7c954ce3d74, Parent: 92a6bb7b-f8e0-442a-9786-ab1c70f27e44
Element Type: use_egg, Key: 92a6bb7b-f8e0-442a-9786-ab1c70f27e44, Parent: golden_egg
Element Type: action, Key: 24def072-10ef-45bc-b760-af1df70dffff, Parent: edb13092-e900-4db8-b15c-0232c09c5476
Element Type: input, Key: edb13092-e900-4db8-b15c-0232c09c5476, Parent: golden_egg
Element Type: set, Key: f9f128e1-93ac-49c5-a6d2-243fdbb76cf8, Parent: 2a84999d-e572-4ffd-b702-898d4834b758
Element Type: move, Key: c832202b-2fe0-4b8b-a8b6-b54e8ef28557, Parent: 2a84999d-e572-4ffd-b702-898d4834b758
Element Type: input, Key: 2a84999d-e572-4ffd-b702-898d4834b758, Parent: golden_egg
Element Type: set, Key: 61ba62d0-96bf-4a91-b586-ecf1cd908e6c, Parent: a9c96fa1-58b4-449a-81ec-58c6b1688d33
Element Type: move, Key: 24097e5f-6bda-44dc-a0fe-052f6a5516a1, Parent: a9c96fa1-58b4-449a-81ec-58c6b1688d33
Element Type: input, Key: a9c96fa1-58b4-449a-81ec-58c6b1688d33, Parent: golden_egg
Element Type: logic, Key: ced2a8af-f826-4345-8530-a79f85858378, Parent: 27758108-cffa-485f-9628-e2371bc2b1da
Element Type: action, Key: 4266a559-1669-4edf-a078-4c337afa5278, Parent: 27758108-cffa-485f-9628-e2371bc2b1da
Element Type: input, Key: 27758108-cffa-485f-9628-e2371bc2b1da, Parent: golden_egg
Element Type: object, Key: golden_egg, Parent: local_pub_north
New Element created: poison-vial, Parent: local_pub_north
New Element created: , Parent: poison-vial
New Element created: , Parent: poison-vial
New Element created: , Parent: ea88259a-e81b-49a7-a708-d76b47fa2379
Returning row-index: 13
New Element created: , Parent: poison-vial
New Element created: , Parent: ce79168a-1f19-4894-8e31-03fa5337e602
Returning row-index: 22
New Element created: , Parent: poison-vial
New Element created: , Parent: c3144a77-00f7-41c9-bfd4-754bf0d6244a
Returning row: 26
New Element created: , Parent: poison-vial
New Element created: , Parent: 889e3735-456c-4303-8a1a-04a4ac32dd20
Returning row: 31
New Element created: , Parent: poison-vial
New Element created: , Parent: e84243c0-1a60-4f5d-9025-2571a70388fe
Returning row: 35
Returning row-index: 36
Element Type: enter_message, Key: 973283cf-c0b2-4053-8c7d-5070c4a89973, Parent: poison-vial
Element Type: message, Key: 9447e1e4-23e5-4d76-b081-815f2f513a2e, Parent: ea88259a-e81b-49a7-a708-d76b47fa2379
Element Type: look, Key: ea88259a-e81b-49a7-a708-d76b47fa2379, Parent: poison-vial
Element Type: message, Key: 72da7ca8-a63f-463c-bb4f-6ee4398d2145, Parent: ce79168a-1f19-4894-8e31-03fa5337e602
Element Type: inspect, Key: ce79168a-1f19-4894-8e31-03fa5337e602, Parent: poison-vial
Element Type: action, Key: a24fc4d8-37c6-405d-9611-530e9b41d9d5, Parent: c3144a77-00f7-41c9-bfd4-754bf0d6244a
Element Type: drink, Key: c3144a77-00f7-41c9-bfd4-754bf0d6244a, Parent: poison-vial
Element Type: action, Key: 6c69df7f-587c-4bba-981b-5b6ed25abf72, Parent: 889e3735-456c-4303-8a1a-04a4ac32dd20
Element Type: input, Key: 889e3735-456c-4303-8a1a-04a4ac32dd20, Parent: poison-vial
Element Type: action, Key: 6e6886f5-7954-4e5b-8651-fd888b5439c7, Parent: e84243c0-1a60-4f5d-9025-2571a70388fe
Element Type: input, Key: e84243c0-1a60-4f5d-9025-2571a70388fe, Parent: poison-vial
Element Type: object, Key: poison-vial, Parent: local_pub_north
New Element created: local_pub_north, Parent: root
New Element created: , Parent: local_pub_north
New Element created: , Parent: local_pub_north
New Element created: , Parent: 161071ee-400f-4106-8c1f-ba4218544a00
Returning row-index: 18
New Element created: , Parent: local_pub_north
New Element created: , Parent: d226377c-8b13-41e0-8f6d-37bce4ae6abe
Returning row: 22
New Element created: , Parent: local_pub_north
New Element created: , Parent: 037e5938-d323-4e3b-9574-c7abf34c75d6
Returning row-index: 30
Returning row-index: 31
Element Type: enter_message, Key: a6921770-d1dd-48bf-9ac1-19bdfe3b7a39, Parent: local_pub_north
Element Type: message, Key: 63d76474-0f2a-4318-b219-824e2d9beb1d, Parent: 161071ee-400f-4106-8c1f-ba4218544a00
Element Type: look, Key: 161071ee-400f-4106-8c1f-ba4218544a00, Parent: local_pub_north
Element Type: action, Key: 0998d193-18ad-47a6-819b-2caafb14f72d, Parent: d226377c-8b13-41e0-8f6d-37bce4ae6abe
Element Type: input, Key: d226377c-8b13-41e0-8f6d-37bce4ae6abe, Parent: local_pub_north
Element Type: move, Key: 1a76899c-22a3-4c99-8739-438b28f5d015, Parent: 037e5938-d323-4e3b-9574-c7abf34c75d6
Element Type: input, Key: 037e5938-d323-4e3b-9574-c7abf34c75d6, Parent: local_pub_north
Element Type: room, Key: local_pub_north, Parent: root
New Element created: local_pub, Parent: root
New Element created: , Parent: local_pub
New Element created: , Parent: local_pub
New Element created: , Parent: a03cab73-082e-4d37-91b6-bb857f909e04
New Element created: , Parent: a03cab73-082e-4d37-91b6-bb857f909e04
Returning row-index: 19
New Element created: , Parent: local_pub
New Element created: , Parent: 7a87344c-6843-4450-9684-0f671f55646d
Returning row: 24
New Element created: , Parent: 7a87344c-6843-4450-9684-0f671f55646d
Returning row: 25
New Element created: , Parent: local_pub
New Element created: , Parent: dea326d7-21bf-4881-a606-9d292c9a8645
Returning row-index: 33
Returning row-index: 34
Element Type: enter_message, Key: 825d4edf-a885-437d-81c1-dccf01bc489d, Parent: local_pub
Element Type: message, Key: 3f94b5b2-b69e-40c4-8e91-1695da0dfe9a, Parent: a03cab73-082e-4d37-91b6-bb857f909e04
Element Type: message, Key: 7c8c4c86-b3c0-4b30-a749-d0eeb4080ab2, Parent: a03cab73-082e-4d37-91b6-bb857f909e04
Element Type: look, Key: a03cab73-082e-4d37-91b6-bb857f909e04, Parent: local_pub
Element Type: action, Key: dc3f48a4-22f2-4343-991e-fd0fbf5c57b1, Parent: 7a87344c-6843-4450-9684-0f671f55646d
Element Type: set, Key: a803a3cc-e175-41fd-a824-821fa3c71531, Parent: 7a87344c-6843-4450-9684-0f671f55646d
Element Type: input, Key: 7a87344c-6843-4450-9684-0f671f55646d, Parent: local_pub
Element Type: move, Key: 5a2cde59-af96-4824-a560-83e521be0875, Parent: dea326d7-21bf-4881-a606-9d292c9a8645
Element Type: input, Key: dea326d7-21bf-4881-a606-9d292c9a8645, Parent: local_pub
Element Type: room, Key: local_pub, Parent: root
New Element created: thief_01, Parent: local_pub
New Element created: thief_01_life, Parent: thief_01
Returning row: 1
New Element created: thief_01_strength, Parent: thief_01
Returning row: 2
New Element created: thief_01_intelligence, Parent: thief_01
Returning row: 3
New Element created: thief_01_cunning, Parent: thief_01
Returning row: 4
New Element created: thief_01_gold, Parent: thief_01
Returning row: 5
New Element created: thief_01_armed, Parent: thief_01
Returning row: 6
New Element created: thief_01_msg_idx, Parent: thief_01
Returning row: 8
New Element created: stolen_shortsword_01, Parent: thief_01
New Element created: , Parent: stolen_shortsword_01
Returning row: 11
New Element created: thief_01_travel, Parent: thief_01
Returning row: 15
New Element created: , Parent: thief_01
New Element created: , Parent: d5ab394e-4cb7-472c-b5b3-4ec54216fa9c
New Element created: , Parent: d5ab394e-4cb7-472c-b5b3-4ec54216fa9c
New Element created: , Parent: d5ab394e-4cb7-472c-b5b3-4ec54216fa9c
Returning row-index: 33
New Element created: , Parent: thief_01
New Element created: , Parent: 24b6cfad-36bc-4575-bc4d-fbbad7588241
New Element created: , Parent: 24b6cfad-36bc-4575-bc4d-fbbad7588241
New Element created: , Parent: 24b6cfad-36bc-4575-bc4d-fbbad7588241
Returning row-index: 51
Returning row-index: 52
Element Type: attribute, Key: thief_01_life, Parent: thief_01
Element Type: attribute, Key: thief_01_strength, Parent: thief_01
Element Type: attribute, Key: thief_01_intelligence, Parent: thief_01
Element Type: attribute, Key: thief_01_cunning, Parent: thief_01
Element Type: attribute, Key: thief_01_gold, Parent: thief_01
Element Type: attribute, Key: thief_01_armed, Parent: thief_01
Element Type: attribute, Key: thief_01_msg_idx, Parent: thief_01
Element Type: attribute, Key: 62d5a667-2ae9-43c3-a09e-3380d9f61c94, Parent: stolen_shortsword_01
Element Type: weapon, Key: stolen_shortsword_01, Parent: thief_01
Element Type: travel, Key: thief_01_travel, Parent: thief_01
Element Type: message, Key: 416d44aa-f85e-407a-a411-54f7e817107f, Parent: d5ab394e-4cb7-472c-b5b3-4ec54216fa9c
Element Type: message, Key: 9dbbe0c0-9460-4003-bb31-569d97f44674, Parent: d5ab394e-4cb7-472c-b5b3-4ec54216fa9c
Element Type: message, Key: f7de598d-7a9b-4169-b21c-cf9432e81229, Parent: d5ab394e-4cb7-472c-b5b3-4ec54216fa9c
Element Type: enter_message, Key: d5ab394e-4cb7-472c-b5b3-4ec54216fa9c, Parent: thief_01
Element Type: message, Key: 0c583dc1-3d63-4abd-b086-34eb7941c8ea, Parent: 24b6cfad-36bc-4575-bc4d-fbbad7588241
Element Type: message, Key: 80c38bea-6075-4f14-9771-13dce67d9c2d, Parent: 24b6cfad-36bc-4575-bc4d-fbbad7588241
Element Type: message, Key: ba65d77f-4a46-4ba7-9b8a-415df051220a, Parent: 24b6cfad-36bc-4575-bc4d-fbbad7588241
Element Type: look, Key: 24b6cfad-36bc-4575-bc4d-fbbad7588241, Parent: thief_01
Element Type: npc, Key: thief_01, Parent: local_pub
New Element created: game, Parent: root
New Element created: , Parent: game
New Element created: die_message, Parent: game
New Element created: , Parent: die_message
Returning row-index: 31
Returning row-index: 32
Element Type: enter_message, Key: 0ec63d5f-a9ba-49a4-b767-eef9acfba0a8, Parent: game
Element Type: message, Key: 26b84127-8097-4c91-a77a-bfda5bd1833e, Parent: die_message
Element Type: , Key: die_message, Parent: game
Element Type: game, Key: game, Parent: root
New Element created: global01, Parent: root
New Element created: , Parent: global01
New Element created: , Parent: e988fc4c-6b24-4f8e-8148-14d4c6bbf21b
Returning row: 2
New Element created: , Parent: global01
New Element created: , Parent: 343ae1ef-ce16-4379-b574-cbeb188cfb04
Returning row: 5
New Element created: , Parent: global01
New Element created: , Parent: fa1c1eaf-d841-4ef1-a5b4-3439a4433d83
New Element created: , Parent: 22448a64-b766-44c6-9e65-1b7b563a4b5c
Returning row-index: 14
Returning row-index: 15
New Element created: day_string, Parent: global01
New Element created: , Parent: day_string
New Element created: , Parent: ddf7f1b2-516a-4039-883e-aaba912f653e
New Element created: , Parent: ddf7f1b2-516a-4039-883e-aaba912f653e
Returning row-index: 30
New Element created: , Parent: day_string
New Element created: , Parent: 7d7cba7a-cb13-4f27-a530-02cfbf4faa82
New Element created: , Parent: 7d7cba7a-cb13-4f27-a530-02cfbf4faa82
Returning row-index: 44
Returning row-index: 45
Returning row-index: 46
Element Type: action, Key: 7475824b-e37c-43db-b9e4-8bcbb0d03b30, Parent: e988fc4c-6b24-4f8e-8148-14d4c6bbf21b
Element Type: input, Key: e988fc4c-6b24-4f8e-8148-14d4c6bbf21b, Parent: global01
Element Type: action, Key: 50aaafc2-97cc-456f-ab39-a89a08a98101, Parent: 343ae1ef-ce16-4379-b574-cbeb188cfb04
Element Type: input, Key: 343ae1ef-ce16-4379-b574-cbeb188cfb04, Parent: global01
Element Type: message, Key: fd9396a7-741e-4fb2-9b97-e3b57c5ef45f, Parent: 22448a64-b766-44c6-9e65-1b7b563a4b5c
Element Type: set, Key: 22448a64-b766-44c6-9e65-1b7b563a4b5c, Parent: fa1c1eaf-d841-4ef1-a5b4-3439a4433d83
Element Type: input, Key: fa1c1eaf-d841-4ef1-a5b4-3439a4433d83, Parent: global01
Element Type: logic, Key: cb85fdc1-a0a7-4f5b-853f-62063bbe88b5, Parent: ddf7f1b2-516a-4039-883e-aaba912f653e
Element Type: message, Key: 266734d5-1f27-4d21-a984-56f7e94ec42b, Parent: ddf7f1b2-516a-4039-883e-aaba912f653e
Element Type: action, Key: ddf7f1b2-516a-4039-883e-aaba912f653e, Parent: day_string
Element Type: logic, Key: ab64b112-7c3f-482f-bfae-1cad2cd2b11e, Parent: 7d7cba7a-cb13-4f27-a530-02cfbf4faa82
Element Type: message, Key: 22d602c8-acd7-42f7-8fd2-9004eeed6ea2, Parent: 7d7cba7a-cb13-4f27-a530-02cfbf4faa82
Element Type: action, Key: 7d7cba7a-cb13-4f27-a530-02cfbf4faa82, Parent: day_string
Element Type: , Key: day_string, Parent: global01
Element Type: global, Key: global01, Parent: root
New Element created: player, Parent: local_pub
New Element created: player_life, Parent: player
Returning row: 1
New Element created: player_strength, Parent: player
Returning row: 2
New Element created: player_intelligence, Parent: player
Returning row: 3
New Element created: player_cunning, Parent: player
Returning row: 4
New Element created: player_gold, Parent: player
Returning row: 5
New Element created: player_armed, Parent: player
Returning row: 6
New Element created: longsword_01, Parent: player
New Element created: , Parent: longsword_01
Returning row: 9
Returning row-index: 10
Element Type: attribute, Key: player_life, Parent: player
Element Type: attribute, Key: player_strength, Parent: player
Element Type: attribute, Key: player_intelligence, Parent: player
Element Type: attribute, Key: player_cunning, Parent: player
Element Type: attribute, Key: player_gold, Parent: player
Element Type: attribute, Key: player_armed, Parent: player
Element Type: attribute, Key: e1e618bf-c9a9-4641-b05a-5857665c20c2, Parent: longsword_01
Element Type: weapon, Key: longsword_01, Parent: player
Element Type: player, Key: player, Parent: local_pub
