New Element created: golden_egg, Parent: local_pub_north
New Element created: egg_visible, Parent: golden_egg
Returning row: 1
New Element created: , Parent: golden_egg
New Element created: , Parent: golden_egg
New Element created: , Parent: 9e94e46d-e224-4eb0-95d9-547f8f39bb75
Returning row-index: 15
New Element created: , Parent: golden_egg
New Element created: , Parent: 414a38c1-b7d8-44b3-ba09-d4021b2ef85d
New Element created: , Parent: 414a38c1-b7d8-44b3-ba09-d4021b2ef85d
Returning row-index: 29
New Element created: , Parent: golden_egg
New Element created: , Parent: 45df5bf4-d38e-4c44-9aa2-fc1656bec235
Returning row-index: 38
New Element created: , Parent: golden_egg
New Element created: , Parent: ec6b1445-621b-456f-befb-264e9c790bd5
Returning row: 43
New Element created: , Parent: golden_egg
New Element created: , Parent: bfb01282-1c91-45fd-99cf-5e96dad43c15
Returning row: 47
New Element created: , Parent: bfb01282-1c91-45fd-99cf-5e96dad43c15
Returning row-index: 54
New Element created: , Parent: golden_egg
New Element created: , Parent: 12d6f24b-d947-4427-9779-64ebc611551f
Returning row: 58
New Element created: , Parent: 12d6f24b-d947-4427-9779-64ebc611551f
Returning row-index: 65
New Element created: , Parent: golden_egg
New Element created: , Parent: 9b531d9d-ae65-41a8-a677-ee388005fe41
New Element created: , Parent: 9b531d9d-ae65-41a8-a677-ee388005fe41
Returning row: 80
Returning row-index: 81
Element Type: attribute, Key: egg_visible, Parent: golden_egg
Element Type: enter_message, Key: cbf61a4a-4441-49ba-aa85-97b45a6f1b15, Parent: golden_egg
Element Type: message, Key: b8cdd26d-9880-4691-a13e-a955bb77ba5a, Parent: 9e94e46d-e224-4eb0-95d9-547f8f39bb75
Element Type: look, Key: 9e94e46d-e224-4eb0-95d9-547f8f39bb75, Parent: golden_egg
Element Type: logic, Key: a3010e62-d0eb-4eb6-b182-99bd4507e4a3, Parent: 414a38c1-b7d8-44b3-ba09-d4021b2ef85d
Element Type: message, Key: 63c30d70-c9ad-4385-9858-94d1d88a7a46, Parent: 414a38c1-b7d8-44b3-ba09-d4021b2ef85d
Element Type: inspect, Key: 414a38c1-b7d8-44b3-ba09-d4021b2ef85d, Parent: golden_egg
Element Type: message, Key: bb3a15aa-b0ef-400b-8cee-a8c2415ff427, Parent: 45df5bf4-d38e-4c44-9aa2-fc1656bec235
Element Type: use_egg, Key: 45df5bf4-d38e-4c44-9aa2-fc1656bec235, Parent: golden_egg
Element Type: action, Key: 19368c39-49ca-4a76-80a7-a9c3355400da, Parent: ec6b1445-621b-456f-befb-264e9c790bd5
Element Type: input, Key: ec6b1445-621b-456f-befb-264e9c790bd5, Parent: golden_egg
Element Type: set, Key: 7e924ef8-24cd-4d10-a515-3b66a32e0e7b, Parent: bfb01282-1c91-45fd-99cf-5e96dad43c15
Element Type: move, Key: d4c5868d-4893-4368-97b0-e8382da7d088, Parent: bfb01282-1c91-45fd-99cf-5e96dad43c15
Element Type: input, Key: bfb01282-1c91-45fd-99cf-5e96dad43c15, Parent: golden_egg
Element Type: set, Key: 02b2bfe6-9a14-43de-84a4-eebf8b65ebe3, Parent: 12d6f24b-d947-4427-9779-64ebc611551f
Element Type: move, Key: 2bcc39a0-3811-46e0-a817-519fbbcd2a8d, Parent: 12d6f24b-d947-4427-9779-64ebc611551f
Element Type: input, Key: 12d6f24b-d947-4427-9779-64ebc611551f, Parent: golden_egg
Element Type: logic, Key: 01628bc3-0ac2-4fa8-b9ac-dbc50d08c5a9, Parent: 9b531d9d-ae65-41a8-a677-ee388005fe41
Element Type: action, Key: 38fff4c3-9e42-4b7a-97ea-bce3b77b9c6d, Parent: 9b531d9d-ae65-41a8-a677-ee388005fe41
Element Type: input, Key: 9b531d9d-ae65-41a8-a677-ee388005fe41, Parent: golden_egg
Element Type: object, Key: golden_egg, Parent: local_pub_north
New Element created: poison-vial, Parent: local_pub_north
New Element created: , Parent: poison-vial
New Element created: , Parent: poison-vial
New Element created: , Parent: c9e202b2-967a-4e2e-8634-afb3dad4d901
Returning row-index: 13
New Element created: , Parent: poison-vial
New Element created: , Parent: 67165df2-bae5-47ac-92e6-e71da866f151
Returning row-index: 22
New Element created: , Parent: poison-vial
New Element created: , Parent: c52bb7b6-eb55-47f1-ac90-bb9634af16e8
Returning row: 26
New Element created: , Parent: poison-vial
New Element created: , Parent: 37f6b5bb-666a-4a6d-9cc3-3b25548ab087
Returning row: 31
New Element created: , Parent: poison-vial
New Element created: , Parent: 97a7f751-6511-4dec-92fa-14051dd5837e
Returning row: 35
Returning row-index: 36
Element Type: enter_message, Key: 411900a5-5294-4700-a3e9-b5d224329e93, Parent: poison-vial
Element Type: message, Key: cc77542c-12e6-4682-9b29-d059140cc8cd, Parent: c9e202b2-967a-4e2e-8634-afb3dad4d901
Element Type: look, Key: c9e202b2-967a-4e2e-8634-afb3dad4d901, Parent: poison-vial
Element Type: message, Key: 56ff6758-f882-44d6-89cf-7af5bb88029f, Parent: 67165df2-bae5-47ac-92e6-e71da866f151
Element Type: inspect, Key: 67165df2-bae5-47ac-92e6-e71da866f151, Parent: poison-vial
Element Type: action, Key: 95270109-ca8f-4c49-884d-859f4996ba5a, Parent: c52bb7b6-eb55-47f1-ac90-bb9634af16e8
Element Type: drink, Key: c52bb7b6-eb55-47f1-ac90-bb9634af16e8, Parent: poison-vial
Element Type: action, Key: be8f7486-36a5-459a-a4a2-b79da51731ea, Parent: 37f6b5bb-666a-4a6d-9cc3-3b25548ab087
Element Type: input, Key: 37f6b5bb-666a-4a6d-9cc3-3b25548ab087, Parent: poison-vial
Element Type: action, Key: afb411d2-3ccd-4f5c-a419-54913cd4518e, Parent: 97a7f751-6511-4dec-92fa-14051dd5837e
Element Type: input, Key: 97a7f751-6511-4dec-92fa-14051dd5837e, Parent: poison-vial
Element Type: object, Key: poison-vial, Parent: local_pub_north
New Element created: local_pub_north, Parent: root
New Element created: , Parent: local_pub_north
New Element created: , Parent: local_pub_north
New Element created: , Parent: 2dd988d3-cf39-4c44-b40e-48fce304ec1f
Returning row-index: 18
New Element created: , Parent: local_pub_north
New Element created: , Parent: 953bbd47-280d-4040-bae8-e51a67c4e089
Returning row: 22
New Element created: , Parent: local_pub_north
New Element created: , Parent: d654fa66-a146-4a35-8734-011cd9f06130
Returning row-index: 30
Returning row-index: 31
Element Type: enter_message, Key: aa81e720-3fcd-476f-842e-f7d4cf5a54f5, Parent: local_pub_north
Element Type: message, Key: 0d89141c-2dc0-4465-92bf-8dc53bc09edf, Parent: 2dd988d3-cf39-4c44-b40e-48fce304ec1f
Element Type: look, Key: 2dd988d3-cf39-4c44-b40e-48fce304ec1f, Parent: local_pub_north
Element Type: action, Key: 06366073-2928-4d77-9abe-b5a2cc3c099a, Parent: 953bbd47-280d-4040-bae8-e51a67c4e089
Element Type: input, Key: 953bbd47-280d-4040-bae8-e51a67c4e089, Parent: local_pub_north
Element Type: move, Key: cf3ac2a4-519d-41a1-9374-b0e8182682c9, Parent: d654fa66-a146-4a35-8734-011cd9f06130
Element Type: input, Key: d654fa66-a146-4a35-8734-011cd9f06130, Parent: local_pub_north
Element Type: room, Key: local_pub_north, Parent: root
New Element created: local_pub, Parent: root
New Element created: , Parent: local_pub
New Element created: , Parent: local_pub
New Element created: , Parent: 818465aa-d7aa-47dd-a5dc-cebe08fb7745
New Element created: , Parent: 818465aa-d7aa-47dd-a5dc-cebe08fb7745
Returning row-index: 19
New Element created: , Parent: local_pub
New Element created: , Parent: cfcc304c-9a94-44fc-8ff8-e15baef54ddb
Returning row: 24
New Element created: , Parent: cfcc304c-9a94-44fc-8ff8-e15baef54ddb
Returning row: 25
New Element created: , Parent: local_pub
New Element created: , Parent: 6ef21458-b7d6-42af-92d3-102d70d95b2b
Returning row-index: 33
Returning row-index: 34
Element Type: enter_message, Key: b091a98a-6bd6-4d13-ad4b-715714aaf01c, Parent: local_pub
Element Type: message, Key: a635b4e1-df2f-4735-a596-12264c4e8321, Parent: 818465aa-d7aa-47dd-a5dc-cebe08fb7745
Element Type: message, Key: b767457d-648a-4aae-a254-8156d078da4f, Parent: 818465aa-d7aa-47dd-a5dc-cebe08fb7745
Element Type: look, Key: 818465aa-d7aa-47dd-a5dc-cebe08fb7745, Parent: local_pub
Element Type: action, Key: 16c6c34d-7698-4ff9-9116-d4c55cd59572, Parent: cfcc304c-9a94-44fc-8ff8-e15baef54ddb
Element Type: set, Key: c4a79d0c-a0bf-4449-9cbd-b3148708e068, Parent: cfcc304c-9a94-44fc-8ff8-e15baef54ddb
Element Type: input, Key: cfcc304c-9a94-44fc-8ff8-e15baef54ddb, Parent: local_pub
Element Type: move, Key: f9ed23c8-70a8-4eac-8270-7c694b9f36aa, Parent: 6ef21458-b7d6-42af-92d3-102d70d95b2b
Element Type: input, Key: 6ef21458-b7d6-42af-92d3-102d70d95b2b, Parent: local_pub
Element Type: room, Key: local_pub, Parent: root
New Element created: thief_01, Parent: local_pub
New Element created: thief_01_life, Parent: thief_01
Returning row: 1
New Element created: thief_01_strength, Parent: thief_01
Returning row: 2
New Element created: thief_01_intelligence, Parent: thief_01
Returning row: 3
New Element created: thief_01_cunning, Parent: thief_01
Returning row: 4
New Element created: thief_01_gold, Parent: thief_01
Returning row: 5
New Element created: thief_01_armed, Parent: thief_01
Returning row: 6
New Element created: thief_01_msg_idx, Parent: thief_01
Returning row: 8
New Element created: stolen_shortsword_01, Parent: thief_01
New Element created: , Parent: stolen_shortsword_01
Returning row: 11
New Element created: thief_01_travel, Parent: thief_01
Returning row: 15
New Element created: , Parent: thief_01
New Element created: , Parent: 7e5711eb-73ee-4d89-b8ad-6476bf969458
New Element created: , Parent: 7e5711eb-73ee-4d89-b8ad-6476bf969458
New Element created: , Parent: 7e5711eb-73ee-4d89-b8ad-6476bf969458
Returning row-index: 33
New Element created: , Parent: thief_01
New Element created: , Parent: 121f1802-4815-4e80-aee2-7cb7797877f8
New Element created: , Parent: 121f1802-4815-4e80-aee2-7cb7797877f8
New Element created: , Parent: 121f1802-4815-4e80-aee2-7cb7797877f8
Returning row-index: 51
Returning row-index: 52
Element Type: attribute, Key: thief_01_life, Parent: thief_01
Element Type: attribute, Key: thief_01_strength, Parent: thief_01
Element Type: attribute, Key: thief_01_intelligence, Parent: thief_01
Element Type: attribute, Key: thief_01_cunning, Parent: thief_01
Element Type: attribute, Key: thief_01_gold, Parent: thief_01
Element Type: attribute, Key: thief_01_armed, Parent: thief_01
Element Type: attribute, Key: thief_01_msg_idx, Parent: thief_01
Element Type: attribute, Key: 1739e6a5-4b43-4b90-9543-0421e9af5632, Parent: stolen_shortsword_01
Element Type: weapon, Key: stolen_shortsword_01, Parent: thief_01
Element Type: travel, Key: thief_01_travel, Parent: thief_01
Element Type: message, Key: b1c3e388-a917-46a9-bf3a-e3c859206608, Parent: 7e5711eb-73ee-4d89-b8ad-6476bf969458
Element Type: message, Key: 1942dcf9-38b8-40cc-9bc4-aa1047b8ded8, Parent: 7e5711eb-73ee-4d89-b8ad-6476bf969458
Element Type: message, Key: 7e541376-3412-4aca-bfdf-38cbcbbf2f8f, Parent: 7e5711eb-73ee-4d89-b8ad-6476bf969458
Element Type: enter_message, Key: 7e5711eb-73ee-4d89-b8ad-6476bf969458, Parent: thief_01
Element Type: message, Key: 55d45c82-0bfc-485d-8d56-22163bc9a8e9, Parent: 121f1802-4815-4e80-aee2-7cb7797877f8
Element Type: message, Key: ac210b84-9311-469b-9226-7497ba755b48, Parent: 121f1802-4815-4e80-aee2-7cb7797877f8
Element Type: message, Key: 22647d41-4b47-454e-9556-f1a5b8163ed6, Parent: 121f1802-4815-4e80-aee2-7cb7797877f8
Element Type: look, Key: 121f1802-4815-4e80-aee2-7cb7797877f8, Parent: thief_01
Element Type: npc, Key: thief_01, Parent: local_pub
New Element created: game, Parent: root
New Element created: , Parent: game
New Element created: die_message, Parent: game
Returning row-index: 30
Element Type: enter_message, Key: 81a4e35d-7831-404e-8389-3fa2a365a1ba, Parent: game
Element Type: , Key: die_message, Parent: game
Element Type: game, Key: game, Parent: root
New Element created: global01, Parent: root
New Element created: , Parent: global01
New Element created: , Parent: 62be9219-739d-4ea8-9cf8-432b0bf0d76d
Returning row: 2
New Element created: , Parent: global01
New Element created: , Parent: 405d13d1-d14b-483a-aa0e-56fd57596462
Returning row: 5
New Element created: , Parent: global01
New Element created: , Parent: 1f597496-b469-4ead-a864-de910890c578
New Element created: , Parent: f1d4daaf-324a-421b-a2bc-c89098bcc890
Returning row-index: 14
Returning row-index: 15
New Element created: day_string, Parent: global01
New Element created: , Parent: day_string
New Element created: , Parent: e9bd3006-d7e9-4697-a06c-a244c23dd346
New Element created: , Parent: e9bd3006-d7e9-4697-a06c-a244c23dd346
Returning row-index: 30
New Element created: , Parent: day_string
New Element created: , Parent: 48037bf3-1c38-407c-81d7-fcb3d89d988c
New Element created: , Parent: 48037bf3-1c38-407c-81d7-fcb3d89d988c
Returning row-index: 44
Returning row-index: 45
Returning row-index: 46
Element Type: action, Key: 7cd126ad-d02a-47d7-ab52-5b246728ecc6, Parent: 62be9219-739d-4ea8-9cf8-432b0bf0d76d
Element Type: input, Key: 62be9219-739d-4ea8-9cf8-432b0bf0d76d, Parent: global01
Element Type: action, Key: 15f950c3-64a3-4a1f-a1fd-1a92decf011c, Parent: 405d13d1-d14b-483a-aa0e-56fd57596462
Element Type: input, Key: 405d13d1-d14b-483a-aa0e-56fd57596462, Parent: global01
Element Type: message, Key: 31623026-7492-4006-a4dc-6fafc3d724e4, Parent: f1d4daaf-324a-421b-a2bc-c89098bcc890
Element Type: set, Key: f1d4daaf-324a-421b-a2bc-c89098bcc890, Parent: 1f597496-b469-4ead-a864-de910890c578
Element Type: input, Key: 1f597496-b469-4ead-a864-de910890c578, Parent: global01
Element Type: logic, Key: 76da933e-fb3e-41bd-bea9-b7cff07df72f, Parent: e9bd3006-d7e9-4697-a06c-a244c23dd346
Element Type: message, Key: addd2f3d-79a4-4996-a1a0-f9fd0e83f685, Parent: e9bd3006-d7e9-4697-a06c-a244c23dd346
Element Type: action, Key: e9bd3006-d7e9-4697-a06c-a244c23dd346, Parent: day_string
Element Type: logic, Key: 8673ebb6-0e3c-407b-9873-c213d03a7370, Parent: 48037bf3-1c38-407c-81d7-fcb3d89d988c
Element Type: message, Key: 60995e02-5969-475a-a9bf-acb2ba3a25fd, Parent: 48037bf3-1c38-407c-81d7-fcb3d89d988c
Element Type: action, Key: 48037bf3-1c38-407c-81d7-fcb3d89d988c, Parent: day_string
Element Type: , Key: day_string, Parent: global01
Element Type: global, Key: global01, Parent: root
New Element created: player, Parent: local_pub
New Element created: player_life, Parent: player
Returning row: 1
New Element created: player_strength, Parent: player
Returning row: 2
New Element created: player_intelligence, Parent: player
Returning row: 3
New Element created: player_cunning, Parent: player
Returning row: 4
New Element created: player_gold, Parent: player
Returning row: 5
New Element created: player_armed, Parent: player
Returning row: 6
New Element created: longsword_01, Parent: player
New Element created: , Parent: longsword_01
Returning row: 9
Returning row-index: 10
Element Type: attribute, Key: player_life, Parent: player
Element Type: attribute, Key: player_strength, Parent: player
Element Type: attribute, Key: player_intelligence, Parent: player
Element Type: attribute, Key: player_cunning, Parent: player
Element Type: attribute, Key: player_gold, Parent: player
Element Type: attribute, Key: player_armed, Parent: player
Element Type: attribute, Key: ccbb8c42-3acb-4628-ae58-fbc309ee8a06, Parent: longsword_01
Element Type: weapon, Key: longsword_01, Parent: player
Element Type: player, Key: player, Parent: local_pub
