New Element created: golden_egg, Parent: local_pub_north
New Element created: egg_visible, Parent: golden_egg
Returning row: 1
New Element created: , Parent: golden_egg
New Element created: , Parent: golden_egg
New Element created: , Parent: e8870441-7cd0-462a-8937-a4e4e2d05567
Returning row-index: 15
New Element created: , Parent: golden_egg
New Element created: , Parent: b3a5e622-7310-41e6-ab3b-476cb3bd289e
New Element created: , Parent: b3a5e622-7310-41e6-ab3b-476cb3bd289e
Returning row-index: 29
New Element created: , Parent: golden_egg
New Element created: , Parent: 70a50bfb-b97e-4197-b0ba-5351073f21f4
Returning row-index: 38
New Element created: , Parent: golden_egg
New Element created: , Parent: 8d8ed41e-3417-4b2a-9cf4-5121c1459f8a
Returning row: 43
New Element created: , Parent: golden_egg
New Element created: , Parent: 6457737b-af7d-4188-b9ca-12f64c024360
Returning row: 47
New Element created: , Parent: 6457737b-af7d-4188-b9ca-12f64c024360
Returning row-index: 54
New Element created: , Parent: golden_egg
New Element created: , Parent: 69f384a1-9d45-4e64-ae45-b365e2bba1a8
Returning row: 58
New Element created: , Parent: 69f384a1-9d45-4e64-ae45-b365e2bba1a8
Returning row-index: 65
New Element created: , Parent: golden_egg
New Element created: , Parent: 73366ccf-4965-48e1-acbd-760f1801e568
New Element created: , Parent: 73366ccf-4965-48e1-acbd-760f1801e568
Returning row: 80
Returning row-index: 81
Element Type: attribute, Key: egg_visible, Parent: golden_egg
Element Type: enter_message, Key: a0311534-c6f9-43aa-a62f-13b985dc8593, Parent: golden_egg
Element Type: message, Key: 73bbfa74-6853-47c1-9389-82031cf4c5b8, Parent: e8870441-7cd0-462a-8937-a4e4e2d05567
Element Type: look, Key: e8870441-7cd0-462a-8937-a4e4e2d05567, Parent: golden_egg
Element Type: logic, Key: 806b5fcd-e6e8-4f16-b845-e85cf767abf2, Parent: b3a5e622-7310-41e6-ab3b-476cb3bd289e
Element Type: message, Key: 3520adb2-ec97-4376-b04f-77a0bf5069b4, Parent: b3a5e622-7310-41e6-ab3b-476cb3bd289e
Element Type: inspect, Key: b3a5e622-7310-41e6-ab3b-476cb3bd289e, Parent: golden_egg
Element Type: message, Key: 3ad174d0-3778-40b8-911f-400991de2817, Parent: 70a50bfb-b97e-4197-b0ba-5351073f21f4
Element Type: use_egg, Key: 70a50bfb-b97e-4197-b0ba-5351073f21f4, Parent: golden_egg
Element Type: action, Key: d6570d7c-d7be-46f6-b50f-26d173610c25, Parent: 8d8ed41e-3417-4b2a-9cf4-5121c1459f8a
Element Type: input, Key: 8d8ed41e-3417-4b2a-9cf4-5121c1459f8a, Parent: golden_egg
Element Type: set, Key: 217d4338-3379-425b-98a8-73e06105d364, Parent: 6457737b-af7d-4188-b9ca-12f64c024360
Element Type: move, Key: 21a6a233-8d26-4d68-abb2-efa4f916d934, Parent: 6457737b-af7d-4188-b9ca-12f64c024360
Element Type: input, Key: 6457737b-af7d-4188-b9ca-12f64c024360, Parent: golden_egg
Element Type: set, Key: 476099ed-afd3-4679-b4f7-02da0a5d9686, Parent: 69f384a1-9d45-4e64-ae45-b365e2bba1a8
Element Type: move, Key: 3a852f32-8619-44fc-b693-10688146f9e4, Parent: 69f384a1-9d45-4e64-ae45-b365e2bba1a8
Element Type: input, Key: 69f384a1-9d45-4e64-ae45-b365e2bba1a8, Parent: golden_egg
Element Type: logic, Key: c060fbe9-517c-418b-9c90-a37d7d660fbb, Parent: 73366ccf-4965-48e1-acbd-760f1801e568
Element Type: action, Key: 40ea51f1-b118-4515-bb50-9e6542e267ab, Parent: 73366ccf-4965-48e1-acbd-760f1801e568
Element Type: input, Key: 73366ccf-4965-48e1-acbd-760f1801e568, Parent: golden_egg
Element Type: object, Key: golden_egg, Parent: local_pub_north
New Element created: poison-vial, Parent: local_pub_north
New Element created: , Parent: poison-vial
New Element created: , Parent: poison-vial
New Element created: , Parent: 891688c1-3ad5-4c11-89b8-b14fd0fd26fa
Returning row-index: 13
New Element created: , Parent: poison-vial
New Element created: , Parent: d9a94e47-13f9-4093-b51b-d6a1cc985e2f
Returning row-index: 22
New Element created: , Parent: poison-vial
New Element created: , Parent: 906a055b-6f3d-40da-ad75-857ba8a50099
Returning row: 26
New Element created: , Parent: poison-vial
New Element created: , Parent: 40c7ee7a-aa1b-4348-9031-da30a42200df
Returning row: 31
New Element created: , Parent: poison-vial
New Element created: , Parent: f25ea2ee-b732-4ec9-9aee-c7e3d2c5c87f
Returning row: 35
Returning row-index: 36
Element Type: enter_message, Key: fc8a4a6f-46ca-4554-8b17-4a08863b5936, Parent: poison-vial
Element Type: message, Key: 87600d75-b609-40f1-9640-82cd30b39617, Parent: 891688c1-3ad5-4c11-89b8-b14fd0fd26fa
Element Type: look, Key: 891688c1-3ad5-4c11-89b8-b14fd0fd26fa, Parent: poison-vial
Element Type: message, Key: fe4f2a99-018b-470d-af23-399d000e990c, Parent: d9a94e47-13f9-4093-b51b-d6a1cc985e2f
Element Type: inspect, Key: d9a94e47-13f9-4093-b51b-d6a1cc985e2f, Parent: poison-vial
Element Type: action, Key: a1f31288-957f-4415-b846-298e2a6c87cc, Parent: 906a055b-6f3d-40da-ad75-857ba8a50099
Element Type: drink, Key: 906a055b-6f3d-40da-ad75-857ba8a50099, Parent: poison-vial
Element Type: action, Key: a99d5285-bf58-4219-84a0-6f79bd4f1f47, Parent: 40c7ee7a-aa1b-4348-9031-da30a42200df
Element Type: input, Key: 40c7ee7a-aa1b-4348-9031-da30a42200df, Parent: poison-vial
Element Type: action, Key: 72cf79f6-c626-4712-a39f-32bea014634e, Parent: f25ea2ee-b732-4ec9-9aee-c7e3d2c5c87f
Element Type: input, Key: f25ea2ee-b732-4ec9-9aee-c7e3d2c5c87f, Parent: poison-vial
Element Type: object, Key: poison-vial, Parent: local_pub_north
New Element created: local_pub_north, Parent: root
New Element created: , Parent: local_pub_north
New Element created: , Parent: local_pub_north
New Element created: , Parent: bd6fa53e-7301-4d8e-bc79-57e8c8e5b3be
Returning row-index: 18
New Element created: , Parent: local_pub_north
New Element created: , Parent: ebfe9c2c-e62c-44a2-ad83-f682d9d149cc
Returning row: 22
New Element created: , Parent: local_pub_north
New Element created: , Parent: 113c1b06-f237-403b-835d-cf1c9621426a
Returning row-index: 30
Returning row-index: 31
Element Type: enter_message, Key: 21c36757-f986-45ba-adb9-0153f6f170ea, Parent: local_pub_north
Element Type: message, Key: c9fd8ae6-3496-47d4-9798-7fa50ef061d6, Parent: bd6fa53e-7301-4d8e-bc79-57e8c8e5b3be
Element Type: look, Key: bd6fa53e-7301-4d8e-bc79-57e8c8e5b3be, Parent: local_pub_north
Element Type: action, Key: 1f810b62-31f6-4232-9426-860f24a798c0, Parent: ebfe9c2c-e62c-44a2-ad83-f682d9d149cc
Element Type: input, Key: ebfe9c2c-e62c-44a2-ad83-f682d9d149cc, Parent: local_pub_north
Element Type: move, Key: 192f4a65-51fc-4aa1-88e4-cba9ee44118c, Parent: 113c1b06-f237-403b-835d-cf1c9621426a
Element Type: input, Key: 113c1b06-f237-403b-835d-cf1c9621426a, Parent: local_pub_north
Element Type: room, Key: local_pub_north, Parent: root
New Element created: local_pub, Parent: root
New Element created: , Parent: local_pub
New Element created: , Parent: local_pub
New Element created: , Parent: cb475ce8-63af-43db-b0f4-a356c5c8da31
New Element created: , Parent: cb475ce8-63af-43db-b0f4-a356c5c8da31
Returning row-index: 19
New Element created: , Parent: local_pub
New Element created: , Parent: cfae358e-b03f-4e59-99f7-5816340d0930
Returning row: 24
New Element created: , Parent: cfae358e-b03f-4e59-99f7-5816340d0930
Returning row: 25
New Element created: , Parent: local_pub
New Element created: , Parent: 152bbbec-cb82-4293-9d78-d9ba5090bcdd
Returning row-index: 33
Returning row-index: 34
Element Type: enter_message, Key: 547321fd-e1dc-4071-b6c5-dcb26bdd4ca8, Parent: local_pub
Element Type: message, Key: bf9b6be5-3c6c-46df-befc-56317dba3a45, Parent: cb475ce8-63af-43db-b0f4-a356c5c8da31
Element Type: message, Key: 9874e409-cd0a-4bfd-9fa8-d6d7b03492da, Parent: cb475ce8-63af-43db-b0f4-a356c5c8da31
Element Type: look, Key: cb475ce8-63af-43db-b0f4-a356c5c8da31, Parent: local_pub
Element Type: action, Key: e3286040-850b-48ea-a2c1-75bea8eac651, Parent: cfae358e-b03f-4e59-99f7-5816340d0930
Element Type: set, Key: 2fd40987-5be5-46bf-838c-6c8672fdd912, Parent: cfae358e-b03f-4e59-99f7-5816340d0930
Element Type: input, Key: cfae358e-b03f-4e59-99f7-5816340d0930, Parent: local_pub
Element Type: move, Key: 4e3ae919-552c-4c53-b852-9b48faeaf38c, Parent: 152bbbec-cb82-4293-9d78-d9ba5090bcdd
Element Type: input, Key: 152bbbec-cb82-4293-9d78-d9ba5090bcdd, Parent: local_pub
Element Type: room, Key: local_pub, Parent: root
New Element created: thief_01, Parent: local_pub
New Element created: thief_01_life, Parent: thief_01
Returning row: 1
New Element created: thief_01_strength, Parent: thief_01
Returning row: 2
New Element created: thief_01_intelligence, Parent: thief_01
Returning row: 3
New Element created: thief_01_cunning, Parent: thief_01
Returning row: 4
New Element created: thief_01_gold, Parent: thief_01
Returning row: 5
New Element created: thief_01_armed, Parent: thief_01
Returning row: 6
New Element created: thief_01_msg_idx, Parent: thief_01
Returning row: 8
New Element created: stolen_shortsword_01, Parent: thief_01
New Element created: , Parent: stolen_shortsword_01
Returning row: 11
New Element created: thief_01_travel, Parent: thief_01
Returning row: 15
New Element created: , Parent: thief_01
New Element created: , Parent: 5cd5dfa3-86f5-4f0c-8a1c-94a237ecadd0
New Element created: , Parent: 5cd5dfa3-86f5-4f0c-8a1c-94a237ecadd0
New Element created: , Parent: 5cd5dfa3-86f5-4f0c-8a1c-94a237ecadd0
Returning row-index: 33
New Element created: , Parent: thief_01
New Element created: , Parent: 8fb981fc-9e69-43db-ab39-7974fc323bb1
New Element created: , Parent: 8fb981fc-9e69-43db-ab39-7974fc323bb1
New Element created: , Parent: 8fb981fc-9e69-43db-ab39-7974fc323bb1
Returning row-index: 51
Returning row-index: 52
Element Type: attribute, Key: thief_01_life, Parent: thief_01
Element Type: attribute, Key: thief_01_strength, Parent: thief_01
Element Type: attribute, Key: thief_01_intelligence, Parent: thief_01
Element Type: attribute, Key: thief_01_cunning, Parent: thief_01
Element Type: attribute, Key: thief_01_gold, Parent: thief_01
Element Type: attribute, Key: thief_01_armed, Parent: thief_01
Element Type: attribute, Key: thief_01_msg_idx, Parent: thief_01
Element Type: attribute, Key: 3379ef0a-811b-4210-810f-13ac79e37a4f, Parent: stolen_shortsword_01
Element Type: weapon, Key: stolen_shortsword_01, Parent: thief_01
Element Type: travel, Key: thief_01_travel, Parent: thief_01
Element Type: message, Key: ad139bfc-9631-4579-8de2-316d02333186, Parent: 5cd5dfa3-86f5-4f0c-8a1c-94a237ecadd0
Element Type: message, Key: 7dddfb37-a34e-47bd-a10d-223f7e0adf8e, Parent: 5cd5dfa3-86f5-4f0c-8a1c-94a237ecadd0
Element Type: message, Key: 5ec1a802-5a36-4e66-8509-d584ca364bd3, Parent: 5cd5dfa3-86f5-4f0c-8a1c-94a237ecadd0
Element Type: enter_message, Key: 5cd5dfa3-86f5-4f0c-8a1c-94a237ecadd0, Parent: thief_01
Element Type: message, Key: dc5e5c1f-899c-4bef-bade-5ca2cb689766, Parent: 8fb981fc-9e69-43db-ab39-7974fc323bb1
Element Type: message, Key: 844a8f27-d224-409c-9a06-f819ccdc4c23, Parent: 8fb981fc-9e69-43db-ab39-7974fc323bb1
Element Type: message, Key: fd72d881-26f9-432b-8319-18eae8b6b901, Parent: 8fb981fc-9e69-43db-ab39-7974fc323bb1
Element Type: look, Key: 8fb981fc-9e69-43db-ab39-7974fc323bb1, Parent: thief_01
Element Type: npc, Key: thief_01, Parent: local_pub
New Element created: game, Parent: root
New Element created: , Parent: game
New Element created: die_message, Parent: game
New Element created: , Parent: die_message
Returning row-index: 31
Returning row-index: 32
Element Type: enter_message, Key: b2d53499-dbdf-440c-9be7-8b0e3506685b, Parent: game
Element Type: message, Key: 6b03f30f-5db6-47c7-8d45-bd32909c2d13, Parent: die_message
Element Type: , Key: die_message, Parent: game
Element Type: game, Key: game, Parent: root
New Element created: global01, Parent: root
New Element created: , Parent: global01
New Element created: , Parent: d21ce5e7-0825-448b-b6c0-ea45a183b9b1
Returning row: 2
New Element created: , Parent: global01
New Element created: , Parent: f5004306-a11f-4a96-80b6-663f6abf3dd0
Returning row: 5
New Element created: , Parent: global01
New Element created: , Parent: fe23a61f-6c20-45a7-ab13-6a3c289fe6f6
New Element created: , Parent: b1abc01e-cc19-463c-86f6-2a9ac370371a
Returning row-index: 14
Returning row-index: 15
New Element created: day_string, Parent: global01
New Element created: , Parent: day_string
New Element created: , Parent: 097bb9a4-feff-44b9-9d87-1fb38f46545d
New Element created: , Parent: 097bb9a4-feff-44b9-9d87-1fb38f46545d
Returning row-index: 30
New Element created: , Parent: day_string
New Element created: , Parent: df92a2d7-f2e6-4328-8d43-27fdb0668276
New Element created: , Parent: df92a2d7-f2e6-4328-8d43-27fdb0668276
Returning row-index: 44
Returning row-index: 45
Returning row-index: 46
Element Type: action, Key: 93b7d46b-d8fe-43db-a614-7e43c148137e, Parent: d21ce5e7-0825-448b-b6c0-ea45a183b9b1
Element Type: input, Key: d21ce5e7-0825-448b-b6c0-ea45a183b9b1, Parent: global01
Element Type: action, Key: d95bf923-06e7-4417-90a3-77c4b8c76320, Parent: f5004306-a11f-4a96-80b6-663f6abf3dd0
Element Type: input, Key: f5004306-a11f-4a96-80b6-663f6abf3dd0, Parent: global01
Element Type: message, Key: 8decbad9-a1c6-44d8-b0e4-7713c4219d61, Parent: b1abc01e-cc19-463c-86f6-2a9ac370371a
Element Type: set, Key: b1abc01e-cc19-463c-86f6-2a9ac370371a, Parent: fe23a61f-6c20-45a7-ab13-6a3c289fe6f6
Element Type: input, Key: fe23a61f-6c20-45a7-ab13-6a3c289fe6f6, Parent: global01
Element Type: logic, Key: 718992a2-d1f6-4557-a374-26f952fe7078, Parent: 097bb9a4-feff-44b9-9d87-1fb38f46545d
Element Type: message, Key: 5db677a6-da42-4f2b-8a7f-7e57b09dc6b9, Parent: 097bb9a4-feff-44b9-9d87-1fb38f46545d
Element Type: action, Key: 097bb9a4-feff-44b9-9d87-1fb38f46545d, Parent: day_string
Element Type: logic, Key: bb61f139-9e66-4176-8a1c-cedc53c8d45d, Parent: df92a2d7-f2e6-4328-8d43-27fdb0668276
Element Type: message, Key: 97f6a0d0-2622-4a15-b6fa-5e5ce56d5291, Parent: df92a2d7-f2e6-4328-8d43-27fdb0668276
Element Type: action, Key: df92a2d7-f2e6-4328-8d43-27fdb0668276, Parent: day_string
Element Type: , Key: day_string, Parent: global01
Element Type: global, Key: global01, Parent: root
New Element created: player, Parent: local_pub
New Element created: player_life, Parent: player
Returning row: 1
New Element created: player_strength, Parent: player
Returning row: 2
New Element created: player_intelligence, Parent: player
Returning row: 3
New Element created: player_cunning, Parent: player
Returning row: 4
New Element created: player_gold, Parent: player
Returning row: 5
New Element created: player_armed, Parent: player
Returning row: 6
New Element created: longsword_01, Parent: player
New Element created: , Parent: longsword_01
Returning row: 9
Returning row-index: 10
Element Type: attribute, Key: player_life, Parent: player
Element Type: attribute, Key: player_strength, Parent: player
Element Type: attribute, Key: player_intelligence, Parent: player
Element Type: attribute, Key: player_cunning, Parent: player
Element Type: attribute, Key: player_gold, Parent: player
Element Type: attribute, Key: player_armed, Parent: player
Element Type: attribute, Key: ef05af6d-b660-43aa-84df-71c725d8d13c, Parent: longsword_01
Element Type: weapon, Key: longsword_01, Parent: player
Element Type: player, Key: player, Parent: local_pub
