New Element created: golden_egg, Parent: local_pub_north
New Element created: egg_visible, Parent: golden_egg
Returning row: 1
New Element created: , Parent: golden_egg
New Element created: , Parent: golden_egg
New Element created: , Parent: 8f39c31f-be4b-4ac5-8b57-90a7dd7153d9
Returning row-index: 15
New Element created: , Parent: golden_egg
New Element created: , Parent: c6fcab2b-b133-48ed-ac02-9ddd09e0cbdc
New Element created: , Parent: c6fcab2b-b133-48ed-ac02-9ddd09e0cbdc
Returning row-index: 29
New Element created: , Parent: golden_egg
New Element created: , Parent: eed9fcf9-e07c-4de5-9794-14522b4da097
Returning row-index: 38
New Element created: , Parent: golden_egg
New Element created: , Parent: 08ed3110-1446-4ba3-9f74-3ccf0831e025
Returning row: 43
New Element created: , Parent: golden_egg
New Element created: , Parent: 0e0332a3-daa2-40b3-b9f5-30f467bb2e64
Returning row: 47
New Element created: , Parent: 0e0332a3-daa2-40b3-b9f5-30f467bb2e64
Returning row-index: 54
New Element created: , Parent: golden_egg
New Element created: , Parent: f0d2f533-0d2b-4ff2-b606-e698c18c9c49
Returning row: 61
New Element created: , Parent: f0d2f533-0d2b-4ff2-b606-e698c18c9c49
Returning row-index: 68
New Element created: , Parent: golden_egg
New Element created: , Parent: b08acb6f-c327-4d04-96f9-87fca264274f
New Element created: , Parent: b08acb6f-c327-4d04-96f9-87fca264274f
Returning row: 83
Returning row-index: 84
Element Type: attribute, Key: egg_visible, Parent: golden_egg
Element Type: enter_message, Key: 9c4e0445-2be3-499e-a3fa-cd6a7e133298, Parent: golden_egg
Element Type: message, Key: fd1d3273-805b-4f69-bc76-aa3c1157a4a1, Parent: 8f39c31f-be4b-4ac5-8b57-90a7dd7153d9
Element Type: look, Key: 8f39c31f-be4b-4ac5-8b57-90a7dd7153d9, Parent: golden_egg
Element Type: logic, Key: fa57aa14-de20-4d44-87cc-b6852d8a749a, Parent: c6fcab2b-b133-48ed-ac02-9ddd09e0cbdc
Element Type: message, Key: 309d4300-600b-4ae3-990f-b19ef23b52c2, Parent: c6fcab2b-b133-48ed-ac02-9ddd09e0cbdc
Element Type: inspect, Key: c6fcab2b-b133-48ed-ac02-9ddd09e0cbdc, Parent: golden_egg
Element Type: message, Key: 22c13d32-ec41-45da-baf7-3d2ecaf581f7, Parent: eed9fcf9-e07c-4de5-9794-14522b4da097
Element Type: use_egg, Key: eed9fcf9-e07c-4de5-9794-14522b4da097, Parent: golden_egg
Element Type: action, Key: 3d987432-d22d-4069-96f5-c5df636f76a1, Parent: 08ed3110-1446-4ba3-9f74-3ccf0831e025
Element Type: input, Key: 08ed3110-1446-4ba3-9f74-3ccf0831e025, Parent: golden_egg
Element Type: set, Key: da6e4d09-38fb-4941-9d07-8b68ffb19282, Parent: 0e0332a3-daa2-40b3-b9f5-30f467bb2e64
Element Type: move, Key: c5121f46-7780-4fb8-af62-8cc384549435, Parent: 0e0332a3-daa2-40b3-b9f5-30f467bb2e64
Element Type: input, Key: 0e0332a3-daa2-40b3-b9f5-30f467bb2e64, Parent: golden_egg
Element Type: set, Key: 8edbcf6d-99b6-4221-b7ee-81fb0b37d03a, Parent: f0d2f533-0d2b-4ff2-b606-e698c18c9c49
Element Type: move, Key: c58e6aa0-a330-4eab-bf11-198a46ca2b1b, Parent: f0d2f533-0d2b-4ff2-b606-e698c18c9c49
Element Type: input, Key: f0d2f533-0d2b-4ff2-b606-e698c18c9c49, Parent: golden_egg
Element Type: logic, Key: 149cba20-3759-4e2d-bda2-565af81a7885, Parent: b08acb6f-c327-4d04-96f9-87fca264274f
Element Type: action, Key: bfbe179f-90be-48de-ac80-e6d56f85f1e8, Parent: b08acb6f-c327-4d04-96f9-87fca264274f
Element Type: input, Key: b08acb6f-c327-4d04-96f9-87fca264274f, Parent: golden_egg
Element Type: object, Key: golden_egg, Parent: local_pub_north
New Element created: poison-vial, Parent: local_pub_north
New Element created: , Parent: poison-vial
New Element created: , Parent: poison-vial
New Element created: , Parent: cb3e59df-c56d-40aa-bb34-4f90a18056f8
Returning row-index: 13
New Element created: , Parent: poison-vial
New Element created: , Parent: 6396c080-d2d5-4bdc-8f7a-ec506e3a08cd
Returning row-index: 22
New Element created: , Parent: poison-vial
New Element created: , Parent: 016fef37-5b84-4a23-b680-348af2a847ac
Returning row: 26
New Element created: , Parent: poison-vial
New Element created: , Parent: ca3070f6-4bff-4a37-984c-98544f35b109
Returning row: 31
New Element created: , Parent: poison-vial
New Element created: , Parent: 62fed2c3-c7fb-4679-82ab-109c7382da6d
Returning row: 35
Returning row-index: 36
Element Type: enter_message, Key: 6c4d4e57-5b35-4963-ab6c-b3c83c5db68b, Parent: poison-vial
Element Type: message, Key: 654b7854-23e0-463b-b781-68f982e15198, Parent: cb3e59df-c56d-40aa-bb34-4f90a18056f8
Element Type: look, Key: cb3e59df-c56d-40aa-bb34-4f90a18056f8, Parent: poison-vial
Element Type: message, Key: 5dd8cc21-0faa-43c9-8bd4-5d6ac0c4ea84, Parent: 6396c080-d2d5-4bdc-8f7a-ec506e3a08cd
Element Type: inspect, Key: 6396c080-d2d5-4bdc-8f7a-ec506e3a08cd, Parent: poison-vial
Element Type: action, Key: 2fd6a9ca-00e3-43bf-a914-1e9ada10b237, Parent: 016fef37-5b84-4a23-b680-348af2a847ac
Element Type: drink, Key: 016fef37-5b84-4a23-b680-348af2a847ac, Parent: poison-vial
Element Type: action, Key: 3ad845f3-0b2f-4bb2-8fb7-459aaacb24ea, Parent: ca3070f6-4bff-4a37-984c-98544f35b109
Element Type: input, Key: ca3070f6-4bff-4a37-984c-98544f35b109, Parent: poison-vial
Element Type: action, Key: 6c2d2038-87f9-4ea1-bc08-9f3d2eeb9c78, Parent: 62fed2c3-c7fb-4679-82ab-109c7382da6d
Element Type: input, Key: 62fed2c3-c7fb-4679-82ab-109c7382da6d, Parent: poison-vial
Element Type: object, Key: poison-vial, Parent: local_pub_north
New Element created: local_pub_north, Parent: root
New Element created: , Parent: local_pub_north
New Element created: , Parent: local_pub_north
New Element created: , Parent: 13675213-3793-41f1-83e7-2e173a2a8439
Returning row-index: 18
New Element created: , Parent: local_pub_north
New Element created: , Parent: 07c640b9-af35-49d5-8f89-87398c8e6c39
Returning row: 22
New Element created: , Parent: local_pub_north
New Element created: , Parent: 867a5a8e-afa3-4cfc-bc59-4d8d96397aec
Returning row-index: 30
Returning row-index: 31
Element Type: enter_message, Key: fd11d849-cef1-428d-8f1c-7ad25028b849, Parent: local_pub_north
Element Type: message, Key: 1edcec97-5407-4a48-8c9f-2c3d0eb9a973, Parent: 13675213-3793-41f1-83e7-2e173a2a8439
Element Type: look, Key: 13675213-3793-41f1-83e7-2e173a2a8439, Parent: local_pub_north
Element Type: action, Key: 0ab210ff-15d6-4567-8eff-754bde7e5058, Parent: 07c640b9-af35-49d5-8f89-87398c8e6c39
Element Type: input, Key: 07c640b9-af35-49d5-8f89-87398c8e6c39, Parent: local_pub_north
Element Type: move, Key: 9cbbf1ee-3882-4aac-911d-d98090734ad1, Parent: 867a5a8e-afa3-4cfc-bc59-4d8d96397aec
Element Type: input, Key: 867a5a8e-afa3-4cfc-bc59-4d8d96397aec, Parent: local_pub_north
Element Type: room, Key: local_pub_north, Parent: root
New Element created: local_pub, Parent: root
New Element created: , Parent: local_pub
New Element created: , Parent: local_pub
New Element created: , Parent: aba89796-c52b-4df0-9037-0dd5f4c390c5
New Element created: , Parent: aba89796-c52b-4df0-9037-0dd5f4c390c5
Returning row-index: 19
New Element created: , Parent: local_pub
New Element created: , Parent: 737646d3-0cc4-4149-ab74-36da0a218d54
Returning row: 24
New Element created: , Parent: 737646d3-0cc4-4149-ab74-36da0a218d54
Returning row: 25
New Element created: , Parent: local_pub
New Element created: , Parent: 80f55488-5ea2-4938-b955-52ce12436781
Returning row-index: 33
Returning row-index: 34
Element Type: enter_message, Key: 625cd733-2459-4d34-9bb3-ac2a78237f25, Parent: local_pub
Element Type: message, Key: c7840443-9ceb-4d01-9f1b-19411fa55125, Parent: aba89796-c52b-4df0-9037-0dd5f4c390c5
Element Type: message, Key: 39631abb-5f6d-42ca-8ae1-af01ea227f65, Parent: aba89796-c52b-4df0-9037-0dd5f4c390c5
Element Type: look, Key: aba89796-c52b-4df0-9037-0dd5f4c390c5, Parent: local_pub
Element Type: action, Key: c76374f6-9285-4d88-8592-d70e236977e1, Parent: 737646d3-0cc4-4149-ab74-36da0a218d54
Element Type: set, Key: 5db172e6-26cb-490f-a656-28a46d8531a4, Parent: 737646d3-0cc4-4149-ab74-36da0a218d54
Element Type: input, Key: 737646d3-0cc4-4149-ab74-36da0a218d54, Parent: local_pub
Element Type: move, Key: 37a3a4d0-7229-42eb-8925-ba5c5429c789, Parent: 80f55488-5ea2-4938-b955-52ce12436781
Element Type: input, Key: 80f55488-5ea2-4938-b955-52ce12436781, Parent: local_pub
Element Type: room, Key: local_pub, Parent: root
New Element created: thief_01, Parent: local_pub
New Element created: thief_01_life, Parent: thief_01
Returning row: 1
New Element created: thief_01_strength, Parent: thief_01
Returning row: 2
New Element created: thief_01_intelligence, Parent: thief_01
Returning row: 3
New Element created: thief_01_cunning, Parent: thief_01
Returning row: 4
New Element created: thief_01_gold, Parent: thief_01
Returning row: 5
New Element created: thief_01_armed, Parent: thief_01
Returning row: 6
New Element created: thief_01_msg_idx, Parent: thief_01
Returning row: 8
New Element created: stolen_shortsword_01, Parent: thief_01
New Element created: , Parent: stolen_shortsword_01
Returning row: 11
New Element created: thief_01_travel, Parent: thief_01
Returning row: 15
New Element created: , Parent: thief_01
New Element created: , Parent: c9813185-18a8-41e1-aa2a-193239f3f5b4
New Element created: , Parent: c9813185-18a8-41e1-aa2a-193239f3f5b4
New Element created: , Parent: c9813185-18a8-41e1-aa2a-193239f3f5b4
Returning row-index: 33
New Element created: , Parent: thief_01
New Element created: , Parent: d6edb344-617b-4bc2-aec3-923d348e6923
New Element created: , Parent: d6edb344-617b-4bc2-aec3-923d348e6923
New Element created: , Parent: d6edb344-617b-4bc2-aec3-923d348e6923
Returning row-index: 51
Returning row-index: 52
Element Type: attribute, Key: thief_01_life, Parent: thief_01
Element Type: attribute, Key: thief_01_strength, Parent: thief_01
Element Type: attribute, Key: thief_01_intelligence, Parent: thief_01
Element Type: attribute, Key: thief_01_cunning, Parent: thief_01
Element Type: attribute, Key: thief_01_gold, Parent: thief_01
Element Type: attribute, Key: thief_01_armed, Parent: thief_01
Element Type: attribute, Key: thief_01_msg_idx, Parent: thief_01
Element Type: attribute, Key: ed6b64e5-79ad-46a7-ba73-95463a808aa9, Parent: stolen_shortsword_01
Element Type: weapon, Key: stolen_shortsword_01, Parent: thief_01
Element Type: travel, Key: thief_01_travel, Parent: thief_01
Element Type: message, Key: b56bb8b0-60c1-4548-acf9-b262fa847a60, Parent: c9813185-18a8-41e1-aa2a-193239f3f5b4
Element Type: message, Key: 9a29b691-7678-45c9-b35e-cd06e999b9cb, Parent: c9813185-18a8-41e1-aa2a-193239f3f5b4
Element Type: message, Key: 33fce35d-2eca-4a9d-a048-aab5ef57c1cf, Parent: c9813185-18a8-41e1-aa2a-193239f3f5b4
Element Type: enter_message, Key: c9813185-18a8-41e1-aa2a-193239f3f5b4, Parent: thief_01
Element Type: message, Key: 955ecb48-c540-47ee-b5c5-4cff7d0e8a26, Parent: d6edb344-617b-4bc2-aec3-923d348e6923
Element Type: message, Key: b628d762-a626-46e6-979b-07de9c9ae5ed, Parent: d6edb344-617b-4bc2-aec3-923d348e6923
Element Type: message, Key: af7f112b-e750-474c-8ccb-c1f2919dc052, Parent: d6edb344-617b-4bc2-aec3-923d348e6923
Element Type: look, Key: d6edb344-617b-4bc2-aec3-923d348e6923, Parent: thief_01
Element Type: npc, Key: thief_01, Parent: local_pub
New Element created: game, Parent: root
New Element created: , Parent: game
New Element created: die_message, Parent: game
Returning row-index: 30
Element Type: enter_message, Key: 8bdf6e14-9848-4892-9b56-89c571ca0e95, Parent: game
Element Type: , Key: die_message, Parent: game
Element Type: game, Key: game, Parent: root
New Element created: global01, Parent: root
New Element created: , Parent: global01
New Element created: , Parent: fd4d132e-1388-4e59-9bc6-b2a772548e57
Returning row: 2
New Element created: , Parent: global01
New Element created: , Parent: 6b7e6ecb-1ea7-4e44-b37d-330beefff615
Returning row: 5
New Element created: , Parent: global01
New Element created: , Parent: e1259adb-a91a-43eb-ac67-3745fe4e83a4
New Element created: , Parent: 0d95badb-f109-4be2-b7e5-6ac20bb7ef19
Returning row-index: 14
Returning row-index: 15
New Element created: day_string, Parent: global01
New Element created: , Parent: day_string
New Element created: , Parent: f47ccce7-cc4b-4ec9-a968-bf87ea655c14
New Element created: , Parent: f47ccce7-cc4b-4ec9-a968-bf87ea655c14
Returning row-index: 30
New Element created: , Parent: day_string
New Element created: , Parent: 7e04d2b1-eebf-490e-93e0-258cf6e124d0
New Element created: , Parent: 7e04d2b1-eebf-490e-93e0-258cf6e124d0
Returning row-index: 44
Returning row-index: 45
Returning row-index: 46
Element Type: action, Key: ba9abd2b-094e-4951-99e3-0bfa7c44ff27, Parent: fd4d132e-1388-4e59-9bc6-b2a772548e57
Element Type: input, Key: fd4d132e-1388-4e59-9bc6-b2a772548e57, Parent: global01
Element Type: action, Key: d510b386-1c51-4f57-a035-f6d79ca7caf5, Parent: 6b7e6ecb-1ea7-4e44-b37d-330beefff615
Element Type: input, Key: 6b7e6ecb-1ea7-4e44-b37d-330beefff615, Parent: global01
Element Type: message, Key: 4c3cbbd1-387d-4eb6-9733-55c55d946667, Parent: 0d95badb-f109-4be2-b7e5-6ac20bb7ef19
Element Type: set, Key: 0d95badb-f109-4be2-b7e5-6ac20bb7ef19, Parent: e1259adb-a91a-43eb-ac67-3745fe4e83a4
Element Type: input, Key: e1259adb-a91a-43eb-ac67-3745fe4e83a4, Parent: global01
Element Type: logic, Key: 154f19b3-edf0-46a7-8c70-567a099cde95, Parent: f47ccce7-cc4b-4ec9-a968-bf87ea655c14
Element Type: message, Key: d3630b0f-70d5-4566-84fb-8e15059fd83c, Parent: f47ccce7-cc4b-4ec9-a968-bf87ea655c14
Element Type: action, Key: f47ccce7-cc4b-4ec9-a968-bf87ea655c14, Parent: day_string
Element Type: logic, Key: 42d47e3b-8131-4282-ba6c-532e424b0e0e, Parent: 7e04d2b1-eebf-490e-93e0-258cf6e124d0
Element Type: message, Key: eeb76b04-fe1e-46f9-a4be-5ea7be85f2fe, Parent: 7e04d2b1-eebf-490e-93e0-258cf6e124d0
Element Type: action, Key: 7e04d2b1-eebf-490e-93e0-258cf6e124d0, Parent: day_string
Element Type: , Key: day_string, Parent: global01
Element Type: global, Key: global01, Parent: root
New Element created: player, Parent: local_pub
New Element created: player_life, Parent: player
Returning row: 1
New Element created: player_strength, Parent: player
Returning row: 2
New Element created: player_intelligence, Parent: player
Returning row: 3
New Element created: player_cunning, Parent: player
Returning row: 4
New Element created: player_gold, Parent: player
Returning row: 5
New Element created: player_armed, Parent: player
Returning row: 6
New Element created: longsword_01, Parent: player
New Element created: , Parent: longsword_01
Returning row: 9
Returning row-index: 10
Element Type: attribute, Key: player_life, Parent: player
Element Type: attribute, Key: player_strength, Parent: player
Element Type: attribute, Key: player_intelligence, Parent: player
Element Type: attribute, Key: player_cunning, Parent: player
Element Type: attribute, Key: player_gold, Parent: player
Element Type: attribute, Key: player_armed, Parent: player
Element Type: attribute, Key: 6f446bde-e7e9-447c-a295-a98685b33052, Parent: longsword_01
Element Type: weapon, Key: longsword_01, Parent: player
Element Type: player, Key: player, Parent: local_pub
