New Element created: golden_egg, Parent: local_pub_north
New Element created: egg_visible, Parent: golden_egg
Returning row: 1
New Element created: , Parent: golden_egg
New Element created: , Parent: golden_egg
New Element created: , Parent: 4b7ede2a-9d92-4690-9587-3b03fad74318
Returning row-index: 15
New Element created: , Parent: golden_egg
New Element created: , Parent: 6aa5f703-ab82-4f25-a320-3d0f71f0334a
New Element created: , Parent: 6aa5f703-ab82-4f25-a320-3d0f71f0334a
Returning row-index: 29
New Element created: , Parent: golden_egg
New Element created: , Parent: cec91dea-3bdd-4796-be0a-ff837f664cd9
Returning row-index: 38
New Element created: , Parent: golden_egg
New Element created: , Parent: a57d68d3-7927-46f4-b27d-36bb0dbbe653
Returning row: 43
New Element created: , Parent: golden_egg
New Element created: , Parent: 55b45378-a00f-4597-8f85-f748680d0eb3
Returning row: 47
New Element created: , Parent: 55b45378-a00f-4597-8f85-f748680d0eb3
Returning row-index: 54
New Element created: , Parent: golden_egg
New Element created: , Parent: bc3f77a9-75b4-40e5-9550-f8682db0af3a
Returning row: 59
New Element created: , Parent: bc3f77a9-75b4-40e5-9550-f8682db0af3a
Returning row-index: 66
New Element created: , Parent: golden_egg
New Element created: , Parent: 137ac740-ffd6-4116-935c-9775676df1c4
New Element created: , Parent: 137ac740-ffd6-4116-935c-9775676df1c4
Returning row: 81
Returning row-index: 82
Element Type: attribute, Key: egg_visible, Parent: golden_egg
Element Type: enter_message, Key: 0918ad8e-c2ec-4667-94e0-034e9726390f, Parent: golden_egg
Element Type: message, Key: 933a1abe-c69a-4cc8-849b-46ce24e4c7f7, Parent: 4b7ede2a-9d92-4690-9587-3b03fad74318
Element Type: look, Key: 4b7ede2a-9d92-4690-9587-3b03fad74318, Parent: golden_egg
Element Type: logic, Key: 95b66ec3-fe6f-4b5f-8de2-e69cd383db24, Parent: 6aa5f703-ab82-4f25-a320-3d0f71f0334a
Element Type: message, Key: a51ec7f4-b93a-4453-97e7-c3ff5800e567, Parent: 6aa5f703-ab82-4f25-a320-3d0f71f0334a
Element Type: inspect, Key: 6aa5f703-ab82-4f25-a320-3d0f71f0334a, Parent: golden_egg
Element Type: message, Key: c4dc0ac5-b9ca-4add-814a-e4d24f21a02c, Parent: cec91dea-3bdd-4796-be0a-ff837f664cd9
Element Type: use_egg, Key: cec91dea-3bdd-4796-be0a-ff837f664cd9, Parent: golden_egg
Element Type: action, Key: ddc81a6c-a9e4-4e7e-a409-49f0aa089ee7, Parent: a57d68d3-7927-46f4-b27d-36bb0dbbe653
Element Type: input, Key: a57d68d3-7927-46f4-b27d-36bb0dbbe653, Parent: golden_egg
Element Type: set, Key: f3048d77-20c4-4d07-aaf8-cf3bb072113d, Parent: 55b45378-a00f-4597-8f85-f748680d0eb3
Element Type: move, Key: 49e8bbfb-74ca-47da-bb29-9def6cde3598, Parent: 55b45378-a00f-4597-8f85-f748680d0eb3
Element Type: input, Key: 55b45378-a00f-4597-8f85-f748680d0eb3, Parent: golden_egg
Element Type: set, Key: 209f95f0-dd42-40ea-a1be-987efadc9660, Parent: bc3f77a9-75b4-40e5-9550-f8682db0af3a
Element Type: move, Key: 2ac9ede4-da2c-482c-840d-25e6f8be2c0a, Parent: bc3f77a9-75b4-40e5-9550-f8682db0af3a
Element Type: input, Key: bc3f77a9-75b4-40e5-9550-f8682db0af3a, Parent: golden_egg
Element Type: logic, Key: b3d2d117-55c5-4265-8224-0870da20db7c, Parent: 137ac740-ffd6-4116-935c-9775676df1c4
Element Type: action, Key: 48cf8187-efeb-44e2-b70f-476c4710b693, Parent: 137ac740-ffd6-4116-935c-9775676df1c4
Element Type: input, Key: 137ac740-ffd6-4116-935c-9775676df1c4, Parent: golden_egg
Element Type: object, Key: golden_egg, Parent: local_pub_north
New Element created: poison-vial, Parent: local_pub_north
New Element created: , Parent: poison-vial
New Element created: , Parent: poison-vial
New Element created: , Parent: 83a89d44-b513-40cb-8865-d2fdf4d055cb
Returning row-index: 13
New Element created: , Parent: poison-vial
New Element created: , Parent: 93abedd2-de98-4c4e-8748-2c7d0fa6deb1
Returning row-index: 22
New Element created: , Parent: poison-vial
New Element created: , Parent: ca18e7af-bc5b-4ce5-be20-eb1bfc1d1797
Returning row: 26
New Element created: , Parent: poison-vial
New Element created: , Parent: 483033e7-41af-4142-b905-e8a1ffc9ccdd
Returning row: 31
New Element created: , Parent: poison-vial
New Element created: , Parent: 6cefe254-ae6d-483c-8e70-387d9bcb53ee
Returning row: 35
Returning row-index: 36
Element Type: enter_message, Key: 8b751e98-c9af-40dc-94c7-e51808bb8c06, Parent: poison-vial
Element Type: message, Key: 6d19dcb5-b45c-4fda-82d5-bdbf079ea797, Parent: 83a89d44-b513-40cb-8865-d2fdf4d055cb
Element Type: look, Key: 83a89d44-b513-40cb-8865-d2fdf4d055cb, Parent: poison-vial
Element Type: message, Key: 1c6a7985-4f7b-4893-8112-18dce02b39bd, Parent: 93abedd2-de98-4c4e-8748-2c7d0fa6deb1
Element Type: inspect, Key: 93abedd2-de98-4c4e-8748-2c7d0fa6deb1, Parent: poison-vial
Element Type: action, Key: f174dda3-6307-42bb-a07f-5116dace8c0c, Parent: ca18e7af-bc5b-4ce5-be20-eb1bfc1d1797
Element Type: drink, Key: ca18e7af-bc5b-4ce5-be20-eb1bfc1d1797, Parent: poison-vial
Element Type: action, Key: a4e69542-f63a-4179-9d5b-22f8c799951c, Parent: 483033e7-41af-4142-b905-e8a1ffc9ccdd
Element Type: input, Key: 483033e7-41af-4142-b905-e8a1ffc9ccdd, Parent: poison-vial
Element Type: action, Key: d2f115d1-4876-4da2-88d6-2759ebedd23d, Parent: 6cefe254-ae6d-483c-8e70-387d9bcb53ee
Element Type: input, Key: 6cefe254-ae6d-483c-8e70-387d9bcb53ee, Parent: poison-vial
Element Type: object, Key: poison-vial, Parent: local_pub_north
New Element created: local_pub_north, Parent: root
New Element created: , Parent: local_pub_north
New Element created: , Parent: local_pub_north
New Element created: , Parent: 404d69a1-08a7-4b93-91a6-76e578499f19
Returning row-index: 18
New Element created: , Parent: local_pub_north
New Element created: , Parent: a742bb58-f8d8-46b6-a879-30fe3acec432
Returning row: 22
New Element created: , Parent: local_pub_north
New Element created: , Parent: d83e9aba-a368-48ae-8563-a179f8be270e
Returning row-index: 30
Returning row-index: 31
Element Type: enter_message, Key: d4412364-e774-4bbc-8995-0b137b20b697, Parent: local_pub_north
Element Type: message, Key: 80ce3552-9d90-404d-88b6-ee4bb692e595, Parent: 404d69a1-08a7-4b93-91a6-76e578499f19
Element Type: look, Key: 404d69a1-08a7-4b93-91a6-76e578499f19, Parent: local_pub_north
Element Type: action, Key: cd67fe37-3c29-4bf2-b19b-f6c9134eb823, Parent: a742bb58-f8d8-46b6-a879-30fe3acec432
Element Type: input, Key: a742bb58-f8d8-46b6-a879-30fe3acec432, Parent: local_pub_north
Element Type: move, Key: be5bcb82-ce26-4937-b0c3-e26c423139b6, Parent: d83e9aba-a368-48ae-8563-a179f8be270e
Element Type: input, Key: d83e9aba-a368-48ae-8563-a179f8be270e, Parent: local_pub_north
Element Type: room, Key: local_pub_north, Parent: root
New Element created: local_pub, Parent: root
New Element created: , Parent: local_pub
New Element created: , Parent: local_pub
New Element created: , Parent: e7e48e06-b4e2-4a6d-b70c-bd258818cdc8
New Element created: , Parent: e7e48e06-b4e2-4a6d-b70c-bd258818cdc8
Returning row-index: 19
New Element created: , Parent: local_pub
New Element created: , Parent: fe49dd44-c914-4c67-a965-fca8c5509983
Returning row: 24
New Element created: , Parent: fe49dd44-c914-4c67-a965-fca8c5509983
Returning row: 25
New Element created: , Parent: local_pub
New Element created: , Parent: b6b0e260-e076-4cc8-82df-730aec19110f
Returning row-index: 33
Returning row-index: 34
Element Type: enter_message, Key: c38f2a2a-9949-4a98-9a1f-42a322b81190, Parent: local_pub
Element Type: message, Key: 4978df90-5aa7-4478-baf4-1c2fe69bd905, Parent: e7e48e06-b4e2-4a6d-b70c-bd258818cdc8
Element Type: message, Key: c349d004-c437-47b4-bdac-6d169afd9c59, Parent: e7e48e06-b4e2-4a6d-b70c-bd258818cdc8
Element Type: look, Key: e7e48e06-b4e2-4a6d-b70c-bd258818cdc8, Parent: local_pub
Element Type: action, Key: 2393b0eb-d2fe-4801-96b9-67b98e826868, Parent: fe49dd44-c914-4c67-a965-fca8c5509983
Element Type: set, Key: 7d39c5c9-e306-460d-888f-ee8e66c729bd, Parent: fe49dd44-c914-4c67-a965-fca8c5509983
Element Type: input, Key: fe49dd44-c914-4c67-a965-fca8c5509983, Parent: local_pub
Element Type: move, Key: 36f9e040-5562-40cc-8585-da91e0f8306e, Parent: b6b0e260-e076-4cc8-82df-730aec19110f
Element Type: input, Key: b6b0e260-e076-4cc8-82df-730aec19110f, Parent: local_pub
Element Type: room, Key: local_pub, Parent: root
New Element created: thief_01, Parent: local_pub
New Element created: thief_01_life, Parent: thief_01
Returning row: 1
New Element created: thief_01_strength, Parent: thief_01
Returning row: 2
New Element created: thief_01_intelligence, Parent: thief_01
Returning row: 3
New Element created: thief_01_cunning, Parent: thief_01
Returning row: 4
New Element created: thief_01_gold, Parent: thief_01
Returning row: 5
New Element created: thief_01_armed, Parent: thief_01
Returning row: 6
New Element created: thief_01_msg_idx, Parent: thief_01
Returning row: 8
New Element created: stolen_shortsword_01, Parent: thief_01
New Element created: , Parent: stolen_shortsword_01
Returning row: 11
New Element created: thief_01_travel, Parent: thief_01
Returning row: 15
New Element created: , Parent: thief_01
New Element created: , Parent: f488aa2c-9e54-4843-82c6-1329340bc4ac
New Element created: , Parent: f488aa2c-9e54-4843-82c6-1329340bc4ac
New Element created: , Parent: f488aa2c-9e54-4843-82c6-1329340bc4ac
Returning row-index: 33
New Element created: , Parent: thief_01
New Element created: , Parent: 92c5e361-e50d-4049-9897-2af11f6b5b4a
New Element created: , Parent: 92c5e361-e50d-4049-9897-2af11f6b5b4a
New Element created: , Parent: 92c5e361-e50d-4049-9897-2af11f6b5b4a
Returning row-index: 51
Returning row-index: 52
Element Type: attribute, Key: thief_01_life, Parent: thief_01
Element Type: attribute, Key: thief_01_strength, Parent: thief_01
Element Type: attribute, Key: thief_01_intelligence, Parent: thief_01
Element Type: attribute, Key: thief_01_cunning, Parent: thief_01
Element Type: attribute, Key: thief_01_gold, Parent: thief_01
Element Type: attribute, Key: thief_01_armed, Parent: thief_01
Element Type: attribute, Key: thief_01_msg_idx, Parent: thief_01
Element Type: attribute, Key: 8b5a63c1-d2d2-431a-8cdd-0f7dc0e3f53a, Parent: stolen_shortsword_01
Element Type: weapon, Key: stolen_shortsword_01, Parent: thief_01
Element Type: travel, Key: thief_01_travel, Parent: thief_01
Element Type: message, Key: 9b317776-48a3-4fdb-a18d-4cfa971007ea, Parent: f488aa2c-9e54-4843-82c6-1329340bc4ac
Element Type: message, Key: 3bdb29c0-1280-454d-a32e-231b809117a3, Parent: f488aa2c-9e54-4843-82c6-1329340bc4ac
Element Type: message, Key: 42350d97-57b4-4f59-a1dd-dae7f18ef86c, Parent: f488aa2c-9e54-4843-82c6-1329340bc4ac
Element Type: enter_message, Key: f488aa2c-9e54-4843-82c6-1329340bc4ac, Parent: thief_01
Element Type: message, Key: 67274d90-8d9c-43e9-b839-cd9592bf0b56, Parent: 92c5e361-e50d-4049-9897-2af11f6b5b4a
Element Type: message, Key: e789391f-c76b-4f1e-bb39-432e72d8b03a, Parent: 92c5e361-e50d-4049-9897-2af11f6b5b4a
Element Type: message, Key: 30d9eec0-d26a-42f1-ae13-d67dd2a89b33, Parent: 92c5e361-e50d-4049-9897-2af11f6b5b4a
Element Type: look, Key: 92c5e361-e50d-4049-9897-2af11f6b5b4a, Parent: thief_01
Element Type: npc, Key: thief_01, Parent: local_pub
New Element created: game, Parent: root
New Element created: , Parent: game
New Element created: die_message, Parent: game
Returning row-index: 30
Element Type: enter_message, Key: aa455f93-2f47-468f-b6d1-c321facc7f43, Parent: game
Element Type: , Key: die_message, Parent: game
Element Type: game, Key: game, Parent: root
New Element created: global01, Parent: root
New Element created: , Parent: global01
New Element created: , Parent: 620e0392-92aa-4aff-ad39-6d07971af6df
Returning row: 2
New Element created: , Parent: global01
New Element created: , Parent: 9a6d3701-43f2-410b-a313-280d68529d41
Returning row: 5
New Element created: , Parent: global01
New Element created: , Parent: d18f88be-abe5-45b5-b4e0-7e76473cc9fb
New Element created: , Parent: ed6fbd1e-ef1f-48d5-96c7-a29818542d2a
Returning row-index: 14
Returning row-index: 15
New Element created: day_string, Parent: global01
New Element created: , Parent: day_string
New Element created: , Parent: 865bb032-7100-4dc6-a0f5-b6d3d2a5a852
New Element created: , Parent: 865bb032-7100-4dc6-a0f5-b6d3d2a5a852
Returning row-index: 30
New Element created: , Parent: day_string
New Element created: , Parent: 6901f880-d9f2-438e-8a31-2fec232233fa
New Element created: , Parent: 6901f880-d9f2-438e-8a31-2fec232233fa
Returning row-index: 44
Returning row-index: 45
Returning row-index: 46
Element Type: action, Key: 5035f2f4-24a8-4360-bb91-aade17dd069b, Parent: 620e0392-92aa-4aff-ad39-6d07971af6df
Element Type: input, Key: 620e0392-92aa-4aff-ad39-6d07971af6df, Parent: global01
Element Type: action, Key: 299014ca-2c8e-4265-8fc6-516a14e5c2cf, Parent: 9a6d3701-43f2-410b-a313-280d68529d41
Element Type: input, Key: 9a6d3701-43f2-410b-a313-280d68529d41, Parent: global01
Element Type: message, Key: 65ce2976-ba8d-409c-8561-5420d9c15069, Parent: ed6fbd1e-ef1f-48d5-96c7-a29818542d2a
Element Type: set, Key: ed6fbd1e-ef1f-48d5-96c7-a29818542d2a, Parent: d18f88be-abe5-45b5-b4e0-7e76473cc9fb
Element Type: input, Key: d18f88be-abe5-45b5-b4e0-7e76473cc9fb, Parent: global01
Element Type: logic, Key: 542a03bf-d0d9-47f0-8187-d7e02b18592a, Parent: 865bb032-7100-4dc6-a0f5-b6d3d2a5a852
Element Type: message, Key: d6336017-da3a-4658-9a8b-0f64463ee3c8, Parent: 865bb032-7100-4dc6-a0f5-b6d3d2a5a852
Element Type: action, Key: 865bb032-7100-4dc6-a0f5-b6d3d2a5a852, Parent: day_string
Element Type: logic, Key: 656e5334-8897-42c8-b292-ca00b277e9e1, Parent: 6901f880-d9f2-438e-8a31-2fec232233fa
Element Type: message, Key: 380d4842-63bd-403c-9dd2-b2864a63bcd6, Parent: 6901f880-d9f2-438e-8a31-2fec232233fa
Element Type: action, Key: 6901f880-d9f2-438e-8a31-2fec232233fa, Parent: day_string
Element Type: , Key: day_string, Parent: global01
Element Type: global, Key: global01, Parent: root
New Element created: player, Parent: local_pub
New Element created: player_life, Parent: player
Returning row: 1
New Element created: player_strength, Parent: player
Returning row: 2
New Element created: player_intelligence, Parent: player
Returning row: 3
New Element created: player_cunning, Parent: player
Returning row: 4
New Element created: player_gold, Parent: player
Returning row: 5
New Element created: player_armed, Parent: player
Returning row: 6
New Element created: longsword_01, Parent: player
New Element created: , Parent: longsword_01
Returning row: 9
Returning row-index: 10
Element Type: attribute, Key: player_life, Parent: player
Element Type: attribute, Key: player_strength, Parent: player
Element Type: attribute, Key: player_intelligence, Parent: player
Element Type: attribute, Key: player_cunning, Parent: player
Element Type: attribute, Key: player_gold, Parent: player
Element Type: attribute, Key: player_armed, Parent: player
Element Type: attribute, Key: ae862bca-8631-4d47-bf2b-7ccfa48bc1b2, Parent: longsword_01
Element Type: weapon, Key: longsword_01, Parent: player
Element Type: player, Key: player, Parent: local_pub
