New Element created: golden_egg, Parent: local_pub_north
New Element created: egg_visible, Parent: golden_egg
Returning row: 1
New Element created: , Parent: golden_egg
New Element created: , Parent: golden_egg
New Element created: , Parent: d869131b-ef55-48d7-ba81-c8d6df502a40
Returning row-index: 15
New Element created: , Parent: golden_egg
New Element created: , Parent: 74c43f1f-6d43-483e-ae9a-790efbaaa061
New Element created: , Parent: 74c43f1f-6d43-483e-ae9a-790efbaaa061
Returning row-index: 29
New Element created: , Parent: golden_egg
New Element created: , Parent: 4cab7646-569c-4078-95a3-e81650d813c2
Returning row-index: 38
New Element created: , Parent: golden_egg
New Element created: , Parent: f9962ce9-2b54-4067-ad7a-a5b6eb2697ef
Returning row: 43
New Element created: , Parent: golden_egg
New Element created: , Parent: 38d91f5c-f5ab-432b-89a3-a624d15312e3
Returning row: 47
New Element created: , Parent: 38d91f5c-f5ab-432b-89a3-a624d15312e3
Returning row-index: 54
New Element created: , Parent: golden_egg
New Element created: , Parent: 2c545e3c-bff1-4625-9f26-03d811c428c6
Returning row: 61
New Element created: , Parent: 2c545e3c-bff1-4625-9f26-03d811c428c6
Returning row-index: 68
New Element created: , Parent: golden_egg
New Element created: , Parent: f0863dde-15ed-4a3d-8097-bcebea43d577
New Element created: , Parent: f0863dde-15ed-4a3d-8097-bcebea43d577
Returning row: 83
Returning row-index: 84
Element Type: attribute, Key: egg_visible, Parent: golden_egg
Element Type: enter_message, Key: e2c4ed25-66b2-4584-876c-bb8db6b3909d, Parent: golden_egg
Element Type: message, Key: a817c407-5280-4981-8049-7ac053fdd0f1, Parent: d869131b-ef55-48d7-ba81-c8d6df502a40
Element Type: look, Key: d869131b-ef55-48d7-ba81-c8d6df502a40, Parent: golden_egg
Element Type: logic, Key: bb0e772f-2e15-437c-bf91-aa5e2d57ba89, Parent: 74c43f1f-6d43-483e-ae9a-790efbaaa061
Element Type: message, Key: c00a270e-d90f-4e1b-8ab8-c5d51028bd1d, Parent: 74c43f1f-6d43-483e-ae9a-790efbaaa061
Element Type: inspect, Key: 74c43f1f-6d43-483e-ae9a-790efbaaa061, Parent: golden_egg
Element Type: message, Key: aca6bcd3-661d-49a5-a5fd-622689887660, Parent: 4cab7646-569c-4078-95a3-e81650d813c2
Element Type: use_egg, Key: 4cab7646-569c-4078-95a3-e81650d813c2, Parent: golden_egg
Element Type: action, Key: 09e92827-6997-432c-8761-f70edd09b86b, Parent: f9962ce9-2b54-4067-ad7a-a5b6eb2697ef
Element Type: input, Key: f9962ce9-2b54-4067-ad7a-a5b6eb2697ef, Parent: golden_egg
Element Type: set, Key: 91a7edb3-50c8-4229-8732-9197d14e9ded, Parent: 38d91f5c-f5ab-432b-89a3-a624d15312e3
Element Type: move, Key: 60144999-8c8a-4880-934e-0ddc9a96e075, Parent: 38d91f5c-f5ab-432b-89a3-a624d15312e3
Element Type: input, Key: 38d91f5c-f5ab-432b-89a3-a624d15312e3, Parent: golden_egg
Element Type: set, Key: 01ba9fcf-6cae-48bf-92bc-7c538ca72427, Parent: 2c545e3c-bff1-4625-9f26-03d811c428c6
Element Type: move, Key: 7e21e215-2a38-4fc2-a398-45e8cdb806fd, Parent: 2c545e3c-bff1-4625-9f26-03d811c428c6
Element Type: input, Key: 2c545e3c-bff1-4625-9f26-03d811c428c6, Parent: golden_egg
Element Type: logic, Key: ee2e2805-7e2d-4796-a73a-bcad0835de64, Parent: f0863dde-15ed-4a3d-8097-bcebea43d577
Element Type: action, Key: c5fd8c79-0879-4ada-84ce-49e6dbd73e27, Parent: f0863dde-15ed-4a3d-8097-bcebea43d577
Element Type: input, Key: f0863dde-15ed-4a3d-8097-bcebea43d577, Parent: golden_egg
Element Type: object, Key: golden_egg, Parent: local_pub_north
New Element created: poison-vial, Parent: local_pub_north
New Element created: , Parent: poison-vial
New Element created: , Parent: poison-vial
New Element created: , Parent: 6873786c-484f-42b3-93c6-bc9785cb07aa
Returning row-index: 13
New Element created: , Parent: poison-vial
New Element created: , Parent: 27eb3f57-22e9-484d-baa9-78f796f3caa7
Returning row-index: 22
New Element created: , Parent: poison-vial
New Element created: , Parent: dcde381e-d0e4-4e75-a68a-ac114d5d5774
Returning row: 26
New Element created: , Parent: poison-vial
New Element created: , Parent: 2945b070-0785-4d97-9ab6-84d8c857f2d8
Returning row: 31
New Element created: , Parent: poison-vial
New Element created: , Parent: 5071eef5-0fb1-4b98-95ab-873ec83d6f9f
Returning row: 35
Returning row-index: 36
Element Type: enter_message, Key: b0a5a076-9d36-4c4b-95c8-a52749f624cf, Parent: poison-vial
Element Type: message, Key: 5889fa36-9f4c-4f70-ad7d-08f309647d0e, Parent: 6873786c-484f-42b3-93c6-bc9785cb07aa
Element Type: look, Key: 6873786c-484f-42b3-93c6-bc9785cb07aa, Parent: poison-vial
Element Type: message, Key: 7cff997a-d91c-40d5-a63a-81c2010211a1, Parent: 27eb3f57-22e9-484d-baa9-78f796f3caa7
Element Type: inspect, Key: 27eb3f57-22e9-484d-baa9-78f796f3caa7, Parent: poison-vial
Element Type: action, Key: 6f5b3644-3b6a-466f-b9cf-2aeda6f0a679, Parent: dcde381e-d0e4-4e75-a68a-ac114d5d5774
Element Type: drink, Key: dcde381e-d0e4-4e75-a68a-ac114d5d5774, Parent: poison-vial
Element Type: action, Key: b95a5474-4514-482d-9a07-3104cea0794a, Parent: 2945b070-0785-4d97-9ab6-84d8c857f2d8
Element Type: input, Key: 2945b070-0785-4d97-9ab6-84d8c857f2d8, Parent: poison-vial
Element Type: action, Key: c6283314-2234-4880-9bdf-2eeccfa0f467, Parent: 5071eef5-0fb1-4b98-95ab-873ec83d6f9f
Element Type: input, Key: 5071eef5-0fb1-4b98-95ab-873ec83d6f9f, Parent: poison-vial
Element Type: object, Key: poison-vial, Parent: local_pub_north
New Element created: local_pub_north, Parent: root
New Element created: , Parent: local_pub_north
New Element created: , Parent: local_pub_north
New Element created: , Parent: 044040d4-ca23-4534-91a1-f1c47b98d5fb
Returning row-index: 18
New Element created: , Parent: local_pub_north
New Element created: , Parent: fd99417c-6b1d-4aad-82a2-a1daa8b42339
Returning row: 22
New Element created: , Parent: local_pub_north
New Element created: , Parent: 174eb6c9-5555-4d6e-b0b4-ed69bdfdb51b
Returning row-index: 30
Returning row-index: 31
Element Type: enter_message, Key: e4c81649-5a22-4833-a671-daec14a81032, Parent: local_pub_north
Element Type: message, Key: 3d034850-98b4-4376-8812-d9a8b758f0f9, Parent: 044040d4-ca23-4534-91a1-f1c47b98d5fb
Element Type: look, Key: 044040d4-ca23-4534-91a1-f1c47b98d5fb, Parent: local_pub_north
Element Type: action, Key: a103fde1-4a1c-4a59-965a-3e329d61a7c5, Parent: fd99417c-6b1d-4aad-82a2-a1daa8b42339
Element Type: input, Key: fd99417c-6b1d-4aad-82a2-a1daa8b42339, Parent: local_pub_north
Element Type: move, Key: 908ed5e5-1a5f-430d-8759-31fe498b63ef, Parent: 174eb6c9-5555-4d6e-b0b4-ed69bdfdb51b
Element Type: input, Key: 174eb6c9-5555-4d6e-b0b4-ed69bdfdb51b, Parent: local_pub_north
Element Type: room, Key: local_pub_north, Parent: root
New Element created: local_pub, Parent: root
New Element created: , Parent: local_pub
New Element created: , Parent: local_pub
New Element created: , Parent: 2bfd3ec5-9949-4904-a35b-87ef63cf9a52
New Element created: , Parent: 2bfd3ec5-9949-4904-a35b-87ef63cf9a52
Returning row-index: 25
New Element created: , Parent: local_pub
New Element created: , Parent: e7102094-ebed-428c-aa61-51555804e183
Returning row: 30
New Element created: , Parent: e7102094-ebed-428c-aa61-51555804e183
Returning row: 31
New Element created: , Parent: local_pub
New Element created: , Parent: 2ca27e2c-18dd-4631-8c2d-5af2aec05766
Returning row-index: 39
Returning row-index: 40
Element Type: enter_message, Key: 8b1c00dd-de7a-44c9-b959-d4f19f1ae0a3, Parent: local_pub
Element Type: message, Key: 9b443bd7-d215-4290-ac9b-e8cf0897276e, Parent: 2bfd3ec5-9949-4904-a35b-87ef63cf9a52
Element Type: message, Key: b0b498b3-132c-4700-84e3-5339f4e189ab, Parent: 2bfd3ec5-9949-4904-a35b-87ef63cf9a52
Element Type: look, Key: 2bfd3ec5-9949-4904-a35b-87ef63cf9a52, Parent: local_pub
Element Type: action, Key: 1eb66a3c-95ce-4848-a4a8-cbbaa19d9a4d, Parent: e7102094-ebed-428c-aa61-51555804e183
Element Type: set, Key: 62938d8b-ee77-43fd-b395-f17501cbf298, Parent: e7102094-ebed-428c-aa61-51555804e183
Element Type: input, Key: e7102094-ebed-428c-aa61-51555804e183, Parent: local_pub
Element Type: move, Key: 9c26bd76-2ded-4014-bf03-11efa4ec333e, Parent: 2ca27e2c-18dd-4631-8c2d-5af2aec05766
Element Type: input, Key: 2ca27e2c-18dd-4631-8c2d-5af2aec05766, Parent: local_pub
Element Type: room, Key: local_pub, Parent: root
New Element created: thief_01, Parent: local_pub
New Element created: , Parent: thief_01
Returning row: 1
New Element created: , Parent: thief_01
Returning row: 2
New Element created: , Parent: thief_01
Returning row: 3
New Element created: , Parent: thief_01
Returning row: 4
New Element created: , Parent: thief_01
Returning row: 5
New Element created: , Parent: thief_01
Returning row: 6
New Element created: , Parent: thief_01
Returning row: 7
New Element created: , Parent: thief_01
Returning row: 8
New Element created: , Parent: thief_01
Returning row: 9
New Element created: , Parent: thief_01
Returning row: 10
New Element created: thief_01_msg_idx, Parent: thief_01
Returning row: 12
New Element created: stolen_shortsword_01, Parent: thief_01
New Element created: , Parent: stolen_shortsword_01
New Element created: , Parent: acdfa3f7-fd06-44e3-936b-3b2c69d25db1
Returning row: 16
New Element created: , Parent: acdfa3f7-fd06-44e3-936b-3b2c69d25db1
Returning row-index: 22
New Element created: thief_01_travel, Parent: stolen_shortsword_01
Returning row: 26
New Element created: , Parent: stolen_shortsword_01
New Element created: , Parent: a7e1fa16-36d2-4df6-b88d-aa1fc0a7aa29
New Element created: , Parent: a7e1fa16-36d2-4df6-b88d-aa1fc0a7aa29
New Element created: , Parent: a7e1fa16-36d2-4df6-b88d-aa1fc0a7aa29
Returning row-index: 44
New Element created: , Parent: stolen_shortsword_01
New Element created: , Parent: 164eb34b-aa6a-471d-8891-59ee0281d208
New Element created: , Parent: 164eb34b-aa6a-471d-8891-59ee0281d208
New Element created: , Parent: 164eb34b-aa6a-471d-8891-59ee0281d208
Returning row-index: 62
New Element created: , Parent: stolen_shortsword_01
New Element created: , Parent: 0f92a384-ba49-44e2-a9bf-1367448ae950
Returning row: 66
New Element created: , Parent: 0f92a384-ba49-44e2-a9bf-1367448ae950
Returning row-index: 71
New Element created: , Parent: stolen_shortsword_01
New Element created: , Parent: ff33c84a-b552-4934-9a0f-2dcb1c9da10b
New Element created: , Parent: 9a38eb6a-7b61-40f7-9a8c-e4d58c4c1850
Returning row: 77
New Element created: , Parent: 9a38eb6a-7b61-40f7-9a8c-e4d58c4c1850
Returning row: 78
Returning row-index: 79
Returning row-index: 80
Element Type: attribute, Key: c25c3832-4027-40f3-be82-67deeffb7ea4, Parent: thief_01
Element Type: attribute, Key: d47460b0-19e9-4e6a-947d-a39cd6f17ae0, Parent: thief_01
Element Type: attribute, Key: 5b84ee71-ce4b-44e3-bcab-64f4b753fffe, Parent: thief_01
Element Type: attribute, Key: cbb64867-0c83-43b0-b75a-a8cc281c3bd1, Parent: thief_01
Element Type: attribute, Key: d4625e43-699c-4655-b2c4-d242e6f95623, Parent: thief_01
Element Type: attribute, Key: 84a77a36-e171-4663-adff-2e8230ac1959, Parent: thief_01
Element Type: attribute, Key: 57ba64ba-03b9-43b2-9fbc-e7fb2e9ed5d9, Parent: thief_01
Element Type: attribute, Key: ae027f1b-0336-4458-ae5a-85b5714de419, Parent: thief_01
Element Type: attribute, Key: d03eb703-db5d-4998-a846-69c230c73a26, Parent: thief_01
Element Type: attribute, Key: bd15cfd6-0da1-4830-bccb-b4a1dbe24c82, Parent: thief_01
Element Type: attribute, Key: thief_01_msg_idx, Parent: thief_01
Element Type: attribute, Key: c85651d1-e695-4d56-95ac-02c06dc6964b, Parent: acdfa3f7-fd06-44e3-936b-3b2c69d25db1
Element Type: message, Key: b4ac540b-708b-443c-ad96-9306297cb0b6, Parent: acdfa3f7-fd06-44e3-936b-3b2c69d25db1
Element Type: attribute, Key: acdfa3f7-fd06-44e3-936b-3b2c69d25db1, Parent: stolen_shortsword_01
Element Type: travel, Key: thief_01_travel, Parent: stolen_shortsword_01
Element Type: message, Key: 99bd6ce6-8129-4c70-8455-9b9d9757c139, Parent: a7e1fa16-36d2-4df6-b88d-aa1fc0a7aa29
Element Type: message, Key: 50b21ae0-448e-44df-a4bd-f23eb50638a4, Parent: a7e1fa16-36d2-4df6-b88d-aa1fc0a7aa29
Element Type: message, Key: 50846a3f-abbe-4d0b-b118-b0366b10855d, Parent: a7e1fa16-36d2-4df6-b88d-aa1fc0a7aa29
Element Type: enter_message, Key: a7e1fa16-36d2-4df6-b88d-aa1fc0a7aa29, Parent: stolen_shortsword_01
Element Type: message, Key: 432a2707-2f15-4c8d-997b-948f0f0bb3a5, Parent: 164eb34b-aa6a-471d-8891-59ee0281d208
Element Type: message, Key: 1de9b1f0-ae22-439b-b48d-55650a6cbb60, Parent: 164eb34b-aa6a-471d-8891-59ee0281d208
Element Type: message, Key: 41ad769d-c8fb-4d46-8da5-21778f4ce8d8, Parent: 164eb34b-aa6a-471d-8891-59ee0281d208
Element Type: look, Key: 164eb34b-aa6a-471d-8891-59ee0281d208, Parent: stolen_shortsword_01
Element Type: move, Key: c9248d4c-4e28-4dad-8f0e-f6c5daf2f2ce, Parent: 0f92a384-ba49-44e2-a9bf-1367448ae950
Element Type: message, Key: 99f6b162-db00-4e4d-b0c8-c82d8fa98ecc, Parent: 0f92a384-ba49-44e2-a9bf-1367448ae950
Element Type: kill, Key: 0f92a384-ba49-44e2-a9bf-1367448ae950, Parent: stolen_shortsword_01
Element Type: attribute, Key: 47122c06-986e-4e42-a981-86e68a2ee3dd, Parent: 9a38eb6a-7b61-40f7-9a8c-e4d58c4c1850
Element Type: attribute, Key: 67ddc391-8acc-4abc-b6bd-02958dd6d387, Parent: 9a38eb6a-7b61-40f7-9a8c-e4d58c4c1850
Element Type: attack, Key: 9a38eb6a-7b61-40f7-9a8c-e4d58c4c1850, Parent: ff33c84a-b552-4934-9a0f-2dcb1c9da10b
Element Type: input, Key: ff33c84a-b552-4934-9a0f-2dcb1c9da10b, Parent: stolen_shortsword_01
Element Type: weapon, Key: stolen_shortsword_01, Parent: thief_01
Element Type: npc, Key: thief_01, Parent: local_pub
New Element created: game, Parent: root
New Element created: , Parent: game
New Element created: die_message, Parent: game
Returning row-index: 30
Element Type: enter_message, Key: 4d601941-f42a-4e90-8643-a287cd1d76a1, Parent: game
Element Type: , Key: die_message, Parent: game
Element Type: game, Key: game, Parent: root
New Element created: global01, Parent: root
New Element created: , Parent: global01
New Element created: , Parent: 4ed8643b-a013-44d0-9bc4-4d3ce0718180
Returning row: 2
New Element created: , Parent: global01
New Element created: , Parent: c40954c6-0b14-4f95-86e7-b07df50852e0
Returning row: 5
New Element created: , Parent: global01
New Element created: , Parent: 6560fa47-3112-474c-b59a-702d6d8780be
New Element created: , Parent: b99fe8d6-2c68-467b-978f-bda522e1635a
Returning row-index: 14
Returning row-index: 15
New Element created: day_string, Parent: global01
New Element created: , Parent: day_string
New Element created: , Parent: 20169573-af96-470b-be93-db92a061fff8
New Element created: , Parent: 20169573-af96-470b-be93-db92a061fff8
Returning row-index: 30
New Element created: , Parent: day_string
New Element created: , Parent: 0fec517f-28dd-49f1-90b2-cfc154b8e753
New Element created: , Parent: 0fec517f-28dd-49f1-90b2-cfc154b8e753
Returning row-index: 44
Returning row-index: 45
Returning row-index: 46
Element Type: action, Key: c71c9598-daaa-4b07-81c0-8805845b5381, Parent: 4ed8643b-a013-44d0-9bc4-4d3ce0718180
Element Type: input, Key: 4ed8643b-a013-44d0-9bc4-4d3ce0718180, Parent: global01
Element Type: action, Key: e2c66f2f-eca3-46fa-b1c7-9a28f9eca440, Parent: c40954c6-0b14-4f95-86e7-b07df50852e0
Element Type: input, Key: c40954c6-0b14-4f95-86e7-b07df50852e0, Parent: global01
Element Type: message, Key: 1a043b50-3c85-4d2c-8e2a-bc3b6d422baa, Parent: b99fe8d6-2c68-467b-978f-bda522e1635a
Element Type: set, Key: b99fe8d6-2c68-467b-978f-bda522e1635a, Parent: 6560fa47-3112-474c-b59a-702d6d8780be
Element Type: input, Key: 6560fa47-3112-474c-b59a-702d6d8780be, Parent: global01
Element Type: logic, Key: fb6dca9b-a35e-4365-9244-4d1b0fb30bed, Parent: 20169573-af96-470b-be93-db92a061fff8
Element Type: message, Key: 3ebe48fd-e5a5-4bdb-9f14-186be5dc81b8, Parent: 20169573-af96-470b-be93-db92a061fff8
Element Type: action, Key: 20169573-af96-470b-be93-db92a061fff8, Parent: day_string
Element Type: logic, Key: a9e8ef5e-292b-4312-9d0d-792f8065d3c7, Parent: 0fec517f-28dd-49f1-90b2-cfc154b8e753
Element Type: message, Key: 87f7b82c-b258-4d7a-a5a2-6b1461e13fba, Parent: 0fec517f-28dd-49f1-90b2-cfc154b8e753
Element Type: action, Key: 0fec517f-28dd-49f1-90b2-cfc154b8e753, Parent: day_string
Element Type: , Key: day_string, Parent: global01
Element Type: global, Key: global01, Parent: root
New Element created: player, Parent: local_pub
New Element created: , Parent: player
Returning row: 1
New Element created: , Parent: player
Returning row: 2
New Element created: , Parent: player
Returning row: 3
New Element created: , Parent: player
Returning row: 4
New Element created: , Parent: player
Returning row: 5
New Element created: , Parent: player
Returning row: 6
New Element created: , Parent: player
Returning row: 7
New Element created: longsword_01, Parent: player
New Element created: , Parent: longsword_01
Returning row: 10
New Element created: , Parent: longsword_01
Returning row: 11
New Element created: , Parent: longsword_01
Returning row-index: 17
Returning row-index: 18
Element Type: attribute, Key: 47dfcd59-9ad7-4719-b671-30e688958ec8, Parent: player
Element Type: attribute, Key: a7e7363e-4672-4e8e-a449-83463e3dd193, Parent: player
Element Type: attribute, Key: c81a077d-c25e-4fdb-9e8b-5986d46cacf6, Parent: player
Element Type: attribute, Key: 992a2142-c0d2-4e4e-bbd9-f0aee823d19a, Parent: player
Element Type: attribute, Key: 41b1fb3c-4abc-4ddf-9d1c-0677124c8c62, Parent: player
Element Type: attribute, Key: 53bda87c-be5d-4c0b-a66e-71a035e6e87e, Parent: player
Element Type: attribute, Key: fd432689-9a5e-456d-9994-e7b1326431d1, Parent: player
Element Type: attribute, Key: 0edfe126-8348-41cd-a82a-3bcd1e45f724, Parent: longsword_01
Element Type: attribute, Key: bdf5ea01-bd10-4b4a-9ca2-639abb0e3fde, Parent: longsword_01
Element Type: message, Key: 0d24bbe2-a3f3-49bf-baf9-809ff831c9c5, Parent: longsword_01
Element Type: weapon, Key: longsword_01, Parent: player
Element Type: player, Key: player, Parent: local_pub
