New Element created: golden_egg, Parent: local_pub_north
New Element created: egg_visible, Parent: golden_egg
Returning row: 1
New Element created: , Parent: golden_egg
New Element created: , Parent: golden_egg
New Element created: , Parent: e67a7014-810f-4d59-b5e2-1e49b1f6763d
Returning row-index: 15
New Element created: , Parent: golden_egg
New Element created: , Parent: 8642f173-4634-4d71-8d16-81a289a11e4c
New Element created: , Parent: 8642f173-4634-4d71-8d16-81a289a11e4c
Returning row-index: 29
New Element created: , Parent: golden_egg
New Element created: , Parent: d29addc3-c754-4cd3-8962-de0e31b3f9c1
Returning row-index: 38
New Element created: , Parent: golden_egg
New Element created: , Parent: 05286e0b-d3bb-414e-ba4e-c14ffc560405
Returning row: 43
New Element created: , Parent: golden_egg
New Element created: , Parent: 262d7b7c-db99-44ee-857a-d050ca4e82f2
Returning row: 47
New Element created: , Parent: 262d7b7c-db99-44ee-857a-d050ca4e82f2
Returning row-index: 54
New Element created: , Parent: golden_egg
New Element created: , Parent: 04f84375-2349-49fd-8972-899452bd4df3
Returning row: 61
New Element created: , Parent: 04f84375-2349-49fd-8972-899452bd4df3
Returning row-index: 68
New Element created: , Parent: golden_egg
New Element created: , Parent: 096b66dd-c6cf-4bee-9a7a-5b5106b372c2
New Element created: , Parent: 096b66dd-c6cf-4bee-9a7a-5b5106b372c2
Returning row: 83
Returning row-index: 84
Element Type: attribute, Key: egg_visible, Parent: golden_egg
Element Type: enter_message, Key: ec13be69-2af9-4858-8d5d-9eb088c56e39, Parent: golden_egg
Element Type: message, Key: f577e062-e667-40a7-84b4-40ee5b9503d2, Parent: e67a7014-810f-4d59-b5e2-1e49b1f6763d
Element Type: look, Key: e67a7014-810f-4d59-b5e2-1e49b1f6763d, Parent: golden_egg
Element Type: logic, Key: bec59a06-215d-4b6f-92d2-6c332fce80d0, Parent: 8642f173-4634-4d71-8d16-81a289a11e4c
Element Type: message, Key: 14ac0509-e124-4ee5-b10e-35c8bec9d810, Parent: 8642f173-4634-4d71-8d16-81a289a11e4c
Element Type: inspect, Key: 8642f173-4634-4d71-8d16-81a289a11e4c, Parent: golden_egg
Element Type: message, Key: 785a6afc-8814-4931-b8ac-e0b93f5fb450, Parent: d29addc3-c754-4cd3-8962-de0e31b3f9c1
Element Type: use_egg, Key: d29addc3-c754-4cd3-8962-de0e31b3f9c1, Parent: golden_egg
Element Type: action, Key: 121b4168-506f-45e7-b816-506c037be852, Parent: 05286e0b-d3bb-414e-ba4e-c14ffc560405
Element Type: input, Key: 05286e0b-d3bb-414e-ba4e-c14ffc560405, Parent: golden_egg
Element Type: set, Key: 0a8ecd24-04a2-4a9a-8985-198a0b5ce681, Parent: 262d7b7c-db99-44ee-857a-d050ca4e82f2
Element Type: move, Key: d396276b-261d-48f7-9db6-d0778fed4d48, Parent: 262d7b7c-db99-44ee-857a-d050ca4e82f2
Element Type: input, Key: 262d7b7c-db99-44ee-857a-d050ca4e82f2, Parent: golden_egg
Element Type: set, Key: 6b3a6312-9a92-462c-a405-9b391da297bc, Parent: 04f84375-2349-49fd-8972-899452bd4df3
Element Type: move, Key: 2b170f2d-4f95-4693-9fdb-e0e5cae9f3d3, Parent: 04f84375-2349-49fd-8972-899452bd4df3
Element Type: input, Key: 04f84375-2349-49fd-8972-899452bd4df3, Parent: golden_egg
Element Type: logic, Key: 4051f3c1-7420-40a4-9627-eb53be7f14b9, Parent: 096b66dd-c6cf-4bee-9a7a-5b5106b372c2
Element Type: action, Key: 4b686242-2cbc-4770-a5a4-a07bc2ac6e71, Parent: 096b66dd-c6cf-4bee-9a7a-5b5106b372c2
Element Type: input, Key: 096b66dd-c6cf-4bee-9a7a-5b5106b372c2, Parent: golden_egg
Element Type: object, Key: golden_egg, Parent: local_pub_north
New Element created: poison-vial, Parent: local_pub_north
New Element created: , Parent: poison-vial
New Element created: , Parent: poison-vial
New Element created: , Parent: d63e4dc4-4c33-4dd2-b6be-6c8a9c84e1e4
Returning row-index: 13
New Element created: , Parent: poison-vial
New Element created: , Parent: 25d536c0-54ea-4466-9232-c0c9cceefae4
Returning row-index: 22
New Element created: , Parent: poison-vial
New Element created: , Parent: f0e82d93-fd19-413f-8882-b2c70c786cc4
Returning row: 26
New Element created: , Parent: poison-vial
New Element created: , Parent: a9a651e8-3984-441a-86d0-7a708f5c5ecb
Returning row: 31
New Element created: , Parent: poison-vial
New Element created: , Parent: baad9191-ceeb-434e-bedc-35495baaef9b
Returning row: 35
Returning row-index: 36
Element Type: enter_message, Key: a702fc3a-6b20-488b-9dd0-e1d396d21b13, Parent: poison-vial
Element Type: message, Key: b2ef2ba6-60ed-43ac-849d-c3e49bc14e8e, Parent: d63e4dc4-4c33-4dd2-b6be-6c8a9c84e1e4
Element Type: look, Key: d63e4dc4-4c33-4dd2-b6be-6c8a9c84e1e4, Parent: poison-vial
Element Type: message, Key: 30186807-f164-444d-9126-f29eb745a2c3, Parent: 25d536c0-54ea-4466-9232-c0c9cceefae4
Element Type: inspect, Key: 25d536c0-54ea-4466-9232-c0c9cceefae4, Parent: poison-vial
Element Type: action, Key: c8cfc8c3-b9d8-47cd-b7e3-fde1226beca5, Parent: f0e82d93-fd19-413f-8882-b2c70c786cc4
Element Type: drink, Key: f0e82d93-fd19-413f-8882-b2c70c786cc4, Parent: poison-vial
Element Type: action, Key: c50b7194-4dff-46d2-8d8d-1dbd422dd605, Parent: a9a651e8-3984-441a-86d0-7a708f5c5ecb
Element Type: input, Key: a9a651e8-3984-441a-86d0-7a708f5c5ecb, Parent: poison-vial
Element Type: action, Key: 88f5d10a-f479-486f-9fd7-1a512cda9fdb, Parent: baad9191-ceeb-434e-bedc-35495baaef9b
Element Type: input, Key: baad9191-ceeb-434e-bedc-35495baaef9b, Parent: poison-vial
Element Type: object, Key: poison-vial, Parent: local_pub_north
New Element created: local_pub_north, Parent: root
New Element created: , Parent: local_pub_north
New Element created: , Parent: local_pub_north
New Element created: , Parent: 9801c08d-8a86-4ce1-8984-1decdd96cbeb
Returning row-index: 18
New Element created: , Parent: local_pub_north
New Element created: , Parent: 0bc89c19-46d2-4976-b4aa-4de9ece63617
Returning row: 22
New Element created: , Parent: local_pub_north
New Element created: , Parent: 3ec7bc35-7fb2-48e0-875e-a6328f749e71
Returning row-index: 30
Returning row-index: 31
Element Type: enter_message, Key: 8183fe75-365d-4172-ada0-3ca82be6c365, Parent: local_pub_north
Element Type: message, Key: 2b0673ed-56cb-4715-902e-7d12e07b3f93, Parent: 9801c08d-8a86-4ce1-8984-1decdd96cbeb
Element Type: look, Key: 9801c08d-8a86-4ce1-8984-1decdd96cbeb, Parent: local_pub_north
Element Type: action, Key: f1b4ddac-fca9-4694-81d2-65c86f206a4c, Parent: 0bc89c19-46d2-4976-b4aa-4de9ece63617
Element Type: input, Key: 0bc89c19-46d2-4976-b4aa-4de9ece63617, Parent: local_pub_north
Element Type: move, Key: 040aee7b-7eed-4e3c-813c-5103af9783b4, Parent: 3ec7bc35-7fb2-48e0-875e-a6328f749e71
Element Type: input, Key: 3ec7bc35-7fb2-48e0-875e-a6328f749e71, Parent: local_pub_north
Element Type: room, Key: local_pub_north, Parent: root
New Element created: local_pub, Parent: root
New Element created: , Parent: local_pub
New Element created: , Parent: local_pub
New Element created: , Parent: c0309ecc-dc88-462a-a20e-9067418e817a
New Element created: , Parent: c0309ecc-dc88-462a-a20e-9067418e817a
Returning row-index: 25
New Element created: , Parent: local_pub
New Element created: , Parent: 7ae95a46-addb-4292-974a-17d833f7daa3
Returning row: 30
New Element created: , Parent: 7ae95a46-addb-4292-974a-17d833f7daa3
Returning row: 31
New Element created: , Parent: local_pub
New Element created: , Parent: 4584754e-68ba-4796-af41-e4fbf8e095c9
Returning row-index: 39
Returning row-index: 40
Element Type: enter_message, Key: 073c1cb2-cb02-4a40-83d7-d4ef6e71b355, Parent: local_pub
Element Type: message, Key: ec858b68-f981-4c59-b8b9-b6f206874c65, Parent: c0309ecc-dc88-462a-a20e-9067418e817a
Element Type: message, Key: 99c6ea52-3bdd-4905-9bcc-135d23573bda, Parent: c0309ecc-dc88-462a-a20e-9067418e817a
Element Type: look, Key: c0309ecc-dc88-462a-a20e-9067418e817a, Parent: local_pub
Element Type: action, Key: c33517b8-82fe-415d-8906-8970b1ec94a4, Parent: 7ae95a46-addb-4292-974a-17d833f7daa3
Element Type: set, Key: f24a8f93-179e-458c-820c-e495e47d5e71, Parent: 7ae95a46-addb-4292-974a-17d833f7daa3
Element Type: input, Key: 7ae95a46-addb-4292-974a-17d833f7daa3, Parent: local_pub
Element Type: move, Key: 5a99be87-dca8-4445-9d32-98a40ba08ab1, Parent: 4584754e-68ba-4796-af41-e4fbf8e095c9
Element Type: input, Key: 4584754e-68ba-4796-af41-e4fbf8e095c9, Parent: local_pub
Element Type: room, Key: local_pub, Parent: root
New Element created: thief_01, Parent: local_pub
New Element created: , Parent: thief_01
Returning row: 1
New Element created: , Parent: thief_01
Returning row: 2
New Element created: , Parent: thief_01
Returning row: 3
New Element created: , Parent: thief_01
Returning row: 4
New Element created: , Parent: thief_01
Returning row: 5
New Element created: , Parent: thief_01
Returning row: 6
New Element created: , Parent: thief_01
Returning row: 7
New Element created: , Parent: thief_01
Returning row: 8
New Element created: , Parent: thief_01
Returning row: 9
New Element created: , Parent: thief_01
Returning row: 10
New Element created: thief_01_msg_idx, Parent: thief_01
Returning row: 12
New Element created: stolen_shortsword_01, Parent: thief_01
New Element created: , Parent: stolen_shortsword_01
New Element created: , Parent: be3d0daf-ab21-4da0-bf23-eea6f94d3b99
Returning row: 16
New Element created: , Parent: be3d0daf-ab21-4da0-bf23-eea6f94d3b99
Returning row-index: 22
New Element created: thief_01_travel, Parent: stolen_shortsword_01
Returning row: 26
New Element created: , Parent: stolen_shortsword_01
New Element created: , Parent: f0f0ce15-8378-426d-9b7b-dc7eb21d7dc2
New Element created: , Parent: f0f0ce15-8378-426d-9b7b-dc7eb21d7dc2
New Element created: , Parent: f0f0ce15-8378-426d-9b7b-dc7eb21d7dc2
Returning row-index: 44
New Element created: , Parent: stolen_shortsword_01
New Element created: , Parent: 351e74e8-efeb-4cc3-ac1e-ba933d5836c3
New Element created: , Parent: 351e74e8-efeb-4cc3-ac1e-ba933d5836c3
New Element created: , Parent: 351e74e8-efeb-4cc3-ac1e-ba933d5836c3
Returning row-index: 62
New Element created: , Parent: stolen_shortsword_01
New Element created: , Parent: 667e628a-9323-4d70-b504-e92be36bed2e
Returning row: 66
New Element created: , Parent: 667e628a-9323-4d70-b504-e92be36bed2e
Returning row-index: 71
New Element created: , Parent: stolen_shortsword_01
New Element created: , Parent: d49a574d-565b-4b47-a43d-a728136dc46c
New Element created: , Parent: 4b485ae9-3183-4654-995f-9fc523412f8b
Returning row: 77
New Element created: , Parent: 4b485ae9-3183-4654-995f-9fc523412f8b
Returning row: 78
Returning row-index: 79
Returning row-index: 80
Element Type: attribute, Key: 4e27362f-299c-4b9e-a51e-1f97e95f7bcd, Parent: thief_01
Element Type: attribute, Key: 746631e8-6240-47c7-977e-6dc7caa9171f, Parent: thief_01
Element Type: attribute, Key: 6fc261f5-7113-4d23-88aa-c9044b64946b, Parent: thief_01
Element Type: attribute, Key: 6b19072c-8a6c-4307-a527-cc0e4940cbc0, Parent: thief_01
Element Type: attribute, Key: 895899d6-510b-448d-b4b1-28958a060c5a, Parent: thief_01
Element Type: attribute, Key: 4cb0f63b-75e3-44dc-a2df-529678d9c1ab, Parent: thief_01
Element Type: attribute, Key: c3bfaccc-bc10-439c-83f5-399e3966003c, Parent: thief_01
Element Type: attribute, Key: a2c3e5d9-1b68-4521-b45d-5748d34cd7b9, Parent: thief_01
Element Type: attribute, Key: 1d493cd2-0f5d-4054-a271-79591de18b5f, Parent: thief_01
Element Type: attribute, Key: 70595cd5-2c89-483e-92ff-3dfc4cf39d3e, Parent: thief_01
Element Type: attribute, Key: thief_01_msg_idx, Parent: thief_01
Element Type: attribute, Key: 59a08462-9fc3-4cea-a25f-618832dbb5ba, Parent: be3d0daf-ab21-4da0-bf23-eea6f94d3b99
Element Type: message, Key: d8d41ba3-a03f-48c7-9297-3157aec2f24a, Parent: be3d0daf-ab21-4da0-bf23-eea6f94d3b99
Element Type: attribute, Key: be3d0daf-ab21-4da0-bf23-eea6f94d3b99, Parent: stolen_shortsword_01
Element Type: travel, Key: thief_01_travel, Parent: stolen_shortsword_01
Element Type: message, Key: 0e5655c3-420a-456d-92e8-fcd717ed968b, Parent: f0f0ce15-8378-426d-9b7b-dc7eb21d7dc2
Element Type: message, Key: f4a605c9-c1fa-4699-a8cf-e908fc503b0b, Parent: f0f0ce15-8378-426d-9b7b-dc7eb21d7dc2
Element Type: message, Key: 1999d90f-7673-48c7-969e-d25f6b97dc6e, Parent: f0f0ce15-8378-426d-9b7b-dc7eb21d7dc2
Element Type: enter_message, Key: f0f0ce15-8378-426d-9b7b-dc7eb21d7dc2, Parent: stolen_shortsword_01
Element Type: message, Key: 62a03fcc-7493-46c0-b572-4dbfa6c1da86, Parent: 351e74e8-efeb-4cc3-ac1e-ba933d5836c3
Element Type: message, Key: 1ab8a892-cb6e-469f-904c-6e9b5f9a5659, Parent: 351e74e8-efeb-4cc3-ac1e-ba933d5836c3
Element Type: message, Key: 1f94a438-2cef-47d2-8333-8ec38971671a, Parent: 351e74e8-efeb-4cc3-ac1e-ba933d5836c3
Element Type: look, Key: 351e74e8-efeb-4cc3-ac1e-ba933d5836c3, Parent: stolen_shortsword_01
Element Type: move, Key: 60977bcb-d0c4-435a-91ab-a124c6a164fa, Parent: 667e628a-9323-4d70-b504-e92be36bed2e
Element Type: message, Key: 6b337f34-4ae8-4cf5-bddd-71e9f7169a59, Parent: 667e628a-9323-4d70-b504-e92be36bed2e
Element Type: kill, Key: 667e628a-9323-4d70-b504-e92be36bed2e, Parent: stolen_shortsword_01
Element Type: attribute, Key: a084c540-7569-4bf7-ac33-cbd8c2a00d63, Parent: 4b485ae9-3183-4654-995f-9fc523412f8b
Element Type: attribute, Key: 578c9497-2658-428b-8555-4fc62339b353, Parent: 4b485ae9-3183-4654-995f-9fc523412f8b
Element Type: attack, Key: 4b485ae9-3183-4654-995f-9fc523412f8b, Parent: d49a574d-565b-4b47-a43d-a728136dc46c
Element Type: input, Key: d49a574d-565b-4b47-a43d-a728136dc46c, Parent: stolen_shortsword_01
Element Type: weapon, Key: stolen_shortsword_01, Parent: thief_01
Element Type: npc, Key: thief_01, Parent: local_pub
New Element created: game, Parent: root
New Element created: , Parent: game
New Element created: die_message, Parent: game
Returning row-index: 30
Element Type: enter_message, Key: 504a6ef3-6a28-4dc8-b633-77f26621ea07, Parent: game
Element Type: , Key: die_message, Parent: game
Element Type: game, Key: game, Parent: root
New Element created: global01, Parent: root
New Element created: , Parent: global01
New Element created: , Parent: b01c5786-4cc1-4677-ace6-6d42e089bc8d
Returning row: 2
New Element created: , Parent: global01
New Element created: , Parent: ff690582-151e-4911-bc11-315adc4d4a06
Returning row: 5
New Element created: , Parent: global01
New Element created: , Parent: f5d448a5-cfe0-478c-9e47-953031a264dc
New Element created: , Parent: 59a212ff-77b1-4c59-a52f-f5d906bb7a63
Returning row-index: 14
Returning row-index: 15
New Element created: day_string, Parent: global01
New Element created: , Parent: day_string
New Element created: , Parent: 068e2e5e-3a65-46eb-9061-1298952b3dad
New Element created: , Parent: 068e2e5e-3a65-46eb-9061-1298952b3dad
Returning row-index: 30
New Element created: , Parent: day_string
New Element created: , Parent: 8c9d8d1c-a15c-4f57-a802-e1998e72ef42
New Element created: , Parent: 8c9d8d1c-a15c-4f57-a802-e1998e72ef42
Returning row-index: 44
Returning row-index: 45
Returning row-index: 46
Element Type: action, Key: 73c6fc08-7bf6-406a-b033-077832175d10, Parent: b01c5786-4cc1-4677-ace6-6d42e089bc8d
Element Type: input, Key: b01c5786-4cc1-4677-ace6-6d42e089bc8d, Parent: global01
Element Type: action, Key: 3ac799f8-d3ba-4a3f-9000-304c3541248e, Parent: ff690582-151e-4911-bc11-315adc4d4a06
Element Type: input, Key: ff690582-151e-4911-bc11-315adc4d4a06, Parent: global01
Element Type: message, Key: 0bfdc1b3-26b9-4fd5-b1ac-ca3b5dee6926, Parent: 59a212ff-77b1-4c59-a52f-f5d906bb7a63
Element Type: set, Key: 59a212ff-77b1-4c59-a52f-f5d906bb7a63, Parent: f5d448a5-cfe0-478c-9e47-953031a264dc
Element Type: input, Key: f5d448a5-cfe0-478c-9e47-953031a264dc, Parent: global01
Element Type: logic, Key: 69556612-1882-4191-8b6e-79f080626a2d, Parent: 068e2e5e-3a65-46eb-9061-1298952b3dad
Element Type: message, Key: 591d6a23-206a-44ae-973a-0234c4bd69e6, Parent: 068e2e5e-3a65-46eb-9061-1298952b3dad
Element Type: action, Key: 068e2e5e-3a65-46eb-9061-1298952b3dad, Parent: day_string
Element Type: logic, Key: ef9aa6e1-30a4-4356-a0c6-1f16cc1d29fa, Parent: 8c9d8d1c-a15c-4f57-a802-e1998e72ef42
Element Type: message, Key: cfa7904c-0134-462c-a0bf-11fe55fe59d7, Parent: 8c9d8d1c-a15c-4f57-a802-e1998e72ef42
Element Type: action, Key: 8c9d8d1c-a15c-4f57-a802-e1998e72ef42, Parent: day_string
Element Type: , Key: day_string, Parent: global01
Element Type: global, Key: global01, Parent: root
New Element created: player, Parent: local_pub
New Element created: , Parent: player
Returning row: 1
New Element created: , Parent: player
Returning row: 2
New Element created: , Parent: player
Returning row: 3
New Element created: , Parent: player
Returning row: 4
New Element created: , Parent: player
Returning row: 5
New Element created: , Parent: player
Returning row: 6
New Element created: , Parent: player
Returning row: 7
New Element created: longsword_01, Parent: player
New Element created: , Parent: longsword_01
Returning row: 10
New Element created: , Parent: longsword_01
Returning row: 11
New Element created: , Parent: longsword_01
Returning row-index: 17
Returning row-index: 18
Element Type: attribute, Key: 4d926d93-9d7c-4234-b46f-1cc7a598c262, Parent: player
Element Type: attribute, Key: 694b927b-c5fd-43b5-907d-b777fff19dc4, Parent: player
Element Type: attribute, Key: 8cc894e0-2054-4a7a-9038-c8723a190eba, Parent: player
Element Type: attribute, Key: 38ce368e-0d7a-40db-877d-d4b2bc51f686, Parent: player
Element Type: attribute, Key: 02f9a16c-2195-4593-a5a4-eb12b79811ba, Parent: player
Element Type: attribute, Key: 4eab04d7-e648-4ded-8c64-5c82b422b488, Parent: player
Element Type: attribute, Key: f4aa3037-1f2d-457d-9961-4c7caa7f34ca, Parent: player
Element Type: attribute, Key: fcdd3643-518d-4a91-ad83-5d2c5fa43a99, Parent: longsword_01
Element Type: attribute, Key: c98161ac-3ab3-4416-a7ae-694f1bfb7873, Parent: longsword_01
Element Type: message, Key: b5d81780-2b46-4637-8962-4f2c49f5b38c, Parent: longsword_01
Element Type: weapon, Key: longsword_01, Parent: player
Element Type: player, Key: player, Parent: local_pub
