New Element created: golden_egg, Parent: local_pub_north
New Element created: egg_visible, Parent: golden_egg
Returning row: 1
New Element created: , Parent: golden_egg
New Element created: , Parent: golden_egg
New Element created: , Parent: fabb6cd6-a3af-4ca9-a341-ab68b751228f
Returning row-index: 15
New Element created: , Parent: golden_egg
New Element created: , Parent: d6661ded-3b13-4bdc-8654-a7c2acec1db1
New Element created: , Parent: d6661ded-3b13-4bdc-8654-a7c2acec1db1
Returning row-index: 29
New Element created: , Parent: golden_egg
New Element created: , Parent: 0dd55555-1362-4b5c-8fca-9a820f67542b
Returning row-index: 38
New Element created: , Parent: golden_egg
New Element created: , Parent: 741dd195-406c-4d09-a423-72f957564941
Returning row: 43
New Element created: , Parent: golden_egg
New Element created: , Parent: 746d53da-cfe8-4ff8-84b3-f2010af4b4f5
Returning row: 47
New Element created: , Parent: 746d53da-cfe8-4ff8-84b3-f2010af4b4f5
Returning row-index: 54
New Element created: , Parent: golden_egg
New Element created: , Parent: 69d2b636-4343-4b12-a32c-3e1b26daeccd
Returning row: 61
New Element created: , Parent: 69d2b636-4343-4b12-a32c-3e1b26daeccd
Returning row-index: 68
New Element created: , Parent: golden_egg
New Element created: , Parent: 96b98026-d7ee-4b9d-bbfb-0ed1fbe956fb
New Element created: , Parent: 96b98026-d7ee-4b9d-bbfb-0ed1fbe956fb
Returning row: 83
Returning row-index: 84
Element Type: attribute, Key: egg_visible, Parent: golden_egg
Element Type: enter_message, Key: 9e749926-b241-4010-a06c-3e3efc8660e2, Parent: golden_egg
Element Type: message, Key: 1fc46d83-1aad-41e0-aa26-91ce79d5b980, Parent: fabb6cd6-a3af-4ca9-a341-ab68b751228f
Element Type: look, Key: fabb6cd6-a3af-4ca9-a341-ab68b751228f, Parent: golden_egg
Element Type: logic, Key: 8fb9a8c8-3f07-423e-8f00-be3763e35ca9, Parent: d6661ded-3b13-4bdc-8654-a7c2acec1db1
Element Type: message, Key: 9efa60f2-0a16-4474-802f-4a388beaf13a, Parent: d6661ded-3b13-4bdc-8654-a7c2acec1db1
Element Type: inspect, Key: d6661ded-3b13-4bdc-8654-a7c2acec1db1, Parent: golden_egg
Element Type: message, Key: bb82b083-4783-4570-8920-df03edc15134, Parent: 0dd55555-1362-4b5c-8fca-9a820f67542b
Element Type: use_egg, Key: 0dd55555-1362-4b5c-8fca-9a820f67542b, Parent: golden_egg
Element Type: action, Key: 311f0c27-5b34-44f0-bf7f-9b04b47ada62, Parent: 741dd195-406c-4d09-a423-72f957564941
Element Type: input, Key: 741dd195-406c-4d09-a423-72f957564941, Parent: golden_egg
Element Type: set, Key: 690b2158-8cf4-48e3-81d4-e261f52f0c7d, Parent: 746d53da-cfe8-4ff8-84b3-f2010af4b4f5
Element Type: move, Key: 271371ea-3f5a-4c10-b7a2-c3b6e5f34f95, Parent: 746d53da-cfe8-4ff8-84b3-f2010af4b4f5
Element Type: input, Key: 746d53da-cfe8-4ff8-84b3-f2010af4b4f5, Parent: golden_egg
Element Type: set, Key: 2c62a41b-718e-4106-9a5d-ab508c9c88dd, Parent: 69d2b636-4343-4b12-a32c-3e1b26daeccd
Element Type: move, Key: 46c0e935-6217-4639-a6f5-56cc88183b70, Parent: 69d2b636-4343-4b12-a32c-3e1b26daeccd
Element Type: input, Key: 69d2b636-4343-4b12-a32c-3e1b26daeccd, Parent: golden_egg
Element Type: logic, Key: a4307779-ec91-4fd7-b460-8c05fd114750, Parent: 96b98026-d7ee-4b9d-bbfb-0ed1fbe956fb
Element Type: action, Key: 8dd273c0-5cfc-492c-b230-56d4ce168e85, Parent: 96b98026-d7ee-4b9d-bbfb-0ed1fbe956fb
Element Type: input, Key: 96b98026-d7ee-4b9d-bbfb-0ed1fbe956fb, Parent: golden_egg
Element Type: object, Key: golden_egg, Parent: local_pub_north
New Element created: poison-vial, Parent: local_pub_north
New Element created: , Parent: poison-vial
New Element created: , Parent: poison-vial
New Element created: , Parent: 4d9566b0-ba42-45c5-af02-4e09a711dddb
Returning row-index: 13
New Element created: , Parent: poison-vial
New Element created: , Parent: 51c2dd9b-1369-4f62-9ae7-1726cf6210f0
Returning row-index: 22
New Element created: , Parent: poison-vial
New Element created: , Parent: 64fe2f6a-9bc2-440f-b677-92ef9f0c71e6
Returning row: 26
New Element created: , Parent: poison-vial
New Element created: , Parent: a81286e4-be0e-454e-8474-12bc9c1a51bc
Returning row: 31
New Element created: , Parent: poison-vial
New Element created: , Parent: 6d26baaa-3df3-4b32-9f30-edd07a305c4e
Returning row: 35
Returning row-index: 36
Element Type: enter_message, Key: f9979ce8-ba61-466f-845b-6896640bbad7, Parent: poison-vial
Element Type: message, Key: a2f588a0-882b-4c3d-9cec-fb8afbdfa33a, Parent: 4d9566b0-ba42-45c5-af02-4e09a711dddb
Element Type: look, Key: 4d9566b0-ba42-45c5-af02-4e09a711dddb, Parent: poison-vial
Element Type: message, Key: c248ad94-37ce-4f91-bc68-93d9a39b7162, Parent: 51c2dd9b-1369-4f62-9ae7-1726cf6210f0
Element Type: inspect, Key: 51c2dd9b-1369-4f62-9ae7-1726cf6210f0, Parent: poison-vial
Element Type: action, Key: de112ee1-b56a-4aea-8187-52caeb625dba, Parent: 64fe2f6a-9bc2-440f-b677-92ef9f0c71e6
Element Type: drink, Key: 64fe2f6a-9bc2-440f-b677-92ef9f0c71e6, Parent: poison-vial
Element Type: action, Key: edeb2eeb-bc76-410c-823c-dc674d7d9420, Parent: a81286e4-be0e-454e-8474-12bc9c1a51bc
Element Type: input, Key: a81286e4-be0e-454e-8474-12bc9c1a51bc, Parent: poison-vial
Element Type: action, Key: bfb6f55d-1bd1-4299-93b8-2d12d90ca6f8, Parent: 6d26baaa-3df3-4b32-9f30-edd07a305c4e
Element Type: input, Key: 6d26baaa-3df3-4b32-9f30-edd07a305c4e, Parent: poison-vial
Element Type: object, Key: poison-vial, Parent: local_pub_north
New Element created: local_pub_north, Parent: root
New Element created: , Parent: local_pub_north
New Element created: , Parent: local_pub_north
New Element created: , Parent: 074f07b7-438e-4539-ac2b-21bd4ab2c4df
Returning row-index: 18
New Element created: , Parent: local_pub_north
New Element created: , Parent: 2a14edfe-1bc7-48aa-b13d-45a1ddd28aef
Returning row: 22
New Element created: , Parent: local_pub_north
New Element created: , Parent: beefac89-c935-46ab-864d-88e7f86339b5
Returning row-index: 30
Returning row-index: 31
Element Type: enter_message, Key: d465ef54-7dde-4c94-9aa3-18558ac3682e, Parent: local_pub_north
Element Type: message, Key: b749ba59-423d-456e-ace3-0b50a18fdd4b, Parent: 074f07b7-438e-4539-ac2b-21bd4ab2c4df
Element Type: look, Key: 074f07b7-438e-4539-ac2b-21bd4ab2c4df, Parent: local_pub_north
Element Type: action, Key: 47aceaec-a72f-440b-9afd-39326ba6dbe2, Parent: 2a14edfe-1bc7-48aa-b13d-45a1ddd28aef
Element Type: input, Key: 2a14edfe-1bc7-48aa-b13d-45a1ddd28aef, Parent: local_pub_north
Element Type: move, Key: 8fb26a3c-8ece-452f-b8a4-1a8ef32a58ab, Parent: beefac89-c935-46ab-864d-88e7f86339b5
Element Type: input, Key: beefac89-c935-46ab-864d-88e7f86339b5, Parent: local_pub_north
Element Type: room, Key: local_pub_north, Parent: root
New Element created: local_pub, Parent: root
New Element created: , Parent: local_pub
New Element created: , Parent: local_pub
New Element created: , Parent: 272c2b79-7b2b-49aa-8459-5ad4c16db6f7
New Element created: , Parent: 272c2b79-7b2b-49aa-8459-5ad4c16db6f7
Returning row-index: 25
New Element created: , Parent: local_pub
New Element created: , Parent: ac491530-936b-481e-9444-f8026c8e895d
Returning row: 30
New Element created: , Parent: ac491530-936b-481e-9444-f8026c8e895d
Returning row: 31
New Element created: , Parent: local_pub
New Element created: , Parent: f91ab88c-d741-4d0a-961c-3c0322cb91c1
Returning row-index: 39
Returning row-index: 40
Element Type: enter_message, Key: 8693e2d1-f19b-4223-b712-d0306c38602f, Parent: local_pub
Element Type: message, Key: c6d5efa2-ebfb-4b36-9abf-ae5a50a81e51, Parent: 272c2b79-7b2b-49aa-8459-5ad4c16db6f7
Element Type: message, Key: e59ee3bd-2552-498b-a191-71d77a670c23, Parent: 272c2b79-7b2b-49aa-8459-5ad4c16db6f7
Element Type: look, Key: 272c2b79-7b2b-49aa-8459-5ad4c16db6f7, Parent: local_pub
Element Type: action, Key: dd7fd6e6-4a0a-442f-b84d-f60555d20ade, Parent: ac491530-936b-481e-9444-f8026c8e895d
Element Type: set, Key: 9faa34b1-dafb-4999-b586-caad30ba26c8, Parent: ac491530-936b-481e-9444-f8026c8e895d
Element Type: input, Key: ac491530-936b-481e-9444-f8026c8e895d, Parent: local_pub
Element Type: move, Key: fd1cb0dc-00ce-4a93-9d2b-c7b66104661c, Parent: f91ab88c-d741-4d0a-961c-3c0322cb91c1
Element Type: input, Key: f91ab88c-d741-4d0a-961c-3c0322cb91c1, Parent: local_pub
Element Type: room, Key: local_pub, Parent: root
New Element created: thief_01, Parent: local_pub
New Element created: , Parent: thief_01
Returning row: 1
New Element created: , Parent: thief_01
Returning row: 2
New Element created: , Parent: thief_01
Returning row: 3
New Element created: , Parent: thief_01
Returning row: 4
New Element created: , Parent: thief_01
Returning row: 5
New Element created: , Parent: thief_01
Returning row: 6
New Element created: , Parent: thief_01
Returning row: 7
New Element created: , Parent: thief_01
Returning row: 8
New Element created: , Parent: thief_01
Returning row: 9
New Element created: , Parent: thief_01
Returning row: 10
New Element created: thief_01_msg_idx, Parent: thief_01
Returning row: 12
New Element created: stolen_shortsword_01, Parent: thief_01
New Element created: , Parent: stolen_shortsword_01
Returning row: 15
New Element created: , Parent: stolen_shortsword_01
Returning row-index: 21
New Element created: thief_01_travel, Parent: thief_01
Returning row: 25
New Element created: , Parent: thief_01
New Element created: , Parent: eb749504-6ae5-4aa9-b351-7a3e6c165116
New Element created: , Parent: eb749504-6ae5-4aa9-b351-7a3e6c165116
New Element created: , Parent: eb749504-6ae5-4aa9-b351-7a3e6c165116
Returning row-index: 43
New Element created: , Parent: thief_01
New Element created: , Parent: 7d2a8137-ed65-4149-a3ed-d49f39f7ebe2
New Element created: , Parent: 7d2a8137-ed65-4149-a3ed-d49f39f7ebe2
New Element created: , Parent: 7d2a8137-ed65-4149-a3ed-d49f39f7ebe2
Returning row-index: 61
New Element created: , Parent: thief_01
New Element created: , Parent: d537a8e6-36bc-4850-9ae0-4f59283ca8b5
Returning row: 65
New Element created: , Parent: d537a8e6-36bc-4850-9ae0-4f59283ca8b5
Returning row-index: 70
New Element created: , Parent: thief_01
New Element created: , Parent: aedc87fc-3809-4162-ad8e-a52168498ad0
New Element created: , Parent: f3d6a6e0-545e-4aae-9e5a-3a1519ac41fc
Returning row: 76
New Element created: , Parent: f3d6a6e0-545e-4aae-9e5a-3a1519ac41fc
Returning row: 77
Returning row-index: 78
Returning row-index: 79
Element Type: attribute, Key: ce492ebf-54f5-4bee-a859-ffa27b97171c, Parent: thief_01
Element Type: attribute, Key: 31b3fec3-7cd2-4009-ad76-e67a05ef61ee, Parent: thief_01
Element Type: attribute, Key: 56651362-fa21-4e1b-a2e3-52cb93622e25, Parent: thief_01
Element Type: attribute, Key: ea8bc6c1-85c9-4042-85f4-782758965745, Parent: thief_01
Element Type: attribute, Key: f0d53e48-21d1-4659-819e-efbbbc3d78b7, Parent: thief_01
Element Type: attribute, Key: 6746d6d7-feef-4b3b-a9a1-7d715cfce941, Parent: thief_01
Element Type: attribute, Key: f1ea88b9-4544-45d4-a1c1-b4e08a5f4e60, Parent: thief_01
Element Type: attribute, Key: c46d8805-ffe8-45ef-bf6d-c5f691da225b, Parent: thief_01
Element Type: attribute, Key: d025909e-2a25-40a3-a6b1-c3ca31cff56f, Parent: thief_01
Element Type: attribute, Key: cae1ddee-b4a7-4857-8666-fb30b13ac060, Parent: thief_01
Element Type: attribute, Key: thief_01_msg_idx, Parent: thief_01
Element Type: attribute, Key: 09db264b-3571-4f94-bab7-bbb659422893, Parent: stolen_shortsword_01
Element Type: message, Key: 46dc9f2f-7aba-482c-ae9c-f460a62f9f7a, Parent: stolen_shortsword_01
Element Type: weapon, Key: stolen_shortsword_01, Parent: thief_01
Element Type: travel, Key: thief_01_travel, Parent: thief_01
Element Type: message, Key: af0daa3c-09f5-4112-ab96-6e74bf044969, Parent: eb749504-6ae5-4aa9-b351-7a3e6c165116
Element Type: message, Key: deb75bd6-64ff-49f4-a866-cc55bebef605, Parent: eb749504-6ae5-4aa9-b351-7a3e6c165116
Element Type: message, Key: 5fe3bc0b-01c1-4546-839d-f1a8a0814ad2, Parent: eb749504-6ae5-4aa9-b351-7a3e6c165116
Element Type: enter_message, Key: eb749504-6ae5-4aa9-b351-7a3e6c165116, Parent: thief_01
Element Type: message, Key: 4817d649-7cbc-4afc-a82f-30517cc8d49f, Parent: 7d2a8137-ed65-4149-a3ed-d49f39f7ebe2
Element Type: message, Key: 1017251f-da02-4b9b-b918-c4028e4c2049, Parent: 7d2a8137-ed65-4149-a3ed-d49f39f7ebe2
Element Type: message, Key: 3e33c59b-4c15-48a6-bace-366f957579bf, Parent: 7d2a8137-ed65-4149-a3ed-d49f39f7ebe2
Element Type: look, Key: 7d2a8137-ed65-4149-a3ed-d49f39f7ebe2, Parent: thief_01
Element Type: move, Key: 04b42542-d8b8-4095-adc4-e2458678d614, Parent: d537a8e6-36bc-4850-9ae0-4f59283ca8b5
Element Type: message, Key: d34efcc1-e8f3-4928-a585-c31906907d76, Parent: d537a8e6-36bc-4850-9ae0-4f59283ca8b5
Element Type: kill, Key: d537a8e6-36bc-4850-9ae0-4f59283ca8b5, Parent: thief_01
Element Type: attribute, Key: 027d0fba-b67d-48bb-8779-5e506e602070, Parent: f3d6a6e0-545e-4aae-9e5a-3a1519ac41fc
Element Type: attribute, Key: 4ead4d7f-5900-4c2b-b706-b770fd9b8ffa, Parent: f3d6a6e0-545e-4aae-9e5a-3a1519ac41fc
Element Type: attack, Key: f3d6a6e0-545e-4aae-9e5a-3a1519ac41fc, Parent: aedc87fc-3809-4162-ad8e-a52168498ad0
Element Type: input, Key: aedc87fc-3809-4162-ad8e-a52168498ad0, Parent: thief_01
Element Type: npc, Key: thief_01, Parent: local_pub
New Element created: game, Parent: root
New Element created: , Parent: game
New Element created: die_message, Parent: game
Returning row-index: 30
Element Type: enter_message, Key: 81191396-9b39-4ad8-83d6-bca8af73a4d7, Parent: game
Element Type: , Key: die_message, Parent: game
Element Type: game, Key: game, Parent: root
New Element created: global01, Parent: root
New Element created: , Parent: global01
New Element created: , Parent: 6e836059-488f-4af0-9a5c-e1b9c8118fd8
Returning row: 2
New Element created: , Parent: global01
New Element created: , Parent: 219b2ba1-f262-473b-ad70-c898462aa6fb
Returning row: 5
New Element created: , Parent: global01
New Element created: , Parent: 2cfc1bd6-ba52-4c14-81e0-c1a35faa9458
Returning row: 9
New Element created: , Parent: 2cfc1bd6-ba52-4c14-81e0-c1a35faa9458
Returning row-index: 14
New Element created: day_string, Parent: global01
New Element created: , Parent: day_string
New Element created: , Parent: 6614db3c-635c-4b07-acb4-1e8549b1233f
New Element created: , Parent: 6614db3c-635c-4b07-acb4-1e8549b1233f
Returning row-index: 29
New Element created: , Parent: day_string
New Element created: , Parent: 651bccbd-ff6d-42e3-90df-90d94e377ea4
New Element created: , Parent: 651bccbd-ff6d-42e3-90df-90d94e377ea4
Returning row-index: 43
Returning row-index: 44
Returning row-index: 45
Element Type: action, Key: 81898b60-c12c-4952-acbb-b857e6789b95, Parent: 6e836059-488f-4af0-9a5c-e1b9c8118fd8
Element Type: input, Key: 6e836059-488f-4af0-9a5c-e1b9c8118fd8, Parent: global01
Element Type: action, Key: 7982f92b-ebe0-4f7d-a40f-9cebc89b02b6, Parent: 219b2ba1-f262-473b-ad70-c898462aa6fb
Element Type: input, Key: 219b2ba1-f262-473b-ad70-c898462aa6fb, Parent: global01
Element Type: set, Key: ae52b442-4242-4ef2-aae8-e253eb9edea0, Parent: 2cfc1bd6-ba52-4c14-81e0-c1a35faa9458
Element Type: message, Key: 47cc476e-1809-4e34-b8a0-b089b3be94bb, Parent: 2cfc1bd6-ba52-4c14-81e0-c1a35faa9458
Element Type: input, Key: 2cfc1bd6-ba52-4c14-81e0-c1a35faa9458, Parent: global01
Element Type: logic, Key: 364aad60-ad40-4b2e-bb3a-08b24a9e8522, Parent: 6614db3c-635c-4b07-acb4-1e8549b1233f
Element Type: message, Key: 3178f774-36af-490a-aa91-193e96aeebf6, Parent: 6614db3c-635c-4b07-acb4-1e8549b1233f
Element Type: action, Key: 6614db3c-635c-4b07-acb4-1e8549b1233f, Parent: day_string
Element Type: logic, Key: 9ff38c94-f98b-4757-8286-cce89792f10e, Parent: 651bccbd-ff6d-42e3-90df-90d94e377ea4
Element Type: message, Key: 873e5881-8419-4889-897f-70d0805fb23f, Parent: 651bccbd-ff6d-42e3-90df-90d94e377ea4
Element Type: action, Key: 651bccbd-ff6d-42e3-90df-90d94e377ea4, Parent: day_string
Element Type: , Key: day_string, Parent: global01
Element Type: global, Key: global01, Parent: root
New Element created: player, Parent: local_pub
New Element created: , Parent: player
Returning row: 1
New Element created: , Parent: player
Returning row: 2
New Element created: , Parent: player
Returning row: 3
New Element created: , Parent: player
Returning row: 4
New Element created: , Parent: player
Returning row: 5
New Element created: , Parent: player
Returning row: 6
New Element created: player_armed, Parent: player
Returning row: 7
New Element created: longsword_01, Parent: player
New Element created: , Parent: longsword_01
Returning row: 10
New Element created: , Parent: longsword_01
Returning row: 11
New Element created: , Parent: longsword_01
Returning row-index: 17
Returning row-index: 18
Element Type: attribute, Key: 73ed5cbf-91d3-45b2-bed3-45b9c85d0afc, Parent: player
Element Type: attribute, Key: 376decdd-d89d-4c48-b435-6df80146d442, Parent: player
Element Type: attribute, Key: e7beab4d-32c0-4ab7-af89-f1ee516e56c2, Parent: player
Element Type: attribute, Key: 8d2da0e0-aeae-4305-9ca7-3ee97dc363c4, Parent: player
Element Type: attribute, Key: ea32e3b5-fe1a-4b8c-902a-007402343276, Parent: player
Element Type: attribute, Key: bfdc6711-1ca1-4172-878f-8473578c5ba2, Parent: player
Element Type: attribute, Key: player_armed, Parent: player
Element Type: attribute, Key: ca317dd0-2435-4901-b3c7-ffb15ebfdcf5, Parent: longsword_01
Element Type: attribute, Key: 3852ec01-ed10-4252-9f72-316af9c6fb3e, Parent: longsword_01
Element Type: message, Key: bbe6b491-6720-4d22-b625-7cd9435af7de, Parent: longsword_01
Element Type: weapon, Key: longsword_01, Parent: player
Element Type: player, Key: player, Parent: local_pub
