New Element created: golden_egg, Parent: local_pub_north
New Element created: egg_visible, Parent: golden_egg
Returning row: 1
New Element created: , Parent: golden_egg
New Element created: , Parent: golden_egg
New Element created: , Parent: 37c6a490-f166-4db2-965d-520bab4a3c76
Returning row-index: 15
New Element created: , Parent: golden_egg
New Element created: , Parent: cbf53c70-bc5d-44be-85f7-624284283d36
New Element created: , Parent: cbf53c70-bc5d-44be-85f7-624284283d36
Returning row-index: 29
New Element created: , Parent: golden_egg
New Element created: , Parent: de17831e-7f28-418d-8ebc-703c31ae4a4a
Returning row-index: 38
New Element created: , Parent: golden_egg
New Element created: , Parent: a58d7ee1-d19f-4812-a03c-6a2c58686f38
Returning row: 43
New Element created: , Parent: golden_egg
New Element created: , Parent: 04654233-b8fb-4f26-ba0a-fc73e534e242
Returning row: 47
New Element created: , Parent: 04654233-b8fb-4f26-ba0a-fc73e534e242
Returning row-index: 54
New Element created: , Parent: golden_egg
New Element created: , Parent: 44cd986f-7dab-4e82-b140-2975b8748964
Returning row: 61
New Element created: , Parent: 44cd986f-7dab-4e82-b140-2975b8748964
Returning row-index: 68
New Element created: , Parent: golden_egg
New Element created: , Parent: 98e199c1-5199-49f6-9f0a-6bcf9860c8f7
New Element created: , Parent: 98e199c1-5199-49f6-9f0a-6bcf9860c8f7
Returning row: 83
Returning row-index: 84
Element Type: attribute, Key: egg_visible, Parent: golden_egg
Element Type: enter_message, Key: 485d16d9-b51c-43ba-81d9-123e94f94d8a, Parent: golden_egg
Element Type: message, Key: b7d940a0-921d-433a-8451-effcbabff42e, Parent: 37c6a490-f166-4db2-965d-520bab4a3c76
Element Type: look, Key: 37c6a490-f166-4db2-965d-520bab4a3c76, Parent: golden_egg
Element Type: logic, Key: d821764a-e2d8-41a6-aad4-e722509d1e65, Parent: cbf53c70-bc5d-44be-85f7-624284283d36
Element Type: message, Key: 60b725d8-6785-404c-b046-eeea440ce2be, Parent: cbf53c70-bc5d-44be-85f7-624284283d36
Element Type: inspect, Key: cbf53c70-bc5d-44be-85f7-624284283d36, Parent: golden_egg
Element Type: message, Key: e873e360-77de-42a3-98ef-6eff1f8e2906, Parent: de17831e-7f28-418d-8ebc-703c31ae4a4a
Element Type: use_egg, Key: de17831e-7f28-418d-8ebc-703c31ae4a4a, Parent: golden_egg
Element Type: action, Key: 4e808c7d-8ebd-4a5f-8e04-9bc0ac420a9c, Parent: a58d7ee1-d19f-4812-a03c-6a2c58686f38
Element Type: input, Key: a58d7ee1-d19f-4812-a03c-6a2c58686f38, Parent: golden_egg
Element Type: set, Key: f0d43c75-b3d9-4278-80f7-4f2ec8f43178, Parent: 04654233-b8fb-4f26-ba0a-fc73e534e242
Element Type: move, Key: 1c774042-a62b-49bc-9826-c09e88f8c317, Parent: 04654233-b8fb-4f26-ba0a-fc73e534e242
Element Type: input, Key: 04654233-b8fb-4f26-ba0a-fc73e534e242, Parent: golden_egg
Element Type: set, Key: 000b8448-f302-47b6-80f4-9e2a35959794, Parent: 44cd986f-7dab-4e82-b140-2975b8748964
Element Type: move, Key: 95c11b18-087d-4e6c-a3fd-4b8b8bd2d7ca, Parent: 44cd986f-7dab-4e82-b140-2975b8748964
Element Type: input, Key: 44cd986f-7dab-4e82-b140-2975b8748964, Parent: golden_egg
Element Type: logic, Key: 4e49569e-8f62-4c95-bf19-974cca155667, Parent: 98e199c1-5199-49f6-9f0a-6bcf9860c8f7
Element Type: action, Key: 41fc0c60-f443-4c5f-9394-13424ccf889c, Parent: 98e199c1-5199-49f6-9f0a-6bcf9860c8f7
Element Type: input, Key: 98e199c1-5199-49f6-9f0a-6bcf9860c8f7, Parent: golden_egg
Element Type: object, Key: golden_egg, Parent: local_pub_north
New Element created: poison-vial, Parent: local_pub_north
New Element created: , Parent: poison-vial
New Element created: , Parent: poison-vial
New Element created: , Parent: b212a137-1f0f-4c14-b033-da59a37f4fd2
Returning row-index: 13
New Element created: , Parent: poison-vial
New Element created: , Parent: a8cd5a60-7a43-4dd2-bc92-d0dc1a2983c7
Returning row-index: 22
New Element created: , Parent: poison-vial
New Element created: , Parent: 53fdcfd7-58ca-4cef-9735-0cb16c48f6dc
Returning row: 26
New Element created: , Parent: poison-vial
New Element created: , Parent: 380a28f5-53e2-4940-8474-5a2483cd990d
Returning row: 31
New Element created: , Parent: poison-vial
New Element created: , Parent: ece259c8-bcb6-45d4-8ace-52e2a1bff09b
Returning row: 35
Returning row-index: 36
Element Type: enter_message, Key: 157a8157-835e-4ace-bb94-901342ab4aa8, Parent: poison-vial
Element Type: message, Key: 5710e3c8-3d2d-415a-8aca-021fd1170311, Parent: b212a137-1f0f-4c14-b033-da59a37f4fd2
Element Type: look, Key: b212a137-1f0f-4c14-b033-da59a37f4fd2, Parent: poison-vial
Element Type: message, Key: 83ddd8dc-d7e5-40c1-ab09-c8e1f8e75119, Parent: a8cd5a60-7a43-4dd2-bc92-d0dc1a2983c7
Element Type: inspect, Key: a8cd5a60-7a43-4dd2-bc92-d0dc1a2983c7, Parent: poison-vial
Element Type: action, Key: 854f69e4-1f8a-4132-b082-600c8a68eca1, Parent: 53fdcfd7-58ca-4cef-9735-0cb16c48f6dc
Element Type: drink, Key: 53fdcfd7-58ca-4cef-9735-0cb16c48f6dc, Parent: poison-vial
Element Type: action, Key: 1a908780-de35-4717-8f3c-9e78f5bb1fa3, Parent: 380a28f5-53e2-4940-8474-5a2483cd990d
Element Type: input, Key: 380a28f5-53e2-4940-8474-5a2483cd990d, Parent: poison-vial
Element Type: action, Key: 9ea88524-00e0-4305-8292-9f5e7d9a9830, Parent: ece259c8-bcb6-45d4-8ace-52e2a1bff09b
Element Type: input, Key: ece259c8-bcb6-45d4-8ace-52e2a1bff09b, Parent: poison-vial
Element Type: object, Key: poison-vial, Parent: local_pub_north
New Element created: local_pub_north, Parent: root
New Element created: , Parent: local_pub_north
New Element created: , Parent: local_pub_north
New Element created: , Parent: 624ffc2b-1f1d-49ea-9c91-dd7968d4dac2
Returning row-index: 18
New Element created: , Parent: local_pub_north
New Element created: , Parent: 90a1a979-e5b4-4404-81f5-b035cc516ec5
Returning row: 22
New Element created: , Parent: local_pub_north
New Element created: , Parent: d760d55f-0339-4b62-8335-ce6b42dbdb43
Returning row-index: 30
Returning row-index: 31
Element Type: enter_message, Key: 40446cd1-57ae-4f9d-9942-90aded45df9c, Parent: local_pub_north
Element Type: message, Key: efd4213a-9fc1-43e8-9408-78c428900a74, Parent: 624ffc2b-1f1d-49ea-9c91-dd7968d4dac2
Element Type: look, Key: 624ffc2b-1f1d-49ea-9c91-dd7968d4dac2, Parent: local_pub_north
Element Type: action, Key: fbc4f914-899f-4ae1-bb6f-b2c4db929c4d, Parent: 90a1a979-e5b4-4404-81f5-b035cc516ec5
Element Type: input, Key: 90a1a979-e5b4-4404-81f5-b035cc516ec5, Parent: local_pub_north
Element Type: move, Key: 8fe15d20-6a5d-49bd-97b5-012a0888c98c, Parent: d760d55f-0339-4b62-8335-ce6b42dbdb43
Element Type: input, Key: d760d55f-0339-4b62-8335-ce6b42dbdb43, Parent: local_pub_north
Element Type: room, Key: local_pub_north, Parent: root
New Element created: local_pub, Parent: root
New Element created: , Parent: local_pub
New Element created: , Parent: local_pub
New Element created: , Parent: d99a5c3c-2e39-4250-b333-2dde20d5d94c
New Element created: , Parent: d99a5c3c-2e39-4250-b333-2dde20d5d94c
Returning row-index: 25
New Element created: , Parent: local_pub
New Element created: , Parent: 87a7e220-8e3e-4444-ba15-b759b8201ba5
Returning row: 30
New Element created: , Parent: 87a7e220-8e3e-4444-ba15-b759b8201ba5
Returning row: 31
New Element created: , Parent: local_pub
New Element created: , Parent: 313d97bf-8fa1-40de-99f5-6afca3b18b12
Returning row-index: 39
Returning row-index: 40
Element Type: enter_message, Key: a2b67545-5635-4414-a9af-6e56552fd4e7, Parent: local_pub
Element Type: message, Key: 22d8e74e-184e-4c7d-be3d-fb26b5bca388, Parent: d99a5c3c-2e39-4250-b333-2dde20d5d94c
Element Type: message, Key: 6ef5706b-df83-431b-871f-e9f1bb4f8229, Parent: d99a5c3c-2e39-4250-b333-2dde20d5d94c
Element Type: look, Key: d99a5c3c-2e39-4250-b333-2dde20d5d94c, Parent: local_pub
Element Type: action, Key: afa4f589-a481-4941-917c-670a00bf00d5, Parent: 87a7e220-8e3e-4444-ba15-b759b8201ba5
Element Type: set, Key: d4514d84-a16b-432f-bb05-20a790377680, Parent: 87a7e220-8e3e-4444-ba15-b759b8201ba5
Element Type: input, Key: 87a7e220-8e3e-4444-ba15-b759b8201ba5, Parent: local_pub
Element Type: move, Key: be3b0dbe-c7ed-4059-bc80-445131efd98a, Parent: 313d97bf-8fa1-40de-99f5-6afca3b18b12
Element Type: input, Key: 313d97bf-8fa1-40de-99f5-6afca3b18b12, Parent: local_pub
Element Type: room, Key: local_pub, Parent: root
New Element created: thief_01, Parent: local_pub
New Element created: , Parent: thief_01
Returning row: 1
New Element created: , Parent: thief_01
Returning row: 2
New Element created: , Parent: thief_01
Returning row: 3
New Element created: , Parent: thief_01
Returning row: 4
New Element created: , Parent: thief_01
Returning row: 5
New Element created: , Parent: thief_01
Returning row: 6
New Element created: , Parent: thief_01
Returning row: 7
New Element created: , Parent: thief_01
Returning row: 8
New Element created: , Parent: thief_01
Returning row: 9
New Element created: , Parent: thief_01
Returning row: 10
New Element created: thief_01_msg_idx, Parent: thief_01
Returning row: 12
New Element created: stolen_shortsword_01, Parent: thief_01
New Element created: , Parent: stolen_shortsword_01
New Element created: , Parent: 713a4d23-a21e-47ae-a09d-3a1b267e8ad1
Returning row: 16
New Element created: , Parent: 713a4d23-a21e-47ae-a09d-3a1b267e8ad1
Returning row-index: 22
New Element created: thief_01_travel, Parent: stolen_shortsword_01
Returning row: 26
New Element created: , Parent: stolen_shortsword_01
New Element created: , Parent: 20c423cc-9d1f-41ea-9657-6171f36bf9b8
New Element created: , Parent: 20c423cc-9d1f-41ea-9657-6171f36bf9b8
New Element created: , Parent: 20c423cc-9d1f-41ea-9657-6171f36bf9b8
Returning row-index: 44
New Element created: , Parent: stolen_shortsword_01
New Element created: , Parent: cce87949-d73f-454f-936a-f3bc3ed52c99
New Element created: , Parent: cce87949-d73f-454f-936a-f3bc3ed52c99
New Element created: , Parent: cce87949-d73f-454f-936a-f3bc3ed52c99
Returning row-index: 62
New Element created: , Parent: stolen_shortsword_01
New Element created: , Parent: 3995d520-d926-4fb0-a05b-4f3aeb9fd2fd
Returning row: 66
New Element created: , Parent: 3995d520-d926-4fb0-a05b-4f3aeb9fd2fd
Returning row-index: 71
New Element created: , Parent: stolen_shortsword_01
New Element created: , Parent: f7f858fe-9a95-4f19-9bd7-225b9dcc9b90
New Element created: , Parent: 0b2e82b4-19d3-4f1d-bb9c-b9e54cc92a20
Returning row: 77
New Element created: , Parent: 0b2e82b4-19d3-4f1d-bb9c-b9e54cc92a20
Returning row: 78
Returning row-index: 79
Returning row-index: 80
Element Type: attribute, Key: fdf705fc-35c7-4e38-b813-79c7bddb033c, Parent: thief_01
Element Type: attribute, Key: 4132f913-e5c0-4f03-bb21-80d475f3af0c, Parent: thief_01
Element Type: attribute, Key: c7143786-157d-4c52-b2f8-e55f558ce077, Parent: thief_01
Element Type: attribute, Key: 4c96d7ec-61b7-4afa-900e-bd240731fccc, Parent: thief_01
Element Type: attribute, Key: 0c4bd2d4-6a4a-4166-939f-3f2e074bfc67, Parent: thief_01
Element Type: attribute, Key: 7a67e36d-4604-42a1-861f-34aa7b8ea916, Parent: thief_01
Element Type: attribute, Key: 87f02d1d-abcd-4fe6-8a91-ca7390810d4f, Parent: thief_01
Element Type: attribute, Key: a1ac7ef4-c48a-4cca-a5a1-521c1c49b94d, Parent: thief_01
Element Type: attribute, Key: 03215812-e70d-4a41-bdd8-661c3049df54, Parent: thief_01
Element Type: attribute, Key: c41ed34c-fe64-42fd-a430-015555c484d7, Parent: thief_01
Element Type: attribute, Key: thief_01_msg_idx, Parent: thief_01
Element Type: attribute, Key: 779116bf-2c99-4e19-9fd9-bd4240cd44a2, Parent: 713a4d23-a21e-47ae-a09d-3a1b267e8ad1
Element Type: message, Key: 1ee371cb-318e-44b5-a586-0ea15421c45e, Parent: 713a4d23-a21e-47ae-a09d-3a1b267e8ad1
Element Type: attribute, Key: 713a4d23-a21e-47ae-a09d-3a1b267e8ad1, Parent: stolen_shortsword_01
Element Type: travel, Key: thief_01_travel, Parent: stolen_shortsword_01
Element Type: message, Key: e65366d6-5dac-40c8-8ced-6b327ad4609e, Parent: 20c423cc-9d1f-41ea-9657-6171f36bf9b8
Element Type: message, Key: 51bdef09-c88a-4290-a511-9d5e6b85e1d3, Parent: 20c423cc-9d1f-41ea-9657-6171f36bf9b8
Element Type: message, Key: 6deed3f9-ce23-45bd-9cf2-727993f4f429, Parent: 20c423cc-9d1f-41ea-9657-6171f36bf9b8
Element Type: enter_message, Key: 20c423cc-9d1f-41ea-9657-6171f36bf9b8, Parent: stolen_shortsword_01
Element Type: message, Key: cc7b33a6-7d54-4104-b2cd-25dfe365316d, Parent: cce87949-d73f-454f-936a-f3bc3ed52c99
Element Type: message, Key: d9af3da2-d5ee-4b54-ae3d-a85da9a32758, Parent: cce87949-d73f-454f-936a-f3bc3ed52c99
Element Type: message, Key: 97ae3b93-0305-4966-b35b-78b7c33bb9f1, Parent: cce87949-d73f-454f-936a-f3bc3ed52c99
Element Type: look, Key: cce87949-d73f-454f-936a-f3bc3ed52c99, Parent: stolen_shortsword_01
Element Type: move, Key: 984cc471-4c9a-44f9-a8ff-04ebda85fe6c, Parent: 3995d520-d926-4fb0-a05b-4f3aeb9fd2fd
Element Type: message, Key: 49bae0e4-ca06-4c61-9e27-cb667ea2cff9, Parent: 3995d520-d926-4fb0-a05b-4f3aeb9fd2fd
Element Type: kill, Key: 3995d520-d926-4fb0-a05b-4f3aeb9fd2fd, Parent: stolen_shortsword_01
Element Type: attribute, Key: 88fbff50-c246-459c-94ba-0973fb22b75c, Parent: 0b2e82b4-19d3-4f1d-bb9c-b9e54cc92a20
Element Type: attribute, Key: 70c1e89b-8175-43a1-a761-f023ad3b1320, Parent: 0b2e82b4-19d3-4f1d-bb9c-b9e54cc92a20
Element Type: attack, Key: 0b2e82b4-19d3-4f1d-bb9c-b9e54cc92a20, Parent: f7f858fe-9a95-4f19-9bd7-225b9dcc9b90
Element Type: input, Key: f7f858fe-9a95-4f19-9bd7-225b9dcc9b90, Parent: stolen_shortsword_01
Element Type: weapon, Key: stolen_shortsword_01, Parent: thief_01
Element Type: npc, Key: thief_01, Parent: local_pub
New Element created: game, Parent: root
New Element created: , Parent: game
New Element created: die_message, Parent: game
Returning row-index: 30
Element Type: enter_message, Key: eb4993fc-9a88-4bd2-858c-e5d527aa8211, Parent: game
Element Type: , Key: die_message, Parent: game
Element Type: game, Key: game, Parent: root
New Element created: global01, Parent: root
New Element created: , Parent: global01
New Element created: , Parent: 4b8473a4-8d76-468e-8b3d-a69629b7b881
Returning row: 2
New Element created: , Parent: global01
New Element created: , Parent: 94555a4e-4b5b-45d8-b2b4-3f66a6e4236d
Returning row: 5
New Element created: , Parent: global01
New Element created: , Parent: c89660ef-493a-4d6a-8d6e-a49afed2aa15
Returning row: 9
New Element created: , Parent: c89660ef-493a-4d6a-8d6e-a49afed2aa15
Returning row-index: 14
New Element created: day_string, Parent: global01
New Element created: , Parent: day_string
New Element created: , Parent: 66e16279-0425-43f8-bae9-9485e80476f1
New Element created: , Parent: 66e16279-0425-43f8-bae9-9485e80476f1
Returning row-index: 29
New Element created: , Parent: day_string
New Element created: , Parent: f878c587-b294-42bc-99bb-6bb7e58d0d8f
New Element created: , Parent: f878c587-b294-42bc-99bb-6bb7e58d0d8f
Returning row-index: 43
Returning row-index: 44
Returning row-index: 45
Element Type: action, Key: 3d1e33c9-10ac-41c8-a5c3-9d108961c161, Parent: 4b8473a4-8d76-468e-8b3d-a69629b7b881
Element Type: input, Key: 4b8473a4-8d76-468e-8b3d-a69629b7b881, Parent: global01
Element Type: action, Key: 3eb948f6-53a2-4f58-b07b-6d7203c7bd27, Parent: 94555a4e-4b5b-45d8-b2b4-3f66a6e4236d
Element Type: input, Key: 94555a4e-4b5b-45d8-b2b4-3f66a6e4236d, Parent: global01
Element Type: set, Key: 5bcd8791-1efe-4c18-ad9f-91f3b6e75d41, Parent: c89660ef-493a-4d6a-8d6e-a49afed2aa15
Element Type: message, Key: cb9ee71c-2539-4f45-a75c-95e8eb91e40b, Parent: c89660ef-493a-4d6a-8d6e-a49afed2aa15
Element Type: input, Key: c89660ef-493a-4d6a-8d6e-a49afed2aa15, Parent: global01
Element Type: logic, Key: c8d99e5e-374c-428d-8528-8cb24a24d036, Parent: 66e16279-0425-43f8-bae9-9485e80476f1
Element Type: message, Key: 80a4d3bd-1d79-41ac-975a-148d538f7a96, Parent: 66e16279-0425-43f8-bae9-9485e80476f1
Element Type: action, Key: 66e16279-0425-43f8-bae9-9485e80476f1, Parent: day_string
Element Type: logic, Key: 866cda1d-035d-47af-8b56-8805bfc725ac, Parent: f878c587-b294-42bc-99bb-6bb7e58d0d8f
Element Type: message, Key: baa4e88f-10fd-49ab-a4b7-90afb05511f1, Parent: f878c587-b294-42bc-99bb-6bb7e58d0d8f
Element Type: action, Key: f878c587-b294-42bc-99bb-6bb7e58d0d8f, Parent: day_string
Element Type: , Key: day_string, Parent: global01
Element Type: global, Key: global01, Parent: root
New Element created: player, Parent: local_pub
New Element created: , Parent: player
Returning row: 1
New Element created: , Parent: player
Returning row: 2
New Element created: , Parent: player
Returning row: 3
New Element created: , Parent: player
Returning row: 4
New Element created: , Parent: player
Returning row: 5
New Element created: , Parent: player
Returning row: 6
New Element created: player_armed, Parent: player
Returning row: 7
New Element created: longsword_01, Parent: player
New Element created: , Parent: longsword_01
Returning row: 10
New Element created: , Parent: longsword_01
Returning row: 11
New Element created: , Parent: longsword_01
Returning row-index: 17
Returning row-index: 18
Element Type: attribute, Key: 77a8a26c-4126-4232-a44b-2a62d3ddedd4, Parent: player
Element Type: attribute, Key: 3cb12e6e-7b35-433e-b1c2-05332a936628, Parent: player
Element Type: attribute, Key: 1c387302-01dd-46f6-9092-213dfffdbd45, Parent: player
Element Type: attribute, Key: e3ab0587-3001-43a0-b9b9-ff8707fe563e, Parent: player
Element Type: attribute, Key: 56f765d4-5df6-45eb-a33d-9306681ffcf8, Parent: player
Element Type: attribute, Key: a8386c83-75e7-47aa-a1e8-abf80991770d, Parent: player
Element Type: attribute, Key: player_armed, Parent: player
Element Type: attribute, Key: 61db0d97-81ef-4dee-9ee1-9f63f3c79f6d, Parent: longsword_01
Element Type: attribute, Key: 2e455844-f812-40a7-a2b3-0cf46aa850e7, Parent: longsword_01
Element Type: message, Key: 7ffd595a-eeee-4792-8378-8462cb8a0c84, Parent: longsword_01
Element Type: weapon, Key: longsword_01, Parent: player
Element Type: player, Key: player, Parent: local_pub
