New Element created: golden_egg, Parent: local_pub_north
New Element created: egg_visible, Parent: golden_egg
Returning row: 1
New Element created: , Parent: golden_egg
New Element created: , Parent: golden_egg
New Element created: , Parent: 2a40473e-ac5d-48dd-97b0-fb7e0f468b2a
Returning row-index: 15
New Element created: , Parent: golden_egg
New Element created: , Parent: 8726372e-104a-4d08-848d-06c5d80bbc97
New Element created: , Parent: 8726372e-104a-4d08-848d-06c5d80bbc97
Returning row-index: 29
New Element created: , Parent: golden_egg
New Element created: , Parent: c8f7dfd9-205f-424b-8312-0bb2562cd045
Returning row-index: 38
New Element created: , Parent: golden_egg
New Element created: , Parent: 88c2cdc6-adcd-44aa-8abf-dbc4c542eeaf
Returning row: 43
New Element created: , Parent: golden_egg
New Element created: , Parent: 647c40a5-d8b5-4a95-8ad4-73993965b246
Returning row: 47
New Element created: , Parent: 647c40a5-d8b5-4a95-8ad4-73993965b246
Returning row-index: 54
New Element created: , Parent: golden_egg
New Element created: , Parent: 5d693d7f-6294-47f6-b676-ed5207a4fb66
Returning row: 61
New Element created: , Parent: 5d693d7f-6294-47f6-b676-ed5207a4fb66
Returning row-index: 68
New Element created: , Parent: golden_egg
New Element created: , Parent: 301d9920-0a5a-4dbd-a4aa-60e11d853527
New Element created: , Parent: 301d9920-0a5a-4dbd-a4aa-60e11d853527
Returning row: 83
Returning row-index: 84
Element Type: attribute, Key: egg_visible, Parent: golden_egg
Element Type: enter_message, Key: f96df4d0-bac2-443a-b1ba-c5826a20e215, Parent: golden_egg
Element Type: message, Key: 55c069d5-7806-4554-9fc1-29e09fcde753, Parent: 2a40473e-ac5d-48dd-97b0-fb7e0f468b2a
Element Type: look, Key: 2a40473e-ac5d-48dd-97b0-fb7e0f468b2a, Parent: golden_egg
Element Type: logic, Key: fe75a4af-7b8e-428d-b1b4-b318c710e0ce, Parent: 8726372e-104a-4d08-848d-06c5d80bbc97
Element Type: message, Key: 40745506-f30d-4581-88c5-341b40c2489f, Parent: 8726372e-104a-4d08-848d-06c5d80bbc97
Element Type: inspect, Key: 8726372e-104a-4d08-848d-06c5d80bbc97, Parent: golden_egg
Element Type: message, Key: 7423c1fd-5ebe-4ef1-82dd-2d371e4043d4, Parent: c8f7dfd9-205f-424b-8312-0bb2562cd045
Element Type: use_egg, Key: c8f7dfd9-205f-424b-8312-0bb2562cd045, Parent: golden_egg
Element Type: action, Key: aa754c5f-3664-4758-9d36-ecceca2f02b7, Parent: 88c2cdc6-adcd-44aa-8abf-dbc4c542eeaf
Element Type: input, Key: 88c2cdc6-adcd-44aa-8abf-dbc4c542eeaf, Parent: golden_egg
Element Type: set, Key: b3e04a57-974f-4856-af3e-44331ea9d67f, Parent: 647c40a5-d8b5-4a95-8ad4-73993965b246
Element Type: move, Key: efd67ba9-9433-40b6-a68d-a49c226dab7f, Parent: 647c40a5-d8b5-4a95-8ad4-73993965b246
Element Type: input, Key: 647c40a5-d8b5-4a95-8ad4-73993965b246, Parent: golden_egg
Element Type: set, Key: c9260e21-4da7-48ac-9746-de9bdd0633ee, Parent: 5d693d7f-6294-47f6-b676-ed5207a4fb66
Element Type: move, Key: eac9b3ae-6979-4561-8962-7aa7108f1981, Parent: 5d693d7f-6294-47f6-b676-ed5207a4fb66
Element Type: input, Key: 5d693d7f-6294-47f6-b676-ed5207a4fb66, Parent: golden_egg
Element Type: logic, Key: 327a469c-97ff-4f99-afd1-194c4c199c1f, Parent: 301d9920-0a5a-4dbd-a4aa-60e11d853527
Element Type: action, Key: 0c5e77ae-2abd-43e6-95a9-feaf6975a11b, Parent: 301d9920-0a5a-4dbd-a4aa-60e11d853527
Element Type: input, Key: 301d9920-0a5a-4dbd-a4aa-60e11d853527, Parent: golden_egg
Element Type: object, Key: golden_egg, Parent: local_pub_north
New Element created: poison-vial, Parent: local_pub_north
New Element created: , Parent: poison-vial
New Element created: , Parent: poison-vial
New Element created: , Parent: 7625cb1c-cd5b-4907-9f73-09062644abe8
Returning row-index: 13
New Element created: , Parent: poison-vial
New Element created: , Parent: 92bcada6-c00f-4b85-bed6-693492d7e73e
Returning row-index: 22
New Element created: , Parent: poison-vial
New Element created: , Parent: 88c1f1cc-92a7-4858-b547-b34017eb8e1d
Returning row: 26
New Element created: , Parent: poison-vial
New Element created: , Parent: da590c47-a32f-4ab7-a92d-659973d68c37
Returning row: 31
New Element created: , Parent: poison-vial
New Element created: , Parent: 7083b4d5-805b-4ee4-8228-928314c0323a
Returning row: 35
Returning row-index: 36
Element Type: enter_message, Key: ba52841d-4f78-4bd1-b662-e4c4fa8c1929, Parent: poison-vial
Element Type: message, Key: 54679c85-993e-459b-be80-bfecf991a32d, Parent: 7625cb1c-cd5b-4907-9f73-09062644abe8
Element Type: look, Key: 7625cb1c-cd5b-4907-9f73-09062644abe8, Parent: poison-vial
Element Type: message, Key: 80f1c6af-80e2-4439-800d-999d1f6e4a48, Parent: 92bcada6-c00f-4b85-bed6-693492d7e73e
Element Type: inspect, Key: 92bcada6-c00f-4b85-bed6-693492d7e73e, Parent: poison-vial
Element Type: action, Key: fb7d600c-50f5-47e7-81b5-704088a9d793, Parent: 88c1f1cc-92a7-4858-b547-b34017eb8e1d
Element Type: drink, Key: 88c1f1cc-92a7-4858-b547-b34017eb8e1d, Parent: poison-vial
Element Type: action, Key: fc3a36f6-4dfc-4d10-a810-e7ea166bf218, Parent: da590c47-a32f-4ab7-a92d-659973d68c37
Element Type: input, Key: da590c47-a32f-4ab7-a92d-659973d68c37, Parent: poison-vial
Element Type: action, Key: 050f829f-3899-44c6-9f12-745f1d153ffb, Parent: 7083b4d5-805b-4ee4-8228-928314c0323a
Element Type: input, Key: 7083b4d5-805b-4ee4-8228-928314c0323a, Parent: poison-vial
Element Type: object, Key: poison-vial, Parent: local_pub_north
New Element created: local_pub_north, Parent: root
New Element created: , Parent: local_pub_north
New Element created: , Parent: local_pub_north
New Element created: , Parent: e1daabc8-e5e1-4ca0-be81-05ed6c79ef60
Returning row-index: 18
New Element created: , Parent: local_pub_north
New Element created: , Parent: 02793397-3f67-46cb-9f99-71ef0bb6d30f
Returning row: 22
New Element created: , Parent: local_pub_north
New Element created: , Parent: 46add59e-3517-4160-9a11-e39b9054e561
Returning row-index: 30
Returning row-index: 31
Element Type: enter_message, Key: 51f1539f-56ce-48d5-8bbd-c7a6bcff9e6a, Parent: local_pub_north
Element Type: message, Key: a730d283-03cf-4c00-ac95-66ac50c70c3a, Parent: e1daabc8-e5e1-4ca0-be81-05ed6c79ef60
Element Type: look, Key: e1daabc8-e5e1-4ca0-be81-05ed6c79ef60, Parent: local_pub_north
Element Type: action, Key: 5c67f644-24f2-4664-bd17-ac5b53842957, Parent: 02793397-3f67-46cb-9f99-71ef0bb6d30f
Element Type: input, Key: 02793397-3f67-46cb-9f99-71ef0bb6d30f, Parent: local_pub_north
Element Type: move, Key: a548595a-a437-4ffc-b903-8404a1eec033, Parent: 46add59e-3517-4160-9a11-e39b9054e561
Element Type: input, Key: 46add59e-3517-4160-9a11-e39b9054e561, Parent: local_pub_north
Element Type: room, Key: local_pub_north, Parent: root
New Element created: local_pub, Parent: root
New Element created: , Parent: local_pub
New Element created: , Parent: local_pub
New Element created: , Parent: 7c5dc4fc-0437-4ba1-bcf9-13c753fbede0
New Element created: , Parent: 7c5dc4fc-0437-4ba1-bcf9-13c753fbede0
Returning row-index: 25
New Element created: , Parent: local_pub
New Element created: , Parent: 5f3ab032-20f2-48b3-847a-050b5047f59a
Returning row: 30
New Element created: , Parent: 5f3ab032-20f2-48b3-847a-050b5047f59a
Returning row: 31
New Element created: , Parent: local_pub
New Element created: , Parent: 73b1e6d5-2b7f-41fb-acec-e3fd99501bb0
Returning row-index: 39
Returning row-index: 40
Element Type: enter_message, Key: f3a11a2f-fb52-450d-8278-61b078a80cb3, Parent: local_pub
Element Type: message, Key: 27f549b0-88bc-41fc-99f1-4c8a7791fdfc, Parent: 7c5dc4fc-0437-4ba1-bcf9-13c753fbede0
Element Type: message, Key: 19a999a4-9767-4eb1-b8b5-7226533133b7, Parent: 7c5dc4fc-0437-4ba1-bcf9-13c753fbede0
Element Type: look, Key: 7c5dc4fc-0437-4ba1-bcf9-13c753fbede0, Parent: local_pub
Element Type: action, Key: eb5d1eea-30ed-4170-b633-b24ccb05ba67, Parent: 5f3ab032-20f2-48b3-847a-050b5047f59a
Element Type: set, Key: 8c2fe27c-295c-454d-8570-feaf625d7ced, Parent: 5f3ab032-20f2-48b3-847a-050b5047f59a
Element Type: input, Key: 5f3ab032-20f2-48b3-847a-050b5047f59a, Parent: local_pub
Element Type: move, Key: 09279159-9382-419b-ac0d-e8e9394ba225, Parent: 73b1e6d5-2b7f-41fb-acec-e3fd99501bb0
Element Type: input, Key: 73b1e6d5-2b7f-41fb-acec-e3fd99501bb0, Parent: local_pub
Element Type: room, Key: local_pub, Parent: root
New Element created: thief_01, Parent: local_pub
New Element created: , Parent: thief_01
Returning row: 1
New Element created: , Parent: thief_01
Returning row: 2
New Element created: , Parent: thief_01
Returning row: 3
New Element created: , Parent: thief_01
Returning row: 4
New Element created: , Parent: thief_01
Returning row: 5
New Element created: , Parent: thief_01
Returning row: 6
New Element created: , Parent: thief_01
Returning row: 7
New Element created: , Parent: thief_01
Returning row: 8
New Element created: , Parent: thief_01
Returning row: 9
New Element created: , Parent: thief_01
Returning row: 10
New Element created: thief_01_msg_idx, Parent: thief_01
Returning row: 12
New Element created: stolen_shortsword_01, Parent: thief_01
New Element created: , Parent: stolen_shortsword_01
Returning row: 15
New Element created: , Parent: stolen_shortsword_01
Returning row-index: 21
New Element created: thief_01_travel, Parent: thief_01
Returning row: 25
New Element created: , Parent: thief_01
New Element created: , Parent: 64ce3237-2a61-421c-b3e4-6f641dd0f22f
New Element created: , Parent: 64ce3237-2a61-421c-b3e4-6f641dd0f22f
New Element created: , Parent: 64ce3237-2a61-421c-b3e4-6f641dd0f22f
Returning row-index: 43
New Element created: , Parent: thief_01
New Element created: , Parent: d5be60c1-b2cb-41cb-aca4-7aa099528d27
New Element created: , Parent: d5be60c1-b2cb-41cb-aca4-7aa099528d27
New Element created: , Parent: d5be60c1-b2cb-41cb-aca4-7aa099528d27
Returning row-index: 61
New Element created: , Parent: thief_01
New Element created: , Parent: 98b3bd89-2df5-45b1-a932-aae7358faf95
Returning row: 65
New Element created: , Parent: 98b3bd89-2df5-45b1-a932-aae7358faf95
Returning row-index: 70
New Element created: , Parent: thief_01
New Element created: , Parent: bde9ef23-6690-4ec0-9e9a-5d6522dd0a2b
New Element created: , Parent: f228a6db-4412-4580-bda7-f886984d7083
Returning row: 76
New Element created: , Parent: f228a6db-4412-4580-bda7-f886984d7083
Returning row: 77
Returning row-index: 78
Returning row-index: 79
Element Type: attribute, Key: fab7676c-a381-4fe4-a24a-581b27675482, Parent: thief_01
Element Type: attribute, Key: 070c10c4-0729-4547-8fa5-46d8511ecf8a, Parent: thief_01
Element Type: attribute, Key: f12543f6-ae4d-4b0a-a57b-52ae200704ae, Parent: thief_01
Element Type: attribute, Key: ed3564ea-585c-46ee-9a16-e758c6ad2fe5, Parent: thief_01
Element Type: attribute, Key: 720a0eee-d4be-4c09-8715-e36193b972ed, Parent: thief_01
Element Type: attribute, Key: 16eef0d7-771c-4460-8777-b56fdb6993b5, Parent: thief_01
Element Type: attribute, Key: a3a2ec85-c948-494d-ad0a-0c807b329ce6, Parent: thief_01
Element Type: attribute, Key: 4f8fa906-48d0-48ac-bd5f-9c5f64fb49d9, Parent: thief_01
Element Type: attribute, Key: d0ab4a19-c867-40bd-a97c-a782dbe49fea, Parent: thief_01
Element Type: attribute, Key: 45e8b3f1-2390-4ebb-bd66-6ccdd8fbc996, Parent: thief_01
Element Type: attribute, Key: thief_01_msg_idx, Parent: thief_01
Element Type: attribute, Key: a5ee7042-f533-4aa8-8a4b-7772db909dd1, Parent: stolen_shortsword_01
Element Type: message, Key: d10f3144-fae4-4911-bdba-df3ce0e0a635, Parent: stolen_shortsword_01
Element Type: weapon, Key: stolen_shortsword_01, Parent: thief_01
Element Type: travel, Key: thief_01_travel, Parent: thief_01
Element Type: message, Key: 804ba767-b3ba-499e-b6c6-55a3d026cd6f, Parent: 64ce3237-2a61-421c-b3e4-6f641dd0f22f
Element Type: message, Key: 2a8162b6-d1c2-4794-ae10-ac78babe60e7, Parent: 64ce3237-2a61-421c-b3e4-6f641dd0f22f
Element Type: message, Key: e47b3e88-d5ba-4d1c-af2f-19b6137ca736, Parent: 64ce3237-2a61-421c-b3e4-6f641dd0f22f
Element Type: enter_message, Key: 64ce3237-2a61-421c-b3e4-6f641dd0f22f, Parent: thief_01
Element Type: message, Key: 2d0938cc-4e80-49f8-b7bc-8a1bd985c699, Parent: d5be60c1-b2cb-41cb-aca4-7aa099528d27
Element Type: message, Key: 7d09e58b-a015-4921-a939-da29dfcac6fb, Parent: d5be60c1-b2cb-41cb-aca4-7aa099528d27
Element Type: message, Key: e9486638-f817-413b-8bf3-c53eeb4837b0, Parent: d5be60c1-b2cb-41cb-aca4-7aa099528d27
Element Type: look, Key: d5be60c1-b2cb-41cb-aca4-7aa099528d27, Parent: thief_01
Element Type: move, Key: 21cae6b3-e1d9-45f0-be8c-1de9184e5c2c, Parent: 98b3bd89-2df5-45b1-a932-aae7358faf95
Element Type: message, Key: 812d3ca6-dbff-49a5-a68f-5aec5aad6f72, Parent: 98b3bd89-2df5-45b1-a932-aae7358faf95
Element Type: kill, Key: 98b3bd89-2df5-45b1-a932-aae7358faf95, Parent: thief_01
Element Type: attribute, Key: fed5e73c-73a6-413a-8e0b-74b62b62d83a, Parent: f228a6db-4412-4580-bda7-f886984d7083
Element Type: attribute, Key: 5e80839c-ed3b-4f12-8ecf-6b444f6b37a3, Parent: f228a6db-4412-4580-bda7-f886984d7083
Element Type: attack, Key: f228a6db-4412-4580-bda7-f886984d7083, Parent: bde9ef23-6690-4ec0-9e9a-5d6522dd0a2b
Element Type: input, Key: bde9ef23-6690-4ec0-9e9a-5d6522dd0a2b, Parent: thief_01
Element Type: npc, Key: thief_01, Parent: local_pub
New Element created: game, Parent: root
New Element created: , Parent: game
New Element created: die_message, Parent: game
Returning row-index: 30
Element Type: enter_message, Key: 582121de-aaa1-4f9f-b92e-c5b4bbd57e00, Parent: game
Element Type: , Key: die_message, Parent: game
Element Type: game, Key: game, Parent: root
New Element created: global01, Parent: root
New Element created: , Parent: global01
New Element created: , Parent: 8fd9e3a8-f033-4419-a5f1-d70baefa0273
Returning row: 2
New Element created: , Parent: global01
New Element created: , Parent: 22f55da2-e9dd-4259-bd56-ebe8c3788a68
Returning row: 5
New Element created: , Parent: global01
New Element created: , Parent: 26684ec4-3904-4a7c-89e3-c42ec70c3ea5
Returning row: 9
New Element created: , Parent: 26684ec4-3904-4a7c-89e3-c42ec70c3ea5
Returning row-index: 14
New Element created: day_string, Parent: global01
New Element created: , Parent: day_string
New Element created: , Parent: 901b0236-c5d1-4f46-a482-288d4d198941
New Element created: , Parent: 901b0236-c5d1-4f46-a482-288d4d198941
Returning row-index: 29
New Element created: , Parent: day_string
New Element created: , Parent: 9ac70869-246b-4e14-a40d-02f961f56292
New Element created: , Parent: 9ac70869-246b-4e14-a40d-02f961f56292
Returning row-index: 43
Returning row-index: 44
Returning row-index: 45
Element Type: action, Key: c946f8fe-3c75-4a7c-a310-8f57b97d97d5, Parent: 8fd9e3a8-f033-4419-a5f1-d70baefa0273
Element Type: input, Key: 8fd9e3a8-f033-4419-a5f1-d70baefa0273, Parent: global01
Element Type: action, Key: ec64633e-561a-415c-8b59-ff6e630797ae, Parent: 22f55da2-e9dd-4259-bd56-ebe8c3788a68
Element Type: input, Key: 22f55da2-e9dd-4259-bd56-ebe8c3788a68, Parent: global01
Element Type: set, Key: 40612729-349f-4d6e-90c8-4056e51c6ace, Parent: 26684ec4-3904-4a7c-89e3-c42ec70c3ea5
Element Type: message, Key: 9ca766f6-0109-40d7-8479-ae43157b35db, Parent: 26684ec4-3904-4a7c-89e3-c42ec70c3ea5
Element Type: input, Key: 26684ec4-3904-4a7c-89e3-c42ec70c3ea5, Parent: global01
Element Type: logic, Key: 26048767-922b-43d6-a7cd-0ad8ff7eea25, Parent: 901b0236-c5d1-4f46-a482-288d4d198941
Element Type: message, Key: e819efc0-547e-494b-a451-08ac66354a26, Parent: 901b0236-c5d1-4f46-a482-288d4d198941
Element Type: action, Key: 901b0236-c5d1-4f46-a482-288d4d198941, Parent: day_string
Element Type: logic, Key: 3bd5635a-9c7f-4474-bc99-9c5e38ca6457, Parent: 9ac70869-246b-4e14-a40d-02f961f56292
Element Type: message, Key: c7d78d38-6e03-4a9d-b1b2-76339a26fc28, Parent: 9ac70869-246b-4e14-a40d-02f961f56292
Element Type: action, Key: 9ac70869-246b-4e14-a40d-02f961f56292, Parent: day_string
Element Type: , Key: day_string, Parent: global01
Element Type: global, Key: global01, Parent: root
New Element created: player, Parent: local_pub
New Element created: , Parent: player
Returning row: 1
New Element created: , Parent: player
Returning row: 2
New Element created: , Parent: player
Returning row: 3
New Element created: , Parent: player
Returning row: 4
New Element created: , Parent: player
Returning row: 5
New Element created: , Parent: player
Returning row: 6
New Element created: player_armed, Parent: player
Returning row: 7
New Element created: longsword_01, Parent: player
New Element created: , Parent: longsword_01
Returning row: 10
New Element created: , Parent: longsword_01
Returning row: 11
New Element created: , Parent: longsword_01
Returning row-index: 17
Returning row-index: 18
Element Type: attribute, Key: 025f9a45-a228-4422-afea-fb8027dcd0a6, Parent: player
Element Type: attribute, Key: 7ac629b9-bd82-457a-b495-a9a869327f73, Parent: player
Element Type: attribute, Key: 0945bc01-f9f6-44c4-b036-398dd6ea6306, Parent: player
Element Type: attribute, Key: f5c6493b-686e-4359-afc0-1228f22d2507, Parent: player
Element Type: attribute, Key: 352d698c-62b8-4269-b191-639c96a8e5cc, Parent: player
Element Type: attribute, Key: fcbb73cb-304b-4492-90c4-439e3fba51c2, Parent: player
Element Type: attribute, Key: player_armed, Parent: player
Element Type: attribute, Key: 86f5c56c-3a96-49eb-b6df-af67fdc826b5, Parent: longsword_01
Element Type: attribute, Key: 2ade3488-52bb-452f-ba47-75533157a8db, Parent: longsword_01
Element Type: message, Key: 0a077e63-6067-4ae0-8b21-c9bc7b87f8cf, Parent: longsword_01
Element Type: weapon, Key: longsword_01, Parent: player
Element Type: player, Key: player, Parent: local_pub
