New Element created: local_pub, Parent: root
New Element created: , Parent: local_pub
Returning row-index: 5
Element Type: enter_message, Key: d08fbf99-7036-4ef1-91b1-cc5ad64f8edb, Parent: local_pub
Element Type: room, Key: local_pub, Parent: root
New Element created: game, Parent: root
New Element created: game_title, Parent: game
New Element created: die_message, Parent: game
Returning row-index: 30
Element Type: enter_message, Key: game_title, Parent: game
Element Type: , Key: die_message, Parent: game
Element Type: game, Key: game, Parent: root
New Element created: global01, Parent: root
New Element created: , Parent: global01
New Element created: , Parent: e7398573-80c1-485b-9766-8e6727a095ef
Returning row: 2
New Element created: , Parent: global01
New Element created: , Parent: 72a39714-0d1d-47c8-8982-f0f308cdfcfb
Returning row: 6
New Element created: , Parent: global01
New Element created: , Parent: b8fd54c0-92d7-4e5d-baa7-271ec6124ea4
Returning row: 9
New Element created: , Parent: global01
New Element created: , Parent: 8791d0d2-f728-45a9-81d8-491a3cf07ac2
Returning row: 13
New Element created: , Parent: 8791d0d2-f728-45a9-81d8-491a3cf07ac2
Returning row-index: 18
New Element created: day_string, Parent: global01
New Element created: , Parent: day_string
New Element created: , Parent: 7c4b7211-26ed-42b4-9bbc-c4302aae957f
New Element created: , Parent: 7c4b7211-26ed-42b4-9bbc-c4302aae957f
Returning row-index: 33
New Element created: , Parent: day_string
New Element created: , Parent: ae13ee3c-2273-4ad7-af0d-c497cd02514b
New Element created: , Parent: ae13ee3c-2273-4ad7-af0d-c497cd02514b
Returning row-index: 47
Returning row-index: 48
Returning row-index: 49
Element Type: action, Key: cf3526f7-b6dd-4238-88cc-25077fe6d79c, Parent: e7398573-80c1-485b-9766-8e6727a095ef
Element Type: input, Key: e7398573-80c1-485b-9766-8e6727a095ef, Parent: global01
Element Type: action, Key: 47a99062-c38b-40d5-8300-ca6e759fb810, Parent: 72a39714-0d1d-47c8-8982-f0f308cdfcfb
Element Type: input, Key: 72a39714-0d1d-47c8-8982-f0f308cdfcfb, Parent: global01
Element Type: action, Key: 2d485b4b-fe24-4a04-9aeb-b89e329f0a5b, Parent: b8fd54c0-92d7-4e5d-baa7-271ec6124ea4
Element Type: input, Key: b8fd54c0-92d7-4e5d-baa7-271ec6124ea4, Parent: global01
Element Type: set, Key: 65ab3bbc-28a8-477f-a131-4837d723053c, Parent: 8791d0d2-f728-45a9-81d8-491a3cf07ac2
Element Type: message, Key: 59d06a78-df45-4e69-bd5a-828092580504, Parent: 8791d0d2-f728-45a9-81d8-491a3cf07ac2
Element Type: input, Key: 8791d0d2-f728-45a9-81d8-491a3cf07ac2, Parent: global01
Element Type: logic, Key: 262565c3-d9be-4a9c-8a62-7f5b8834ac02, Parent: 7c4b7211-26ed-42b4-9bbc-c4302aae957f
Element Type: message, Key: 64842ce7-0fc6-4fb8-ae89-a00fd8f677b7, Parent: 7c4b7211-26ed-42b4-9bbc-c4302aae957f
Element Type: action, Key: 7c4b7211-26ed-42b4-9bbc-c4302aae957f, Parent: day_string
Element Type: logic, Key: a27c0823-45e6-437a-8960-d4299b4cdb7a, Parent: ae13ee3c-2273-4ad7-af0d-c497cd02514b
Element Type: message, Key: c301bb5b-d604-4efb-8526-7fe99d58ca87, Parent: ae13ee3c-2273-4ad7-af0d-c497cd02514b
Element Type: action, Key: ae13ee3c-2273-4ad7-af0d-c497cd02514b, Parent: day_string
Element Type: , Key: day_string, Parent: global01
Element Type: global, Key: global01, Parent: root
New Element created: player, Parent: local_pub
New Element created: , Parent: player
Returning row: 1
New Element created: , Parent: player
Returning row: 2
New Element created: , Parent: player
Returning row: 3
New Element created: , Parent: player
Returning row: 4
New Element created: , Parent: player
Returning row: 5
New Element created: , Parent: player
Returning row: 6
New Element created: player_armed, Parent: player
Returning row: 7
New Element created: longsword_01, Parent: player
New Element created: , Parent: longsword_01
Returning row: 10
New Element created: , Parent: longsword_01
Returning row: 11
New Element created: , Parent: longsword_01
New Element created: , Parent: longsword_01
Returning row-index: 23
Returning row-index: 24
Element Type: attribute, Key: cc919f99-d3ef-4244-a8dd-829e2c9f319f, Parent: player
Element Type: attribute, Key: 7af74ba5-fabe-4b9c-89eb-d33751a92a90, Parent: player
Element Type: attribute, Key: 0b4098ae-e5ae-4144-8e58-bd9a5c013b34, Parent: player
Element Type: attribute, Key: 60902904-87f4-4032-b786-ebab9946ac07, Parent: player
Element Type: attribute, Key: cc94e14e-4e9b-4621-9497-f497d7e3a229, Parent: player
Element Type: attribute, Key: 6c528391-3ca9-4304-925b-a131c385eb25, Parent: player
Element Type: attribute, Key: player_armed, Parent: player
Element Type: attribute, Key: 93db6652-72aa-4257-be52-d7d8554ba23d, Parent: longsword_01
Element Type: attribute, Key: 8841005a-686e-42d7-8331-6b610a923bf8, Parent: longsword_01
Element Type: hit, Key: d803de18-5faa-4675-a8d6-5f8c7b452ad2, Parent: longsword_01
Element Type: enter_message, Key: ffc97f56-72b6-4883-a7fa-756d06ffac7b, Parent: longsword_01
Element Type: object, Key: longsword_01, Parent: player
Element Type: player, Key: player, Parent: local_pub
