New Element created: golden_egg, Parent: local_pub_north
New Element created: egg_visible, Parent: golden_egg
Returning row: 1
New Element created: , Parent: golden_egg
New Element created: , Parent: golden_egg
New Element created: , Parent: cb5a3230-cbab-4d82-a88f-4454e04a97cc
Returning row-index: 15
New Element created: , Parent: golden_egg
New Element created: , Parent: 7f4c5cae-9083-471a-a45d-5439490e0f9a
New Element created: , Parent: 7f4c5cae-9083-471a-a45d-5439490e0f9a
Returning row-index: 29
New Element created: , Parent: golden_egg
New Element created: , Parent: c293e774-da73-4e06-ab70-1392a19214d3
Returning row-index: 38
New Element created: , Parent: golden_egg
New Element created: , Parent: cfa8d68f-ead2-4159-895e-4c0314065d2c
Returning row: 43
New Element created: , Parent: golden_egg
New Element created: , Parent: 63e0ec0d-5f2a-4381-81ac-1c460a869129
Returning row: 47
New Element created: , Parent: 63e0ec0d-5f2a-4381-81ac-1c460a869129
Returning row-index: 54
New Element created: , Parent: golden_egg
New Element created: , Parent: 99a31a5e-a86b-4396-ab27-edbdc5a83319
Returning row: 61
New Element created: , Parent: 99a31a5e-a86b-4396-ab27-edbdc5a83319
Returning row-index: 68
New Element created: , Parent: golden_egg
New Element created: , Parent: 0db6c327-2952-48c6-8ab0-4f186043d316
New Element created: , Parent: 0db6c327-2952-48c6-8ab0-4f186043d316
Returning row: 83
Returning row-index: 84
Element Type: attribute, Key: egg_visible, Parent: golden_egg
Element Type: enter_message, Key: 26ae3d56-e720-4a25-8fee-7771285ada85, Parent: golden_egg
Element Type: message, Key: 1d4439aa-585c-4478-a111-45f66685c45a, Parent: cb5a3230-cbab-4d82-a88f-4454e04a97cc
Element Type: look, Key: cb5a3230-cbab-4d82-a88f-4454e04a97cc, Parent: golden_egg
Element Type: logic, Key: aeb52901-27ad-49c2-8e4c-abe6ae4d8807, Parent: 7f4c5cae-9083-471a-a45d-5439490e0f9a
Element Type: message, Key: c8848e50-4b69-4c09-874c-7f975c9ca7cc, Parent: 7f4c5cae-9083-471a-a45d-5439490e0f9a
Element Type: inspect, Key: 7f4c5cae-9083-471a-a45d-5439490e0f9a, Parent: golden_egg
Element Type: message, Key: f36b3d16-e0e9-4a9f-90b1-4658828959c6, Parent: c293e774-da73-4e06-ab70-1392a19214d3
Element Type: use_egg, Key: c293e774-da73-4e06-ab70-1392a19214d3, Parent: golden_egg
Element Type: action, Key: cadd83d0-470b-4af5-a06a-0a1939db0a99, Parent: cfa8d68f-ead2-4159-895e-4c0314065d2c
Element Type: input, Key: cfa8d68f-ead2-4159-895e-4c0314065d2c, Parent: golden_egg
Element Type: set, Key: 96cf6b8f-8143-436f-9738-6f6629d1712a, Parent: 63e0ec0d-5f2a-4381-81ac-1c460a869129
Element Type: move, Key: f2f575a6-e120-4e66-91aa-eb7a7580b89c, Parent: 63e0ec0d-5f2a-4381-81ac-1c460a869129
Element Type: input, Key: 63e0ec0d-5f2a-4381-81ac-1c460a869129, Parent: golden_egg
Element Type: set, Key: a8b25706-f53f-4f02-b6fc-1c3890c46534, Parent: 99a31a5e-a86b-4396-ab27-edbdc5a83319
Element Type: move, Key: 6df7a645-1cc2-4fa5-bef0-66a452f9cc92, Parent: 99a31a5e-a86b-4396-ab27-edbdc5a83319
Element Type: input, Key: 99a31a5e-a86b-4396-ab27-edbdc5a83319, Parent: golden_egg
Element Type: logic, Key: 1a8b782c-35ad-44cc-b0d2-0181f9d0b06c, Parent: 0db6c327-2952-48c6-8ab0-4f186043d316
Element Type: action, Key: a72d3462-750f-43ec-8d62-39394fbc4db4, Parent: 0db6c327-2952-48c6-8ab0-4f186043d316
Element Type: input, Key: 0db6c327-2952-48c6-8ab0-4f186043d316, Parent: golden_egg
Element Type: object, Key: golden_egg, Parent: local_pub_north
New Element created: poison-vial, Parent: local_pub_north
New Element created: , Parent: poison-vial
New Element created: , Parent: poison-vial
New Element created: , Parent: 65773941-643c-46a7-af20-c3cdf249b2ba
Returning row-index: 13
New Element created: , Parent: poison-vial
New Element created: , Parent: 996e8d65-6993-4895-8acd-ec91c774cfa0
Returning row-index: 22
New Element created: , Parent: poison-vial
New Element created: , Parent: c9677215-71c0-4e6a-b1b1-8aa4277db674
Returning row: 26
New Element created: , Parent: poison-vial
New Element created: , Parent: 957159a1-861c-4f6f-af67-939ebc18cf59
Returning row: 31
New Element created: , Parent: poison-vial
New Element created: , Parent: 3e85aa61-0c5d-4b4c-913a-108c7b7aaa0e
Returning row: 35
Returning row-index: 36
Element Type: enter_message, Key: 45bf3ee8-d89d-4d30-a7a5-f7f46566b5e6, Parent: poison-vial
Element Type: message, Key: d3e9b851-b28e-4dc6-a7bd-b5d8a36781c3, Parent: 65773941-643c-46a7-af20-c3cdf249b2ba
Element Type: look, Key: 65773941-643c-46a7-af20-c3cdf249b2ba, Parent: poison-vial
Element Type: message, Key: afd31e7b-f164-4c7c-a2eb-64a81e2a85a6, Parent: 996e8d65-6993-4895-8acd-ec91c774cfa0
Element Type: inspect, Key: 996e8d65-6993-4895-8acd-ec91c774cfa0, Parent: poison-vial
Element Type: action, Key: 32221f28-b62e-4dd6-9548-2440356fe4d7, Parent: c9677215-71c0-4e6a-b1b1-8aa4277db674
Element Type: drink, Key: c9677215-71c0-4e6a-b1b1-8aa4277db674, Parent: poison-vial
Element Type: action, Key: 09ce4c3c-b41a-456d-9580-ba81e2750592, Parent: 957159a1-861c-4f6f-af67-939ebc18cf59
Element Type: input, Key: 957159a1-861c-4f6f-af67-939ebc18cf59, Parent: poison-vial
Element Type: action, Key: b1d02b09-f0d2-4af9-bcf1-4e2435c15fb7, Parent: 3e85aa61-0c5d-4b4c-913a-108c7b7aaa0e
Element Type: input, Key: 3e85aa61-0c5d-4b4c-913a-108c7b7aaa0e, Parent: poison-vial
Element Type: object, Key: poison-vial, Parent: local_pub_north
New Element created: local_pub_north, Parent: root
New Element created: , Parent: local_pub_north
New Element created: , Parent: local_pub_north
New Element created: , Parent: b3579598-a0ce-40ed-a10b-7fdcf5b85e48
Returning row-index: 18
New Element created: , Parent: local_pub_north
New Element created: , Parent: 39fc971c-7842-48b7-b61f-6c98109533ce
Returning row: 22
New Element created: , Parent: local_pub_north
New Element created: , Parent: 8f8c5c8f-234c-47a5-bc18-c346d4657124
Returning row-index: 30
Returning row-index: 31
Element Type: enter_message, Key: 2bd92ba9-9dd9-4dba-819d-5ff8775fca4f, Parent: local_pub_north
Element Type: message, Key: 07456abe-0d0b-428d-b7c6-63bda6ddf37d, Parent: b3579598-a0ce-40ed-a10b-7fdcf5b85e48
Element Type: look, Key: b3579598-a0ce-40ed-a10b-7fdcf5b85e48, Parent: local_pub_north
Element Type: action, Key: 6b46ecc8-5228-484b-938a-685cc5dfa611, Parent: 39fc971c-7842-48b7-b61f-6c98109533ce
Element Type: input, Key: 39fc971c-7842-48b7-b61f-6c98109533ce, Parent: local_pub_north
Element Type: move, Key: 150ff436-6c20-4098-b95a-19a2927c0157, Parent: 8f8c5c8f-234c-47a5-bc18-c346d4657124
Element Type: input, Key: 8f8c5c8f-234c-47a5-bc18-c346d4657124, Parent: local_pub_north
Element Type: room, Key: local_pub_north, Parent: root
New Element created: local_pub, Parent: root
New Element created: , Parent: local_pub
New Element created: , Parent: local_pub
New Element created: , Parent: 5b7d054d-88b6-4b9d-8e6a-b05fbb7c2cbf
New Element created: , Parent: 5b7d054d-88b6-4b9d-8e6a-b05fbb7c2cbf
Returning row-index: 25
New Element created: , Parent: local_pub
New Element created: , Parent: fd02dc57-0553-48cc-bd67-f1fe7e568cdb
Returning row: 30
New Element created: , Parent: fd02dc57-0553-48cc-bd67-f1fe7e568cdb
Returning row: 31
New Element created: , Parent: local_pub
New Element created: , Parent: 69b1a1e7-5127-46fd-abe8-038530397758
Returning row-index: 39
Returning row-index: 40
Element Type: enter_message, Key: 1544eda7-31f5-4c14-8761-757cbd22871c, Parent: local_pub
Element Type: message, Key: 8fad1c22-d635-44cc-85ca-5639fd200132, Parent: 5b7d054d-88b6-4b9d-8e6a-b05fbb7c2cbf
Element Type: message, Key: b613a889-8a92-4b12-a7a7-e815d28fe771, Parent: 5b7d054d-88b6-4b9d-8e6a-b05fbb7c2cbf
Element Type: look, Key: 5b7d054d-88b6-4b9d-8e6a-b05fbb7c2cbf, Parent: local_pub
Element Type: action, Key: 3365e52c-85b8-4b9e-96d5-6f525ae956a3, Parent: fd02dc57-0553-48cc-bd67-f1fe7e568cdb
Element Type: set, Key: f6dfb5ac-a8cb-4571-a2cb-1f45e8319a68, Parent: fd02dc57-0553-48cc-bd67-f1fe7e568cdb
Element Type: input, Key: fd02dc57-0553-48cc-bd67-f1fe7e568cdb, Parent: local_pub
Element Type: move, Key: 2f3776f0-5f58-4ed8-9b8b-3905198cd3ce, Parent: 69b1a1e7-5127-46fd-abe8-038530397758
Element Type: input, Key: 69b1a1e7-5127-46fd-abe8-038530397758, Parent: local_pub
Element Type: room, Key: local_pub, Parent: root
New Element created: thief_01, Parent: local_pub
New Element created: , Parent: thief_01
Returning row: 1
New Element created: , Parent: thief_01
Returning row: 2
New Element created: , Parent: thief_01
Returning row: 3
New Element created: , Parent: thief_01
Returning row: 4
New Element created: , Parent: thief_01
Returning row: 5
New Element created: , Parent: thief_01
Returning row: 6
New Element created: , Parent: thief_01
Returning row: 7
New Element created: , Parent: thief_01
Returning row: 8
New Element created: , Parent: thief_01
Returning row: 9
New Element created: , Parent: thief_01
Returning row: 10
New Element created: thief_01_msg_idx, Parent: thief_01
Returning row: 12
New Element created: stolen_shortsword_01, Parent: thief_01
New Element created: , Parent: stolen_shortsword_01
Returning row: 15
New Element created: , Parent: stolen_shortsword_01
Returning row-index: 21
New Element created: , Parent: thief_01
New Element created: , Parent: 8aa03628-2246-4e51-ac00-48e27000a695
Returning row-index: 31
New Element created: , Parent: thief_01
New Element created: , Parent: f859c425-81b7-48b4-98fc-c0919b2b15b3
Returning row-index: 39
New Element created: thief_01_travel, Parent: thief_01
Returning row: 44
New Element created: , Parent: thief_01
New Element created: , Parent: 82585e86-d8a4-4fcb-8eef-b04c0d432f1f
New Element created: , Parent: 82585e86-d8a4-4fcb-8eef-b04c0d432f1f
New Element created: , Parent: 82585e86-d8a4-4fcb-8eef-b04c0d432f1f
Returning row-index: 62
New Element created: , Parent: thief_01
New Element created: , Parent: c3b16564-81ba-4ebf-8109-c2cad119bac0
New Element created: , Parent: c3b16564-81ba-4ebf-8109-c2cad119bac0
New Element created: , Parent: c3b16564-81ba-4ebf-8109-c2cad119bac0
Returning row-index: 80
New Element created: , Parent: thief_01
New Element created: , Parent: bc3afe30-2861-45a8-bfac-51f48c8d8d3e
Returning row: 84
New Element created: , Parent: bc3afe30-2861-45a8-bfac-51f48c8d8d3e
Returning row-index: 89
New Element created: , Parent: thief_01
New Element created: , Parent: 206f2e6d-816d-4a97-8a23-7ba235bbb87b
New Element created: , Parent: 730b3057-62f0-415d-9948-1611e18ba028
Returning row: 95
New Element created: , Parent: 730b3057-62f0-415d-9948-1611e18ba028
Returning row: 96
Returning row-index: 97
Returning row-index: 98
Element Type: attribute, Key: 0e195453-2e3a-4e2d-8ec9-1782f020de15, Parent: thief_01
Element Type: attribute, Key: b4444ae9-98f2-4bb2-8e0c-13bfa43a0213, Parent: thief_01
Element Type: attribute, Key: 5c257632-743a-4ae0-895a-cb75d7d6388a, Parent: thief_01
Element Type: attribute, Key: 9d0523f4-4017-42e3-9d17-15e20815ae10, Parent: thief_01
Element Type: attribute, Key: 1d9fa2dd-d71f-4808-9660-e8e57ab0863c, Parent: thief_01
Element Type: attribute, Key: 268b696c-f325-45f2-8770-43c5ea3c32bb, Parent: thief_01
Element Type: attribute, Key: 96f7719e-ebbe-49ac-957b-f8d021d5905d, Parent: thief_01
Element Type: attribute, Key: 780f05ed-e6dc-482e-9663-9da778ff266f, Parent: thief_01
Element Type: attribute, Key: aebd013b-0f2f-40a9-806d-1a5fd45a95f0, Parent: thief_01
Element Type: attribute, Key: bd21652f-3509-47e9-a71d-5288df6726fe, Parent: thief_01
Element Type: attribute, Key: thief_01_msg_idx, Parent: thief_01
Element Type: attribute, Key: 51723373-6666-44fd-9507-a77db32cea3d, Parent: stolen_shortsword_01
Element Type: hit, Key: 83f1734b-a076-4b05-843a-e2b1f2c9de12, Parent: stolen_shortsword_01
Element Type: object, Key: stolen_shortsword_01, Parent: thief_01
Element Type: message, Key: bd7f9ed9-48eb-43d3-8225-5cd7aada8f5e, Parent: 8aa03628-2246-4e51-ac00-48e27000a695
Element Type: damage_message, Key: 8aa03628-2246-4e51-ac00-48e27000a695, Parent: thief_01
Element Type: message, Key: 4168bfaf-5845-4111-9052-833ce8f78879, Parent: f859c425-81b7-48b4-98fc-c0919b2b15b3
Element Type: miss_message, Key: f859c425-81b7-48b4-98fc-c0919b2b15b3, Parent: thief_01
Element Type: travel, Key: thief_01_travel, Parent: thief_01
Element Type: message, Key: 587e8ae1-81b1-4066-a637-6a07dd495e5f, Parent: 82585e86-d8a4-4fcb-8eef-b04c0d432f1f
Element Type: message, Key: b4c3d7d1-6a0c-4d95-9d73-1f34e4a96b9c, Parent: 82585e86-d8a4-4fcb-8eef-b04c0d432f1f
Element Type: message, Key: ba59d88c-8b6e-4d25-a9e1-de82dd08504e, Parent: 82585e86-d8a4-4fcb-8eef-b04c0d432f1f
Element Type: enter_message, Key: 82585e86-d8a4-4fcb-8eef-b04c0d432f1f, Parent: thief_01
Element Type: message, Key: 31b1a7fb-979b-4655-af5e-0829b6bca8b2, Parent: c3b16564-81ba-4ebf-8109-c2cad119bac0
Element Type: message, Key: e7be3d12-967d-4c6e-a291-0b92598c857b, Parent: c3b16564-81ba-4ebf-8109-c2cad119bac0
Element Type: message, Key: 767a37ff-0a5d-4584-a012-a822b804b0e3, Parent: c3b16564-81ba-4ebf-8109-c2cad119bac0
Element Type: look, Key: c3b16564-81ba-4ebf-8109-c2cad119bac0, Parent: thief_01
Element Type: move, Key: a47cfd75-bd4f-4d88-b7b2-afb06a3686f7, Parent: bc3afe30-2861-45a8-bfac-51f48c8d8d3e
Element Type: message, Key: 7824e89c-30c1-477a-bb69-89be101e39fc, Parent: bc3afe30-2861-45a8-bfac-51f48c8d8d3e
Element Type: kill, Key: bc3afe30-2861-45a8-bfac-51f48c8d8d3e, Parent: thief_01
Element Type: attribute, Key: cb7cba6e-0469-4d26-9e3f-8200f2eb2aeb, Parent: 730b3057-62f0-415d-9948-1611e18ba028
Element Type: attribute, Key: 0cdbec25-9168-4a57-b3d6-3f26a4d178f4, Parent: 730b3057-62f0-415d-9948-1611e18ba028
Element Type: attack, Key: 730b3057-62f0-415d-9948-1611e18ba028, Parent: 206f2e6d-816d-4a97-8a23-7ba235bbb87b
Element Type: input, Key: 206f2e6d-816d-4a97-8a23-7ba235bbb87b, Parent: thief_01
Element Type: npc, Key: thief_01, Parent: local_pub
New Element created: game, Parent: root
New Element created: , Parent: game
New Element created: die_message, Parent: game
Returning row-index: 30
Element Type: enter_message, Key: 47e6c3b6-e3dc-4ce0-9c86-405be4356ebd, Parent: game
Element Type: , Key: die_message, Parent: game
Element Type: game, Key: game, Parent: root
New Element created: global01, Parent: root
New Element created: , Parent: global01
New Element created: , Parent: 06e62872-01a6-428e-90c6-3e414aabfbdd
Returning row: 2
New Element created: , Parent: global01
New Element created: , Parent: c3a30d1d-bf42-4415-9644-5a2319d67876
Returning row: 5
New Element created: , Parent: global01
New Element created: , Parent: a4efad83-c960-4fa5-afcc-0d4c0b694885
Returning row: 9
New Element created: , Parent: a4efad83-c960-4fa5-afcc-0d4c0b694885
Returning row-index: 14
New Element created: day_string, Parent: global01
New Element created: , Parent: day_string
New Element created: , Parent: ce453fc4-c83c-49f7-91a8-4a867cadc846
New Element created: , Parent: ce453fc4-c83c-49f7-91a8-4a867cadc846
Returning row-index: 29
New Element created: , Parent: day_string
New Element created: , Parent: 137ad838-3f9a-4f3f-b326-89469033d6b3
New Element created: , Parent: 137ad838-3f9a-4f3f-b326-89469033d6b3
Returning row-index: 43
Returning row-index: 44
Returning row-index: 45
Element Type: action, Key: c329576e-81e6-4fde-b78f-2eedb6c48f3c, Parent: 06e62872-01a6-428e-90c6-3e414aabfbdd
Element Type: input, Key: 06e62872-01a6-428e-90c6-3e414aabfbdd, Parent: global01
Element Type: action, Key: 18145b67-c12c-489b-aa61-01aef0006291, Parent: c3a30d1d-bf42-4415-9644-5a2319d67876
Element Type: input, Key: c3a30d1d-bf42-4415-9644-5a2319d67876, Parent: global01
Element Type: set, Key: 3f8c65bb-8106-4cd2-8f79-9277f827a23f, Parent: a4efad83-c960-4fa5-afcc-0d4c0b694885
Element Type: message, Key: ea5fe813-2e0c-412f-a015-151cf25453f7, Parent: a4efad83-c960-4fa5-afcc-0d4c0b694885
Element Type: input, Key: a4efad83-c960-4fa5-afcc-0d4c0b694885, Parent: global01
Element Type: logic, Key: 385447f3-ff6e-4e33-8c7b-3e083a423c7e, Parent: ce453fc4-c83c-49f7-91a8-4a867cadc846
Element Type: message, Key: 2422973a-cf0e-4e0c-b882-5d4ff943e105, Parent: ce453fc4-c83c-49f7-91a8-4a867cadc846
Element Type: action, Key: ce453fc4-c83c-49f7-91a8-4a867cadc846, Parent: day_string
Element Type: logic, Key: 24c9de97-6c56-4a10-ab73-6bfc68b366e3, Parent: 137ad838-3f9a-4f3f-b326-89469033d6b3
Element Type: message, Key: 93c9a44c-ba75-4445-ac84-c9b47f3cff2a, Parent: 137ad838-3f9a-4f3f-b326-89469033d6b3
Element Type: action, Key: 137ad838-3f9a-4f3f-b326-89469033d6b3, Parent: day_string
Element Type: , Key: day_string, Parent: global01
Element Type: global, Key: global01, Parent: root
New Element created: player, Parent: local_pub
New Element created: , Parent: player
Returning row: 1
New Element created: , Parent: player
Returning row: 2
New Element created: , Parent: player
Returning row: 3
New Element created: , Parent: player
Returning row: 4
New Element created: , Parent: player
Returning row: 5
New Element created: , Parent: player
Returning row: 6
New Element created: player_armed, Parent: player
Returning row: 7
New Element created: longsword_01, Parent: player
New Element created: , Parent: longsword_01
Returning row: 10
New Element created: , Parent: longsword_01
Returning row: 11
New Element created: , Parent: longsword_01
Returning row-index: 17
Returning row-index: 18
Element Type: attribute, Key: 164289c5-42d8-413a-bac0-8b3dfe8559f8, Parent: player
Element Type: attribute, Key: 61d6a324-cdc0-4f8a-9422-d062ccf3db6c, Parent: player
Element Type: attribute, Key: 33897a8e-4831-4454-a4c5-d1d3e595b030, Parent: player
Element Type: attribute, Key: dae3a2a4-25c0-479d-abbc-0dc02883980c, Parent: player
Element Type: attribute, Key: b3bc2eee-8485-44c5-8d6d-9e61af64ef4b, Parent: player
Element Type: attribute, Key: 6b334794-eff0-4e0b-84be-4783ad117f4b, Parent: player
Element Type: attribute, Key: player_armed, Parent: player
Element Type: attribute, Key: e07b825b-cc4c-4471-9ee7-d4cb156667cc, Parent: longsword_01
Element Type: attribute, Key: f8acc706-b88b-4ee9-9501-f98f895efeb1, Parent: longsword_01
Element Type: hit, Key: f02e4c6a-d9ee-4788-a6cd-7ddfc46660e9, Parent: longsword_01
Element Type: object, Key: longsword_01, Parent: player
Element Type: player, Key: player, Parent: local_pub
