New Element created: local_pub, Parent: root
New Element created: , Parent: local_pub
Returning row-index: 5
Element Type: enter_message, Key: 040036d9-ed63-4cd3-b0b1-4fc7acc20959, Parent: local_pub
Element Type: room, Key: local_pub, Parent: root
New Element created: game, Parent: root
New Element created: game_title, Parent: game
New Element created: die_message, Parent: game
Returning row-index: 30
Element Type: enter_message, Key: game_title, Parent: game
Element Type: , Key: die_message, Parent: game
Element Type: game, Key: game, Parent: root
New Element created: global01, Parent: root
New Element created: , Parent: global01
New Element created: , Parent: global01
New Element created: , Parent: 46a09c3d-2597-4637-9413-23b454d47090
Returning row: 8
New Element created: , Parent: global01
New Element created: , Parent: 3b72fbf8-16ec-43f0-be20-8ea60180d158
Returning row: 11
New Element created: , Parent: global01
New Element created: , Parent: 46e801d0-5236-4ae9-a133-c6c6281fc791
Returning row: 15
New Element created: , Parent: 46e801d0-5236-4ae9-a133-c6c6281fc791
Returning row-index: 20
New Element created: day_string, Parent: global01
New Element created: , Parent: day_string
New Element created: , Parent: c249092d-e2d7-44c4-933d-ad0577116f97
New Element created: , Parent: c249092d-e2d7-44c4-933d-ad0577116f97
Returning row-index: 35
New Element created: , Parent: day_string
New Element created: , Parent: e26510d4-44f7-47d6-b474-5975d4cd77c4
New Element created: , Parent: e26510d4-44f7-47d6-b474-5975d4cd77c4
Returning row-index: 49
Returning row-index: 50
Returning row-index: 51
Element Type: input, Key: 700aec03-fde3-4aee-8595-a049a404caf6, Parent: global01
Element Type: action, Key: 4a0c1060-062b-4269-a72c-48a39c8abef7, Parent: 46a09c3d-2597-4637-9413-23b454d47090
Element Type: input, Key: 46a09c3d-2597-4637-9413-23b454d47090, Parent: global01
Element Type: action, Key: 1aa9a7a3-b72c-4ef2-95f0-bf182835d710, Parent: 3b72fbf8-16ec-43f0-be20-8ea60180d158
Element Type: input, Key: 3b72fbf8-16ec-43f0-be20-8ea60180d158, Parent: global01
Element Type: set, Key: 5d3411b1-d528-4f5c-993c-64be42c56880, Parent: 46e801d0-5236-4ae9-a133-c6c6281fc791
Element Type: message, Key: 02c6d7a0-7c61-4eb1-988e-47b6aa915ae9, Parent: 46e801d0-5236-4ae9-a133-c6c6281fc791
Element Type: input, Key: 46e801d0-5236-4ae9-a133-c6c6281fc791, Parent: global01
Element Type: logic, Key: f1efe569-756f-4d8f-a01d-10f192caa334, Parent: c249092d-e2d7-44c4-933d-ad0577116f97
Element Type: message, Key: 7bcd01f3-0cff-442c-9d77-d38f4b71ba55, Parent: c249092d-e2d7-44c4-933d-ad0577116f97
Element Type: action, Key: c249092d-e2d7-44c4-933d-ad0577116f97, Parent: day_string
Element Type: logic, Key: f1db3030-4ae5-421c-884c-3e7e0a1730a4, Parent: e26510d4-44f7-47d6-b474-5975d4cd77c4
Element Type: message, Key: 6ee2b380-09e9-49cb-a5ef-ec3064567b5b, Parent: e26510d4-44f7-47d6-b474-5975d4cd77c4
Element Type: action, Key: e26510d4-44f7-47d6-b474-5975d4cd77c4, Parent: day_string
Element Type: , Key: day_string, Parent: global01
Element Type: global, Key: global01, Parent: root
New Element created: player, Parent: local_pub
New Element created: , Parent: player
Returning row: 1
New Element created: , Parent: player
Returning row: 2
New Element created: , Parent: player
Returning row: 3
New Element created: , Parent: player
Returning row: 4
New Element created: , Parent: player
Returning row: 5
New Element created: , Parent: player
Returning row: 6
New Element created: player_armed, Parent: player
Returning row: 7
New Element created: longsword_01, Parent: player
New Element created: , Parent: longsword_01
Returning row: 10
New Element created: , Parent: longsword_01
Returning row: 11
New Element created: , Parent: longsword_01
New Element created: , Parent: longsword_01
Returning row-index: 23
Returning row-index: 24
Element Type: attribute, Key: 245e9e4a-357b-4408-8bee-41fc8886a8de, Parent: player
Element Type: attribute, Key: 529a7b41-cc12-4ff9-848e-a74118a45bd9, Parent: player
Element Type: attribute, Key: b0d9d9d2-9f08-45a2-bb20-842e5f8ce24a, Parent: player
Element Type: attribute, Key: cc35b847-953b-4d93-b753-4e09efe521b5, Parent: player
Element Type: attribute, Key: 75d1b4df-3b2a-4c65-8727-7d540a461266, Parent: player
Element Type: attribute, Key: 010eb57e-fb61-4792-8436-0e18ac4b4b4a, Parent: player
Element Type: attribute, Key: player_armed, Parent: player
Element Type: attribute, Key: a43bedde-f74f-444d-8c9f-19018b00d268, Parent: longsword_01
Element Type: attribute, Key: 3eb7e257-9e54-41ba-a1b4-88efaaf7a72e, Parent: longsword_01
Element Type: hit, Key: 3cd832b6-3584-4a5f-9792-90e7bf886103, Parent: longsword_01
Element Type: enter_message, Key: c749cce3-6736-4cb3-85d6-2b2fff97448f, Parent: longsword_01
Element Type: object, Key: longsword_01, Parent: player
Element Type: player, Key: player, Parent: local_pub
