New Element created: local_pub, Parent: root
New Element created: , Parent: local_pub
Returning row-index: 5
Element Type: enter_message, Key: 8dabb254-bd7a-4036-ad07-0197ca913d5c, Parent: local_pub
Element Type: room, Key: local_pub, Parent: root
New Element created: game, Parent: root
New Element created: game_title, Parent: game
New Element created: die_message, Parent: game
Returning row-index: 30
Element Type: enter_message, Key: game_title, Parent: game
Element Type: , Key: die_message, Parent: game
Element Type: game, Key: game, Parent: root
New Element created: global01, Parent: root
New Element created: , Parent: global01
New Element created: , Parent: global01
New Element created: , Parent: 52a86588-3c52-4492-9a57-a0b298970f85
Returning row: 8
New Element created: , Parent: global01
New Element created: , Parent: 8c9f9ab7-d712-49cc-bad8-2a7b853a7fe8
Returning row: 11
New Element created: , Parent: global01
New Element created: , Parent: 14c80d9d-f86a-4b38-9ff1-9a79f112dc0a
Returning row: 15
New Element created: , Parent: 14c80d9d-f86a-4b38-9ff1-9a79f112dc0a
Returning row-index: 20
New Element created: day_string, Parent: global01
New Element created: , Parent: day_string
New Element created: , Parent: 57fbd666-5eaf-4c62-8f34-99993ad3388a
New Element created: , Parent: 57fbd666-5eaf-4c62-8f34-99993ad3388a
Returning row-index: 35
New Element created: , Parent: day_string
New Element created: , Parent: ed29765b-e866-4a7a-8f3a-c497ecd80600
New Element created: , Parent: ed29765b-e866-4a7a-8f3a-c497ecd80600
Returning row-index: 49
Returning row-index: 50
Returning row-index: 51
Element Type: input, Key: 1095b962-441f-4bba-ba9c-0a0c7cb1ffea, Parent: global01
Element Type: action, Key: e531f92c-d58d-48ee-91ad-20e3df16db97, Parent: 52a86588-3c52-4492-9a57-a0b298970f85
Element Type: input, Key: 52a86588-3c52-4492-9a57-a0b298970f85, Parent: global01
Element Type: action, Key: cbfb0222-9f66-4fae-b966-87ae19ca4cf6, Parent: 8c9f9ab7-d712-49cc-bad8-2a7b853a7fe8
Element Type: input, Key: 8c9f9ab7-d712-49cc-bad8-2a7b853a7fe8, Parent: global01
Element Type: set, Key: 2432c7bf-7a41-453c-a798-2ab665c27206, Parent: 14c80d9d-f86a-4b38-9ff1-9a79f112dc0a
Element Type: message, Key: 69ea4856-176e-4884-89fc-00684062ca16, Parent: 14c80d9d-f86a-4b38-9ff1-9a79f112dc0a
Element Type: input, Key: 14c80d9d-f86a-4b38-9ff1-9a79f112dc0a, Parent: global01
Element Type: logic, Key: eddc69eb-f9b0-4db0-a707-4b85c155be17, Parent: 57fbd666-5eaf-4c62-8f34-99993ad3388a
Element Type: message, Key: 4c16a4cf-e0de-4507-85b8-2d6cf773b602, Parent: 57fbd666-5eaf-4c62-8f34-99993ad3388a
Element Type: action, Key: 57fbd666-5eaf-4c62-8f34-99993ad3388a, Parent: day_string
Element Type: logic, Key: c35fe700-01d2-40e9-96e9-d9c9c94d086d, Parent: ed29765b-e866-4a7a-8f3a-c497ecd80600
Element Type: message, Key: c485ac82-eda6-491d-9869-17d46bd5a67b, Parent: ed29765b-e866-4a7a-8f3a-c497ecd80600
Element Type: action, Key: ed29765b-e866-4a7a-8f3a-c497ecd80600, Parent: day_string
Element Type: , Key: day_string, Parent: global01
Element Type: global, Key: global01, Parent: root
New Element created: player, Parent: local_pub
New Element created: , Parent: player
Returning row: 1
New Element created: , Parent: player
Returning row: 2
New Element created: , Parent: player
Returning row: 3
New Element created: , Parent: player
Returning row: 4
New Element created: , Parent: player
Returning row: 5
New Element created: , Parent: player
Returning row: 6
New Element created: player_armed, Parent: player
Returning row: 7
New Element created: longsword_01, Parent: player
New Element created: , Parent: longsword_01
Returning row: 10
New Element created: , Parent: longsword_01
Returning row: 11
New Element created: , Parent: longsword_01
New Element created: , Parent: longsword_01
Returning row-index: 23
Returning row-index: 24
Element Type: attribute, Key: ad7036ca-815b-42d2-9cd1-bef64436a219, Parent: player
Element Type: attribute, Key: 654d2cbb-8dea-481e-8709-bd7eaaece347, Parent: player
Element Type: attribute, Key: 15fc9585-f5e1-4324-9e6d-8e8bc1c1af04, Parent: player
Element Type: attribute, Key: 1dfe8067-4b61-4f0b-a7f0-ce78215960ee, Parent: player
Element Type: attribute, Key: 71cd32e7-d6e3-4c99-8495-822e16af882c, Parent: player
Element Type: attribute, Key: f5087944-fc51-4bc5-97d2-bb7816d842e0, Parent: player
Element Type: attribute, Key: player_armed, Parent: player
Element Type: attribute, Key: 2a346fd8-2566-4c32-9147-7f25e3ca4829, Parent: longsword_01
Element Type: attribute, Key: e92e64b9-014b-4dda-9d3f-cfd1405a7373, Parent: longsword_01
Element Type: hit, Key: a4d15c51-a77c-4e00-832a-0f6bf7188405, Parent: longsword_01
Element Type: enter_message, Key: a1a8f7f3-891a-458d-9fc2-4f0eada12e64, Parent: longsword_01
Element Type: object, Key: longsword_01, Parent: player
Element Type: player, Key: player, Parent: local_pub
