New Element created: local_pub, Parent: root
New Element created: , Parent: local_pub
Returning row-index: 5
Element Type: enter_message, Key: ea45f2c5-2975-43f1-bce3-ae5e3e79e5fb, Parent: local_pub
Element Type: room, Key: local_pub, Parent: root
New Element created: game, Parent: root
New Element created: game_title, Parent: game
New Element created: die_message, Parent: game
Returning row-index: 30
Element Type: enter_message, Key: game_title, Parent: game
Element Type: , Key: die_message, Parent: game
Element Type: game, Key: game, Parent: root
New Element created: global01, Parent: root
New Element created: , Parent: global01
New Element created: , Parent: global01
New Element created: , Parent: b4cceffd-b998-4b5e-adfd-53ef07b7b5a0
Returning row: 8
New Element created: , Parent: global01
New Element created: , Parent: 2dc028b5-0e41-42cd-af96-5685b07c7466
Returning row: 11
New Element created: , Parent: global01
New Element created: , Parent: 6fb4fd9a-ecd5-4b35-b92f-978da5e0af95
Returning row: 15
New Element created: , Parent: 6fb4fd9a-ecd5-4b35-b92f-978da5e0af95
Returning row-index: 20
New Element created: day_string, Parent: global01
New Element created: , Parent: day_string
New Element created: , Parent: 2c904e3e-ca94-41a1-8e32-7e0210fc605e
New Element created: , Parent: 2c904e3e-ca94-41a1-8e32-7e0210fc605e
Returning row-index: 35
New Element created: , Parent: day_string
New Element created: , Parent: d426a10a-758a-4424-bb57-c2e58565c704
New Element created: , Parent: d426a10a-758a-4424-bb57-c2e58565c704
Returning row-index: 49
Returning row-index: 50
Returning row-index: 51
Element Type: input, Key: 32f5e9da-1e2e-4841-b18f-57fd8f33dd65, Parent: global01
Element Type: action, Key: 22591563-effb-4cbc-a120-d615b727b95d, Parent: b4cceffd-b998-4b5e-adfd-53ef07b7b5a0
Element Type: input, Key: b4cceffd-b998-4b5e-adfd-53ef07b7b5a0, Parent: global01
Element Type: action, Key: 85cb3050-127b-47db-b1a3-7133d19962ec, Parent: 2dc028b5-0e41-42cd-af96-5685b07c7466
Element Type: input, Key: 2dc028b5-0e41-42cd-af96-5685b07c7466, Parent: global01
Element Type: set, Key: 5e1a8c5e-cd4b-4186-b26d-ec738923b0af, Parent: 6fb4fd9a-ecd5-4b35-b92f-978da5e0af95
Element Type: message, Key: 5645936b-32a2-4c60-b835-a7ad3e95801d, Parent: 6fb4fd9a-ecd5-4b35-b92f-978da5e0af95
Element Type: input, Key: 6fb4fd9a-ecd5-4b35-b92f-978da5e0af95, Parent: global01
Element Type: logic, Key: a974446f-f249-442b-a2c4-2d3e95ad994f, Parent: 2c904e3e-ca94-41a1-8e32-7e0210fc605e
Element Type: message, Key: 920dc9c5-2744-4791-bf14-b26604e9b87d, Parent: 2c904e3e-ca94-41a1-8e32-7e0210fc605e
Element Type: action, Key: 2c904e3e-ca94-41a1-8e32-7e0210fc605e, Parent: day_string
Element Type: logic, Key: 47448220-846b-4c6b-98a2-3d7edb218f0c, Parent: d426a10a-758a-4424-bb57-c2e58565c704
Element Type: message, Key: c3e184a5-1512-4918-86c9-f18ea1a040cb, Parent: d426a10a-758a-4424-bb57-c2e58565c704
Element Type: action, Key: d426a10a-758a-4424-bb57-c2e58565c704, Parent: day_string
Element Type: , Key: day_string, Parent: global01
Element Type: global, Key: global01, Parent: root
New Element created: player, Parent: local_pub
New Element created: , Parent: player
Returning row: 1
New Element created: , Parent: player
Returning row: 2
New Element created: , Parent: player
Returning row: 3
New Element created: , Parent: player
Returning row: 4
New Element created: , Parent: player
Returning row: 5
New Element created: , Parent: player
Returning row: 6
New Element created: player_armed, Parent: player
Returning row: 7
New Element created: longsword_01, Parent: player
New Element created: , Parent: longsword_01
Returning row: 10
New Element created: , Parent: longsword_01
Returning row: 11
New Element created: , Parent: longsword_01
New Element created: , Parent: longsword_01
Returning row-index: 23
Returning row-index: 24
Element Type: attribute, Key: 9d41153c-d2c1-42cb-855f-f312057890ff, Parent: player
Element Type: attribute, Key: ef81cf3a-534a-45bb-803f-43312b184534, Parent: player
Element Type: attribute, Key: 08a6e375-b5ad-4e4e-9aa6-521c23ab7e36, Parent: player
Element Type: attribute, Key: 429433d8-305e-4de3-a16f-5efb7d9da12f, Parent: player
Element Type: attribute, Key: 439fca19-7b4b-4678-b3d3-affba3ab5bc3, Parent: player
Element Type: attribute, Key: 83668149-3e24-4622-aab1-4e66aaa2c97c, Parent: player
Element Type: attribute, Key: player_armed, Parent: player
Element Type: attribute, Key: b53050a7-1442-413f-acd4-611817f85bed, Parent: longsword_01
Element Type: attribute, Key: 7a061030-a14d-4a26-bd60-865e927b1f0c, Parent: longsword_01
Element Type: hit, Key: 23bbe864-7d4f-4afc-9c01-ade88c643c66, Parent: longsword_01
Element Type: enter_message, Key: 6d7f37f6-2b55-4375-b6dc-36d4267701bf, Parent: longsword_01
Element Type: object, Key: longsword_01, Parent: player
Element Type: player, Key: player, Parent: local_pub
