New Element created: golden_egg, Parent: local_pub_north
New Element created: egg_visible, Parent: golden_egg
Returning row: 1
New Element created: , Parent: golden_egg
New Element created: , Parent: golden_egg
New Element created: , Parent: e735c945-2f7a-4f3d-9841-b5fc5efbf4d2
Returning row-index: 15
New Element created: , Parent: golden_egg
New Element created: , Parent: b0f02e82-e092-43da-a1ac-533ff5585894
New Element created: , Parent: b0f02e82-e092-43da-a1ac-533ff5585894
Returning row-index: 29
New Element created: , Parent: golden_egg
New Element created: , Parent: ba2c76fe-95f4-49a7-80a9-d1ecd9502312
Returning row-index: 38
New Element created: , Parent: golden_egg
New Element created: , Parent: 2a67c28e-0e95-4c95-bacd-755f64c33f6f
Returning row: 43
New Element created: , Parent: golden_egg
New Element created: , Parent: 123592c5-918f-479e-a36d-dd7d5bea31da
Returning row: 47
New Element created: , Parent: 123592c5-918f-479e-a36d-dd7d5bea31da
Returning row-index: 54
New Element created: , Parent: golden_egg
New Element created: , Parent: 86c5a6dc-0daf-4079-a3fc-31a005291eda
Returning row: 61
New Element created: , Parent: 86c5a6dc-0daf-4079-a3fc-31a005291eda
Returning row-index: 68
New Element created: , Parent: golden_egg
New Element created: , Parent: ca6e2cfb-4761-4e0d-bf05-218c142865ce
New Element created: , Parent: ca6e2cfb-4761-4e0d-bf05-218c142865ce
Returning row: 83
Returning row-index: 84
Element Type: attribute, Key: egg_visible, Parent: golden_egg
Element Type: enter_message, Key: 33089d7b-caf0-4f40-9b93-2857e8b6b335, Parent: golden_egg
Element Type: message, Key: d837ccc9-f8d2-482c-a639-92536602f7e4, Parent: e735c945-2f7a-4f3d-9841-b5fc5efbf4d2
Element Type: look, Key: e735c945-2f7a-4f3d-9841-b5fc5efbf4d2, Parent: golden_egg
Element Type: logic, Key: 481bcf9b-9ba8-4d54-8dcc-f7509677dede, Parent: b0f02e82-e092-43da-a1ac-533ff5585894
Element Type: message, Key: 4c09c33b-d3b5-4382-86a9-9240b0f5df8b, Parent: b0f02e82-e092-43da-a1ac-533ff5585894
Element Type: inspect, Key: b0f02e82-e092-43da-a1ac-533ff5585894, Parent: golden_egg
Element Type: message, Key: 6e78d74a-a170-44e9-b1f5-1290b92ce8ef, Parent: ba2c76fe-95f4-49a7-80a9-d1ecd9502312
Element Type: use_egg, Key: ba2c76fe-95f4-49a7-80a9-d1ecd9502312, Parent: golden_egg
Element Type: action, Key: 1bd28024-f037-4605-876e-d220122e2a30, Parent: 2a67c28e-0e95-4c95-bacd-755f64c33f6f
Element Type: input, Key: 2a67c28e-0e95-4c95-bacd-755f64c33f6f, Parent: golden_egg
Element Type: set, Key: e7db8ef9-3db1-4dda-a565-3eb867facc0f, Parent: 123592c5-918f-479e-a36d-dd7d5bea31da
Element Type: move, Key: db3522ef-aae9-46e8-9474-4d7e94d897a6, Parent: 123592c5-918f-479e-a36d-dd7d5bea31da
Element Type: input, Key: 123592c5-918f-479e-a36d-dd7d5bea31da, Parent: golden_egg
Element Type: set, Key: 688c6cbd-e468-477c-a513-2b581738378e, Parent: 86c5a6dc-0daf-4079-a3fc-31a005291eda
Element Type: move, Key: 80e01026-6363-400a-a961-f6bb6c538171, Parent: 86c5a6dc-0daf-4079-a3fc-31a005291eda
Element Type: input, Key: 86c5a6dc-0daf-4079-a3fc-31a005291eda, Parent: golden_egg
Element Type: logic, Key: f5e20ed7-f160-4fc9-b351-21d5bc2f4605, Parent: ca6e2cfb-4761-4e0d-bf05-218c142865ce
Element Type: action, Key: 8e2b1ff9-bc4f-4bb4-94d2-ce6c8d591247, Parent: ca6e2cfb-4761-4e0d-bf05-218c142865ce
Element Type: input, Key: ca6e2cfb-4761-4e0d-bf05-218c142865ce, Parent: golden_egg
Element Type: object, Key: golden_egg, Parent: local_pub_north
New Element created: poison-vial, Parent: local_pub_north
New Element created: , Parent: poison-vial
New Element created: , Parent: poison-vial
New Element created: , Parent: ca6432b6-97cc-440e-babb-41f9d8f2b0e1
Returning row-index: 13
New Element created: , Parent: poison-vial
New Element created: , Parent: 307cd321-d76d-4cbf-86f7-fdc6ad602da0
Returning row-index: 22
New Element created: , Parent: poison-vial
New Element created: , Parent: 1ce1448b-249f-4a7f-bb77-a38ca000bb76
Returning row: 26
New Element created: , Parent: poison-vial
New Element created: , Parent: 145fb093-54ad-4b8b-b7a5-c3d1a16c86dc
Returning row: 31
New Element created: , Parent: poison-vial
New Element created: , Parent: 68284383-f590-42c1-91ed-bf5c6c65c4b3
Returning row: 35
Returning row-index: 36
Element Type: enter_message, Key: ee9ac350-2bda-4d73-ad0a-489f8295dd82, Parent: poison-vial
Element Type: message, Key: 3addf28c-ab55-4b3d-a460-212f946f91ae, Parent: ca6432b6-97cc-440e-babb-41f9d8f2b0e1
Element Type: look, Key: ca6432b6-97cc-440e-babb-41f9d8f2b0e1, Parent: poison-vial
Element Type: message, Key: a931ac12-7979-4778-a7c6-ed2561d87beb, Parent: 307cd321-d76d-4cbf-86f7-fdc6ad602da0
Element Type: inspect, Key: 307cd321-d76d-4cbf-86f7-fdc6ad602da0, Parent: poison-vial
Element Type: action, Key: 49d6fc74-08e9-4d05-b2d8-e3ab0bd44c04, Parent: 1ce1448b-249f-4a7f-bb77-a38ca000bb76
Element Type: drink, Key: 1ce1448b-249f-4a7f-bb77-a38ca000bb76, Parent: poison-vial
Element Type: action, Key: a97892ed-1623-4710-bdf0-0aca0872a0fd, Parent: 145fb093-54ad-4b8b-b7a5-c3d1a16c86dc
Element Type: input, Key: 145fb093-54ad-4b8b-b7a5-c3d1a16c86dc, Parent: poison-vial
Element Type: action, Key: 71954bbb-bc17-4a79-b1b6-f3bacdf63a27, Parent: 68284383-f590-42c1-91ed-bf5c6c65c4b3
Element Type: input, Key: 68284383-f590-42c1-91ed-bf5c6c65c4b3, Parent: poison-vial
Element Type: object, Key: poison-vial, Parent: local_pub_north
New Element created: local_pub_north, Parent: root
New Element created: , Parent: local_pub_north
New Element created: , Parent: local_pub_north
New Element created: , Parent: ccd69d63-fff3-4509-89b7-5120ba3cea08
Returning row-index: 18
New Element created: , Parent: local_pub_north
New Element created: , Parent: 946d3ed7-649b-4eea-93fc-7bc01ec1845d
Returning row: 22
New Element created: , Parent: local_pub_north
New Element created: , Parent: 193bac43-1e56-4a18-94a3-32891411df5b
Returning row-index: 30
Returning row-index: 31
Element Type: enter_message, Key: 4c433e61-e90b-43c8-ad33-70a47f888947, Parent: local_pub_north
Element Type: message, Key: 2eda5582-1d72-40de-94d6-578250b22adc, Parent: ccd69d63-fff3-4509-89b7-5120ba3cea08
Element Type: look, Key: ccd69d63-fff3-4509-89b7-5120ba3cea08, Parent: local_pub_north
Element Type: action, Key: 77bba25f-1538-4ad9-9c63-ee525ba576ce, Parent: 946d3ed7-649b-4eea-93fc-7bc01ec1845d
Element Type: input, Key: 946d3ed7-649b-4eea-93fc-7bc01ec1845d, Parent: local_pub_north
Element Type: move, Key: 31ee98a1-3dfd-4fcc-aee0-9f1301122f07, Parent: 193bac43-1e56-4a18-94a3-32891411df5b
Element Type: input, Key: 193bac43-1e56-4a18-94a3-32891411df5b, Parent: local_pub_north
Element Type: room, Key: local_pub_north, Parent: root
New Element created: local_pub, Parent: root
New Element created: , Parent: local_pub
New Element created: , Parent: local_pub
New Element created: , Parent: 6318e101-d7fa-4b5b-8099-74c044208d9a
New Element created: , Parent: 6318e101-d7fa-4b5b-8099-74c044208d9a
Returning row-index: 25
New Element created: , Parent: local_pub
New Element created: , Parent: f24528f6-9160-46ac-b7ea-05d58eccd12a
Returning row: 30
New Element created: , Parent: f24528f6-9160-46ac-b7ea-05d58eccd12a
Returning row: 31
New Element created: , Parent: local_pub
New Element created: , Parent: 885683c3-7895-47ca-ba49-fc40b3ddec0a
Returning row-index: 39
Returning row-index: 40
Element Type: enter_message, Key: 0134b852-b9ab-4861-91db-615fad43150d, Parent: local_pub
Element Type: message, Key: 5559c895-0df6-47a2-aac2-eb232992db93, Parent: 6318e101-d7fa-4b5b-8099-74c044208d9a
Element Type: message, Key: 53231514-c3cf-43a6-9d22-84d662456c7f, Parent: 6318e101-d7fa-4b5b-8099-74c044208d9a
Element Type: look, Key: 6318e101-d7fa-4b5b-8099-74c044208d9a, Parent: local_pub
Element Type: action, Key: 68b733e8-a875-4366-a92e-88a41c2a10fc, Parent: f24528f6-9160-46ac-b7ea-05d58eccd12a
Element Type: set, Key: 3105f99d-63c5-4b1c-89d8-ed0e0be24e54, Parent: f24528f6-9160-46ac-b7ea-05d58eccd12a
Element Type: input, Key: f24528f6-9160-46ac-b7ea-05d58eccd12a, Parent: local_pub
Element Type: move, Key: 75d9d9e5-6209-4d5e-a5f5-bc66cfb8968c, Parent: 885683c3-7895-47ca-ba49-fc40b3ddec0a
Element Type: input, Key: 885683c3-7895-47ca-ba49-fc40b3ddec0a, Parent: local_pub
Element Type: room, Key: local_pub, Parent: root
New Element created: thief_01, Parent: local_pub
New Element created: , Parent: thief_01
Returning row: 1
New Element created: , Parent: thief_01
Returning row: 2
New Element created: , Parent: thief_01
Returning row: 3
New Element created: , Parent: thief_01
Returning row: 4
New Element created: , Parent: thief_01
Returning row: 5
New Element created: , Parent: thief_01
Returning row: 6
New Element created: , Parent: thief_01
Returning row: 7
New Element created: , Parent: thief_01
Returning row: 8
New Element created: , Parent: thief_01
Returning row: 9
New Element created: , Parent: thief_01
Returning row: 10
New Element created: thief_01_msg_idx, Parent: thief_01
Returning row: 12
New Element created: stolen_shortsword_01, Parent: thief_01
New Element created: , Parent: stolen_shortsword_01
Returning row: 15
New Element created: , Parent: stolen_shortsword_01
Returning row-index: 21
New Element created: , Parent: thief_01
New Element created: , Parent: b175caa0-0806-4e12-8f87-ed6b698afd1f
Returning row-index: 31
New Element created: , Parent: thief_01
New Element created: , Parent: e4fd7257-7c2e-4f31-9eb7-8d8e8ad8771e
Returning row-index: 39
New Element created: thief_01_travel, Parent: thief_01
Returning row: 44
New Element created: , Parent: thief_01
New Element created: , Parent: 0923b8b9-1b93-4fdf-a620-9b9896768448
New Element created: , Parent: 0923b8b9-1b93-4fdf-a620-9b9896768448
New Element created: , Parent: 0923b8b9-1b93-4fdf-a620-9b9896768448
Returning row-index: 62
New Element created: , Parent: thief_01
New Element created: , Parent: ed9474a4-5d14-4d1d-b3be-47eef0a090b7
New Element created: , Parent: ed9474a4-5d14-4d1d-b3be-47eef0a090b7
New Element created: , Parent: ed9474a4-5d14-4d1d-b3be-47eef0a090b7
Returning row-index: 80
New Element created: , Parent: thief_01
New Element created: , Parent: 53f5dbd8-8143-484b-93d7-15bc79547372
Returning row: 84
New Element created: , Parent: 53f5dbd8-8143-484b-93d7-15bc79547372
Returning row-index: 89
New Element created: , Parent: thief_01
New Element created: , Parent: 8f20b3f4-b49d-428f-8afb-10076b798a2c
New Element created: , Parent: bcefabc5-8765-4326-bb89-72122423b038
Returning row: 95
New Element created: , Parent: bcefabc5-8765-4326-bb89-72122423b038
Returning row: 96
Returning row-index: 97
Returning row-index: 98
Element Type: attribute, Key: 6eb98045-0528-419d-bb3e-cd09b7f73f3b, Parent: thief_01
Element Type: attribute, Key: b0a95ff7-d922-44f4-86a4-2dd14f856fa9, Parent: thief_01
Element Type: attribute, Key: b08d2f34-0655-47fd-8191-52c265999b78, Parent: thief_01
Element Type: attribute, Key: f1cba8b4-7705-415e-9d6f-30354d5ab0ba, Parent: thief_01
Element Type: attribute, Key: b0fd6a3e-44ac-43b4-a332-ce92bf78dd32, Parent: thief_01
Element Type: attribute, Key: 52dfa0a7-d374-4ef1-8492-4c48d47636c4, Parent: thief_01
Element Type: attribute, Key: 15bfaf42-47b8-4c5a-8ce9-b8ebac68bbd9, Parent: thief_01
Element Type: attribute, Key: e92bd839-c00f-4d61-94c9-6eb00bf84454, Parent: thief_01
Element Type: attribute, Key: 30c78b6c-8c9d-4b23-8fd4-7bcaad0beab7, Parent: thief_01
Element Type: attribute, Key: c32be090-31b1-41d6-8fe3-c0a7f0293b88, Parent: thief_01
Element Type: attribute, Key: thief_01_msg_idx, Parent: thief_01
Element Type: attribute, Key: c84f7eff-7c56-41d5-a77a-716ed16bd5c1, Parent: stolen_shortsword_01
Element Type: message, Key: cfdb2647-beef-4f6f-b9ca-ba6b66712198, Parent: stolen_shortsword_01
Element Type: weapon, Key: stolen_shortsword_01, Parent: thief_01
Element Type: message, Key: 400acb17-6351-4270-8ba4-fd3384306b3f, Parent: b175caa0-0806-4e12-8f87-ed6b698afd1f
Element Type: damage_message, Key: b175caa0-0806-4e12-8f87-ed6b698afd1f, Parent: thief_01
Element Type: message, Key: f15df179-bca1-490a-93b2-06cc14dcb991, Parent: e4fd7257-7c2e-4f31-9eb7-8d8e8ad8771e
Element Type: miss_message, Key: e4fd7257-7c2e-4f31-9eb7-8d8e8ad8771e, Parent: thief_01
Element Type: travel, Key: thief_01_travel, Parent: thief_01
Element Type: message, Key: d34eb628-0325-4916-b411-0ab0a4d96436, Parent: 0923b8b9-1b93-4fdf-a620-9b9896768448
Element Type: message, Key: d71fa6cb-d8cd-41ec-9dff-a5654882f190, Parent: 0923b8b9-1b93-4fdf-a620-9b9896768448
Element Type: message, Key: c8f3a8da-e72a-4b4d-825b-2dd3a983993e, Parent: 0923b8b9-1b93-4fdf-a620-9b9896768448
Element Type: enter_message, Key: 0923b8b9-1b93-4fdf-a620-9b9896768448, Parent: thief_01
Element Type: message, Key: 398181d1-4bc9-4a91-8c6b-8bfbd676be6b, Parent: ed9474a4-5d14-4d1d-b3be-47eef0a090b7
Element Type: message, Key: da381c20-a9b0-42b1-9ecb-2c092c7ac4ae, Parent: ed9474a4-5d14-4d1d-b3be-47eef0a090b7
Element Type: message, Key: 64b81959-015a-43fa-ad41-c85f361e0782, Parent: ed9474a4-5d14-4d1d-b3be-47eef0a090b7
Element Type: look, Key: ed9474a4-5d14-4d1d-b3be-47eef0a090b7, Parent: thief_01
Element Type: move, Key: 62ea18f3-0579-4031-99ab-4b851bc29e71, Parent: 53f5dbd8-8143-484b-93d7-15bc79547372
Element Type: message, Key: ae47e38a-a9d6-4682-96cc-8a7d75356096, Parent: 53f5dbd8-8143-484b-93d7-15bc79547372
Element Type: kill, Key: 53f5dbd8-8143-484b-93d7-15bc79547372, Parent: thief_01
Element Type: attribute, Key: ef009d16-f921-456c-94d6-08ee7316f5a3, Parent: bcefabc5-8765-4326-bb89-72122423b038
Element Type: attribute, Key: f5798401-0f3f-4015-9e24-223b4b105fc8, Parent: bcefabc5-8765-4326-bb89-72122423b038
Element Type: attack, Key: bcefabc5-8765-4326-bb89-72122423b038, Parent: 8f20b3f4-b49d-428f-8afb-10076b798a2c
Element Type: input, Key: 8f20b3f4-b49d-428f-8afb-10076b798a2c, Parent: thief_01
Element Type: npc, Key: thief_01, Parent: local_pub
New Element created: game, Parent: root
New Element created: , Parent: game
New Element created: die_message, Parent: game
Returning row-index: 30
Element Type: enter_message, Key: a302343c-a4c2-4e76-930e-459fd62f9bd4, Parent: game
Element Type: , Key: die_message, Parent: game
Element Type: game, Key: game, Parent: root
New Element created: global01, Parent: root
New Element created: , Parent: global01
New Element created: , Parent: 44d94237-7a39-4214-9b99-47a611fa11fb
Returning row: 2
New Element created: , Parent: global01
New Element created: , Parent: 036ea836-3d13-49b4-b131-bef99546fd31
Returning row: 5
New Element created: , Parent: global01
New Element created: , Parent: 8ef9c225-8e4d-449d-ba77-7ec7da345d31
Returning row: 9
New Element created: , Parent: 8ef9c225-8e4d-449d-ba77-7ec7da345d31
Returning row-index: 14
New Element created: day_string, Parent: global01
New Element created: , Parent: day_string
New Element created: , Parent: 7ad4bdc0-b59e-415e-b183-b973644e456e
New Element created: , Parent: 7ad4bdc0-b59e-415e-b183-b973644e456e
Returning row-index: 29
New Element created: , Parent: day_string
New Element created: , Parent: 98652e0a-89e2-47b1-8449-dfab6949cea7
New Element created: , Parent: 98652e0a-89e2-47b1-8449-dfab6949cea7
Returning row-index: 43
Returning row-index: 44
Returning row-index: 45
Element Type: action, Key: 91e64406-cf68-4346-a942-c05a6429573f, Parent: 44d94237-7a39-4214-9b99-47a611fa11fb
Element Type: input, Key: 44d94237-7a39-4214-9b99-47a611fa11fb, Parent: global01
Element Type: action, Key: b844dd79-2edf-4435-801a-31ac744a086c, Parent: 036ea836-3d13-49b4-b131-bef99546fd31
Element Type: input, Key: 036ea836-3d13-49b4-b131-bef99546fd31, Parent: global01
Element Type: set, Key: 44d8e29c-ef38-4a0c-8595-fda649dcff55, Parent: 8ef9c225-8e4d-449d-ba77-7ec7da345d31
Element Type: message, Key: 9625e372-7b5a-4023-9743-c921b3f64921, Parent: 8ef9c225-8e4d-449d-ba77-7ec7da345d31
Element Type: input, Key: 8ef9c225-8e4d-449d-ba77-7ec7da345d31, Parent: global01
Element Type: logic, Key: 207ed0e7-f43b-43fb-afa0-1ff8f05098cf, Parent: 7ad4bdc0-b59e-415e-b183-b973644e456e
Element Type: message, Key: 0cc0009f-dfd8-4560-a452-1f33545b87d3, Parent: 7ad4bdc0-b59e-415e-b183-b973644e456e
Element Type: action, Key: 7ad4bdc0-b59e-415e-b183-b973644e456e, Parent: day_string
Element Type: logic, Key: 1d87c70c-228b-4a24-bd86-e597f1cf20fd, Parent: 98652e0a-89e2-47b1-8449-dfab6949cea7
Element Type: message, Key: 6b681a6a-4a30-4afc-a115-b69a761a6edf, Parent: 98652e0a-89e2-47b1-8449-dfab6949cea7
Element Type: action, Key: 98652e0a-89e2-47b1-8449-dfab6949cea7, Parent: day_string
Element Type: , Key: day_string, Parent: global01
Element Type: global, Key: global01, Parent: root
New Element created: player, Parent: local_pub
New Element created: , Parent: player
Returning row: 1
New Element created: , Parent: player
Returning row: 2
New Element created: , Parent: player
Returning row: 3
New Element created: , Parent: player
Returning row: 4
New Element created: , Parent: player
Returning row: 5
New Element created: , Parent: player
Returning row: 6
New Element created: player_armed, Parent: player
Returning row: 7
New Element created: longsword_01, Parent: player
New Element created: , Parent: longsword_01
Returning row: 10
New Element created: , Parent: longsword_01
Returning row: 11
New Element created: , Parent: longsword_01
Returning row-index: 17
Returning row-index: 18
Element Type: attribute, Key: bcbba02e-0ed2-4d3e-8226-76fb9b8a9193, Parent: player
Element Type: attribute, Key: 81c94540-90ae-4051-938f-588b6b721afa, Parent: player
Element Type: attribute, Key: 52f564a0-5bb1-4fa4-8121-1086fc5cd171, Parent: player
Element Type: attribute, Key: 5f21ee94-6761-4e41-9618-991a094e684e, Parent: player
Element Type: attribute, Key: afb57861-fb86-4124-8cec-e987cc396ba3, Parent: player
Element Type: attribute, Key: 3a9738a4-525c-4ca3-a48c-a9874e6a85f7, Parent: player
Element Type: attribute, Key: player_armed, Parent: player
Element Type: attribute, Key: 0a3345f2-352e-4e60-9f75-f68e0b3172d2, Parent: longsword_01
Element Type: attribute, Key: 7ad8676c-1810-4ed1-bfd7-33a04f8cf546, Parent: longsword_01
Element Type: message, Key: 08d25f73-6dbb-4e64-9431-5246649be262, Parent: longsword_01
Element Type: weapon, Key: longsword_01, Parent: player
Element Type: player, Key: player, Parent: local_pub
