New Element created: local_pub, Parent: root
New Element created: , Parent: local_pub
Returning row-index: 5
Element Type: enter_message, Key: 08f37409-f045-4884-8aa7-8a6794747fea, Parent: local_pub
Element Type: room, Key: local_pub, Parent: root
New Element created: game, Parent: root
New Element created: game_title, Parent: game
New Element created: die_message, Parent: game
Returning row-index: 30
Element Type: enter_message, Key: game_title, Parent: game
Element Type: , Key: die_message, Parent: game
Element Type: game, Key: game, Parent: root
New Element created: global01, Parent: root
New Element created: , Parent: global01
New Element created: , Parent: f9472da2-550d-45f3-91e1-572f6b0fa504
Returning row: 2
New Element created: , Parent: global01
New Element created: , Parent: 2032e2c7-4a85-42c1-b5e8-687d83b3c83f
Returning row: 6
New Element created: , Parent: global01
New Element created: , Parent: bea50fa7-cc23-413a-bbd0-6ad5b1108da9
Returning row: 9
New Element created: , Parent: global01
New Element created: , Parent: 789829a1-2b7c-43c3-8e49-33cce7c64a55
Returning row: 13
New Element created: , Parent: 789829a1-2b7c-43c3-8e49-33cce7c64a55
Returning row-index: 18
New Element created: day_string, Parent: global01
New Element created: , Parent: day_string
New Element created: , Parent: 43c4cc63-f739-4cc9-b6d3-b75b45f2abf6
New Element created: , Parent: 43c4cc63-f739-4cc9-b6d3-b75b45f2abf6
Returning row-index: 33
New Element created: , Parent: day_string
New Element created: , Parent: 9b6345dc-7a26-40c6-bdb8-243994fa218d
New Element created: , Parent: 9b6345dc-7a26-40c6-bdb8-243994fa218d
Returning row-index: 47
Returning row-index: 48
Returning row-index: 49
Element Type: action, Key: 5a150809-882f-4700-b3cc-130f55ecc8da, Parent: f9472da2-550d-45f3-91e1-572f6b0fa504
Element Type: input, Key: f9472da2-550d-45f3-91e1-572f6b0fa504, Parent: global01
Element Type: action, Key: d8bcde68-0da3-41d6-9015-8a8b1fbd326a, Parent: 2032e2c7-4a85-42c1-b5e8-687d83b3c83f
Element Type: input, Key: 2032e2c7-4a85-42c1-b5e8-687d83b3c83f, Parent: global01
Element Type: action, Key: f1435342-2ff4-4224-9f49-9496c6edd495, Parent: bea50fa7-cc23-413a-bbd0-6ad5b1108da9
Element Type: input, Key: bea50fa7-cc23-413a-bbd0-6ad5b1108da9, Parent: global01
Element Type: set, Key: 4126842b-965b-41bd-a2da-b2e9a13c0bae, Parent: 789829a1-2b7c-43c3-8e49-33cce7c64a55
Element Type: message, Key: 20200210-7a09-46a2-9211-612208a5559f, Parent: 789829a1-2b7c-43c3-8e49-33cce7c64a55
Element Type: input, Key: 789829a1-2b7c-43c3-8e49-33cce7c64a55, Parent: global01
Element Type: logic, Key: 034ea8cc-0386-4599-9527-8dfdff297aa1, Parent: 43c4cc63-f739-4cc9-b6d3-b75b45f2abf6
Element Type: message, Key: d2b6714f-7e8f-4f85-b40b-a9c52103ffc4, Parent: 43c4cc63-f739-4cc9-b6d3-b75b45f2abf6
Element Type: action, Key: 43c4cc63-f739-4cc9-b6d3-b75b45f2abf6, Parent: day_string
Element Type: logic, Key: 46eb1866-6ff7-41c3-a8f1-fb1bcacc7e30, Parent: 9b6345dc-7a26-40c6-bdb8-243994fa218d
Element Type: message, Key: f8bdf5be-a6f2-456d-bd1b-537a42c497af, Parent: 9b6345dc-7a26-40c6-bdb8-243994fa218d
Element Type: action, Key: 9b6345dc-7a26-40c6-bdb8-243994fa218d, Parent: day_string
Element Type: , Key: day_string, Parent: global01
Element Type: global, Key: global01, Parent: root
New Element created: player, Parent: local_pub
New Element created: , Parent: player
Returning row: 1
New Element created: , Parent: player
Returning row: 2
New Element created: , Parent: player
Returning row: 3
New Element created: , Parent: player
Returning row: 4
New Element created: , Parent: player
Returning row: 5
New Element created: , Parent: player
Returning row: 6
New Element created: player_armed, Parent: player
Returning row: 7
New Element created: longsword_01, Parent: player
New Element created: , Parent: longsword_01
Returning row: 10
New Element created: , Parent: longsword_01
Returning row: 11
New Element created: , Parent: longsword_01
New Element created: , Parent: longsword_01
Returning row-index: 23
Returning row-index: 24
Element Type: attribute, Key: fed63436-190a-4558-80db-13b920ceb3b4, Parent: player
Element Type: attribute, Key: 2bb967da-8cea-4bb4-9602-4b23b01591e4, Parent: player
Element Type: attribute, Key: 56db9e2c-febf-4e86-92bc-00bb76747504, Parent: player
Element Type: attribute, Key: 5610abe8-0a6e-42b0-a47f-499ee31ff596, Parent: player
Element Type: attribute, Key: 01b4867e-2a28-475b-8800-1c8a2eb3fe82, Parent: player
Element Type: attribute, Key: 1684346c-c3db-4232-a942-b1d48ac3824c, Parent: player
Element Type: attribute, Key: player_armed, Parent: player
Element Type: attribute, Key: e9c6602b-368c-46ac-8329-e95550fff733, Parent: longsword_01
Element Type: attribute, Key: e789e70d-75f8-4f9f-a1b0-7825cd6086eb, Parent: longsword_01
Element Type: hit, Key: 4bb9deeb-f50e-40b5-a0fc-bf4ba90a8859, Parent: longsword_01
Element Type: enter_message, Key: d0219756-8d63-488b-bb2b-aea71390126b, Parent: longsword_01
Element Type: object, Key: longsword_01, Parent: player
Element Type: player, Key: player, Parent: local_pub
