New Element created: local_pub, Parent: root
New Element created: , Parent: local_pub
Returning row-index: 5
Element Type: enter_message, Key: d869e438-af72-4750-a5c2-ed6c6e205329, Parent: local_pub
Element Type: room, Key: local_pub, Parent: root
New Element created: thief_01, Parent: local_pub
New Element created: , Parent: thief_01
Returning row: 1
New Element created: , Parent: thief_01
Returning row: 2
New Element created: , Parent: thief_01
Returning row: 3
New Element created: , Parent: thief_01
Returning row: 4
New Element created: , Parent: thief_01
Returning row: 5
New Element created: , Parent: thief_01
Returning row: 6
New Element created: , Parent: thief_01
Returning row: 7
New Element created: , Parent: thief_01
Returning row: 8
New Element created: , Parent: thief_01
Returning row: 9
New Element created: , Parent: thief_01
Returning row: 10
New Element created: thief_01_msg_idx, Parent: thief_01
Returning row: 12
New Element created: thief_01_shortsword, Parent: thief_01
New Element created: , Parent: thief_01_shortsword
Returning row: 15
New Element created: , Parent: thief_01_shortsword
Returning row-index: 21
New Element created: , Parent: thief_01
New Element created: , Parent: 56111bbe-a2b4-4f29-805b-fa628ee46da8
Returning row-index: 31
New Element created: , Parent: thief_01
New Element created: , Parent: c6f38e62-6482-49be-9384-64e96c52123f
Returning row-index: 39
New Element created: thief_01_travel, Parent: thief_01
Returning row: 44
New Element created: , Parent: thief_01
New Element created: , Parent: cd0baa61-6cbf-4f9f-bf45-f1b50c60af0b
New Element created: , Parent: cd0baa61-6cbf-4f9f-bf45-f1b50c60af0b
New Element created: , Parent: cd0baa61-6cbf-4f9f-bf45-f1b50c60af0b
Returning row-index: 62
New Element created: , Parent: thief_01
New Element created: , Parent: 7a520992-5450-40c2-aee1-f193b3b2e2b5
New Element created: , Parent: 7a520992-5450-40c2-aee1-f193b3b2e2b5
New Element created: , Parent: 7a520992-5450-40c2-aee1-f193b3b2e2b5
Returning row-index: 80
New Element created: , Parent: thief_01
New Element created: , Parent: 3a0accf0-f45f-4121-b4c1-22081ae73a73
Returning row: 84
New Element created: , Parent: 3a0accf0-f45f-4121-b4c1-22081ae73a73
Returning row-index: 89
New Element created: , Parent: thief_01
New Element created: , Parent: 5fcb49a1-5b58-4ec3-bd36-49e797bb19b0
New Element created: , Parent: c491f92e-995f-492d-83b9-4e087fd599af
Returning row: 95
New Element created: , Parent: c491f92e-995f-492d-83b9-4e087fd599af
Returning row: 96
Returning row-index: 97
Returning row-index: 98
Element Type: attribute, Key: 2bdb8447-6e9c-4fce-8518-5cc23d9d9043, Parent: thief_01
Element Type: attribute, Key: dbb69c32-e527-4860-9ce2-8a14473b550d, Parent: thief_01
Element Type: attribute, Key: 53bc0518-147f-44c5-a963-994d41c1b2cd, Parent: thief_01
Element Type: attribute, Key: f6339b8a-e5c1-4578-adae-878ec98db278, Parent: thief_01
Element Type: attribute, Key: f5908de3-2056-4d22-9a14-4d20534dcfd5, Parent: thief_01
Element Type: attribute, Key: 2c072237-ce85-41f0-8299-5e2164fcd0ee, Parent: thief_01
Element Type: attribute, Key: 3ee0a251-61da-490e-a79c-ea5433faf550, Parent: thief_01
Element Type: attribute, Key: 465f9537-a2b4-4024-90d9-01c0311075f2, Parent: thief_01
Element Type: attribute, Key: 52f87711-21fd-4aa4-b139-ba9969fce6c0, Parent: thief_01
Element Type: attribute, Key: c7cf3231-62c8-450b-834b-7bf01994835f, Parent: thief_01
Element Type: attribute, Key: thief_01_msg_idx, Parent: thief_01
Element Type: attribute, Key: a6932ff8-8395-4e45-ba29-9b1311f4085e, Parent: thief_01_shortsword
Element Type: hit, Key: 6259956f-b594-4a23-870b-1db4d492b005, Parent: thief_01_shortsword
Element Type: object, Key: thief_01_shortsword, Parent: thief_01
Element Type: message, Key: 4d7bcc33-05f0-44f3-ad68-708758d93334, Parent: 56111bbe-a2b4-4f29-805b-fa628ee46da8
Element Type: damage_message, Key: 56111bbe-a2b4-4f29-805b-fa628ee46da8, Parent: thief_01
Element Type: message, Key: 982790d4-c4aa-43ca-9799-7167ed628f0f, Parent: c6f38e62-6482-49be-9384-64e96c52123f
Element Type: miss_message, Key: c6f38e62-6482-49be-9384-64e96c52123f, Parent: thief_01
Element Type: travel, Key: thief_01_travel, Parent: thief_01
Element Type: message, Key: 17613994-e50e-4b60-b664-c472ecc13e4e, Parent: cd0baa61-6cbf-4f9f-bf45-f1b50c60af0b
Element Type: message, Key: a0a62381-7985-445a-872f-aebc5aa73e8c, Parent: cd0baa61-6cbf-4f9f-bf45-f1b50c60af0b
Element Type: message, Key: d1345578-9523-4db8-a221-d1a88add5f7c, Parent: cd0baa61-6cbf-4f9f-bf45-f1b50c60af0b
Element Type: enter_message, Key: cd0baa61-6cbf-4f9f-bf45-f1b50c60af0b, Parent: thief_01
Element Type: message, Key: ed6519ee-8157-4a6b-ad5b-27959e90be6b, Parent: 7a520992-5450-40c2-aee1-f193b3b2e2b5
Element Type: message, Key: 529d7451-c188-4f72-8387-dbd27002187d, Parent: 7a520992-5450-40c2-aee1-f193b3b2e2b5
Element Type: message, Key: 4d77621e-a0cd-4cc1-b5c9-89be27d018de, Parent: 7a520992-5450-40c2-aee1-f193b3b2e2b5
Element Type: look, Key: 7a520992-5450-40c2-aee1-f193b3b2e2b5, Parent: thief_01
Element Type: move, Key: a8201b78-6034-46a6-a5c1-3f370eaac9d9, Parent: 3a0accf0-f45f-4121-b4c1-22081ae73a73
Element Type: message, Key: 8d812044-e38e-4176-a75a-f502dd85a701, Parent: 3a0accf0-f45f-4121-b4c1-22081ae73a73
Element Type: kill, Key: 3a0accf0-f45f-4121-b4c1-22081ae73a73, Parent: thief_01
Element Type: attribute, Key: 4210e759-6084-4fb1-bacb-4cae6c90f723, Parent: c491f92e-995f-492d-83b9-4e087fd599af
Element Type: attribute, Key: b50d002f-22ad-47e2-8178-088acdaf4251, Parent: c491f92e-995f-492d-83b9-4e087fd599af
Element Type: attack, Key: c491f92e-995f-492d-83b9-4e087fd599af, Parent: 5fcb49a1-5b58-4ec3-bd36-49e797bb19b0
Element Type: input, Key: 5fcb49a1-5b58-4ec3-bd36-49e797bb19b0, Parent: thief_01
Element Type: npc, Key: thief_01, Parent: local_pub
New Element created: game, Parent: root
New Element created: game_title, Parent: game
New Element created: die_message, Parent: game
Returning row-index: 30
Element Type: enter_message, Key: game_title, Parent: game
Element Type: , Key: die_message, Parent: game
Element Type: game, Key: game, Parent: root
New Element created: global01, Parent: root
New Element created: , Parent: global01
New Element created: , Parent: d5340be6-4a3d-498d-8db7-cc428ca7324b
Returning row: 2
New Element created: , Parent: global01
New Element created: , Parent: 8b8e7d68-ff43-473b-89da-e244fe5fd01a
Returning row: 6
New Element created: , Parent: global01
New Element created: , Parent: 3f22d072-ac6d-483f-9768-06c1b7057352
Returning row: 9
New Element created: , Parent: global01
New Element created: , Parent: 802f3111-a31e-484c-99a6-b297bca2e654
Returning row: 13
New Element created: , Parent: 802f3111-a31e-484c-99a6-b297bca2e654
Returning row-index: 18
New Element created: day_string, Parent: global01
New Element created: , Parent: day_string
New Element created: , Parent: 4b48b4be-0de9-4e3b-86a8-b19dd72fbe58
New Element created: , Parent: 4b48b4be-0de9-4e3b-86a8-b19dd72fbe58
Returning row-index: 33
New Element created: , Parent: day_string
New Element created: , Parent: ad172ef2-4cd2-4712-8d2c-083a8cbecd68
New Element created: , Parent: ad172ef2-4cd2-4712-8d2c-083a8cbecd68
Returning row-index: 47
Returning row-index: 48
Returning row-index: 49
Element Type: action, Key: 92ce2536-91c6-4bea-8c73-99e43eca07ed, Parent: d5340be6-4a3d-498d-8db7-cc428ca7324b
Element Type: input, Key: d5340be6-4a3d-498d-8db7-cc428ca7324b, Parent: global01
Element Type: action, Key: 1598a017-6dfc-4988-be29-bbdbaa3b807e, Parent: 8b8e7d68-ff43-473b-89da-e244fe5fd01a
Element Type: input, Key: 8b8e7d68-ff43-473b-89da-e244fe5fd01a, Parent: global01
Element Type: action, Key: 6d9f6a0c-372a-4202-b59c-302587d984a9, Parent: 3f22d072-ac6d-483f-9768-06c1b7057352
Element Type: input, Key: 3f22d072-ac6d-483f-9768-06c1b7057352, Parent: global01
Element Type: set, Key: b3cd9e1b-02bd-4da8-8f5a-962536ede2d1, Parent: 802f3111-a31e-484c-99a6-b297bca2e654
Element Type: message, Key: f4403212-f0ea-49c1-93c7-5ad9c7637e7c, Parent: 802f3111-a31e-484c-99a6-b297bca2e654
Element Type: input, Key: 802f3111-a31e-484c-99a6-b297bca2e654, Parent: global01
Element Type: logic, Key: a7ff6ae0-1190-4d15-88d4-f847f27076fe, Parent: 4b48b4be-0de9-4e3b-86a8-b19dd72fbe58
Element Type: message, Key: b9b76852-b207-4b46-b928-67d67b51e150, Parent: 4b48b4be-0de9-4e3b-86a8-b19dd72fbe58
Element Type: action, Key: 4b48b4be-0de9-4e3b-86a8-b19dd72fbe58, Parent: day_string
Element Type: logic, Key: 2d0db7d1-a0bd-404b-8a52-945b9d793e1a, Parent: ad172ef2-4cd2-4712-8d2c-083a8cbecd68
Element Type: message, Key: 71acd2a8-8fa3-42d0-ad82-426b3bcabdb0, Parent: ad172ef2-4cd2-4712-8d2c-083a8cbecd68
Element Type: action, Key: ad172ef2-4cd2-4712-8d2c-083a8cbecd68, Parent: day_string
Element Type: , Key: day_string, Parent: global01
Element Type: global, Key: global01, Parent: root
New Element created: player, Parent: local_pub
New Element created: , Parent: player
Returning row: 1
New Element created: , Parent: player
Returning row: 2
New Element created: , Parent: player
Returning row: 3
New Element created: , Parent: player
Returning row: 4
New Element created: , Parent: player
Returning row: 5
New Element created: , Parent: player
Returning row: 6
New Element created: player_armed, Parent: player
Returning row: 7
New Element created: , Parent: player
New Element created: , Parent: 16130665-c55a-4d4a-a635-b2fbe481d428
Returning row: 10
New Element created: , Parent: 16130665-c55a-4d4a-a635-b2fbe481d428
Returning row: 11
New Element created: , Parent: 16130665-c55a-4d4a-a635-b2fbe481d428
New Element created: , Parent: 16130665-c55a-4d4a-a635-b2fbe481d428
Returning row-index: 23
Returning row-index: 24
Element Type: attribute, Key: d3ae6f96-4a49-4d3e-8b8a-ed1d3425dd14, Parent: player
Element Type: attribute, Key: 4a919093-325e-421f-b8a4-c8ecef2c1101, Parent: player
Element Type: attribute, Key: ce9377de-a12b-45d4-9296-56e5b3ca9589, Parent: player
Element Type: attribute, Key: 27923a7d-d561-401a-a244-32f3a4dfe213, Parent: player
Element Type: attribute, Key: 205cfa36-6e33-411d-9268-6220212e4525, Parent: player
Element Type: attribute, Key: 7f22c8f5-a412-40d4-8875-d8602ef3a59a, Parent: player
Element Type: attribute, Key: player_armed, Parent: player
Element Type: attribute, Key: 0e4ef147-a7c5-44bc-a0bd-5abba628fc80, Parent: 16130665-c55a-4d4a-a635-b2fbe481d428
Element Type: attribute, Key: 968b28c3-872d-4178-81ab-6a5147101ba3, Parent: 16130665-c55a-4d4a-a635-b2fbe481d428
Element Type: hit, Key: f37fd5a6-f100-4fda-b023-363fa408cbfb, Parent: 16130665-c55a-4d4a-a635-b2fbe481d428
Element Type: enter_message, Key: fa335e0b-286c-46c6-bb65-b7316612c817, Parent: 16130665-c55a-4d4a-a635-b2fbe481d428
Element Type: object, Key: 16130665-c55a-4d4a-a635-b2fbe481d428, Parent: player
Element Type: player, Key: player, Parent: local_pub
