New Element created: local_pub, Parent: root
New Element created: , Parent: local_pub
New Element created: , Parent: local_pub
New Element created: , Parent: 9f557d40-9206-4faa-b76c-249ca0b3605e
Returning row-index: 12
New Element created: , Parent: local_pub
New Element created: , Parent: 9fb42320-6679-4563-a11f-93cd3a05b945
Returning row: 19
Returning row-index: 20
Element Type: enter_message, Key: 52a10d6e-ea95-4884-9e96-2e09387bf985, Parent: local_pub
Element Type: message, Key: 0bdef4a6-d44c-48a0-a3ae-7e6f1e2ebfb4, Parent: 9f557d40-9206-4faa-b76c-249ca0b3605e
Element Type: look, Key: 9f557d40-9206-4faa-b76c-249ca0b3605e, Parent: local_pub
Element Type: action, Key: a3fb0a03-cd4d-4dda-b405-000971bdf319, Parent: 9fb42320-6679-4563-a11f-93cd3a05b945
Element Type: input, Key: 9fb42320-6679-4563-a11f-93cd3a05b945, Parent: local_pub
Element Type: room, Key: local_pub, Parent: root
New Element created: thief_01, Parent: local_pub
New Element created: , Parent: thief_01
Returning row: 1
New Element created: , Parent: thief_01
Returning row: 2
New Element created: , Parent: thief_01
Returning row: 3
New Element created: , Parent: thief_01
Returning row: 4
New Element created: , Parent: thief_01
Returning row: 5
New Element created: , Parent: thief_01
Returning row: 6
New Element created: , Parent: thief_01
Returning row: 7
New Element created: , Parent: thief_01
Returning row: 8
New Element created: , Parent: thief_01
Returning row: 9
New Element created: , Parent: thief_01
Returning row: 10
New Element created: thief_01_msg_idx, Parent: thief_01
Returning row: 12
New Element created: thief_01_shortsword, Parent: thief_01
New Element created: , Parent: thief_01_shortsword
Returning row: 15
New Element created: , Parent: thief_01_shortsword
Returning row-index: 21
New Element created: , Parent: thief_01
New Element created: , Parent: fe033482-2558-4969-81a5-fd53d0758d62
Returning row-index: 31
New Element created: , Parent: thief_01
New Element created: , Parent: ab8e7d8f-b71a-426a-ad84-e0ba56ffb30c
Returning row-index: 39
New Element created: thief_01_travel, Parent: thief_01
Returning row: 44
New Element created: , Parent: thief_01
New Element created: , Parent: 0be901a3-068a-4950-a085-6ecc829764c0
New Element created: , Parent: 0be901a3-068a-4950-a085-6ecc829764c0
New Element created: , Parent: 0be901a3-068a-4950-a085-6ecc829764c0
Returning row-index: 62
New Element created: , Parent: thief_01
New Element created: , Parent: ca72116f-481c-48de-a922-50062199af00
New Element created: , Parent: ca72116f-481c-48de-a922-50062199af00
New Element created: , Parent: ca72116f-481c-48de-a922-50062199af00
Returning row-index: 80
New Element created: , Parent: thief_01
New Element created: , Parent: 04452b52-9db6-438c-8289-13e4c374fd50
Returning row: 84
New Element created: , Parent: 04452b52-9db6-438c-8289-13e4c374fd50
Returning row-index: 89
New Element created: , Parent: thief_01
New Element created: , Parent: 763d0eea-2982-40e1-aceb-bc77451002f7
New Element created: , Parent: 4db0be89-c51a-4fd4-947c-ff7ae345e3e0
Returning row: 95
New Element created: , Parent: 4db0be89-c51a-4fd4-947c-ff7ae345e3e0
Returning row: 96
Returning row-index: 97
Returning row-index: 98
Element Type: attribute, Key: e6b3527d-cc6c-4790-be63-f69331815aa0, Parent: thief_01
Element Type: attribute, Key: 81094228-95d7-4c64-85d9-60eb93edb341, Parent: thief_01
Element Type: attribute, Key: d54bbbbd-1f7f-4dc6-a18a-ce09057ee158, Parent: thief_01
Element Type: attribute, Key: cf0e3c33-f76c-40ce-9265-5b60931d5ca4, Parent: thief_01
Element Type: attribute, Key: 164c8621-90d5-424d-8d7c-9a5a157df6cb, Parent: thief_01
Element Type: attribute, Key: f6482277-e876-4485-a9a2-f32d8c7f10ce, Parent: thief_01
Element Type: attribute, Key: 091c4499-5e5d-44b5-a248-18cf725be144, Parent: thief_01
Element Type: attribute, Key: e85fb908-e0df-42ce-a971-7b0dced2cdf2, Parent: thief_01
Element Type: attribute, Key: 928ff05e-cafb-4126-8037-665ed5dc39b5, Parent: thief_01
Element Type: attribute, Key: 1de26767-173c-47cb-b042-dfdab281c273, Parent: thief_01
Element Type: attribute, Key: thief_01_msg_idx, Parent: thief_01
Element Type: attribute, Key: 096755c0-56a9-451d-b272-27fd6c96bd88, Parent: thief_01_shortsword
Element Type: hit, Key: 7f4d5e5a-8a4c-4b35-9323-c43fb617ca84, Parent: thief_01_shortsword
Element Type: object, Key: thief_01_shortsword, Parent: thief_01
Element Type: message, Key: 5a6fe8ed-cfc8-4ca8-911d-09da2e2c9237, Parent: fe033482-2558-4969-81a5-fd53d0758d62
Element Type: damage_message, Key: fe033482-2558-4969-81a5-fd53d0758d62, Parent: thief_01
Element Type: message, Key: c357b94d-4dd9-4587-9439-960bec744ed9, Parent: ab8e7d8f-b71a-426a-ad84-e0ba56ffb30c
Element Type: miss_message, Key: ab8e7d8f-b71a-426a-ad84-e0ba56ffb30c, Parent: thief_01
Element Type: travel, Key: thief_01_travel, Parent: thief_01
Element Type: message, Key: a5d03cdc-0106-425b-9aae-710fdeb77735, Parent: 0be901a3-068a-4950-a085-6ecc829764c0
Element Type: message, Key: 45b8fb25-920c-4d87-a2dc-76b1d3ae42e9, Parent: 0be901a3-068a-4950-a085-6ecc829764c0
Element Type: message, Key: 8bcf2a85-4c6a-4e8e-9f60-bb237265ab25, Parent: 0be901a3-068a-4950-a085-6ecc829764c0
Element Type: enter_message, Key: 0be901a3-068a-4950-a085-6ecc829764c0, Parent: thief_01
Element Type: message, Key: 7840cf94-727d-411d-9b38-06548a434c5d, Parent: ca72116f-481c-48de-a922-50062199af00
Element Type: message, Key: 5569c7a7-146a-4ca0-8145-a31d1fdfeadf, Parent: ca72116f-481c-48de-a922-50062199af00
Element Type: message, Key: 8c07c006-a2bf-4a78-93ac-5de26cfe35ef, Parent: ca72116f-481c-48de-a922-50062199af00
Element Type: look, Key: ca72116f-481c-48de-a922-50062199af00, Parent: thief_01
Element Type: move, Key: 9b1fc6db-2994-4b59-82cb-8db1413a62b6, Parent: 04452b52-9db6-438c-8289-13e4c374fd50
Element Type: message, Key: 7b9aa804-560e-4b07-8686-21d3819aef1f, Parent: 04452b52-9db6-438c-8289-13e4c374fd50
Element Type: kill, Key: 04452b52-9db6-438c-8289-13e4c374fd50, Parent: thief_01
Element Type: attribute, Key: ca05ef35-8e04-4b5f-b34f-ca0ab16b3556, Parent: 4db0be89-c51a-4fd4-947c-ff7ae345e3e0
Element Type: attribute, Key: 0c574f66-a0eb-44b8-b1fd-b4644b408b27, Parent: 4db0be89-c51a-4fd4-947c-ff7ae345e3e0
Element Type: attack, Key: 4db0be89-c51a-4fd4-947c-ff7ae345e3e0, Parent: 763d0eea-2982-40e1-aceb-bc77451002f7
Element Type: input, Key: 763d0eea-2982-40e1-aceb-bc77451002f7, Parent: thief_01
Element Type: npc, Key: thief_01, Parent: local_pub
New Element created: game, Parent: root
New Element created: game_title, Parent: game
New Element created: die_message, Parent: game
Returning row-index: 30
Element Type: enter_message, Key: game_title, Parent: game
Element Type: , Key: die_message, Parent: game
Element Type: game, Key: game, Parent: root
New Element created: global01, Parent: root
New Element created: , Parent: global01
New Element created: , Parent: b9798929-fd9f-41e1-b1fd-807d4977ced5
Returning row: 2
New Element created: , Parent: global01
New Element created: , Parent: 48a03c2b-a700-46f8-957f-2f093151ce77
Returning row: 6
New Element created: , Parent: global01
New Element created: , Parent: fce14197-95be-4316-9b45-e566bb5237a2
Returning row: 9
New Element created: , Parent: global01
New Element created: , Parent: 38647c16-0aa8-4463-9999-7aa0bf747367
Returning row: 13
New Element created: , Parent: 38647c16-0aa8-4463-9999-7aa0bf747367
Returning row-index: 18
New Element created: day_string, Parent: global01
New Element created: , Parent: day_string
New Element created: , Parent: 8b6e21e0-9346-4c5d-b672-8b64e2f327b6
New Element created: , Parent: 8b6e21e0-9346-4c5d-b672-8b64e2f327b6
Returning row-index: 33
New Element created: , Parent: day_string
New Element created: , Parent: a9b0b24d-3fa9-4f0c-bce4-0b4d0bfb6a92
New Element created: , Parent: a9b0b24d-3fa9-4f0c-bce4-0b4d0bfb6a92
Returning row-index: 47
Returning row-index: 48
Returning row-index: 49
Element Type: action, Key: 0b3dfde9-7562-40b6-acc6-920600db5c09, Parent: b9798929-fd9f-41e1-b1fd-807d4977ced5
Element Type: input, Key: b9798929-fd9f-41e1-b1fd-807d4977ced5, Parent: global01
Element Type: action, Key: e55ac14c-5283-4780-a415-4907d6bed18a, Parent: 48a03c2b-a700-46f8-957f-2f093151ce77
Element Type: input, Key: 48a03c2b-a700-46f8-957f-2f093151ce77, Parent: global01
Element Type: action, Key: b0808387-9179-45a7-aabc-c67b102b7666, Parent: fce14197-95be-4316-9b45-e566bb5237a2
Element Type: input, Key: fce14197-95be-4316-9b45-e566bb5237a2, Parent: global01
Element Type: set, Key: 9486d978-6366-4511-a350-81a1095c0748, Parent: 38647c16-0aa8-4463-9999-7aa0bf747367
Element Type: message, Key: 6849bb6c-baaa-40e6-8240-bbffa2e0260e, Parent: 38647c16-0aa8-4463-9999-7aa0bf747367
Element Type: input, Key: 38647c16-0aa8-4463-9999-7aa0bf747367, Parent: global01
Element Type: logic, Key: 0a7afb52-0118-4f19-ada6-b8a91121bce9, Parent: 8b6e21e0-9346-4c5d-b672-8b64e2f327b6
Element Type: message, Key: 4b16788a-ebb8-4cca-9a9e-baef140ccbab, Parent: 8b6e21e0-9346-4c5d-b672-8b64e2f327b6
Element Type: action, Key: 8b6e21e0-9346-4c5d-b672-8b64e2f327b6, Parent: day_string
Element Type: logic, Key: ed1f1bc8-248c-4498-af9e-b4a7409c0585, Parent: a9b0b24d-3fa9-4f0c-bce4-0b4d0bfb6a92
Element Type: message, Key: 36975210-731b-4511-b4af-d532944ef99a, Parent: a9b0b24d-3fa9-4f0c-bce4-0b4d0bfb6a92
Element Type: action, Key: a9b0b24d-3fa9-4f0c-bce4-0b4d0bfb6a92, Parent: day_string
Element Type: , Key: day_string, Parent: global01
Element Type: global, Key: global01, Parent: root
New Element created: player, Parent: local_pub
New Element created: , Parent: player
Returning row: 1
New Element created: , Parent: player
Returning row: 2
New Element created: , Parent: player
Returning row: 3
New Element created: , Parent: player
Returning row: 4
New Element created: , Parent: player
Returning row: 5
New Element created: , Parent: player
Returning row: 6
New Element created: player_armed, Parent: player
Returning row: 7
New Element created: , Parent: player
New Element created: , Parent: 7d4ae882-3388-4f45-96e4-5a1d1ad694bf
Returning row: 10
New Element created: , Parent: 7d4ae882-3388-4f45-96e4-5a1d1ad694bf
Returning row: 11
New Element created: , Parent: 7d4ae882-3388-4f45-96e4-5a1d1ad694bf
New Element created: , Parent: 7d4ae882-3388-4f45-96e4-5a1d1ad694bf
Returning row-index: 23
Returning row-index: 24
Element Type: attribute, Key: 50ac391d-99f3-4b5a-820e-03fc0808385a, Parent: player
Element Type: attribute, Key: ad5de8d8-7bf2-405a-844b-e30f254bb0e1, Parent: player
Element Type: attribute, Key: 82e33b07-cc56-49b3-8e98-257e78f8ea14, Parent: player
Element Type: attribute, Key: 27f6f778-aa4b-4ed4-b860-0c4e3a1a7b8f, Parent: player
Element Type: attribute, Key: 6705d846-af33-4ec3-b64f-be3cf4a680d5, Parent: player
Element Type: attribute, Key: 97fe1114-db3a-4350-aa1e-4e8356cf4c49, Parent: player
Element Type: attribute, Key: player_armed, Parent: player
Element Type: attribute, Key: ff90f8a7-cefc-4410-9510-d4db1dff1486, Parent: 7d4ae882-3388-4f45-96e4-5a1d1ad694bf
Element Type: attribute, Key: ebc2ae32-0e2a-4828-a12f-6aa5375fd162, Parent: 7d4ae882-3388-4f45-96e4-5a1d1ad694bf
Element Type: hit, Key: c1568123-ef62-4690-a506-ac811cc10d27, Parent: 7d4ae882-3388-4f45-96e4-5a1d1ad694bf
Element Type: enter_message, Key: 67df7f44-98f8-48c3-a80f-61340ac9a2ee, Parent: 7d4ae882-3388-4f45-96e4-5a1d1ad694bf
Element Type: object, Key: 7d4ae882-3388-4f45-96e4-5a1d1ad694bf, Parent: player
Element Type: player, Key: player, Parent: local_pub
