New Element created: local_pub, Parent: root
New Element created: , Parent: local_pub
New Element created: , Parent: local_pub
New Element created: , Parent: 54959da2-95b3-4048-9320-2ef806b66b60
Returning row-index: 12
New Element created: , Parent: local_pub
New Element created: , Parent: 7afe227a-9ee3-4ecd-8f23-63092d384d39
Returning row: 19
Returning row-index: 20
Element Type: enter_message, Key: 1b94eb53-f8c3-4424-9183-3b319ea78412, Parent: local_pub
Element Type: message, Key: 902ef72f-2efb-484e-be31-f872ec8db5bf, Parent: 54959da2-95b3-4048-9320-2ef806b66b60
Element Type: look, Key: 54959da2-95b3-4048-9320-2ef806b66b60, Parent: local_pub
Element Type: action, Key: 06b1834d-9ee2-4fbc-a076-139d8bf6c9e7, Parent: 7afe227a-9ee3-4ecd-8f23-63092d384d39
Element Type: input, Key: 7afe227a-9ee3-4ecd-8f23-63092d384d39, Parent: local_pub
Element Type: room, Key: local_pub, Parent: root
New Element created: thief_01, Parent: local_pub
New Element created: , Parent: thief_01
Returning row: 1
New Element created: , Parent: thief_01
Returning row: 2
New Element created: , Parent: thief_01
Returning row: 3
New Element created: , Parent: thief_01
Returning row: 4
New Element created: , Parent: thief_01
Returning row: 5
New Element created: , Parent: thief_01
Returning row: 6
New Element created: , Parent: thief_01
Returning row: 7
New Element created: , Parent: thief_01
Returning row: 8
New Element created: , Parent: thief_01
Returning row: 9
New Element created: , Parent: thief_01
Returning row: 10
New Element created: thief_01_shortsword, Parent: thief_01
New Element created: , Parent: thief_01_shortsword
Returning row: 13
New Element created: , Parent: thief_01_shortsword
Returning row-index: 19
New Element created: , Parent: thief_01
New Element created: , Parent: 49ae2ffd-3d47-4a17-ada8-b269ee6f986c
Returning row-index: 29
New Element created: , Parent: thief_01
New Element created: , Parent: a8bedeb0-2bbd-4ec9-9ea4-f47f5bae1e8c
Returning row-index: 37
New Element created: thief_01_travel, Parent: thief_01
Returning row: 42
New Element created: , Parent: thief_01
New Element created: , Parent: 7f7e198f-a8af-4a01-82bb-7992552c67c2
Returning row-index: 50
New Element created: , Parent: thief_01
New Element created: , Parent: efd1fc47-b947-45ac-b7c7-20245e5fd99a
Returning row-index: 58
New Element created: , Parent: thief_01
New Element created: , Parent: 53d7459b-c5ba-479f-8e2d-4aa5a09b4615
Returning row: 62
New Element created: , Parent: 53d7459b-c5ba-479f-8e2d-4aa5a09b4615
Returning row-index: 67
New Element created: , Parent: thief_01
New Element created: , Parent: f437b612-4b19-41bf-8558-f28bb9a731a3
New Element created: , Parent: 90c85f91-c86f-4b3e-a088-a80001df2c94
Returning row: 73
New Element created: , Parent: 90c85f91-c86f-4b3e-a088-a80001df2c94
Returning row: 74
Returning row-index: 75
Returning row-index: 76
Element Type: attribute, Key: c78323d5-6a09-4298-a8d8-0c093426244a, Parent: thief_01
Element Type: attribute, Key: 8732d051-473b-4e9e-8584-5b7d45bcf30d, Parent: thief_01
Element Type: attribute, Key: 6147143a-f000-4f2b-b4bc-aae4b4d13de7, Parent: thief_01
Element Type: attribute, Key: 4ca85da1-1a6d-4d35-aaae-abd2100daec7, Parent: thief_01
Element Type: attribute, Key: 9363563d-9da1-4729-9e29-ecece03c1215, Parent: thief_01
Element Type: attribute, Key: a377b438-d0e1-409e-b558-9525ce564ee6, Parent: thief_01
Element Type: attribute, Key: 610e7e7a-c297-49aa-8c34-3bde777e9548, Parent: thief_01
Element Type: attribute, Key: 3af6e798-1135-4214-bfb9-a00570cb31a9, Parent: thief_01
Element Type: attribute, Key: 6a644d31-0fe6-4d7e-8ff1-4c26a6a1c961, Parent: thief_01
Element Type: attribute, Key: bb2650bb-36b3-482e-93fc-4d3f1d907677, Parent: thief_01
Element Type: attribute, Key: 1437a6a1-ce4c-4f83-a2ef-64583d624130, Parent: thief_01_shortsword
Element Type: hit, Key: d4250448-2d8b-44a2-ae3b-7429746707de, Parent: thief_01_shortsword
Element Type: object, Key: thief_01_shortsword, Parent: thief_01
Element Type: message, Key: 3fba5b3e-9def-4ee4-920e-2a86fa9e08af, Parent: 49ae2ffd-3d47-4a17-ada8-b269ee6f986c
Element Type: damage_message, Key: 49ae2ffd-3d47-4a17-ada8-b269ee6f986c, Parent: thief_01
Element Type: message, Key: 23e9ae94-c192-495d-acbd-3c8cf6fe924b, Parent: a8bedeb0-2bbd-4ec9-9ea4-f47f5bae1e8c
Element Type: miss_message, Key: a8bedeb0-2bbd-4ec9-9ea4-f47f5bae1e8c, Parent: thief_01
Element Type: travel, Key: thief_01_travel, Parent: thief_01
Element Type: message, Key: c2002e31-b0c1-4316-95df-bb386c196f7f, Parent: 7f7e198f-a8af-4a01-82bb-7992552c67c2
Element Type: enter_message, Key: 7f7e198f-a8af-4a01-82bb-7992552c67c2, Parent: thief_01
Element Type: message, Key: 79e500d9-8cb0-4860-b77b-99e0b549112b, Parent: efd1fc47-b947-45ac-b7c7-20245e5fd99a
Element Type: look, Key: efd1fc47-b947-45ac-b7c7-20245e5fd99a, Parent: thief_01
Element Type: move, Key: b01f7d61-66ef-42d8-9561-f7b189a310fe, Parent: 53d7459b-c5ba-479f-8e2d-4aa5a09b4615
Element Type: message, Key: 08d495f0-3822-4598-b55e-c9e8a216a44c, Parent: 53d7459b-c5ba-479f-8e2d-4aa5a09b4615
Element Type: kill, Key: 53d7459b-c5ba-479f-8e2d-4aa5a09b4615, Parent: thief_01
Element Type: attribute, Key: ec487705-5e64-48b3-89e9-0f44918580e3, Parent: 90c85f91-c86f-4b3e-a088-a80001df2c94
Element Type: attribute, Key: 3528aaea-442b-4819-aaff-b3d8edcc8678, Parent: 90c85f91-c86f-4b3e-a088-a80001df2c94
Element Type: attack, Key: 90c85f91-c86f-4b3e-a088-a80001df2c94, Parent: f437b612-4b19-41bf-8558-f28bb9a731a3
Element Type: input, Key: f437b612-4b19-41bf-8558-f28bb9a731a3, Parent: thief_01
Element Type: npc, Key: thief_01, Parent: local_pub
New Element created: game, Parent: root
New Element created: game_title, Parent: game
New Element created: die_message, Parent: game
Returning row-index: 30
Element Type: enter_message, Key: game_title, Parent: game
Element Type: , Key: die_message, Parent: game
Element Type: game, Key: game, Parent: root
New Element created: global01, Parent: root
New Element created: , Parent: global01
New Element created: , Parent: 41402008-ebfc-4c75-9a89-1cd2ce3a7d63
Returning row: 2
New Element created: , Parent: global01
New Element created: , Parent: aac862f1-8d37-4b6c-bc5c-ab7655a79de5
Returning row: 6
New Element created: , Parent: global01
New Element created: , Parent: df4e6a0f-9e48-42d2-8709-f7d0fc27dabe
Returning row: 9
New Element created: , Parent: global01
New Element created: , Parent: 592b6be8-bb41-450f-bfe8-2d78a1c82b64
Returning row: 13
New Element created: , Parent: 592b6be8-bb41-450f-bfe8-2d78a1c82b64
Returning row-index: 18
New Element created: day_string, Parent: global01
New Element created: , Parent: day_string
New Element created: , Parent: c68f05e0-1ea6-422f-baaa-8eafa044bafa
New Element created: , Parent: c68f05e0-1ea6-422f-baaa-8eafa044bafa
Returning row-index: 33
New Element created: , Parent: day_string
New Element created: , Parent: b352f7d7-84ca-4cbc-b21e-a46ef4652735
New Element created: , Parent: b352f7d7-84ca-4cbc-b21e-a46ef4652735
Returning row-index: 47
Returning row-index: 48
Returning row-index: 49
Element Type: action, Key: 25c31748-16d5-499a-b075-88a5c0a7a47a, Parent: 41402008-ebfc-4c75-9a89-1cd2ce3a7d63
Element Type: input, Key: 41402008-ebfc-4c75-9a89-1cd2ce3a7d63, Parent: global01
Element Type: action, Key: d3a92099-1bf4-41fc-b7c6-f82b0ee6955d, Parent: aac862f1-8d37-4b6c-bc5c-ab7655a79de5
Element Type: input, Key: aac862f1-8d37-4b6c-bc5c-ab7655a79de5, Parent: global01
Element Type: action, Key: b0870f88-335e-483c-a5d9-b6100ed2ba30, Parent: df4e6a0f-9e48-42d2-8709-f7d0fc27dabe
Element Type: input, Key: df4e6a0f-9e48-42d2-8709-f7d0fc27dabe, Parent: global01
Element Type: set, Key: 13fbc4ef-7047-4763-9da6-b66687b768a7, Parent: 592b6be8-bb41-450f-bfe8-2d78a1c82b64
Element Type: message, Key: df0a97bb-33ce-4781-9fa4-9ed263895e74, Parent: 592b6be8-bb41-450f-bfe8-2d78a1c82b64
Element Type: input, Key: 592b6be8-bb41-450f-bfe8-2d78a1c82b64, Parent: global01
Element Type: logic, Key: cd152437-ab82-4661-bd28-fa8afc1e022e, Parent: c68f05e0-1ea6-422f-baaa-8eafa044bafa
Element Type: message, Key: 7aec48c1-0356-446b-b789-70d2f8a1cc8f, Parent: c68f05e0-1ea6-422f-baaa-8eafa044bafa
Element Type: action, Key: c68f05e0-1ea6-422f-baaa-8eafa044bafa, Parent: day_string
Element Type: logic, Key: 7bf951c6-b607-4893-a8b5-3ea204e305dd, Parent: b352f7d7-84ca-4cbc-b21e-a46ef4652735
Element Type: message, Key: 508020fc-6c34-4cd9-a3d7-6e877e304b3d, Parent: b352f7d7-84ca-4cbc-b21e-a46ef4652735
Element Type: action, Key: b352f7d7-84ca-4cbc-b21e-a46ef4652735, Parent: day_string
Element Type: , Key: day_string, Parent: global01
Element Type: global, Key: global01, Parent: root
New Element created: player, Parent: local_pub
New Element created: , Parent: player
Returning row: 1
New Element created: , Parent: player
Returning row: 2
New Element created: , Parent: player
Returning row: 3
New Element created: , Parent: player
Returning row: 4
New Element created: , Parent: player
Returning row: 5
New Element created: , Parent: player
Returning row: 6
New Element created: player_armed, Parent: player
Returning row: 7
New Element created: , Parent: player
New Element created: , Parent: 34903f7a-360f-4e2e-8810-8cfd162cf824
Returning row: 10
New Element created: , Parent: 34903f7a-360f-4e2e-8810-8cfd162cf824
Returning row: 11
New Element created: , Parent: 34903f7a-360f-4e2e-8810-8cfd162cf824
New Element created: , Parent: 34903f7a-360f-4e2e-8810-8cfd162cf824
Returning row-index: 23
Returning row-index: 24
Element Type: attribute, Key: 43994f1c-75fc-4f1e-918d-ff5a141f7a2a, Parent: player
Element Type: attribute, Key: 4f8fdf5b-8cce-4668-905b-89921b648114, Parent: player
Element Type: attribute, Key: 090be70e-6822-4ea0-b1ae-162126e36de5, Parent: player
Element Type: attribute, Key: a6ce6ee6-afc8-4326-85a4-510ca1c6828b, Parent: player
Element Type: attribute, Key: 7d738e1f-5344-4910-82a2-137a311b5534, Parent: player
Element Type: attribute, Key: ce1b5211-b4fa-4c32-b2d8-1f558432092d, Parent: player
Element Type: attribute, Key: player_armed, Parent: player
Element Type: attribute, Key: e62e500d-6f43-4a63-8b58-fb34fe6c2f7f, Parent: 34903f7a-360f-4e2e-8810-8cfd162cf824
Element Type: attribute, Key: b101c4c6-e012-41cc-9009-7cd3e8419218, Parent: 34903f7a-360f-4e2e-8810-8cfd162cf824
Element Type: hit, Key: 1f92f034-fadb-42f4-9ce1-bc6ad33d7a95, Parent: 34903f7a-360f-4e2e-8810-8cfd162cf824
Element Type: enter_message, Key: 9396c3fe-6bf7-4a3d-85d0-bebae7a51557, Parent: 34903f7a-360f-4e2e-8810-8cfd162cf824
Element Type: object, Key: 34903f7a-360f-4e2e-8810-8cfd162cf824, Parent: player
Element Type: player, Key: player, Parent: local_pub
