New Element created: local_pub, Parent: root
New Element created: , Parent: local_pub
New Element created: , Parent: local_pub
New Element created: , Parent: 9bfbc573-5443-4ef7-8d19-b85659c88154
Returning row-index: 12
New Element created: , Parent: local_pub
New Element created: , Parent: 207290f7-7b9f-4f86-9938-6d80c1716b5b
Returning row: 19
Returning row-index: 20
Element Type: enter_message, Key: 601514bb-fa63-4386-b0e2-4c8028afdc13, Parent: local_pub
Element Type: message, Key: 57640052-5bde-4fef-b986-2fa8158371b4, Parent: 9bfbc573-5443-4ef7-8d19-b85659c88154
Element Type: look, Key: 9bfbc573-5443-4ef7-8d19-b85659c88154, Parent: local_pub
Element Type: action, Key: da123085-db4f-4f50-84be-67f1624138fc, Parent: 207290f7-7b9f-4f86-9938-6d80c1716b5b
Element Type: input, Key: 207290f7-7b9f-4f86-9938-6d80c1716b5b, Parent: local_pub
Element Type: room, Key: local_pub, Parent: root
New Element created: thief_01, Parent: local_pub
New Element created: , Parent: thief_01
Returning row: 1
New Element created: , Parent: thief_01
Returning row: 2
New Element created: , Parent: thief_01
Returning row: 3
New Element created: , Parent: thief_01
Returning row: 4
New Element created: , Parent: thief_01
Returning row: 5
New Element created: , Parent: thief_01
Returning row: 6
New Element created: , Parent: thief_01
Returning row: 7
New Element created: , Parent: thief_01
Returning row: 8
New Element created: , Parent: thief_01
Returning row: 9
New Element created: , Parent: thief_01
Returning row: 10
New Element created: thief_01_shortsword, Parent: thief_01
New Element created: , Parent: thief_01_shortsword
Returning row: 13
New Element created: , Parent: thief_01_shortsword
Returning row-index: 19
New Element created: , Parent: thief_01
New Element created: , Parent: 6b880428-ab50-45d4-818a-3ccaf94a3f4d
Returning row-index: 29
New Element created: , Parent: thief_01
New Element created: , Parent: 9d9f8fd4-5cf4-4ea0-a510-113516c328a8
Returning row-index: 37
New Element created: thief_01_travel, Parent: thief_01
Returning row: 42
New Element created: , Parent: thief_01
New Element created: , Parent: 65181b2e-b73e-4eb9-8473-fd16578cebf4
Returning row-index: 50
New Element created: , Parent: thief_01
New Element created: , Parent: ce0e1c08-6f3b-4081-9daa-d22fa2a36b7c
Returning row-index: 58
New Element created: , Parent: thief_01
New Element created: , Parent: 2f407c7a-3c4e-42c0-93a6-738d37952111
Returning row: 62
New Element created: , Parent: 2f407c7a-3c4e-42c0-93a6-738d37952111
Returning row-index: 67
New Element created: , Parent: thief_01
New Element created: , Parent: 13aa3e33-d900-44be-810e-e60fdb204544
New Element created: , Parent: 2d0c2243-904b-4afe-a3cf-afc9443c27b5
Returning row: 73
New Element created: , Parent: 2d0c2243-904b-4afe-a3cf-afc9443c27b5
Returning row: 74
Returning row-index: 75
Returning row-index: 76
Element Type: attribute, Key: 30289d66-f437-47c3-a5bd-be7cbdbfb9cb, Parent: thief_01
Element Type: attribute, Key: 1ee40c6c-749e-422b-a9bb-1d67eece3cc3, Parent: thief_01
Element Type: attribute, Key: 2e73529d-aceb-46a1-8267-48ebf5af2dea, Parent: thief_01
Element Type: attribute, Key: 7f7ff996-762f-4845-b93b-b3967449f280, Parent: thief_01
Element Type: attribute, Key: 0a96ba98-3754-4b57-bdec-1887a0397de4, Parent: thief_01
Element Type: attribute, Key: fb158e38-8584-47c9-9304-a1abe38bcb71, Parent: thief_01
Element Type: attribute, Key: c695c28e-5467-4d66-9e07-27ab31165090, Parent: thief_01
Element Type: attribute, Key: fd7d8c9e-b024-4ffe-acc4-51cb0d2742a7, Parent: thief_01
Element Type: attribute, Key: 22251d69-1d0e-4b7a-833f-7fcb3003e789, Parent: thief_01
Element Type: attribute, Key: 5de50551-1a2b-4515-acdb-49313e0d1ce2, Parent: thief_01
Element Type: attribute, Key: d5543566-824f-4003-8950-a75ab9a320c3, Parent: thief_01_shortsword
Element Type: hit, Key: 11c10021-0dc9-4962-93d6-3fccb698e940, Parent: thief_01_shortsword
Element Type: object, Key: thief_01_shortsword, Parent: thief_01
Element Type: message, Key: 88f61474-4d0a-42c6-8945-b5f336f407cc, Parent: 6b880428-ab50-45d4-818a-3ccaf94a3f4d
Element Type: damage_message, Key: 6b880428-ab50-45d4-818a-3ccaf94a3f4d, Parent: thief_01
Element Type: message, Key: cb1e4519-132f-446f-a847-eb1e00c13c34, Parent: 9d9f8fd4-5cf4-4ea0-a510-113516c328a8
Element Type: miss_message, Key: 9d9f8fd4-5cf4-4ea0-a510-113516c328a8, Parent: thief_01
Element Type: travel, Key: thief_01_travel, Parent: thief_01
Element Type: message, Key: c326128b-1e6a-4b1f-a437-24eae78a3bfb, Parent: 65181b2e-b73e-4eb9-8473-fd16578cebf4
Element Type: enter_message, Key: 65181b2e-b73e-4eb9-8473-fd16578cebf4, Parent: thief_01
Element Type: message, Key: 797470c5-2359-4fd5-91c0-269ad7a7fea9, Parent: ce0e1c08-6f3b-4081-9daa-d22fa2a36b7c
Element Type: look, Key: ce0e1c08-6f3b-4081-9daa-d22fa2a36b7c, Parent: thief_01
Element Type: move, Key: eb6f70c9-63ae-474e-9d48-5ce63f3c239e, Parent: 2f407c7a-3c4e-42c0-93a6-738d37952111
Element Type: message, Key: 5f99ac74-b49d-4a53-8594-c30b61b17840, Parent: 2f407c7a-3c4e-42c0-93a6-738d37952111
Element Type: kill, Key: 2f407c7a-3c4e-42c0-93a6-738d37952111, Parent: thief_01
Element Type: attribute, Key: ed16e2b0-44ec-4ffd-8749-8f079936107b, Parent: 2d0c2243-904b-4afe-a3cf-afc9443c27b5
Element Type: attribute, Key: fe9b8f15-6de6-4842-84c9-bd62f3242f5f, Parent: 2d0c2243-904b-4afe-a3cf-afc9443c27b5
Element Type: attack, Key: 2d0c2243-904b-4afe-a3cf-afc9443c27b5, Parent: 13aa3e33-d900-44be-810e-e60fdb204544
Element Type: input, Key: 13aa3e33-d900-44be-810e-e60fdb204544, Parent: thief_01
Element Type: npc, Key: thief_01, Parent: local_pub
New Element created: game, Parent: root
New Element created: game_title, Parent: game
New Element created: die_message, Parent: game
Returning row-index: 30
Element Type: enter_message, Key: game_title, Parent: game
Element Type: , Key: die_message, Parent: game
Element Type: game, Key: game, Parent: root
New Element created: global01, Parent: root
New Element created: , Parent: global01
New Element created: , Parent: 5157506b-4693-4c0b-bbf9-babef95286db
Returning row: 2
New Element created: , Parent: global01
New Element created: , Parent: 425c9775-17fb-4b99-b544-6971ba23b515
Returning row: 6
New Element created: , Parent: global01
New Element created: , Parent: 5fa87643-8e1a-4309-a185-20bc003970b1
Returning row: 9
New Element created: , Parent: global01
New Element created: , Parent: 4b79375c-63cb-46e8-abe7-e08d4017094e
Returning row: 13
New Element created: , Parent: 4b79375c-63cb-46e8-abe7-e08d4017094e
Returning row-index: 18
New Element created: day_string, Parent: global01
New Element created: , Parent: day_string
New Element created: , Parent: ebf23e57-f630-4aa2-ba26-f79ad82ad711
New Element created: , Parent: ebf23e57-f630-4aa2-ba26-f79ad82ad711
Returning row-index: 33
New Element created: , Parent: day_string
New Element created: , Parent: 5f228c34-65c6-4ab9-a208-eae25ca5a5b2
New Element created: , Parent: 5f228c34-65c6-4ab9-a208-eae25ca5a5b2
Returning row-index: 47
Returning row-index: 48
Returning row-index: 49
Element Type: action, Key: bd9af55a-094e-43f7-a1ba-dbfc5bb6251d, Parent: 5157506b-4693-4c0b-bbf9-babef95286db
Element Type: input, Key: 5157506b-4693-4c0b-bbf9-babef95286db, Parent: global01
Element Type: action, Key: e8df9e14-fa44-42a6-8857-6fb86a6f5220, Parent: 425c9775-17fb-4b99-b544-6971ba23b515
Element Type: input, Key: 425c9775-17fb-4b99-b544-6971ba23b515, Parent: global01
Element Type: action, Key: 355b1473-9c7f-4914-bed4-f29e131ed849, Parent: 5fa87643-8e1a-4309-a185-20bc003970b1
Element Type: input, Key: 5fa87643-8e1a-4309-a185-20bc003970b1, Parent: global01
Element Type: set, Key: 01cedd6d-d189-4b71-9972-a03201f2f421, Parent: 4b79375c-63cb-46e8-abe7-e08d4017094e
Element Type: message, Key: 08855cc3-2c11-4f66-966d-1814769890bb, Parent: 4b79375c-63cb-46e8-abe7-e08d4017094e
Element Type: input, Key: 4b79375c-63cb-46e8-abe7-e08d4017094e, Parent: global01
Element Type: logic, Key: 3ddcefb6-b26d-495c-bafe-a351e6e98551, Parent: ebf23e57-f630-4aa2-ba26-f79ad82ad711
Element Type: message, Key: 11897a8a-95fb-44b4-aa20-9cc1ff76973c, Parent: ebf23e57-f630-4aa2-ba26-f79ad82ad711
Element Type: action, Key: ebf23e57-f630-4aa2-ba26-f79ad82ad711, Parent: day_string
Element Type: logic, Key: e93ecb9e-4de4-4bbf-a174-0f6be4106a75, Parent: 5f228c34-65c6-4ab9-a208-eae25ca5a5b2
Element Type: message, Key: b8075e3d-d1f3-4d47-bf49-245537f9d7a2, Parent: 5f228c34-65c6-4ab9-a208-eae25ca5a5b2
Element Type: action, Key: 5f228c34-65c6-4ab9-a208-eae25ca5a5b2, Parent: day_string
Element Type: , Key: day_string, Parent: global01
Element Type: global, Key: global01, Parent: root
New Element created: player, Parent: local_pub
New Element created: , Parent: player
Returning row: 1
New Element created: , Parent: player
Returning row: 2
New Element created: , Parent: player
Returning row: 3
New Element created: , Parent: player
Returning row: 4
New Element created: , Parent: player
Returning row: 5
New Element created: , Parent: player
Returning row: 6
New Element created: player_armed, Parent: player
Returning row: 7
New Element created: long-sword_01, Parent: player
New Element created: , Parent: long-sword_01
Returning row: 10
New Element created: , Parent: long-sword_01
Returning row: 11
New Element created: , Parent: long-sword_01
New Element created: , Parent: long-sword_01
Returning row-index: 23
Returning row-index: 24
Element Type: attribute, Key: 3b474dc6-b832-4ce7-aa08-ec31a7d738c8, Parent: player
Element Type: attribute, Key: 273f1a33-3025-451d-8982-1008a331b2e4, Parent: player
Element Type: attribute, Key: 432430ae-046c-48c4-9cb5-0eb279a653ea, Parent: player
Element Type: attribute, Key: 9186c8d1-9b16-4ef5-b6e4-7e88b688c03c, Parent: player
Element Type: attribute, Key: d1e0899a-91c0-4dcb-a118-c69fd86a0472, Parent: player
Element Type: attribute, Key: 34b844d5-5835-4cf2-b6b1-ae7c53a488cb, Parent: player
Element Type: attribute, Key: player_armed, Parent: player
Element Type: attribute, Key: 02849e0f-30ad-4e0e-9028-55b5beef3b07, Parent: long-sword_01
Element Type: attribute, Key: ff89459a-8802-40dc-94bc-bad705b4546a, Parent: long-sword_01
Element Type: hit, Key: 6cf40c27-ec16-4b6e-a6ad-5a5b9fb3061b, Parent: long-sword_01
Element Type: enter_message, Key: b6e190ab-551e-4364-8b3d-f511185fd4a9, Parent: long-sword_01
Element Type: object, Key: long-sword_01, Parent: player
Element Type: player, Key: player, Parent: local_pub
