New Element created: local_pub, Parent: root
New Element created: , Parent: local_pub
New Element created: , Parent: local_pub
New Element created: , Parent: 1e1753d6-5007-4d3c-9126-78fc4e5662f5
Returning row-index: 12
New Element created: , Parent: local_pub
New Element created: , Parent: 32b83395-da66-4d0b-b923-fffa3648b940
Returning row: 19
Returning row-index: 20
Element Type: enter_message, Key: 9faf70c3-9809-42bd-b2ec-201359c04d31, Parent: local_pub
Element Type: message, Key: db182aac-6c03-4add-adfb-1a3cc4214be4, Parent: 1e1753d6-5007-4d3c-9126-78fc4e5662f5
Element Type: look, Key: 1e1753d6-5007-4d3c-9126-78fc4e5662f5, Parent: local_pub
Element Type: action, Key: 6cfc036b-b3be-4e9f-a8f2-9ea047829453, Parent: 32b83395-da66-4d0b-b923-fffa3648b940
Element Type: input, Key: 32b83395-da66-4d0b-b923-fffa3648b940, Parent: local_pub
Element Type: room, Key: local_pub, Parent: root
New Element created: thief_01, Parent: local_pub
New Element created: , Parent: thief_01
Returning row: 1
New Element created: , Parent: thief_01
Returning row: 2
New Element created: , Parent: thief_01
Returning row: 3
New Element created: , Parent: thief_01
Returning row: 4
New Element created: , Parent: thief_01
Returning row: 5
New Element created: , Parent: thief_01
Returning row: 6
New Element created: , Parent: thief_01
Returning row: 7
New Element created: , Parent: thief_01
Returning row: 8
New Element created: , Parent: thief_01
Returning row: 9
New Element created: , Parent: thief_01
Returning row: 10
New Element created: thief_01_shortsword, Parent: thief_01
New Element created: , Parent: thief_01_shortsword
Returning row: 13
New Element created: , Parent: thief_01_shortsword
Returning row-index: 19
New Element created: , Parent: thief_01
New Element created: , Parent: c850cd19-2a35-4436-ab04-f6f3a513cb4e
Returning row-index: 29
New Element created: , Parent: thief_01
New Element created: , Parent: 0830b14c-d4c5-4f33-bbef-fb3dae43ffdf
Returning row-index: 37
New Element created: thief_01_travel, Parent: thief_01
Returning row: 42
New Element created: , Parent: thief_01
New Element created: , Parent: b2bf3296-4031-4a2d-9a2c-ba86f19c4bd6
Returning row-index: 50
New Element created: , Parent: thief_01
New Element created: , Parent: e203ced4-c993-4ff0-a375-8abb178f9180
Returning row-index: 58
New Element created: , Parent: thief_01
New Element created: , Parent: 6534235e-f8bb-484b-95be-2dca3890f771
Returning row: 62
New Element created: , Parent: 6534235e-f8bb-484b-95be-2dca3890f771
Returning row-index: 67
New Element created: , Parent: thief_01
New Element created: , Parent: 1b22732b-1af1-47f8-86b5-ffa70dbdfc24
New Element created: , Parent: 8eb9dc63-505c-42cb-94b4-ae133fd6370e
Returning row: 73
New Element created: , Parent: 8eb9dc63-505c-42cb-94b4-ae133fd6370e
Returning row: 74
Returning row-index: 75
Returning row-index: 76
Element Type: attribute, Key: a61fb92d-3f3a-47de-b960-0ba20e3b466f, Parent: thief_01
Element Type: attribute, Key: e85ffdb4-abe1-4929-ad3b-dc9736d73da3, Parent: thief_01
Element Type: attribute, Key: cba327d9-2f34-436a-91f1-5808f9b23cd0, Parent: thief_01
Element Type: attribute, Key: 999bd6d3-cd84-4ab8-9774-6580109acd1b, Parent: thief_01
Element Type: attribute, Key: e90b4d5c-6222-4b8f-b282-5b68dec08c15, Parent: thief_01
Element Type: attribute, Key: 20fa04fb-80cd-48b8-ba16-570b3a2b1dc7, Parent: thief_01
Element Type: attribute, Key: 327ae845-71c0-4a87-98bd-dfbb9557b3f8, Parent: thief_01
Element Type: attribute, Key: ecbdda91-d52d-4f96-ab72-d836bd8d3db6, Parent: thief_01
Element Type: attribute, Key: 898a23b1-e63c-42f7-87b8-def7598941b0, Parent: thief_01
Element Type: attribute, Key: 028f3d5d-e424-4176-8144-3a24914be9c9, Parent: thief_01
Element Type: attribute, Key: 25e491b9-b89b-433e-a82b-41b816242b11, Parent: thief_01_shortsword
Element Type: hit, Key: 1ed9deff-5e40-4dbd-bc1d-8160d4132d71, Parent: thief_01_shortsword
Element Type: object, Key: thief_01_shortsword, Parent: thief_01
Element Type: message, Key: acebf3b7-fe2d-495d-8709-9a9d77f4cceb, Parent: c850cd19-2a35-4436-ab04-f6f3a513cb4e
Element Type: damage_message, Key: c850cd19-2a35-4436-ab04-f6f3a513cb4e, Parent: thief_01
Element Type: message, Key: 10301679-afde-43a3-8946-c02ef3e83d5b, Parent: 0830b14c-d4c5-4f33-bbef-fb3dae43ffdf
Element Type: miss_message, Key: 0830b14c-d4c5-4f33-bbef-fb3dae43ffdf, Parent: thief_01
Element Type: travel, Key: thief_01_travel, Parent: thief_01
Element Type: message, Key: 383eb5d8-568a-4407-ac30-e0aa7c4b34b3, Parent: b2bf3296-4031-4a2d-9a2c-ba86f19c4bd6
Element Type: enter_message, Key: b2bf3296-4031-4a2d-9a2c-ba86f19c4bd6, Parent: thief_01
Element Type: message, Key: 9eb5da1e-e644-466a-ba08-fb5a936f4f82, Parent: e203ced4-c993-4ff0-a375-8abb178f9180
Element Type: look, Key: e203ced4-c993-4ff0-a375-8abb178f9180, Parent: thief_01
Element Type: move, Key: b07e8a73-bdef-4bd9-8b28-10e99648c4e6, Parent: 6534235e-f8bb-484b-95be-2dca3890f771
Element Type: message, Key: 91063cbc-a1b4-4f71-a7c2-9697e4318a57, Parent: 6534235e-f8bb-484b-95be-2dca3890f771
Element Type: kill, Key: 6534235e-f8bb-484b-95be-2dca3890f771, Parent: thief_01
Element Type: attribute, Key: 3fcc1230-3534-4b9c-9184-801a134b8c38, Parent: 8eb9dc63-505c-42cb-94b4-ae133fd6370e
Element Type: attribute, Key: e94f0db2-8961-46a3-a332-c4416d2a0d4a, Parent: 8eb9dc63-505c-42cb-94b4-ae133fd6370e
Element Type: attack, Key: 8eb9dc63-505c-42cb-94b4-ae133fd6370e, Parent: 1b22732b-1af1-47f8-86b5-ffa70dbdfc24
Element Type: input, Key: 1b22732b-1af1-47f8-86b5-ffa70dbdfc24, Parent: thief_01
Element Type: npc, Key: thief_01, Parent: local_pub
New Element created: game, Parent: root
New Element created: game_title, Parent: game
New Element created: die_message, Parent: game
Returning row-index: 30
Element Type: enter_message, Key: game_title, Parent: game
Element Type: , Key: die_message, Parent: game
Element Type: game, Key: game, Parent: root
New Element created: global01, Parent: root
New Element created: , Parent: global01
New Element created: , Parent: 8718069d-3845-4c5a-9fa5-f341eb8c068c
Returning row: 2
New Element created: , Parent: global01
New Element created: , Parent: 017e51f8-f799-4a13-9c1e-aa1652ded636
Returning row: 6
New Element created: , Parent: global01
New Element created: , Parent: fb61b10a-8fe9-433c-8eff-69c67690de4a
Returning row: 9
New Element created: , Parent: global01
New Element created: , Parent: d6e2b7fe-fa72-412e-a08f-532ad9baf7d2
Returning row: 13
New Element created: , Parent: d6e2b7fe-fa72-412e-a08f-532ad9baf7d2
Returning row-index: 18
New Element created: day_string, Parent: global01
New Element created: , Parent: day_string
New Element created: , Parent: 622be891-a9b6-47a0-8c82-d00d51dbb68b
New Element created: , Parent: 622be891-a9b6-47a0-8c82-d00d51dbb68b
Returning row-index: 33
New Element created: , Parent: day_string
New Element created: , Parent: 244cafa2-5246-4ccf-8543-b30b2c40c69d
New Element created: , Parent: 244cafa2-5246-4ccf-8543-b30b2c40c69d
Returning row-index: 47
Returning row-index: 48
Returning row-index: 49
Element Type: action, Key: 72b81e0f-169b-4433-8a3d-6dd630ebdfa0, Parent: 8718069d-3845-4c5a-9fa5-f341eb8c068c
Element Type: input, Key: 8718069d-3845-4c5a-9fa5-f341eb8c068c, Parent: global01
Element Type: action, Key: 7c4d7369-9d6a-44d7-9d78-09f09f7596e3, Parent: 017e51f8-f799-4a13-9c1e-aa1652ded636
Element Type: input, Key: 017e51f8-f799-4a13-9c1e-aa1652ded636, Parent: global01
Element Type: action, Key: 234a086a-42ec-4bd5-8741-0fd1789d3209, Parent: fb61b10a-8fe9-433c-8eff-69c67690de4a
Element Type: input, Key: fb61b10a-8fe9-433c-8eff-69c67690de4a, Parent: global01
Element Type: set, Key: 0223fc4c-f27b-4535-b9f7-0cfe1ac218b7, Parent: d6e2b7fe-fa72-412e-a08f-532ad9baf7d2
Element Type: message, Key: 34c9e77c-3791-4bab-8bf9-2ab7523d4b20, Parent: d6e2b7fe-fa72-412e-a08f-532ad9baf7d2
Element Type: input, Key: d6e2b7fe-fa72-412e-a08f-532ad9baf7d2, Parent: global01
Element Type: logic, Key: fb83fd21-8791-47a3-8a4d-f0203910a11a, Parent: 622be891-a9b6-47a0-8c82-d00d51dbb68b
Element Type: message, Key: 3d79f91c-4699-4958-a90a-6d75808d7e7b, Parent: 622be891-a9b6-47a0-8c82-d00d51dbb68b
Element Type: action, Key: 622be891-a9b6-47a0-8c82-d00d51dbb68b, Parent: day_string
Element Type: logic, Key: da72494c-b767-47a7-90b3-8d016db0a06f, Parent: 244cafa2-5246-4ccf-8543-b30b2c40c69d
Element Type: message, Key: 76830cd7-27ea-4e15-a85a-283cc7d6d79f, Parent: 244cafa2-5246-4ccf-8543-b30b2c40c69d
Element Type: action, Key: 244cafa2-5246-4ccf-8543-b30b2c40c69d, Parent: day_string
Element Type: , Key: day_string, Parent: global01
Element Type: global, Key: global01, Parent: root
New Element created: player, Parent: local_pub
New Element created: , Parent: player
Returning row: 1
New Element created: , Parent: player
Returning row: 2
New Element created: , Parent: player
Returning row: 3
New Element created: , Parent: player
Returning row: 4
New Element created: , Parent: player
Returning row: 5
New Element created: , Parent: player
Returning row: 6
New Element created: player_armed, Parent: player
Returning row: 7
New Element created: , Parent: player
New Element created: , Parent: 23cd5c6e-1a09-446c-ab92-c499d7c1d507
Returning row: 10
New Element created: , Parent: 23cd5c6e-1a09-446c-ab92-c499d7c1d507
Returning row: 11
New Element created: , Parent: 23cd5c6e-1a09-446c-ab92-c499d7c1d507
New Element created: , Parent: 23cd5c6e-1a09-446c-ab92-c499d7c1d507
Returning row-index: 23
Returning row-index: 24
Element Type: attribute, Key: 17019110-26ad-4620-aad8-bb2ae4937a0c, Parent: player
Element Type: attribute, Key: 6a7ca5b9-ea28-4fff-89ea-855d40acf9ab, Parent: player
Element Type: attribute, Key: ffba1947-424a-49b1-92e7-6dd120ea903a, Parent: player
Element Type: attribute, Key: 1dad1f04-7f58-4d9a-acfe-6d87de463cc6, Parent: player
Element Type: attribute, Key: 3b9cb1a0-4802-4d3d-b652-63e685b908d7, Parent: player
Element Type: attribute, Key: 04ea9a26-7af6-449c-a208-55a408016c9f, Parent: player
Element Type: attribute, Key: player_armed, Parent: player
Element Type: attribute, Key: fa63db45-64c6-47fa-9ac0-b1f516d30b27, Parent: 23cd5c6e-1a09-446c-ab92-c499d7c1d507
Element Type: attribute, Key: e2aa63f6-e336-4f0a-bb21-a53581a03e42, Parent: 23cd5c6e-1a09-446c-ab92-c499d7c1d507
Element Type: hit, Key: 873cdd26-e004-4e28-b6ea-914deff3214f, Parent: 23cd5c6e-1a09-446c-ab92-c499d7c1d507
Element Type: enter_message, Key: 7105f985-e35f-4365-8757-70e5bfd1cfe6, Parent: 23cd5c6e-1a09-446c-ab92-c499d7c1d507
Element Type: object, Key: 23cd5c6e-1a09-446c-ab92-c499d7c1d507, Parent: player
Element Type: player, Key: player, Parent: local_pub
