New Element created: local_pub, Parent: root
New Element created: , Parent: local_pub
New Element created: , Parent: local_pub
New Element created: , Parent: 774caee4-10d0-47d9-9cc2-3297821c9ea3
Returning row-index: 12
New Element created: , Parent: local_pub
New Element created: , Parent: 16531d7a-0932-462b-b65f-81aaebbe1c9e
Returning row: 19
Returning row-index: 20
Element Type: enter_message, Key: 305ce528-e93d-4dce-a244-5845891ae47c, Parent: local_pub
Element Type: message, Key: a65ce287-ce4a-497d-9d47-704bc4e44fb6, Parent: 774caee4-10d0-47d9-9cc2-3297821c9ea3
Element Type: look, Key: 774caee4-10d0-47d9-9cc2-3297821c9ea3, Parent: local_pub
Element Type: action, Key: 1f016649-3290-42b5-82c2-bb784e27693e, Parent: 16531d7a-0932-462b-b65f-81aaebbe1c9e
Element Type: input, Key: 16531d7a-0932-462b-b65f-81aaebbe1c9e, Parent: local_pub
Element Type: room, Key: local_pub, Parent: root
New Element created: thief_01, Parent: local_pub
New Element created: , Parent: thief_01
Returning row: 1
New Element created: , Parent: thief_01
Returning row: 2
New Element created: , Parent: thief_01
Returning row: 3
New Element created: , Parent: thief_01
Returning row: 4
New Element created: , Parent: thief_01
Returning row: 5
New Element created: , Parent: thief_01
Returning row: 6
New Element created: , Parent: thief_01
Returning row: 7
New Element created: , Parent: thief_01
Returning row: 8
New Element created: , Parent: thief_01
Returning row: 9
New Element created: , Parent: thief_01
Returning row: 10
New Element created: thief_01_shortsword, Parent: thief_01
New Element created: , Parent: thief_01_shortsword
Returning row: 13
New Element created: , Parent: thief_01_shortsword
Returning row-index: 19
New Element created: , Parent: thief_01
New Element created: , Parent: thief_01
New Element created: , Parent: e60dbe7f-faab-4c32-816a-8927041cb44e
Returning row-index: 35
New Element created: thief_01_travel, Parent: thief_01
Returning row: 40
New Element created: , Parent: thief_01
New Element created: , Parent: 530e2c21-5df0-41ad-988e-328d0932466a
Returning row-index: 48
New Element created: , Parent: thief_01
New Element created: , Parent: f84470fd-530d-4d3a-9db8-44dae70faec3
Returning row-index: 56
New Element created: , Parent: thief_01
New Element created: , Parent: 4adb982c-40a7-4326-9263-3024f9ff8202
Returning row: 60
New Element created: , Parent: 4adb982c-40a7-4326-9263-3024f9ff8202
Returning row-index: 65
New Element created: , Parent: thief_01
New Element created: , Parent: 7d9d5f95-e3e4-4ddb-aa3f-cea42b10bef2
New Element created: , Parent: bb1d6e9f-3eb1-4bfa-b748-49af0deb4cd4
Returning row: 71
New Element created: , Parent: bb1d6e9f-3eb1-4bfa-b748-49af0deb4cd4
Returning row: 72
Returning row-index: 73
Returning row-index: 74
Element Type: attribute, Key: d2d3e402-edb8-4b1c-8106-a6fde3788f69, Parent: thief_01
Element Type: attribute, Key: eb164a04-c561-4d67-be2e-343dd39c4131, Parent: thief_01
Element Type: attribute, Key: 7d807a84-f983-47e3-9c72-66ca8b4de54f, Parent: thief_01
Element Type: attribute, Key: 9a0718ac-7005-4072-82ad-fff92e9c9c07, Parent: thief_01
Element Type: attribute, Key: 27a01a32-1135-41da-b22c-905bcbe4516f, Parent: thief_01
Element Type: attribute, Key: adc62d25-35bd-42a3-af45-2a6b8364d2be, Parent: thief_01
Element Type: attribute, Key: 05a59454-de98-4a16-a985-8f123f372e7a, Parent: thief_01
Element Type: attribute, Key: d2de4155-5cfa-4a59-b5f8-fe8e77edd3e0, Parent: thief_01
Element Type: attribute, Key: da303c15-e09d-4a87-83de-4968ee9ece20, Parent: thief_01
Element Type: attribute, Key: ca7327e8-8dd8-4ac3-af81-fedad4a22a65, Parent: thief_01
Element Type: attribute, Key: ffcade1e-3104-4219-8b92-104cfeaa680e, Parent: thief_01_shortsword
Element Type: hit, Key: 8902aa9d-afdc-4baa-af15-83e52acbf53a, Parent: thief_01_shortsword
Element Type: object, Key: thief_01_shortsword, Parent: thief_01
Element Type: damage_message, Key: 0e9f2715-ca8a-4623-a69b-e6f68a42032f, Parent: thief_01
Element Type: message, Key: 320c0ed8-cd75-4658-a3c8-0009c1ce2c6e, Parent: e60dbe7f-faab-4c32-816a-8927041cb44e
Element Type: miss_message, Key: e60dbe7f-faab-4c32-816a-8927041cb44e, Parent: thief_01
Element Type: travel, Key: thief_01_travel, Parent: thief_01
Element Type: message, Key: e03b6314-568f-45dd-9732-42fbf65d39cb, Parent: 530e2c21-5df0-41ad-988e-328d0932466a
Element Type: enter_message, Key: 530e2c21-5df0-41ad-988e-328d0932466a, Parent: thief_01
Element Type: message, Key: 203af982-2574-4ff3-a231-649bb92cc379, Parent: f84470fd-530d-4d3a-9db8-44dae70faec3
Element Type: look, Key: f84470fd-530d-4d3a-9db8-44dae70faec3, Parent: thief_01
Element Type: move, Key: e33f4afe-267b-4761-8fb2-6fa4189e771e, Parent: 4adb982c-40a7-4326-9263-3024f9ff8202
Element Type: message, Key: 602f3090-2f36-4152-8c3a-7590833373c0, Parent: 4adb982c-40a7-4326-9263-3024f9ff8202
Element Type: kill, Key: 4adb982c-40a7-4326-9263-3024f9ff8202, Parent: thief_01
Element Type: attribute, Key: 13f5034a-ed4d-4a39-9cc8-f3045ccf4015, Parent: bb1d6e9f-3eb1-4bfa-b748-49af0deb4cd4
Element Type: attribute, Key: 0899d597-0158-45f3-b5d9-7547abead39e, Parent: bb1d6e9f-3eb1-4bfa-b748-49af0deb4cd4
Element Type: attack, Key: bb1d6e9f-3eb1-4bfa-b748-49af0deb4cd4, Parent: 7d9d5f95-e3e4-4ddb-aa3f-cea42b10bef2
Element Type: input, Key: 7d9d5f95-e3e4-4ddb-aa3f-cea42b10bef2, Parent: thief_01
Element Type: npc, Key: thief_01, Parent: local_pub
New Element created: game, Parent: root
New Element created: game_title, Parent: game
New Element created: die_message, Parent: game
Returning row-index: 30
Element Type: enter_message, Key: game_title, Parent: game
Element Type: , Key: die_message, Parent: game
Element Type: game, Key: game, Parent: root
New Element created: global01, Parent: root
New Element created: , Parent: global01
New Element created: , Parent: e1eef2c0-346f-44b3-9030-834e538f554f
Returning row: 2
New Element created: , Parent: global01
New Element created: , Parent: 5b6a01e1-8d8b-4087-aac5-c0276c7fbda1
Returning row: 6
New Element created: , Parent: global01
New Element created: , Parent: 7f598f56-b9e1-403c-ba7e-673e913f5570
Returning row: 9
New Element created: , Parent: global01
New Element created: , Parent: 45378aed-779b-4e14-8f10-9d51195d8ca2
Returning row: 13
New Element created: , Parent: 45378aed-779b-4e14-8f10-9d51195d8ca2
Returning row-index: 18
New Element created: day_string, Parent: global01
New Element created: , Parent: day_string
New Element created: , Parent: b517d3f8-c2d4-4b50-8e12-0dd2d81d22cb
New Element created: , Parent: b517d3f8-c2d4-4b50-8e12-0dd2d81d22cb
Returning row-index: 33
New Element created: , Parent: day_string
New Element created: , Parent: bbaa4cd6-fcac-4739-89ce-70f1da5ae473
New Element created: , Parent: bbaa4cd6-fcac-4739-89ce-70f1da5ae473
Returning row-index: 47
Returning row-index: 48
Returning row-index: 49
Element Type: action, Key: df34baf4-56e2-4459-b80b-886273639796, Parent: e1eef2c0-346f-44b3-9030-834e538f554f
Element Type: input, Key: e1eef2c0-346f-44b3-9030-834e538f554f, Parent: global01
Element Type: action, Key: c6eda41d-f057-48a1-8d79-791be686e84f, Parent: 5b6a01e1-8d8b-4087-aac5-c0276c7fbda1
Element Type: input, Key: 5b6a01e1-8d8b-4087-aac5-c0276c7fbda1, Parent: global01
Element Type: action, Key: 0a550349-c72d-4740-a8c7-f7b7674ffb17, Parent: 7f598f56-b9e1-403c-ba7e-673e913f5570
Element Type: input, Key: 7f598f56-b9e1-403c-ba7e-673e913f5570, Parent: global01
Element Type: set, Key: 1e23b1e7-ca89-4ab9-87fa-499e366f86de, Parent: 45378aed-779b-4e14-8f10-9d51195d8ca2
Element Type: message, Key: 2093c732-5ba9-4097-bd7e-a6c754bb717e, Parent: 45378aed-779b-4e14-8f10-9d51195d8ca2
Element Type: input, Key: 45378aed-779b-4e14-8f10-9d51195d8ca2, Parent: global01
Element Type: logic, Key: 5a66ae9a-4fe9-43da-9ded-c26f4633bd69, Parent: b517d3f8-c2d4-4b50-8e12-0dd2d81d22cb
Element Type: message, Key: 6bbb32db-9909-4c77-9458-3baaf208764d, Parent: b517d3f8-c2d4-4b50-8e12-0dd2d81d22cb
Element Type: action, Key: b517d3f8-c2d4-4b50-8e12-0dd2d81d22cb, Parent: day_string
Element Type: logic, Key: 58660ec2-d0da-4cff-a947-55f0fe2f74a9, Parent: bbaa4cd6-fcac-4739-89ce-70f1da5ae473
Element Type: message, Key: ba3cb7df-566b-4990-85bf-4554b760a808, Parent: bbaa4cd6-fcac-4739-89ce-70f1da5ae473
Element Type: action, Key: bbaa4cd6-fcac-4739-89ce-70f1da5ae473, Parent: day_string
Element Type: , Key: day_string, Parent: global01
Element Type: global, Key: global01, Parent: root
New Element created: player, Parent: local_pub
New Element created: , Parent: player
Returning row: 1
New Element created: , Parent: player
Returning row: 2
New Element created: , Parent: player
Returning row: 3
New Element created: , Parent: player
Returning row: 4
New Element created: , Parent: player
Returning row: 5
New Element created: , Parent: player
Returning row: 6
New Element created: player_armed, Parent: player
Returning row: 7
New Element created: long-sword_01, Parent: player
New Element created: , Parent: long-sword_01
Returning row: 10
New Element created: , Parent: long-sword_01
Returning row: 11
New Element created: , Parent: long-sword_01
New Element created: , Parent: long-sword_01
Returning row-index: 23
Returning row-index: 24
Element Type: attribute, Key: b248c007-6e8e-46fa-801a-9e28cdabaadd, Parent: player
Element Type: attribute, Key: 3d33b4b2-b6b2-48fb-bc84-b4edb21dafeb, Parent: player
Element Type: attribute, Key: 7cf88c1f-4745-4e9d-bf39-a134bf2a0ed0, Parent: player
Element Type: attribute, Key: ebdce238-e885-49f1-bf00-a696916fc53c, Parent: player
Element Type: attribute, Key: bf65b9d7-313a-4ef6-9612-060934f4dcd9, Parent: player
Element Type: attribute, Key: 0de52970-110c-424c-a800-0bbbb703519e, Parent: player
Element Type: attribute, Key: player_armed, Parent: player
Element Type: attribute, Key: f2f46412-bbd9-498e-85c6-bb1adc9145fa, Parent: long-sword_01
Element Type: attribute, Key: b45e56f1-9c3e-4f81-a1b1-a7527a40b96c, Parent: long-sword_01
Element Type: hit, Key: c5ee97bd-f68f-48bc-a205-0c966a71f68a, Parent: long-sword_01
Element Type: enter_message, Key: ae7aa52a-b44b-4d93-9b8a-ff291dd70b5b, Parent: long-sword_01
Element Type: object, Key: long-sword_01, Parent: player
Element Type: player, Key: player, Parent: local_pub
