New Element created: local_pub, Parent: root
New Element created: , Parent: local_pub
New Element created: , Parent: local_pub
New Element created: , Parent: 9d73b0ed-8fae-45df-9eed-399203b6f8e7
Returning row-index: 12
New Element created: , Parent: local_pub
New Element created: , Parent: db92b993-d0e0-495e-8807-3bf100140d80
Returning row: 19
Returning row-index: 20
Element Type: enter_message, Key: 2f68b24b-0b6b-4b65-8762-0cd24d6d53af, Parent: local_pub
Element Type: message, Key: bb77ccf1-bfb4-4bc9-8f43-e3cffbef0a60, Parent: 9d73b0ed-8fae-45df-9eed-399203b6f8e7
Element Type: look, Key: 9d73b0ed-8fae-45df-9eed-399203b6f8e7, Parent: local_pub
Element Type: action, Key: 89389f2e-707a-4ddb-a55f-112278cf6623, Parent: db92b993-d0e0-495e-8807-3bf100140d80
Element Type: input, Key: db92b993-d0e0-495e-8807-3bf100140d80, Parent: local_pub
Element Type: room, Key: local_pub, Parent: root
New Element created: thief_01, Parent: local_pub
New Element created: , Parent: thief_01
Returning row: 1
New Element created: , Parent: thief_01
Returning row: 2
New Element created: , Parent: thief_01
Returning row: 3
New Element created: , Parent: thief_01
Returning row: 4
New Element created: , Parent: thief_01
Returning row: 5
New Element created: , Parent: thief_01
Returning row: 6
New Element created: , Parent: thief_01
Returning row: 7
New Element created: , Parent: thief_01
Returning row: 8
New Element created: , Parent: thief_01
Returning row: 9
New Element created: , Parent: thief_01
Returning row: 10
New Element created: thief_01_shortsword, Parent: thief_01
New Element created: , Parent: thief_01_shortsword
Returning row: 13
New Element created: , Parent: thief_01_shortsword
Returning row-index: 19
New Element created: , Parent: thief_01
New Element created: , Parent: thief_01
New Element created: thief_01_travel, Parent: thief_01
Returning row: 40
New Element created: , Parent: thief_01
New Element created: , Parent: 3acc4425-7d55-4af9-9b29-8030372baeb1
Returning row-index: 48
New Element created: , Parent: thief_01
New Element created: , Parent: 6ee03ffa-45cc-4d7f-b7d3-92b1e16c9bcf
Returning row-index: 56
New Element created: , Parent: thief_01
New Element created: , Parent: 31b63cff-781d-472a-a71b-a6fa519f4a01
Returning row: 60
New Element created: , Parent: 31b63cff-781d-472a-a71b-a6fa519f4a01
Returning row-index: 65
New Element created: , Parent: thief_01
New Element created: , Parent: ed10b953-289f-4968-9173-49ae369f0bcd
New Element created: , Parent: 131c6ab4-9278-4c54-8d36-336d1d445b30
Returning row: 71
New Element created: , Parent: 131c6ab4-9278-4c54-8d36-336d1d445b30
Returning row: 72
Returning row-index: 73
Returning row-index: 74
Element Type: attribute, Key: a7e8f52e-5aa9-40f1-b20f-cd42e048d54b, Parent: thief_01
Element Type: attribute, Key: 12709639-238f-432c-9b71-f0f69c8b5a22, Parent: thief_01
Element Type: attribute, Key: a38e892f-1d06-4ad1-9f69-93b629b5aae5, Parent: thief_01
Element Type: attribute, Key: 48646a0a-5de4-42fa-af69-6f59e1f449f0, Parent: thief_01
Element Type: attribute, Key: 145c38a1-a162-46d9-a240-c23daf61fd10, Parent: thief_01
Element Type: attribute, Key: 6ba1938e-f473-44db-9bd6-3c63a2a62034, Parent: thief_01
Element Type: attribute, Key: 57ae72b8-0d2b-4b52-ba8c-c477596aa798, Parent: thief_01
Element Type: attribute, Key: 9d0f47a2-846f-489b-996e-c33ec4e8ec1f, Parent: thief_01
Element Type: attribute, Key: dc5b0844-fe1b-49de-bd39-17c09c89a7fd, Parent: thief_01
Element Type: attribute, Key: ef50a613-b6e2-47b4-83b4-f86f2d817c82, Parent: thief_01
Element Type: attribute, Key: dd2ae657-ca76-474e-b41b-af45ba64274e, Parent: thief_01_shortsword
Element Type: hit, Key: 81fbd6c0-1493-4408-b9b6-b51b210542eb, Parent: thief_01_shortsword
Element Type: object, Key: thief_01_shortsword, Parent: thief_01
Element Type: damage_message, Key: 0a17fdc2-bebc-49bc-9931-16e825305f62, Parent: thief_01
Element Type: miss_message, Key: ee724742-b285-4e0b-a8ef-f05b1f6e0d86, Parent: thief_01
Element Type: travel, Key: thief_01_travel, Parent: thief_01
Element Type: message, Key: f24f7480-b648-49d5-918f-02fada0083be, Parent: 3acc4425-7d55-4af9-9b29-8030372baeb1
Element Type: enter_message, Key: 3acc4425-7d55-4af9-9b29-8030372baeb1, Parent: thief_01
Element Type: message, Key: 67a41c5c-d999-43ec-9d33-94d744e545ba, Parent: 6ee03ffa-45cc-4d7f-b7d3-92b1e16c9bcf
Element Type: look, Key: 6ee03ffa-45cc-4d7f-b7d3-92b1e16c9bcf, Parent: thief_01
Element Type: move, Key: 6c42201a-842d-4f26-b426-e3d320d854b1, Parent: 31b63cff-781d-472a-a71b-a6fa519f4a01
Element Type: message, Key: dbf428ae-fbfd-4272-8c7a-5e5ab8c01c71, Parent: 31b63cff-781d-472a-a71b-a6fa519f4a01
Element Type: kill, Key: 31b63cff-781d-472a-a71b-a6fa519f4a01, Parent: thief_01
Element Type: attribute, Key: 793f5bea-2ed3-4ff0-9144-902bd26812cc, Parent: 131c6ab4-9278-4c54-8d36-336d1d445b30
Element Type: attribute, Key: 7faaea85-0c7b-4d06-aec1-e41bf25c1128, Parent: 131c6ab4-9278-4c54-8d36-336d1d445b30
Element Type: attack, Key: 131c6ab4-9278-4c54-8d36-336d1d445b30, Parent: ed10b953-289f-4968-9173-49ae369f0bcd
Element Type: input, Key: ed10b953-289f-4968-9173-49ae369f0bcd, Parent: thief_01
Element Type: npc, Key: thief_01, Parent: local_pub
New Element created: game, Parent: root
New Element created: help_path, Parent: game
Returning row: 5
New Element created: game_title, Parent: game
New Element created: die_message, Parent: game
Returning row-index: 32
Element Type: attribute, Key: help_path, Parent: game
Element Type: enter_message, Key: game_title, Parent: game
Element Type: , Key: die_message, Parent: game
Element Type: game, Key: game, Parent: root
New Element created: global01, Parent: root
New Element created: , Parent: global01
New Element created: , Parent: 85c6fef8-ff8c-440a-afa8-6e390f559b3f
Returning row: 2
New Element created: , Parent: global01
New Element created: , Parent: c0bc389c-ff7f-4b75-b6d2-9a4641324019
Returning row: 6
New Element created: , Parent: global01
New Element created: , Parent: 1f4120f5-01f5-49d1-948f-f6b82b4f5530
Returning row: 9
New Element created: , Parent: global01
New Element created: , Parent: 08e081ec-7c9c-4118-bcbc-a21b38fcc151
Returning row: 13
New Element created: , Parent: 08e081ec-7c9c-4118-bcbc-a21b38fcc151
Returning row-index: 18
New Element created: day_string, Parent: global01
New Element created: , Parent: day_string
New Element created: , Parent: d5dadf5e-27e6-4404-992d-8ed80a02a351
New Element created: , Parent: d5dadf5e-27e6-4404-992d-8ed80a02a351
Returning row-index: 33
New Element created: , Parent: day_string
New Element created: , Parent: 7e26b1ea-987c-409f-a354-c6815bfeb4cb
New Element created: , Parent: 7e26b1ea-987c-409f-a354-c6815bfeb4cb
Returning row-index: 47
Returning row-index: 48
Returning row-index: 49
Element Type: action, Key: 94fd0c53-fd0a-448f-9236-af8122deaa9d, Parent: 85c6fef8-ff8c-440a-afa8-6e390f559b3f
Element Type: input, Key: 85c6fef8-ff8c-440a-afa8-6e390f559b3f, Parent: global01
Element Type: action, Key: f93e592a-add8-406c-be2e-dac5a3463587, Parent: c0bc389c-ff7f-4b75-b6d2-9a4641324019
Element Type: input, Key: c0bc389c-ff7f-4b75-b6d2-9a4641324019, Parent: global01
Element Type: action, Key: 0e766f88-e369-4aa7-b421-ffe3fc745241, Parent: 1f4120f5-01f5-49d1-948f-f6b82b4f5530
Element Type: input, Key: 1f4120f5-01f5-49d1-948f-f6b82b4f5530, Parent: global01
Element Type: set, Key: 7fce794b-bb2a-4db0-ba86-9b2ae41477ea, Parent: 08e081ec-7c9c-4118-bcbc-a21b38fcc151
Element Type: message, Key: 347c610d-5059-4406-9fde-472e72a0d591, Parent: 08e081ec-7c9c-4118-bcbc-a21b38fcc151
Element Type: input, Key: 08e081ec-7c9c-4118-bcbc-a21b38fcc151, Parent: global01
Element Type: logic, Key: cd0e95f6-45c4-4582-b51f-6f063375f29c, Parent: d5dadf5e-27e6-4404-992d-8ed80a02a351
Element Type: message, Key: d8e3a9ba-114e-44b7-9bf0-fe0406700ae5, Parent: d5dadf5e-27e6-4404-992d-8ed80a02a351
Element Type: action, Key: d5dadf5e-27e6-4404-992d-8ed80a02a351, Parent: day_string
Element Type: logic, Key: a3446e1d-164e-459f-b1b3-775621b4c581, Parent: 7e26b1ea-987c-409f-a354-c6815bfeb4cb
Element Type: message, Key: ded4b62f-2bcb-41c3-b5ab-c915b3a3ca2d, Parent: 7e26b1ea-987c-409f-a354-c6815bfeb4cb
Element Type: action, Key: 7e26b1ea-987c-409f-a354-c6815bfeb4cb, Parent: day_string
Element Type: , Key: day_string, Parent: global01
Element Type: global, Key: global01, Parent: root
New Element created: player, Parent: local_pub
New Element created: , Parent: player
Returning row: 1
New Element created: , Parent: player
Returning row: 2
New Element created: , Parent: player
Returning row: 3
New Element created: , Parent: player
Returning row: 4
New Element created: , Parent: player
Returning row: 5
New Element created: , Parent: player
Returning row: 6
New Element created: player_armed, Parent: player
Returning row: 7
New Element created: heal_rounds, Parent: player
Returning row: 9
New Element created: heal_amount, Parent: player
Returning row: 10
New Element created: cur_heal_round, Parent: player
Returning row: 11
New Element created: long-sword_01, Parent: player
New Element created: , Parent: long-sword_01
Returning row: 14
New Element created: , Parent: long-sword_01
Returning row: 15
New Element created: , Parent: long-sword_01
New Element created: , Parent: long-sword_01
Returning row-index: 27
Returning row-index: 28
Element Type: attribute, Key: 48d22ff3-4f17-4a64-8773-39ef828f3acb, Parent: player
Element Type: attribute, Key: 7c56fb24-0fb7-4401-9ca5-424b3d7205ef, Parent: player
Element Type: attribute, Key: 8ef87368-3f08-48a2-a636-48f43400efcd, Parent: player
Element Type: attribute, Key: ed6b2e38-778f-4092-b306-20c009fe00f5, Parent: player
Element Type: attribute, Key: 5609b555-cdac-4a6e-8855-c1526f42fe15, Parent: player
Element Type: attribute, Key: 3a5aba3e-0b82-456d-b376-4a72c63a2ca4, Parent: player
Element Type: attribute, Key: player_armed, Parent: player
Element Type: attribute, Key: heal_rounds, Parent: player
Element Type: attribute, Key: heal_amount, Parent: player
Element Type: attribute, Key: cur_heal_round, Parent: player
Element Type: attribute, Key: f4d96f90-026e-4a8f-b81b-cdb9dc5734b7, Parent: long-sword_01
Element Type: attribute, Key: 2444b007-a62c-409a-bc2e-5a0fe65b55ff, Parent: long-sword_01
Element Type: hit, Key: 43ea74c8-3369-448d-b666-0f90fe4457b5, Parent: long-sword_01
Element Type: enter_message, Key: 199c861a-1e41-46aa-a53d-cde2c57a9695, Parent: long-sword_01
Element Type: object, Key: long-sword_01, Parent: player
Element Type: player, Key: player, Parent: local_pub
