New Element created: local_pub, Parent: root
New Element created: , Parent: local_pub
New Element created: , Parent: local_pub
New Element created: , Parent: 47b880e9-8269-494b-a30a-dde7db9ad381
Returning row-index: 12
New Element created: , Parent: local_pub
New Element created: , Parent: dbfde0f2-215e-4570-8694-ddef030bbf31
Returning row: 19
Returning row-index: 20
Element Type: enter_message, Key: ec530902-8c2e-48a6-b3d2-e33ab7ed9410, Parent: local_pub
Element Type: message, Key: 6412a069-a0c0-4347-822e-4ea6061492cb, Parent: 47b880e9-8269-494b-a30a-dde7db9ad381
Element Type: look, Key: 47b880e9-8269-494b-a30a-dde7db9ad381, Parent: local_pub
Element Type: action, Key: 494c5be3-704a-43a3-8bfc-98e6dd308d78, Parent: dbfde0f2-215e-4570-8694-ddef030bbf31
Element Type: input, Key: dbfde0f2-215e-4570-8694-ddef030bbf31, Parent: local_pub
Element Type: room, Key: local_pub, Parent: root
New Element created: thief_01, Parent: local_pub
New Element created: , Parent: thief_01
Returning row: 1
New Element created: , Parent: thief_01
Returning row: 2
New Element created: , Parent: thief_01
Returning row: 3
New Element created: , Parent: thief_01
Returning row: 4
New Element created: , Parent: thief_01
Returning row: 5
New Element created: , Parent: thief_01
Returning row: 6
New Element created: , Parent: thief_01
Returning row: 7
New Element created: , Parent: thief_01
Returning row: 8
New Element created: , Parent: thief_01
Returning row: 9
New Element created: , Parent: thief_01
Returning row: 10
New Element created: thief_01_shortsword, Parent: thief_01
New Element created: , Parent: thief_01_shortsword
Returning row: 13
New Element created: , Parent: thief_01_shortsword
Returning row-index: 19
New Element created: , Parent: thief_01
New Element created: , Parent: thief_01
New Element created: thief_01_travel, Parent: thief_01
Returning row: 40
New Element created: , Parent: thief_01
New Element created: , Parent: 6556770a-90fa-46c7-9698-5f683152c45c
Returning row-index: 48
New Element created: , Parent: thief_01
New Element created: , Parent: 6224d7b5-52b0-4493-bfec-603ff977d421
Returning row-index: 56
New Element created: , Parent: thief_01
New Element created: , Parent: 1e2f6f49-354e-4594-b4e4-521049c6f9ee
Returning row: 60
New Element created: , Parent: 1e2f6f49-354e-4594-b4e4-521049c6f9ee
Returning row-index: 65
New Element created: , Parent: thief_01
New Element created: , Parent: 732d7a88-4a90-4fa0-9933-22522f821f79
New Element created: , Parent: 835313bc-dd6f-4f46-8f80-a4fc752f1138
Returning row: 71
New Element created: , Parent: 835313bc-dd6f-4f46-8f80-a4fc752f1138
Returning row: 72
Returning row-index: 73
Returning row-index: 74
Element Type: attribute, Key: 70e6dba6-67ba-47f2-b883-d3c9efd5c1d2, Parent: thief_01
Element Type: attribute, Key: b0b0e9a3-ada2-4470-87fc-fcc1e9ad9666, Parent: thief_01
Element Type: attribute, Key: 1ed1e7d1-d237-4d84-8d0c-ec545fdbb181, Parent: thief_01
Element Type: attribute, Key: 3e8644f2-3a09-47f0-9381-513a765b51d2, Parent: thief_01
Element Type: attribute, Key: 34425a6a-4364-4a0d-b28f-7c6b450d1b08, Parent: thief_01
Element Type: attribute, Key: d797ce94-2943-4fbc-b5db-0e08db2fb39e, Parent: thief_01
Element Type: attribute, Key: 8ff3ecb9-24bf-4544-a379-264f0444b953, Parent: thief_01
Element Type: attribute, Key: d2024321-4e09-4cce-a327-0eed49f44aa5, Parent: thief_01
Element Type: attribute, Key: 8fdcc206-fdac-411c-9aee-3a27092d1d0a, Parent: thief_01
Element Type: attribute, Key: dba815eb-c2ba-4af8-9a1f-f9d1dd9d131e, Parent: thief_01
Element Type: attribute, Key: 147c6ac3-7002-433a-951d-d9d1d4b65d34, Parent: thief_01_shortsword
Element Type: hit, Key: 9a33bb00-8496-4394-a248-8979d4078f18, Parent: thief_01_shortsword
Element Type: object, Key: thief_01_shortsword, Parent: thief_01
Element Type: damage_message, Key: 043ecf55-8e7f-4a41-a2f9-796454e87ddd, Parent: thief_01
Element Type: miss_message, Key: dc360521-a4c7-42a6-8f48-37d250827d27, Parent: thief_01
Element Type: travel, Key: thief_01_travel, Parent: thief_01
Element Type: message, Key: 3ebe0d0b-81ca-48cd-bf56-82f0b696eab6, Parent: 6556770a-90fa-46c7-9698-5f683152c45c
Element Type: enter_message, Key: 6556770a-90fa-46c7-9698-5f683152c45c, Parent: thief_01
Element Type: message, Key: 13cddf46-f6c1-44c9-866b-5fab5b14d4e5, Parent: 6224d7b5-52b0-4493-bfec-603ff977d421
Element Type: look, Key: 6224d7b5-52b0-4493-bfec-603ff977d421, Parent: thief_01
Element Type: move, Key: 0f68e4b6-e2c3-406e-a493-a22abd09a495, Parent: 1e2f6f49-354e-4594-b4e4-521049c6f9ee
Element Type: message, Key: 3e802895-b26e-4a03-8ede-e9983a0f5381, Parent: 1e2f6f49-354e-4594-b4e4-521049c6f9ee
Element Type: kill, Key: 1e2f6f49-354e-4594-b4e4-521049c6f9ee, Parent: thief_01
Element Type: attribute, Key: dd28d83a-4538-43ff-a28b-a8bba7c08986, Parent: 835313bc-dd6f-4f46-8f80-a4fc752f1138
Element Type: attribute, Key: 4088bff7-d237-4f53-9bdc-84ccac653ea1, Parent: 835313bc-dd6f-4f46-8f80-a4fc752f1138
Element Type: attack, Key: 835313bc-dd6f-4f46-8f80-a4fc752f1138, Parent: 732d7a88-4a90-4fa0-9933-22522f821f79
Element Type: input, Key: 732d7a88-4a90-4fa0-9933-22522f821f79, Parent: thief_01
Element Type: npc, Key: thief_01, Parent: local_pub
New Element created: game, Parent: root
New Element created: help_path, Parent: game
Returning row: 5
New Element created: game_title, Parent: game
New Element created: die_message, Parent: game
Returning row-index: 32
Element Type: attribute, Key: help_path, Parent: game
Element Type: enter_message, Key: game_title, Parent: game
Element Type: , Key: die_message, Parent: game
Element Type: game, Key: game, Parent: root
New Element created: global01, Parent: root
New Element created: , Parent: global01
New Element created: , Parent: 65f920e2-905c-49f9-bdf3-de2652184ab7
Returning row: 2
New Element created: , Parent: global01
New Element created: , Parent: f03f3782-2caf-438e-86f6-806bf5e9268c
Returning row: 6
New Element created: , Parent: global01
New Element created: , Parent: 28cd97a7-8795-4021-9e73-7d5aca34eeed
Returning row: 9
New Element created: , Parent: global01
New Element created: , Parent: d7bcd1de-11b8-4b55-823a-ce12c9c32e16
Returning row: 13
New Element created: , Parent: d7bcd1de-11b8-4b55-823a-ce12c9c32e16
Returning row-index: 18
New Element created: day_string, Parent: global01
New Element created: , Parent: day_string
New Element created: , Parent: a52a066f-a030-4eae-944a-86e3667be580
New Element created: , Parent: a52a066f-a030-4eae-944a-86e3667be580
Returning row-index: 33
New Element created: , Parent: day_string
New Element created: , Parent: d6569e28-e390-4bd7-9751-63ec2d61207e
New Element created: , Parent: d6569e28-e390-4bd7-9751-63ec2d61207e
Returning row-index: 47
Returning row-index: 48
Returning row-index: 49
Element Type: action, Key: d0b827c9-415a-46de-90a1-f64d9c801d97, Parent: 65f920e2-905c-49f9-bdf3-de2652184ab7
Element Type: input, Key: 65f920e2-905c-49f9-bdf3-de2652184ab7, Parent: global01
Element Type: action, Key: 264a3942-966f-4784-bc62-d0fd2bf8a268, Parent: f03f3782-2caf-438e-86f6-806bf5e9268c
Element Type: input, Key: f03f3782-2caf-438e-86f6-806bf5e9268c, Parent: global01
Element Type: action, Key: 9df235eb-8e29-4e41-9bf0-84ce245e1a0e, Parent: 28cd97a7-8795-4021-9e73-7d5aca34eeed
Element Type: input, Key: 28cd97a7-8795-4021-9e73-7d5aca34eeed, Parent: global01
Element Type: set, Key: 25bfe511-fe09-464e-afda-d2dbfdba822f, Parent: d7bcd1de-11b8-4b55-823a-ce12c9c32e16
Element Type: message, Key: 75d63527-0ec5-449c-8691-97e80d3138fd, Parent: d7bcd1de-11b8-4b55-823a-ce12c9c32e16
Element Type: input, Key: d7bcd1de-11b8-4b55-823a-ce12c9c32e16, Parent: global01
Element Type: logic, Key: 5c5abc74-643d-4e3e-8f8b-5f47a342008d, Parent: a52a066f-a030-4eae-944a-86e3667be580
Element Type: message, Key: 7be30356-9269-45b7-9017-8c226b6ac2ac, Parent: a52a066f-a030-4eae-944a-86e3667be580
Element Type: action, Key: a52a066f-a030-4eae-944a-86e3667be580, Parent: day_string
Element Type: logic, Key: 18833623-4451-4f28-a780-6b2de9dd440f, Parent: d6569e28-e390-4bd7-9751-63ec2d61207e
Element Type: message, Key: 7d612ecb-bdee-41c4-9c5b-42eb8e161d67, Parent: d6569e28-e390-4bd7-9751-63ec2d61207e
Element Type: action, Key: d6569e28-e390-4bd7-9751-63ec2d61207e, Parent: day_string
Element Type: , Key: day_string, Parent: global01
Element Type: global, Key: global01, Parent: root
New Element created: player, Parent: local_pub
New Element created: , Parent: player
Returning row: 1
New Element created: , Parent: player
Returning row: 2
New Element created: , Parent: player
Returning row: 3
New Element created: , Parent: player
Returning row: 4
New Element created: , Parent: player
Returning row: 5
New Element created: , Parent: player
Returning row: 6
New Element created: player_armed, Parent: player
Returning row: 7
New Element created: heal_rounds, Parent: player
Returning row: 9
New Element created: heal_amount, Parent: player
Returning row: 10
New Element created: cur_heal_round, Parent: player
Returning row: 11
New Element created: long-sword_01, Parent: player
New Element created: , Parent: long-sword_01
Returning row: 14
New Element created: , Parent: long-sword_01
Returning row: 15
New Element created: , Parent: long-sword_01
New Element created: , Parent: long-sword_01
Returning row-index: 27
Returning row-index: 28
Element Type: attribute, Key: 96fc5b69-1510-4cd4-bcb8-0b6fc525f041, Parent: player
Element Type: attribute, Key: f228ca08-72cf-4487-b77e-af3ac60fd510, Parent: player
Element Type: attribute, Key: 84b34b8d-405b-4196-a2ed-50f003855642, Parent: player
Element Type: attribute, Key: 6cecd0a7-32e4-4cb2-8891-449bdfe4fc78, Parent: player
Element Type: attribute, Key: bdc8784b-71d8-4cd8-94dc-6fd3f19a02ef, Parent: player
Element Type: attribute, Key: 29105f83-e1fc-412b-b8f7-5f0292bdde46, Parent: player
Element Type: attribute, Key: player_armed, Parent: player
Element Type: attribute, Key: heal_rounds, Parent: player
Element Type: attribute, Key: heal_amount, Parent: player
Element Type: attribute, Key: cur_heal_round, Parent: player
Element Type: attribute, Key: 414017d9-ff6e-4d9a-ab50-562b4ab83eba, Parent: long-sword_01
Element Type: attribute, Key: 8b523933-fd57-441f-8a00-0179945b5b99, Parent: long-sword_01
Element Type: hit, Key: f1b1dfa0-21cf-4b3e-b172-7396f3468a4e, Parent: long-sword_01
Element Type: enter_message, Key: a21e0d72-d2fa-4907-a78d-aae15de990c0, Parent: long-sword_01
Element Type: object, Key: long-sword_01, Parent: player
Element Type: player, Key: player, Parent: local_pub
