New Element created: local_pub, Parent: root
New Element created: , Parent: local_pub
New Element created: , Parent: local_pub
New Element created: , Parent: 98c55ab2-4606-4ae4-b626-b3deb1a5b98f
Returning row-index: 12
New Element created: , Parent: local_pub
New Element created: , Parent: dae8f8cb-15e8-4e23-bb6f-2171acea57ac
Returning row: 19
Returning row-index: 20
Element Type: enter_message, Key: c215f31c-b0f0-44de-b564-2d42fc7e056d, Parent: local_pub
Element Type: message, Key: 527aa949-6e21-4448-882b-21adc2bee487, Parent: 98c55ab2-4606-4ae4-b626-b3deb1a5b98f
Element Type: look, Key: 98c55ab2-4606-4ae4-b626-b3deb1a5b98f, Parent: local_pub
Element Type: action, Key: 9cf6b062-c23d-41a8-88eb-8568a1e195fe, Parent: dae8f8cb-15e8-4e23-bb6f-2171acea57ac
Element Type: input, Key: dae8f8cb-15e8-4e23-bb6f-2171acea57ac, Parent: local_pub
Element Type: room, Key: local_pub, Parent: root
New Element created: thief_01, Parent: local_pub
New Element created: , Parent: thief_01
Returning row: 1
New Element created: , Parent: thief_01
Returning row: 2
New Element created: , Parent: thief_01
Returning row: 3
New Element created: , Parent: thief_01
Returning row: 4
New Element created: , Parent: thief_01
Returning row: 5
New Element created: , Parent: thief_01
Returning row: 6
New Element created: , Parent: thief_01
Returning row: 7
New Element created: , Parent: thief_01
Returning row: 8
New Element created: , Parent: thief_01
Returning row: 9
New Element created: , Parent: thief_01
Returning row: 10
New Element created: thief_01_shortsword, Parent: thief_01
New Element created: , Parent: thief_01_shortsword
Returning row: 13
New Element created: , Parent: thief_01_shortsword
Returning row-index: 19
New Element created: , Parent: thief_01
New Element created: , Parent: thief_01
New Element created: thief_01_travel, Parent: thief_01
Returning row: 40
New Element created: , Parent: thief_01
New Element created: , Parent: 54ea95b9-06b1-43bd-9f85-7e0a6e49fdf9
Returning row-index: 48
New Element created: , Parent: thief_01
New Element created: , Parent: 8738ff03-43ef-44a4-af36-8c0a17bad4e8
Returning row-index: 56
New Element created: , Parent: thief_01
New Element created: , Parent: 1dbd8a20-2180-4def-b037-708c74f0f68c
Returning row: 60
New Element created: , Parent: 1dbd8a20-2180-4def-b037-708c74f0f68c
Returning row-index: 65
New Element created: , Parent: thief_01
New Element created: , Parent: ddd7cb71-d470-462a-9589-4e52404e3f63
New Element created: , Parent: 863cac3f-2015-473d-a85a-9a8c644d3b7c
Returning row: 71
New Element created: , Parent: 863cac3f-2015-473d-a85a-9a8c644d3b7c
Returning row: 72
Returning row-index: 73
Returning row-index: 74
Element Type: attribute, Key: 2e3ba8d7-1b4a-4017-96d9-ade83a503112, Parent: thief_01
Element Type: attribute, Key: ae2c29c7-b517-48f3-99b3-bef4e7116ad2, Parent: thief_01
Element Type: attribute, Key: 04ae976a-e927-4317-b73f-40ac85d3ce23, Parent: thief_01
Element Type: attribute, Key: 576a7050-3085-4414-b39f-7e367c4000d8, Parent: thief_01
Element Type: attribute, Key: 5a189bca-e4aa-4ef8-9e18-e5eb278b7359, Parent: thief_01
Element Type: attribute, Key: 3d1889d7-f25a-4ae7-afff-f81efc72bd74, Parent: thief_01
Element Type: attribute, Key: 53f9921f-c7fb-46f8-b5db-898b74555544, Parent: thief_01
Element Type: attribute, Key: 84efbc6b-61a1-400c-b4c8-5be3a06e4435, Parent: thief_01
Element Type: attribute, Key: d6e13050-2c30-4602-bb87-bc8ec885087c, Parent: thief_01
Element Type: attribute, Key: 15ffd6c6-9f87-41d9-81a1-d93b5172db38, Parent: thief_01
Element Type: attribute, Key: ae3780dd-adda-4d8b-b02a-cde7e1f2e43f, Parent: thief_01_shortsword
Element Type: hit, Key: 8f10d266-721c-4cec-8768-1d2e99b8ec8d, Parent: thief_01_shortsword
Element Type: object, Key: thief_01_shortsword, Parent: thief_01
Element Type: damage_message, Key: 039a12e1-996e-4132-8c11-b996c913a30d, Parent: thief_01
Element Type: miss_message, Key: 3dfe6686-3f9c-46c1-8fea-2e9d0603a24c, Parent: thief_01
Element Type: travel, Key: thief_01_travel, Parent: thief_01
Element Type: message, Key: 40dd9b72-32bc-40ac-86e0-2928b0716a72, Parent: 54ea95b9-06b1-43bd-9f85-7e0a6e49fdf9
Element Type: enter_message, Key: 54ea95b9-06b1-43bd-9f85-7e0a6e49fdf9, Parent: thief_01
Element Type: message, Key: 5f356de1-9c4e-4ee5-8d91-c824db3199e6, Parent: 8738ff03-43ef-44a4-af36-8c0a17bad4e8
Element Type: look, Key: 8738ff03-43ef-44a4-af36-8c0a17bad4e8, Parent: thief_01
Element Type: move, Key: abb6017c-ea4f-4f57-903c-bd27310506e9, Parent: 1dbd8a20-2180-4def-b037-708c74f0f68c
Element Type: message, Key: b0a5065c-79ea-472a-a87a-16825b2d4911, Parent: 1dbd8a20-2180-4def-b037-708c74f0f68c
Element Type: kill, Key: 1dbd8a20-2180-4def-b037-708c74f0f68c, Parent: thief_01
Element Type: attribute, Key: 1199e03d-8f30-48f8-8984-7f9405ad0a43, Parent: 863cac3f-2015-473d-a85a-9a8c644d3b7c
Element Type: attribute, Key: 2188e997-c442-4255-afa3-9b2349ef8e1c, Parent: 863cac3f-2015-473d-a85a-9a8c644d3b7c
Element Type: attack, Key: 863cac3f-2015-473d-a85a-9a8c644d3b7c, Parent: ddd7cb71-d470-462a-9589-4e52404e3f63
Element Type: input, Key: ddd7cb71-d470-462a-9589-4e52404e3f63, Parent: thief_01
Element Type: npc, Key: thief_01, Parent: local_pub
New Element created: game, Parent: root
New Element created: help_path, Parent: game
Returning row: 5
New Element created: game_title, Parent: game
New Element created: die_message, Parent: game
Returning row-index: 32
Element Type: attribute, Key: help_path, Parent: game
Element Type: enter_message, Key: game_title, Parent: game
Element Type: , Key: die_message, Parent: game
Element Type: game, Key: game, Parent: root
New Element created: global01, Parent: root
New Element created: , Parent: global01
New Element created: , Parent: 659b1541-c9fb-45f9-9de9-ed412727187b
Returning row: 2
New Element created: , Parent: global01
New Element created: , Parent: 1ae06deb-9cd0-4871-8313-1bede6eb7ce7
Returning row: 6
New Element created: , Parent: global01
New Element created: , Parent: cdaa73a4-86b8-42a2-bb97-1a544e7202e6
Returning row: 9
New Element created: , Parent: global01
New Element created: , Parent: d9c4b289-be13-4cb2-aae3-671a02108b64
Returning row: 13
New Element created: , Parent: d9c4b289-be13-4cb2-aae3-671a02108b64
Returning row-index: 18
New Element created: day_string, Parent: global01
New Element created: , Parent: day_string
New Element created: , Parent: 08669be7-cd6e-4266-9fdc-db6f0798dc8c
New Element created: , Parent: 08669be7-cd6e-4266-9fdc-db6f0798dc8c
Returning row-index: 33
New Element created: , Parent: day_string
New Element created: , Parent: 52212d76-dd99-4868-894d-ce3608a816b2
New Element created: , Parent: 52212d76-dd99-4868-894d-ce3608a816b2
Returning row-index: 47
Returning row-index: 48
Returning row-index: 49
Element Type: action, Key: 26e96dd2-d302-48be-97f1-713a0caf8d71, Parent: 659b1541-c9fb-45f9-9de9-ed412727187b
Element Type: input, Key: 659b1541-c9fb-45f9-9de9-ed412727187b, Parent: global01
Element Type: action, Key: 791db2a1-896d-49a2-90af-ec7d67f75415, Parent: 1ae06deb-9cd0-4871-8313-1bede6eb7ce7
Element Type: input, Key: 1ae06deb-9cd0-4871-8313-1bede6eb7ce7, Parent: global01
Element Type: action, Key: aa334384-32c3-40f1-8574-34844a33c760, Parent: cdaa73a4-86b8-42a2-bb97-1a544e7202e6
Element Type: input, Key: cdaa73a4-86b8-42a2-bb97-1a544e7202e6, Parent: global01
Element Type: set, Key: e6899294-c07c-4188-b243-203dd9a8876f, Parent: d9c4b289-be13-4cb2-aae3-671a02108b64
Element Type: message, Key: c609feed-4679-4c39-899b-94e1b1bd3a1f, Parent: d9c4b289-be13-4cb2-aae3-671a02108b64
Element Type: input, Key: d9c4b289-be13-4cb2-aae3-671a02108b64, Parent: global01
Element Type: logic, Key: 13fbe778-c454-483e-873e-d281604d9171, Parent: 08669be7-cd6e-4266-9fdc-db6f0798dc8c
Element Type: message, Key: 29e41323-1827-408b-8e54-930b012b982c, Parent: 08669be7-cd6e-4266-9fdc-db6f0798dc8c
Element Type: action, Key: 08669be7-cd6e-4266-9fdc-db6f0798dc8c, Parent: day_string
Element Type: logic, Key: 23bd70d5-0213-4177-9018-e517a23f663d, Parent: 52212d76-dd99-4868-894d-ce3608a816b2
Element Type: message, Key: 89f9f8ac-ed4b-4dda-9641-146133d2d87d, Parent: 52212d76-dd99-4868-894d-ce3608a816b2
Element Type: action, Key: 52212d76-dd99-4868-894d-ce3608a816b2, Parent: day_string
Element Type: , Key: day_string, Parent: global01
Element Type: global, Key: global01, Parent: root
New Element created: player, Parent: local_pub
New Element created: , Parent: player
Returning row: 1
New Element created: , Parent: player
Returning row: 2
New Element created: , Parent: player
Returning row: 3
New Element created: , Parent: player
Returning row: 4
New Element created: , Parent: player
Returning row: 5
New Element created: , Parent: player
Returning row: 6
New Element created: player_armed, Parent: player
Returning row: 7
New Element created: heal_rounds, Parent: player
Returning row: 9
New Element created: heal_amount, Parent: player
Returning row: 10
New Element created: cur_heal_round, Parent: player
Returning row: 11
New Element created: long-sword_01, Parent: player
New Element created: , Parent: long-sword_01
Returning row: 14
New Element created: , Parent: long-sword_01
Returning row: 15
New Element created: , Parent: long-sword_01
New Element created: , Parent: long-sword_01
Returning row-index: 27
Returning row-index: 28
Element Type: attribute, Key: d6864319-3d58-493d-9a6a-cd710292667d, Parent: player
Element Type: attribute, Key: 327c8ec5-c32a-4759-989b-2c02fa74f733, Parent: player
Element Type: attribute, Key: c90e3d05-35d4-4c89-9ee7-00192d661d84, Parent: player
Element Type: attribute, Key: c60b6f02-db20-4b70-bfd7-0c6b6d1b31ec, Parent: player
Element Type: attribute, Key: adf37b36-2802-4a06-86f3-ee9a601d18f2, Parent: player
Element Type: attribute, Key: 4bd01612-3e9f-4d7c-964b-2d838314857d, Parent: player
Element Type: attribute, Key: player_armed, Parent: player
Element Type: attribute, Key: heal_rounds, Parent: player
Element Type: attribute, Key: heal_amount, Parent: player
Element Type: attribute, Key: cur_heal_round, Parent: player
Element Type: attribute, Key: ddda6d38-8acc-4bc1-82ff-080cfb6bc1d1, Parent: long-sword_01
Element Type: attribute, Key: b4960f57-ac5e-4c95-aaf9-d0f784ed7179, Parent: long-sword_01
Element Type: hit, Key: a511fb58-9ac0-4827-a6e7-cc52bd035f72, Parent: long-sword_01
Element Type: enter_message, Key: 2947cc2a-0879-4d00-816d-105e06c1081b, Parent: long-sword_01
Element Type: object, Key: long-sword_01, Parent: player
Element Type: player, Key: player, Parent: local_pub
